
ROM used:   546/32768 (2%)
            546/32768 (2%) including unused fragments

            0.3 Average locations per line
            2.1 Average locations per statement

RAM used:   30/2048 (1%) at main() level
            37/2048 (2%) worst case

Stack used: 2 worst case (2 in main + 0 for interrupts)
Stack size: 31

Lines Stmts  %   Files
----- ----- ---  -----
   40    19   7  BAI_405_DEM_00_59_00_DUNG_IF.c
  702   244  93  TV_PICKIT2_SHIFT_1.C
  837     0   0  ..\..\..\..\..\Program Files (x86)\PICC\Devices\18F4550.H
----- -----
 1579   263 Total

Page ROM  %  RAM   Vol Diff  Functions:
---- --- --- ---   --- ----  ----------
0     38   3    1             @delay_ms1
0     32   3    0             @const686
0     42   4    3   271  4.3  XUAT_1BYTE
0     30   3    0   152  1.8  SET_UP_PORT_IC_CHOT
0     48   4    0   119  1.7  MO_IC_74573_A_THONG_DL
0     42   4    4   231  2.3  XUAT_4LED_7DOAN_4SO
0    270  25    2   617  7.6  MAIN
0     40   4    3             @DIV88
 Inline         0             @cinit1

Program metrics:
    Functions               5
    Statements              263
    Comments                332
    Volume (V)              1970
    Difficulty (D)          17.2
    Effort to implement (E) 33829
    Time to implement (T)   31 minutes
    Est Delivered Bugs (B)  0
    Cyclomatic Complexity   3
    Maintainability (MI)    78

 Segment     Used  Free
-----------  ----  ----
00000-00002     4  0  
00004-07FFE   542  32222  



