
ROM used:   1292/32768 (4%)
            1292/32768 (4%) including unused fragments

            0.8 Average locations per line
            3.8 Average locations per statement

RAM used:   50/2048 (2%) at main() level
            57/2048 (3%) worst case

Stack used: 5 worst case (4 in main + 1 for interrupts)
Stack size: 31

Lines Stmts  %   Files
----- ----- ---  -----
  121    98  29  BAI_517_GIO_PHUT_GIAY_KEY_CAITIEN.c
  702   244  71  TV_PICKIT2_SHIFT_1.C
  837     0   0  ..\..\..\..\..\Program Files (x86)\PICC\Devices\18F4550.H
----- -----
 1660   342 Total

Page ROM  %  RAM   Vol Diff  Functions:
---- --- --- ---   --- ----  ----------
0     44   2    2   181  4.3  PHIM_BT0
0     44   2    2   181  4.3  PHIM_BT1
0     44   2    2   181  4.3  PHIM_BT2
0     42   2    0             @const686
0     42   2    3   271  4.3  XUAT_1BYTE
0     30   1    0   152  1.8  SET_UP_PORT_IC_CHOT
0     46   2    0   119  1.7  MO_IC_74573_B_THONG_DL
0     44   2    3   172  2.7  XUAT_8LED_7DOAN_QUET_1
0     10   0    0    25  1.2  XUAT_8LED_7DOAN_QUET_TAT_LED
0     34   1    0             @const753
0     60   2    3   190  3.1  XUAT_8LED_7DOAN_QUET_2
0     56   2    1   136  3.9  HIEN_THI_8LED_7DOAN_QUET_ALL
0     16   1    0    29  1.2  INTERRUPT_TIMER1
0    172   7    1   328  3.3  GIAI_MA_GAN_CHO_8LED_QUET
0     72   3    4             @DIVS88
0     36   1    0   295  3.7  TAT_2LED_CHINH
0     32   1    0   100  2.9  PHIM_MOD
0     76   3    0   388  6.0  PHIM_UP
0     76   3    0   388  6.0  PHIM_DW
0    170   7    0   904  6.3  MAIN
 Inline         0             @cinit1

Program metrics:
    Functions               17
    Statements              342
    Comments                333
    Volume (V)              7087
    Difficulty (D)          61.7
    Effort to implement (E) 437587
    Time to implement (T)   6 hours, 45 minutes
    Est Delivered Bugs (B)  2
    Cyclomatic Complexity   35
    Maintainability (MI)    118

 Segment     Used  Free
-----------  ----  ----
00000-00002     4  0  
00004-00006     0  4  
00008-00094   142  0  
00096-07FFE  1146  31472  



