CCS PCH C Compiler, Version 5.015, 5967               15-Jun-20 15:16

               Filename:   C:\Users\tsqua\OneDrive - student.mtsac.edu\Desktop\BAI_TAP_VXL_NEW_3\BAI_614_LCD_GIO_PHUT_GIAY_v2_TIMER.lst

               ROM used:   1366 bytes (4%)
                           Largest free fragment is 31398
               RAM used:   54 (3%) at main() level
                           64 (3%) worst case
               Stack used: 8 locations (7 in main + 1 for interrupts)
               Stack size: 31

*
0000:  GOTO   04A8
*
0008:  MOVWF  04
000A:  MOVFF  FD8,05
000E:  MOVFF  FE0,06
0012:  MOVLB  0
0014:  MOVFF  FE9,0C
0018:  MOVFF  FEA,07
001C:  MOVFF  FE1,08
0020:  MOVFF  FE2,09
0024:  MOVFF  FD9,0A
0028:  MOVFF  FDA,0B
002C:  MOVFF  FF3,12
0030:  MOVFF  FF4,13
0034:  MOVFF  FFA,14
0038:  MOVFF  00,0E
003C:  MOVFF  01,0F
0040:  MOVFF  02,10
0044:  MOVFF  03,11
0048:  BTFSS  F9D.0
004A:  GOTO   0054
004E:  BTFSC  F9E.0
0050:  GOTO   00B4
0054:  MOVFF  0E,00
0058:  MOVFF  0F,01
005C:  MOVFF  10,02
0060:  MOVFF  11,03
0064:  MOVFF  0C,FE9
0068:  MOVFF  07,FEA
006C:  BSF    07.7
006E:  MOVFF  08,FE1
0072:  MOVFF  09,FE2
0076:  MOVFF  0A,FD9
007A:  MOVFF  0B,FDA
007E:  MOVFF  12,FF3
0082:  MOVFF  13,FF4
0086:  MOVFF  14,FFA
008A:  MOVF   04,W
008C:  MOVFF  06,FE0
0090:  MOVFF  05,FD8
0094:  RETFIE 0
....................  
.................... #INCLUDE <TV_PICKIT2_SHIFT_1.C> 
.................... #INCLUDE    <18F4550.H> 
.................... //////////// Standard Header file for the PIC18F4550 device //////////////// 
.................... /////////////////////////////////////////////////////////////////////////// 
.................... ////        (C) Copyright 1996, 2013 Custom Computer Services          //// 
.................... //// This source code may only be used by licensed users of the CCS C  //// 
.................... //// compiler.  This source code may only be distributed to other      //// 
.................... //// licensed users of the CCS C compiler.  No other use, reproduction //// 
.................... //// or distribution is permitted without written permission.          //// 
.................... //// Derivative programs created using this software in object code    //// 
.................... //// form are not restricted in any way.                               //// 
.................... /////////////////////////////////////////////////////////////////////////// 
.................... #device PIC18F4550 
0096:  MOVFF  FF2,0D
009A:  BCF    FF2.7
009C:  CLRF   FF7
009E:  ADDLW  B0
00A0:  MOVWF  FF6
00A2:  MOVLW  00
00A4:  ADDWFC FF7,F
00A6:  TBLRD*+
00A8:  MOVF   FF5,W
00AA:  BTFSC  0D.7
00AC:  BSF    FF2.7
00AE:  RETURN 0
00B0:  DATA 80,C0
00B2:  DATA 94,D4
*
00C4:  DATA 20,20
00C6:  DATA 20,00
00C8:  DATA 20,20
00CA:  DATA 20,00
00CC:  DATA 20,20
00CE:  DATA 20,00
00D0:  DATA 44,4F
00D2:  DATA 4E,47
00D4:  DATA 20,48
00D6:  DATA 4F,3A
00D8:  DATA 00,00
*
025E:  TBLRD*+
0260:  MOVF   FF5,F
0262:  BZ    027C
0264:  MOVFF  FF6,36
0268:  MOVFF  FF7,37
026C:  MOVFF  FF5,38
0270:  RCALL  0248
0272:  MOVFF  36,FF6
0276:  MOVFF  37,FF7
027A:  BRA    025E
027C:  RETURN 0
027E:  MOVF   39,W
0280:  CLRF   01
0282:  SUBWF  38,W
0284:  BC    028C
0286:  MOVFF  38,00
028A:  BRA    02A4
028C:  CLRF   00
028E:  MOVLW  08
0290:  MOVWF  3A
0292:  RLCF   38,F
0294:  RLCF   00,F
0296:  MOVF   39,W
0298:  SUBWF  00,W
029A:  BTFSC  FD8.0
029C:  MOVWF  00
029E:  RLCF   01,F
02A0:  DECFSZ 3A,F
02A2:  BRA    0292
02A4:  RETURN 0
....................  
.................... #list 
....................  
.................... #DEVICE     ADC=10 
.................... #FUSES      NOWDT,PUT,HS,NOPROTECT,NOLVP,CPUDIV1 
.................... #USE        I2C(MASTER,SLOW,SDA=PIN_B0,SCL=PIN_B1) 
.................... #USE        DELAY(CLOCK=20000000) 
*
01BE:  CLRF   FEA
01C0:  MOVLW  36
01C2:  MOVWF  FE9
01C4:  MOVF   FEF,W
01C6:  BZ    01E2
01C8:  MOVLW  06
01CA:  MOVWF  01
01CC:  CLRF   00
01CE:  DECFSZ 00,F
01D0:  BRA    01CE
01D2:  DECFSZ 01,F
01D4:  BRA    01CC
01D6:  MOVLW  7B
01D8:  MOVWF  00
01DA:  DECFSZ 00,F
01DC:  BRA    01DA
01DE:  DECFSZ FEF,F
01E0:  BRA    01C8
01E2:  GOTO   021A (RETURN)
.................... //#USE        rs232(baud=9600, xmit=PIN_C6,rcv=PIN_C7) 
.................... //NUT NHAN: 
.................... #DEFINE  BT0     PIN_B5 
.................... #DEFINE  BT1     PIN_B4 
.................... #DEFINE  BT2     PIN_B3 
.................... #DEFINE  BT3     PIN_B2 
....................  
.................... #DEFINE  ON      BT0       //DK LED DON, MOTOR 
.................... #DEFINE  OFF     BT1 
.................... #DEFINE  INV     BT2 
....................  
.................... #DEFINE  UP      BT0    //DK LED DON 
.................... #DEFINE  DW      BT1 
.................... #DEFINE  CLR     BT2 
.................... #DEFINE  MOD     BT3 
....................  
.................... #DEFINE  STOP    BT3 
....................  
.................... #DEFINE  ON1     BT0      
.................... #DEFINE  OFF1    BT1 
.................... #DEFINE  ON2     BT2        
.................... #DEFINE  OFF2    BT3 
....................  
....................  
.................... #DEFINE     TRIGGER      PIN_E2 
.................... #DEFINE     ECHO         PIN_E1 
.................... //   IC74138_A    PIN_B6   //OUTPUT GIAI MA 2 SANG 4 TICH CUC MUC 0 
.................... //   IC74138_B    PIN_B7   //OUTPUT GIAI MA 2 SANG 4 TICH CUC MUC 0 
....................  
.................... //          ENCODER  PIN_C0   //RC0/T13CKI 
....................  
.................... //          CB_KC    PIN_A2   //RA2/AN2 
.................... //          PIR      PIN_A3   //RA3/AN3 
.................... //          CBXUNG   PIN_A4   //RA4/T0CKI 
.................... //          LEDTHU   PIN_A4   //RA4/T0CKI//SW802 
....................  
.................... //          CB_KCSA_TRIGGER  PIN_E2   //RE2/SDO  DUNG CHUNG 
.................... //          CB_KCSA_RCHO     PIN_E1   //RE1 
....................  
.................... //          CB_TCS3200_OUT    PIN_E1   //RE1 //CAM BIEN MAU TCS3200 
.................... //          CB_TCS3200_S0     B12      //LAY TU MBI5026 
.................... //          CB_TCS3200_S1     B13      //LAY TU MBI5026 
.................... //          CB_TCS3200_S2     B14      //LAY TU MBI5026 
.................... //          CB_TCS3200_S3     B15      //LAY TU MBI5026 
....................  
.................... //          CB_POWER  SW803 
.................... //          CB_GAS      AIN3_PCF8591T   //RE1 
.................... //          CB_QUANG    AIN2_PCF8591T    
.................... //          CB_LM35B    AIN1_PCF8591T   //RA1/AN1 
.................... //          CB_LM35A    AIN0_PCF8591T   //RE1/AN0 
....................  
.................... //XXXXXXXXXXXXXXXXXXXXXXXXXXXXXXXXXXXXXXXXXXXXXXXXX 
.................... #DEFINE      ENABLE_573A      PIN_D1         //CS0 CUA A 
.................... #DEFINE      ENABLE_573B      PIN_D0         //CS1 CUA B 
.................... //XXXXXXXXXXXXXXXXXXXXXXXXXXXXXXXXXXXXXXXXXXXXXXXXX 
.................... #DEFINE      SSDO             PIN_E2         //CHUNG TAT CA 
.................... #DEFINE      SSCK             PIN_E0         //CHUNG TAT CA 
.................... //XXXXXXXXXXXXXXXXXXXXXXXXXXXXXXXXXXXXXXXXXXXXXXXXX 
.................... #DEFINE      RCK_4LED7DOAN    PIN_D7         //A - 4 BYTE 
.................... #DEFINE      G_4LED7DOAN      PIN_D6         //A - 4 BYTE 
.................... //XXXXXXXXXXXXXXXXXXXXXXXXXXXXXXXXXXXXXXXXXXXX     
.................... #DEFINE      RCK_MATRANLED    PIN_D7         //B - 3 BYTE DAO 
.................... #DEFINE      G_MATRANLED      PIN_D6         //B - 3 BYTE DAO 
.................... //XXXXXXXXXXXXXXXXXXXXXXXXXXXXXXXXXXXXXXXXXXXXXXXXX 
.................... #DEFINE      RCK_32LED        PIN_D5         //A - 4 BYTE 
.................... #DEFINE      G_32LED          PIN_D4         //A - 4 BYTE 
.................... //XXXXXXXXXXXXXXXXXXXXXXXXXXXXXXXXXXXXXXXXXXXX  
.................... #DEFINE      RCK_8LEDQUET     PIN_D5         //B - 2 BYTE DAO 
.................... #DEFINE      G_8LEDQUET       PIN_D4         //B - 2 BYTE DAO 
.................... //XXXXXXXXXXXXXXXXXXXXXXXXXXXXXXXXXXXXXXXXXXXXXXXXX 
.................... #DEFINE      RCK_LCD20X4      PIN_D3         //A - 2 BYTE DAO 
.................... #DEFINE      G_LCD20X4         PIN_D2         //A - 2 BYTE DAO 
.................... //XXXXXXXXXXXXXXXXXXXXXXXXXXXXXXXXXXXXXXXXXXXX  
.................... #DEFINE      RCK_BUZERELAY    PIN_D3     //B - 1 BYTE  
.................... #DEFINE      G_BUZERELAY      PIN_D2         //B - 1 BYTE  
....................  
.................... VOID XUAT_LCD20X4(UNSIGNED INT8 LCD_SIGNAL,LCD_INS_HTHI); 
....................  
.................... VOID XUAT_BUZZER_RELAY(); 
.................... //XXXXXXXXXXXXXXXXXXXXXXXXXXXXXXXXXXXXXXXXXXXX    
.................... #DEFINE     CHOT_2_IC_74573_A_B  OUTPUT_D(0XFC) 
....................  
.................... UNSIGNED INT8 TIN_HIEU_DK_74573_A; 
.................... #BIT G_4A         = TIN_HIEU_DK_74573_A.6 
.................... #BIT G_32A        = TIN_HIEU_DK_74573_A.4 
.................... #BIT G_LCDA       = TIN_HIEU_DK_74573_A.2 
.................... //XXXXXXXXXXXXXXXXXXXXXXXXXXXXXXXXXXXXXXXXXXXX          
.................... #DEFINE     MO_32_LED_DON        G_32A=0; //OUTPUT_LOW(G_32LED)  
.................... #DEFINE     TAT_32_LED_DON       G_32A=1; //OUTPUT_HIGH(G_32LED)  
.................... //XXXXXXXXXXXXXXXXXXXXXXXXXXXXXXXXXXXXXXXXXXXX          
.................... #DEFINE     MO_4_LED_7DOAN       G_4A=0;  //OUTPUT_LOW(G_4LED7DOAN) 
.................... #DEFINE     TAT_4_LED_7DOAN      G_4A=1;  //OUTPUT_HIGH(G_4LED7DOAN) 
.................... //XXXXXXXXXXXXXXXXXXXXXXXXXXXXXXXXXXXXXXXXXXXX  
.................... #DEFINE     MO_GLCD_LCD           G_LCDA=0;   //OUTPUT_LOW(G_LCD20X4) 
.................... #DEFINE     TAT_GLCD_LCD          G_LCDA=1;   // OUTPUT_LOW(G_LCD20X4) 
....................  
.................... UNSIGNED INT8 TIN_HIEU_DK_74573_B;   
.................... #BIT G_MTB        = TIN_HIEU_DK_74573_B.6 
.................... #BIT G_8B         = TIN_HIEU_DK_74573_B.4 
.................... #BIT G_RBDCB      = TIN_HIEU_DK_74573_B.2 
.................... //XXXXXXXXXXXXXXXXXXXXXXXXXXXXXXXXXXXXXXXXXXXX  
.................... #DEFINE     MO_LED_MATRAN        G_MTB=0; //OUTPUT_LOW(G_MATRANLED) 
.................... #DEFINE     TAT_LED_MATRAN       G_MTB=1; //OUTPUT_LOW(G_MATRANLED) 
.................... //XXXXXXXXXXXXXXXXXXXXXXXXXXXXXXXXXXXXXXXXXXXX        
.................... #DEFINE     MO_8_LED_QUET        G_8B=0;  //OUTPUT_LOW(G_8LEDQUET) 
.................... #DEFINE     TAT_8_LED_QUET       G_8B=1;  //OUTPUT_LOW(G_8LEDQUET) 
.................... //XXXXXXXXXXXXXXXXXXXXXXXXXXXXXXXXXXXXXXXXXXXX          
.................... #DEFINE     MO_RELAY_BUZZER_DC   G_RBDCB=0;  //OUTPUT_LOW(G_BUZERELAY) 
.................... #DEFINE     TAT_RELAY_BUZZER_DC  G_RBDCB=1;  //OUTPUT_LOW(G_BUZERELAY) 
....................  
.................... //XXXXXXXXXXXXXXXXXXXXXXXXXXXXXXXXXXXXXXXXXXXX 
.................... //CHUONG TRINH KIEM TRA PHIM BT1 
.................... //XXXXXXXXXXXXXXXXXXXXXXXXXXXXXXXXXXXXXXXXXXXX 
.................... UNSIGNED INT8 DL_BTN=0; 
.................... INT1 PHIM_BT0(UNSIGNED INT16 DL) 
.................... {   
....................     IF (!INPUT(BT0)) 
*
03B8:  BSF    F93.5
03BA:  BTFSC  F81.5
03BC:  BRA    03DC
....................     {   
....................       DL_BTN++; 
03BE:  INCF   18,F
....................        
....................       IF (DL_BTN>= DL) 
03C0:  MOVF   37,F
03C2:  BNZ   03D4
03C4:  MOVF   36,W
03C6:  SUBWF  18,W
03C8:  BNC   03D4
....................          { 
....................             DL_BTN =0; 
03CA:  CLRF   18
....................             RETURN(1); 
03CC:  MOVLW  01
03CE:  MOVWF  01
03D0:  BRA    03E0
....................          } 
03D2:  BRA    03DA
....................       ELSE RETURN(0); 
03D4:  MOVLW  00
03D6:  MOVWF  01
03D8:  BRA    03E0
....................     } 
03DA:  BRA    03E0
....................     ELSE    RETURN(0); 
03DC:  MOVLW  00
03DE:  MOVWF  01
03E0:  GOTO   03EC (RETURN)
.................... }  
.................... //XXXXXXXXXXXXXXXXXXXXXXXXXXXXXXXXXXXXXXXXXXXX 
.................... //CHUONG TRINH KIEM TRA PHIM BT1 
.................... //XXXXXXXXXXXXXXXXXXXXXXXXXXXXXXXXXXXXXXXXXXXX 
.................... INT1 PHIM_BT1(UNSIGNED INT16 DL ) 
.................... {   
....................     IF (!INPUT(BT1)) 
*
0430:  BSF    F93.4
0432:  BTFSC  F81.4
0434:  BRA    0454
....................     {   
....................       DL_BTN++; 
0436:  INCF   18,F
....................        
....................       IF (DL_BTN>= DL) 
0438:  MOVF   37,F
043A:  BNZ   044C
043C:  MOVF   36,W
043E:  SUBWF  18,W
0440:  BNC   044C
....................          { 
....................             DL_BTN =0; 
0442:  CLRF   18
....................             RETURN(1); 
0444:  MOVLW  01
0446:  MOVWF  01
0448:  BRA    0458
....................          } 
044A:  BRA    0452
....................       ELSE RETURN(0); 
044C:  MOVLW  00
044E:  MOVWF  01
0450:  BRA    0458
....................     } 
0452:  BRA    0458
....................     ELSE    RETURN(0); 
0454:  MOVLW  00
0456:  MOVWF  01
0458:  GOTO   0464 (RETURN)
.................... }  
.................... //XXXXXXXXXXXXXXXXXXXXXXXXXXXXXXXXXXXXXXXXXXXX 
.................... //CHUONG TRINH KIEM TRA PHIM BT2       
.................... //XXXXXXXXXXXXXXXXXXXXXXXXXXXXXXXXXXXXXXXXXXXX                                     
.................... INT1 PHIM_BT2(UNSIGNED INT16 DL ) 
.................... {                                         
....................     IF (!INPUT(BT2)) 
*
0370:  BSF    F93.3
0372:  BTFSC  F81.3
0374:  BRA    0394
....................     {   
....................       DL_BTN++; 
0376:  INCF   18,F
....................        
....................       IF (DL_BTN>= DL) 
0378:  MOVF   37,F
037A:  BNZ   038C
037C:  MOVF   36,W
037E:  SUBWF  18,W
0380:  BNC   038C
....................          { 
....................             DL_BTN =0; 
0382:  CLRF   18
....................             RETURN(1); 
0384:  MOVLW  01
0386:  MOVWF  01
0388:  BRA    0398
....................          } 
038A:  BRA    0392
....................       ELSE RETURN(0); 
038C:  MOVLW  00
038E:  MOVWF  01
0390:  BRA    0398
....................     } 
0392:  BRA    0398
....................     ELSE    RETURN(0); 
0394:  MOVLW  00
0396:  MOVWF  01
0398:  GOTO   03A4 (RETURN)
....................                                           
.................... }       
....................  
.................... //XXXXXXXXXXXXXXXXXXXXXXXXXXXXXXXXXXXXXXXXXXXX 
.................... //CHUONG TRINH KIEM TRA PHIM BT3 
.................... //XXXXXXXXXXXXXXXXXXXXXXXXXXXXXXXXXXXXXXXXXXXX 
.................... INT1 PHIM_BT3(UNSIGNED INT16 DL,  UNSIGNED INT8 SOLAN  ) 
.................... {   
....................     IF (!INPUT(BT3)) 
....................     {   
....................       DL_BTN++; 
....................       IF(DL_BTN==1) RETURN(1); 
....................       ELSE 
....................       { 
....................          IF (DL_BTN>= DL) 
....................          DL_BTN =SOLAN; 
....................       } 
....................     } 
....................     ELSE    
....................     { 
....................       //DL_BTN =0; 
....................       RETURN(0); 
....................     } 
.................... }  
.................... //XXXXXXXXXXXXXXXXXXXXXXXXXXXXXXXXXXXXXXXXXXXX 
.................... //KHAI BAO DU LIEU 16 BIT CHO MODULE RELAY, TRIAC, BUZZER, DONG CO 
.................... //XXXXXXXXXXXXXXXXXXXXXXXXXXXXXXXXXXXXXXXXXXXX 
.................... UNSIGNED INT16 RBDC; 
.................... #BIT STEP_MOTOR_ENABLE  = RBDC.0    //1=ENA,0=DIS 
.................... #BIT STEP_MOTOR_IN1     = RBDC.1     
.................... #BIT STEP_MOTOR_IN2     = RBDC.2 
.................... #BIT STEP_MOTOR_IN3     = RBDC.3 
.................... #BIT STEP_MOTOR_IN4     = RBDC.4 
.................... #BIT DC_ENABLE          = RBDC.5    //1=ENA,0=DIS 
.................... #BIT PWRKEY             = RBDC.6    //KHOI TAO SIM900 
....................  
.................... #BIT BUZZER             = RBDC.8    //1=ON,0=OFF 
.................... #BIT TRIAC_1            = RBDC.9    //1=ON,0=OFF 
.................... #BIT TRIAC_2            = RBDC.10   //1=ON,0=OFF 
.................... #BIT RELAY_1            = RBDC.11   //0=ON,1=OFF 
.................... #BIT RELAY_2            = RBDC.12   //0=ON,1=OFF 
....................  
.................... //HAM 103 
.................... //XXXXXXXXXXXXXXXXXXXXXXXXXXXXXXXXXXXXXXXXXXXX 
.................... //CHUONG TRINH CON KHOI TAO IC CHOT 
.................... //XXXXXXXXXXXXXXXXXXXXXXXXXXXXXXXXXXXXXXXXXXXX          
.................... #DEFINE     CHO_IC_74573_A_GOI_DU_LIEU     OUTPUT_HIGH(ENABLE_573A) 
.................... #DEFINE     CHOT_IC_74573_A_GOI_DU_LIEU    OUTPUT_LOW(ENABLE_573A) 
....................  
.................... #DEFINE     CHO_IC_74573_B_GOI_DU_LIEU     OUTPUT_HIGH(ENABLE_573B) 
.................... #DEFINE     CHOT_IC_74573_B_GOI_DU_LIEU    OUTPUT_LOW(ENABLE_573B) 
.................... VOID MO_IC_74573_A_THONG_DL(); 
....................  
.................... //XXXXXXXXXXXXXXXXXXXXXXXXXXXXXXXXXXXXXXXXXXXX    
.................... CONST UNSIGNED CHAR MA7DOAN[16]= {0XC0,0XF9,0xA4,0XB0,0X99,0X92,0X82,0XF8, 
.................... 0X80,0X90,0x88, 0x83, 0xC6, 0xA1, 0x86, 0x8E}; 
.................... #DEFINE     MASO0    0XC0 
.................... #DEFINE     MASO1    0XF9 
.................... #DEFINE     MASO2    0XA4 
.................... #DEFINE     MASO3    0XB0 
.................... #DEFINE     MASO4    0X99 
.................... #DEFINE     MASO5    0X92 
.................... #DEFINE     MASO6    0X82 
.................... #DEFINE     MASO7    0XF8 
....................  
.................... //XXXXXXXXXXXXXXXXXXXXXXXXXXXXXXXXXXXXXXXXXXXX  
.................... //HAM 102 
.................... //XXXXXXXXXXXXXXXXXXXXXXXXXXXXXXXXXXXXXXXXXXXX     
.................... //XUAT 1 BYTE RA THANH GHI DICH 
.................... //XXXXXXXXXXXXXXXXXXXXXXXXXXXXXXXXXXXXXXXXXXXX     
.................... VOID XUAT_1BYTE(UNSIGNED INT8 BYTEXUAT) 
.................... { 
....................    UNSIGNED INT8   SB,X;    
....................    #BIT BSERI  = X.7 
....................    X = BYTEXUAT; 
*
00F8:  MOVFF  3D,3F
....................    FOR (SB=0;SB<8;SB++) 
00FC:  CLRF   3E
00FE:  MOVF   3E,W
0100:  SUBLW  07
0102:  BNC   0120
....................       {                                                  
....................          OUTPUT_BIT(SSDO,BSERI);     
0104:  BTFSC  3F.7
0106:  BRA    010C
0108:  BCF    F8D.2
010A:  BRA    010E
010C:  BSF    F8D.2
010E:  BCF    F96.2
....................          OUTPUT_LOW(SSCK); OUTPUT_HIGH(SSCK); 
0110:  BCF    F96.0
0112:  BCF    F8D.0
0114:  BCF    F96.0
0116:  BSF    F8D.0
....................          X= X<<1;          
0118:  BCF    FD8.0
011A:  RLCF   3F,F
011C:  INCF   3E,F
011E:  BRA    00FE
....................      } 
0120:  RETURN 0
.................... } 
.................... //XXXXXXXXXXXXXXXXXXXXXXXXXXXXXXXXXXXXXXXXXXXX  
.................... //HAM 301 
.................... //XXXXXXXXXXXXXXXXXXXXXXXXXXXXXXXXXXXXXXXXXXXX 
.................... //CHUONG TRINH CON XUAT 4 BYTE RA 32 LED DON 
.................... //XXXXXXXXXXXXXXXXXXXXXXXXXXXXXXXXXXXXXXXXXXXX 
.................... VOID XUAT_32LED_DON_4BYTE(UNSIGNED INT8 BLD3,BLD2,BLD1,BLD0) 
.................... {      
....................       XUAT_1BYTE(BLD3);           
....................       XUAT_1BYTE(BLD2); 
....................       XUAT_1BYTE(BLD1);           
....................       XUAT_1BYTE(BLD0);             
....................       MO_32_LED_DON;       
....................       MO_IC_74573_A_THONG_DL();             
....................       OUTPUT_HIGH(RCK_32LED);    OUTPUT_LOW(RCK_32LED); 
....................       CHOT_IC_74573_A_GOI_DU_LIEU;       
.................... } 
.................... //HAM 302 
.................... //XXXXXXXXXXXXXXXXXXXXXXXXXXXXXXXXXXXXXXXXXXXX 
.................... //CHUONG TRINH CON XUAT 2 WORD 16 BITRA 32 LED DON 
.................... //XXXXXXXXXXXXXXXXXXXXXXXXXXXXXXXXXXXXXXXXXXXX 
.................... VOID XUAT_32LED_DON_2WORD(UNSIGNED INT16 WLD1, UNSIGNED INT16 WLD0) 
.................... {      
....................      UNSIGNED INT8  B3,B2,B1,B0; 
....................      B3 = WLD1>>8;  B2 = WLD1;  
....................      B1 = WLD0>>8;  B0 = WLD0; 
....................      XUAT_32LED_DON_4BYTE(B3,B2,B1,B0); 
.................... } 
.................... //HAM 303 
.................... //XXXXXXXXXXXXXXXXXXXXXXXXXXXXXXXXXXXXXXXXXXXX 
.................... //CHUONG TRINH CON XUAT 1 DOUBLE WORD RA 32 LED DON 
.................... //XXXXXXXXXXXXXXXXXXXXXXXXXXXXXXXXXXXXXXXXXXXX 
.................... VOID XUAT_32LED_DON_1DW(UNSIGNED LONG LONG DWLD) 
.................... {      
....................      UNSIGNED INT16  WD1,WD0; 
....................      WD1 = DWLD>>16;  WD0 = DWLD; 
....................      XUAT_32LED_DON_2WORD(WD1,WD0); 
.................... } 
....................  
.................... //HAM 304 
.................... //XXXXXXXXXXXXXXXXXXXXXXXXXXXXXXXXXXXXXXXXXXXX 
.................... //CHUONG TRINH CON MO 32 LED DON SANG 
.................... //XXXXXXXXXXXXXXXXXXXXXXXXXXXXXXXXXXXXXXXXXXXX 
.................... VOID MO_32LED_DON() 
.................... {         
....................      XUAT_32LED_DON_1DW(0XFFFFFFFF); 
.................... } 
.................... //HAM 305 
.................... //XXXXXXXXXXXXXXXXXXXXXXXXXXXXXXXXXXXXXXXXXXXX 
.................... //CHUONG TRINH CON TAT 32 LED DON  
.................... //XXXXXXXXXXXXXXXXXXXXXXXXXXXXXXXXXXXXXXXXXXXX 
.................... VOID TAT_32LED_DON() 
.................... {         
....................      XUAT_32LED_DON_1DW(0); 
.................... } 
.................... //XXXXXXXXXXXXXXXXXXXXXXXXXXXXXXXXXXXXXXXXXXXX     
.................... //XUAT 1 BIT ROI TRA LAI KET QUA SAU KHI DICH DI 1 BIT 
.................... //XXXXXXXXXXXXXXXXXXXXXXXXXXXXXXXXXXXXXXXXXXXX     
.................... UNSIGNED  INT8 XUAT_1BIT(UNSIGNED INT8 BYTEXUAT) 
.................... { 
....................       UNSIGNED INT8   XBITX;    
....................       #BIT BSERIX  = XBITX.0 
....................       XBITX = BYTEXUAT; 
....................                                              
....................       OUTPUT_BIT(SSDO,BSERIX);     
....................       OUTPUT_LOW(SSCK); OUTPUT_HIGH(SSCK); 
....................       XBITX= XBITX>>1;    
....................       RETURN(XBITX);   
.................... } 
.................... //XXXXXXXXXXXXXXXXXXXXXXXXXXXXXXXXXXXXXXXXXXXX  
.................... //HAM 101 
.................... //XXXXXXXXXXXXXXXXXXXXXXXXXXXXXXXXXXXXXXXXXXXX     
.................... //HAM KHOI TAO CAC PORT VA IC CHOT 
.................... //XXXXXXXXXXXXXXXXXXXXXXXXXXXXXXXXXXXXXXXXXXXX     
.................... VOID SET_UP_PORT_IC_CHOT() 
.................... {      
....................       SET_TRIS_D(0x00);     
*
00DA:  MOVLW  00
00DC:  MOVWF  F95
....................       SET_TRIS_E(0X00); 
00DE:  MOVWF  F96
....................       OUTPUT_D(0XFF); 
00E0:  CLRF   F95
00E2:  SETF   F8C
....................       TIN_HIEU_DK_74573_A=0XFF;   
00E4:  SETF   16
....................       TIN_HIEU_DK_74573_B=0XFF;       
00E6:  SETF   17
....................       CHOT_IC_74573_A_GOI_DU_LIEU; 
00E8:  BCF    F95.1
00EA:  BCF    F8C.1
....................       CHOT_IC_74573_B_GOI_DU_LIEU;   
00EC:  BCF    F95.0
00EE:  BCF    F8C.0
....................       RBDC=0; 
00F0:  CLRF   1A
00F2:  CLRF   19
00F4:  GOTO   04DA (RETURN)
.................... } 
.................... //HAM 104 
.................... //XXXXXXXXXXXXXXXXXXXXXXXXXXXXXXXXXXXXXXXXXXXX     
.................... //XUAT CÁC THIEU DIEU KHIEN  
.................... //GIU NGUYEN CAC TRANG THAI CUA 2 MODULE KHAC 
.................... //XXXXXXXXXXXXXXXXXXXXXXXXXXXXXXXXXXXXXXXXXXXX     
.................... VOID MO_IC_74573_A_THONG_DL() 
.................... {      
....................       OUTPUT_D(0X00); 
*
0122:  CLRF   F95
0124:  CLRF   F8C
....................       OUTPUT_BIT(G_32LED,G_32A); 
0126:  BTFSC  16.4
0128:  BRA    012E
012A:  BCF    F8C.4
012C:  BRA    0130
012E:  BSF    F8C.4
0130:  BCF    F95.4
....................       OUTPUT_BIT(G_4LED7DOAN,G_4A); 
0132:  BTFSC  16.6
0134:  BRA    013A
0136:  BCF    F8C.6
0138:  BRA    013C
013A:  BSF    F8C.6
013C:  BCF    F95.6
....................       OUTPUT_BIT(G_LCD20X4,G_LCDA);   
013E:  BTFSC  16.2
0140:  BRA    0146
0142:  BCF    F8C.2
0144:  BRA    0148
0146:  BSF    F8C.2
0148:  BCF    F95.2
....................       CHO_IC_74573_A_GOI_DU_LIEU; 
014A:  BCF    F95.1
014C:  BSF    F8C.1
014E:  GOTO   016E (RETURN)
.................... } 
.................... VOID MO_IC_74573_B_THONG_DL() 
.................... {      
....................       OUTPUT_D(0X00); 
....................       OUTPUT_BIT(G_MATRANLED,G_MTB); 
....................       OUTPUT_BIT(G_8LEDQUET,G_8B); 
....................       OUTPUT_BIT(G_BUZERELAY,G_RBDCB);  
....................       CHO_IC_74573_B_GOI_DU_LIEU; 
.................... } 
.................... //ham 401 
.................... //XXXXXXXXXXXXXXXXXXXXXXXXXXXXXXXXXXXXXXXXXXXX 
.................... //CHUONG TRINH CON XUAT 4 BYTE RA 4 LED 7 DOAN 
.................... //XXXXXXXXXXXXXXXXXXXXXXXXXXXXXXXXXXXXXXXXXXXX 
.................... VOID XUAT_4LED_7DOAN_4SO(UNSIGNED INT BL743,BL742,BL741,BL740) 
.................... {      
....................       XUAT_1BYTE(BL740);   XUAT_1BYTE(BL741); 
....................       XUAT_1BYTE(BL742);   XUAT_1BYTE(BL743); 
....................        
....................       MO_4_LED_7DOAN; 
....................       MO_IC_74573_A_THONG_DL(); 
....................         
....................       OUTPUT_LOW(RCK_4LED7DOAN);   OUTPUT_HIGH(RCK_4LED7DOAN);  
....................       CHOT_IC_74573_A_GOI_DU_LIEU; 
.................... } 
.................... //ham 404 
.................... VOID XUAT_4LED_7DOAN_3SO(UNSIGNED INT BL742,BL741,BL740) 
.................... {      
....................      XUAT_4LED_7DOAN_4SO(0XFF,BL742,BL741,BL740); 
.................... } 
.................... //ham 403 
.................... VOID XUAT_4LED_7DOAN_2SO(UNSIGNED INT BL741,BL740) 
.................... {      
....................      XUAT_4LED_7DOAN_4SO(0XFF,0XFF,BL741,BL740); 
.................... } 
.................... //ham 402 
.................... VOID XUAT_4LED_7DOAN_1SO(UNSIGNED INT BL740) 
.................... {      
....................      XUAT_4LED_7DOAN_4SO(0XFF,0XFF,0XFF,BL740); 
.................... } 
....................  
.................... //ham 405 
.................... //XXXXXXXXXXXXXXXXXXXXXXXXXXXXXXXXXXXXXXXXXXXXXXXXXXXXXXXXXXXXX 
.................... //CHUONG TRINH CON HIEN THI DU LIEU 16 BIT TREN 4 LED 7 DOAN 
.................... //XXXXXXXXXXXXXXXXXXXXXXXXXXXXXXXXXXXXXXXXXXXXXXXXXXXXXXXXXXXXX 
.................... UNSIGNED CHAR DONVI4,CHUC4,TRAM4,NGAN4; 
.................... VOID  XUAT_4LED_7DOAN_GIAIMA_XOA_SO0 (UNSIGNED INT16 TAM) 
.................... {          
....................       DONVI4 = MA7DOAN[TAM %10];          
....................       CHUC4  = MA7DOAN[TAM/10%10]; 
....................       TRAM4  = MA7DOAN[TAM/100%10];  
....................       NGAN4  = MA7DOAN[TAM/1000%10];        
....................       IF (NGAN4==0XC0) 
....................       { 
....................          NGAN4=0XFF; 
....................          IF (TRAM4==0XC0) 
....................          { 
....................             TRAM4=0XFF; 
....................             IF (CHUC4==0XC0)   CHUC4=0XFF; 
....................          } 
....................       } 
....................       XUAT_4LED_7DOAN_4SO(NGAN4,TRAM4,CHUC4,DONVI4);    
.................... } 
.................... UNSIGNED INT8 LCDDATA=0;  
.................... UNSIGNED INT8 LCDCONTROL=0; 
.................... UNSIGNED INT8 GLCDDATA=0; 
.................... UNSIGNED INT8 GLCDCONTROL=0;  
.................... //HAM 701 
.................... //XXXXXXXXXXXXXXXXXXXXXXXXXXXXXXXXXXXXXXXXXXXXXXXXXXXXXXXXXXXXX 
.................... //CHUONG TRINH CON XUAT DU LIEU 4 BYTE RA GLCD VA LCD 
.................... //XXXXXXXXXXXXXXXXXXXXXXXXXXXXXXXXXXXXXXXXXXXXXXXXXXXXXXXXXXXXX 
.................... VOID XUAT_GLCD_LCD() 
.................... {       
....................     XUAT_1BYTE(GLCDCONTROL);              
0152:  MOVFF  22,3D
0156:  RCALL  00F8
....................     XUAT_1BYTE(GLCDDATA); 
0158:  MOVFF  21,3D
015C:  RCALL  00F8
....................     XUAT_1BYTE(LCDCONTROL);        
015E:  MOVFF  20,3D
0162:  RCALL  00F8
....................     XUAT_1BYTE(LCDDATA);       
0164:  MOVFF  1F,3D
0168:  RCALL  00F8
....................        
....................     MO_GLCD_LCD; 
016A:  BCF    16.2
....................     MO_IC_74573_A_THONG_DL();             
016C:  BRA    0122
....................     OUTPUT_HIGH(RCK_LCD20X4);      
016E:  BCF    F95.3
0170:  BSF    F8C.3
....................     OUTPUT_LOW(RCK_LCD20X4); 
0172:  BCF    F95.3
0174:  BCF    F8C.3
....................     CHOT_IC_74573_A_GOI_DU_LIEU; 
0176:  BCF    F95.1
0178:  BCF    F8C.1
017A:  GOTO   018C (RETURN)
.................... } 
.................... //HAM 702 
.................... VOID XUAT_LCD20X4(UNSIGNED INT8 LCD_SIGNAL,LCD_INS_HTHI) 
.................... {      
....................     LCDCONTROL = ~LCD_SIGNAL; 
017E:  MOVF   3B,W
0180:  MOVWF  20
0182:  COMF   20,F
....................     LCDDATA    = ~LCD_INS_HTHI;       
0184:  MOVFF  3C,1F
0188:  COMF   1F,F
....................     XUAT_GLCD_LCD(); 
018A:  BRA    0152
018C:  RETURN 0
.................... } 
.................... //HAM 703 
.................... VOID XUAT_GLCD128X64(UNSIGNED INT8 GLCD_SIGNAL,GLCD_INS_HTHI) 
.................... {      
....................     GLCDCONTROL = ~GLCD_SIGNAL; 
....................     GLCDDATA    = ~GLCD_INS_HTHI;      
....................     XUAT_GLCD_LCD(); 
.................... } 
.................... //HAM 501 
.................... //XXXXXXXXXXXXXXXXXXXXXXXXXXXXXXXXXXXXXXXXXXXX 
.................... //CHUONG TRINH CON XUAT 2 BYTE RA DK 1 LED QUET SANG 
.................... //XXXXXXXXXXXXXXXXXXXXXXXXXXXXXXXXXXXXXXXXXXXX 
.................... VOID XUAT_8LED_7DOAN_QUET_1(UNSIGNED INT MA,SO_HTHI) 
.................... {      
....................       XUAT_1BYTE(~MA);   XUAT_1BYTE(~SO_HTHI); 
....................        
....................       MO_8_LED_QUET; 
....................       MO_IC_74573_B_THONG_DL(); 
....................        
....................       OUTPUT_HIGH(RCK_8LEDQUET); OUTPUT_LOW(RCK_8LEDQUET); 
....................       CHOT_IC_74573_B_GOI_DU_LIEU; 
.................... } 
.................... //HAM 502 
.................... //XXXXXXXXXXXXXXXXXXXXXXXXXXXXXXXXXXXXXXXXXXXX 
.................... //CHUONG TRINH CON XUAT 2 BYTE RA TAT 8 LED QUET 
.................... //XXXXXXXXXXXXXXXXXXXXXXXXXXXXXXXXXXXXXXXXXXXX 
.................... VOID XUAT_8LED_7DOAN_QUET_TAT_LED() 
.................... { 
....................    XUAT_8LED_7DOAN_QUET_1(0XFF,0XFF); 
.................... } 
.................... //HAM 503 
.................... //XXXXXXXXXXXXXXXXXXXXXXXXXXXXXXXXXXXXXXXXXXXX 
.................... //CHUONG TRINH CON HIEN THI LED THEO THU TU 
.................... //XXXXXXXXXXXXXXXXXXXXXXXXXXXXXXXXXXXXXXXXXXXX 
.................... CONST UNSIGNED CHAR TTLEDQUET[8]= {0x7F,0xBF,0xDF,0xEF,0xF7,0xFB,0xFD,0xFE}; 
.................... VOID XUAT_8LED_7DOAN_QUET_2(UNSIGNED INT THUTULED,SO_HTHI) 
.................... {          
....................       XUAT_1BYTE(~ (TTLEDQUET[THUTULED]));   XUAT_1BYTE(~SO_HTHI);      
....................       MO_8_LED_QUET; 
....................       MO_IC_74573_B_THONG_DL(); 
....................       OUTPUT_HIGH(RCK_8LEDQUET); OUTPUT_LOW(RCK_8LEDQUET); 
....................       CHOT_IC_74573_B_GOI_DU_LIEU; 
.................... } 
.................... //HAM 504 
.................... //XXXXXXXXXXXXXXXXXXXXXXXXXXXXXXXXXXXXXXXXXXXX 
.................... //CHUONG TRINH CON HIEN THI 8 SO TREN 8 LED QUET - CO KIEM TRA 
.................... //XXXXXXXXXXXXXXXXXXXXXXXXXXXXXXXXXXXXXXXXXXXX 
.................... UNSIGNED INT8 LED_7DQ[8]={0XFF,0XFF,0XFF,0XFF,0XFF,0XFF,0XFF,0XFF}; 
.................... UNSIGNED INT8 TT8LED=0; 
.................... VOID HIEN_THI_8LED_7DOAN_QUET() 
.................... {      
....................       FOR(TT8LED=0;TT8LED<8;TT8LED++) 
....................          IF (LED_7DQ[TT8LED]!=0XFF) 
....................          {            
....................             XUAT_8LED_7DOAN_QUET_2(TT8LED, LED_7DQ[TT8LED]); 
....................             DELAY_US(100); 
....................             XUAT_8LED_7DOAN_QUET_TAT_LED();            
....................             } 
.................... } 
.................... //HAM 505 
.................... //XXXXXXXXXXXXXXXXXXXXXXXXXXXXXXXXXXXXXXXXXXXX 
.................... //CHUONG TRINH CON HIEN THI 8 SO TREN 8 LED QUET - KHONG KIEM TRA 
.................... //XXXXXXXXXXXXXXXXXXXXXXXXXXXXXXXXXXXXXXXXXXXX 
.................... VOID HIEN_THI_8LED_7DOAN_QUET_ALL() 
.................... {      
....................       FOR(TT8LED=0;TT8LED<8;TT8LED++)          
....................          {            
....................             XUAT_8LED_7DOAN_QUET_2(TT8LED, LED_7DQ[TT8LED]); 
....................             DELAY_US(100); 
....................             XUAT_8LED_7DOAN_QUET_TAT_LED();            
....................             } 
.................... } 
....................  
.................... VOID DELAY_QUET_8LED(UNSIGNED INT16 DL) 
.................... {  
....................       UNSIGNED INT8 I; 
....................       FOR (I=0; I<DL;I++) 
....................       HIEN_THI_8LED_7DOAN_QUET_ALL(); 
.................... }  
....................  
.................... VOID GIAI_MA_GAN_CHO_8LED_QUET_16_XOA(UNSIGNED INT16 X) 
.................... {      
....................       LED_7DQ[0]= MA7DOAN [X %10];     
....................       LED_7DQ[1]= MA7DOAN [X/10%10]; 
....................       LED_7DQ[2]= MA7DOAN [X/100%10];     
....................       LED_7DQ[3]= MA7DOAN [X/1000%10]; 
....................       LED_7DQ[4]= MA7DOAN [X/10000%10]; 
....................       IF (LED_7DQ[4]==MASO0)  
....................       { 
....................             LED_7DQ[4]=0XFF; 
....................             IF (LED_7DQ[3]==MASO0)  
....................             { 
....................                LED_7DQ[3]=0XFF; 
....................                IF (LED_7DQ[2]==MASO0)  
....................                { 
....................                   LED_7DQ[2]=0XFF; 
....................                   IF (LED_7DQ[1]==MASO0)  
....................                   { 
....................                      LED_7DQ[1]=0XFF; 
....................                   } 
....................                } 
....................             } 
....................       } 
....................              
.................... } 
.................... //XXXXXXXXXXXXXXXXXXXXXXXXXXXXXXXXXXXXXXXXXXXX          
.................... VOID XUAT_2BYTE(UNSIGNED INT16 BYTE2XUAT) 
.................... { 
....................    INT8 SBB; 
....................    UNSIGNED INT16   XX;   //SHORT  BSERI; 
....................    #BIT BSERIX  = XX.15 
....................    XX = BYTE2XUAT; 
....................    FOR (SBB=0;SBB<16;SBB++) 
....................       {                                                  
....................          OUTPUT_BIT(SSDO,BSERIX);     
....................          OUTPUT_LOW(SSCK);          
....................          OUTPUT_HIGH(SSCK); 
....................          XX= XX<<1;          
....................      } 
.................... } 
.................... //XXXXXXXXXXXXXXXXXXXXXXXXXXXXXXXXXXXXXXXXXXXX 
.................... //CHUONG TRINH CON XUAT RA LED MA TRAN 
.................... //XXXXXXXXXXXXXXXXXXXXXXXXXXXXXXXXXXXXXXXXXXXX 
.................... VOID XUAT_MATRANLED(UNSIGNED INT16 MAHANG,UNSIGNED INT16 MACOT1, 
.................... UNSIGNED INT16 MACOT2,UNSIGNED INT16 MACOT3) 
.................... {       
....................       XUAT_2BYTE(MACOT3); 
....................       XUAT_2BYTE(MACOT2); 
....................       XUAT_2BYTE(MACOT1); 
....................       XUAT_2BYTE(MAHANG); 
....................        
....................       MO_LED_MATRAN; 
....................       MO_IC_74573_B_THONG_DL(); 
....................        
....................       OUTPUT_HIGH(RCK_MATRANLED); OUTPUT_LOW(RCK_MATRANLED);  
....................       CHOT_IC_74573_B_GOI_DU_LIEU; 
.................... } 
.................... //XXXXXXXXXXXXXXXXXXXXXXXXXXXXXXXXXXXXXXXXXXXX 
.................... //CHUONG TRINH CON XUAT RA LED MA TRAN 
.................... //XXXXXXXXXXXXXXXXXXXXXXXXXXXXXXXXXXXXXXXXXXXX 
.................... VOID TAT_MATRANLED() 
.................... {       
....................       XUAT_2BYTE(0); 
....................       XUAT_2BYTE(0); 
....................       XUAT_2BYTE(0); 
....................       XUAT_2BYTE(0);            
....................       OUTPUT_HIGH(RCK_MATRANLED);  
....................       OUTPUT_LOW(RCK_MATRANLED); 
.................... } 
.................... UNSIGNED  INT8 HIEU_CHINH_4BIT_CAO(UNSIGNED INT8 XZY) 
.................... { 
....................       INT1  BTG; 
....................       UNSIGNED INT8   BX;    
....................       #BIT BIT4  = BX.4 
....................       #BIT BIT5  = BX.5 
....................       #BIT BIT6  = BX.6 
....................       #BIT BIT7  = BX.7 
....................       BX=XZY; 
....................       BTG=BIT4;   BIT4=BIT7;  BIT7=BTG; 
....................       BTG=BIT5;   BIT5=BIT6;  BIT6=BTG;       
....................       RETURN(BX);   
.................... } 
.................... //HAM 601 
.................... //XXXXXXXXXXXXXXXXXXXXXXXXXXXXXXXXXXXXXXXXXXXXXXXXXXXX 
.................... //MODULE DIEU KHIEN RELAY,TRIAC, BUZZER, DONG CO, SIM 
.................... //XXXXXXXXXXXXXXXXXXXXXXXXXXXXXXXXXXXXXXXXXXXXXXXXXXXX 
.................... VOID XUAT_BUZZER_RELAY() 
.................... {      
....................    UNSIGNED INT8 RBDC1,RBDC2; 
....................       RBDC1=RBDC; RBDC2=RBDC>>8;       
....................       XUAT_1BYTE(RBDC2);       
....................       XUAT_1BYTE(RBDC1); 
....................       MO_RELAY_BUZZER_DC; 
....................       MO_IC_74573_B_THONG_DL(); 
....................        
....................       OUTPUT_HIGH(RCK_BUZERELAY);   OUTPUT_LOW(RCK_BUZERELAY); 
....................       CHOT_IC_74573_B_GOI_DU_LIEU; 
.................... } 
.................... //HAM 602 
.................... //XXXXXXXXXXXXXXXXXXXXXXXXXXXXXXXXXXXXXXXXXXXXXXXXXXXX 
.................... VOID BUZZER_ON() 
.................... {     
....................       BUZZER=1; 
....................       XUAT_BUZZER_RELAY();          
.................... } 
.................... //HAM 603 
.................... //XXXXXXXXXXXXXXXXXXXXXXXXXXXXXXXXXXXXXXXXXXXXXXXXXXXX 
.................... VOID BUZZER_OFF() 
.................... {      
....................       BUZZER=0; 
....................       XUAT_BUZZER_RELAY(); 
.................... } 
.................... //HAM 604 
.................... //XXXXXXXXXXXXXXXXXXXXXXXXXXXXXXXXXXXXXXXXXXXXXXXXXXXX 
.................... VOID RELAY_1_ON() 
.................... {     
....................       RELAY_1=1; 
....................       XUAT_BUZZER_RELAY();          
.................... } 
.................... //HAM 603 
.................... //XXXXXXXXXXXXXXXXXXXXXXXXXXXXXXXXXXXXXXXXXXXXXXXXXXXX 
.................... VOID RELAY_1_OFF() 
.................... {     
....................       RELAY_1=0; 
....................       XUAT_BUZZER_RELAY();          
.................... } 
.................... //HAM 604 
.................... //XXXXXXXXXXXXXXXXXXXXXXXXXXXXXXXXXXXXXXXXXXXXXXXXXXXX 
.................... VOID RELAY_2_ON() 
.................... {     
....................       RELAY_2=1; 
....................       XUAT_BUZZER_RELAY();          
.................... } 
.................... //HAM 607 
.................... //XXXXXXXXXXXXXXXXXXXXXXXXXXXXXXXXXXXXXXXXXXXXXXXXXXXX 
.................... VOID RELAY_2_OFF() 
.................... {     
....................       RELAY_2=0; 
....................       XUAT_BUZZER_RELAY();          
.................... } 
.................... //HAM 608 
.................... //XXXXXXXXXXXXXXXXXXXXXXXXXXXXXXXXXXXXXXXXXXXXXXXXXXXX 
.................... VOID RELAY_1_RELAY_2_ON() 
.................... {     
....................       RELAY_1=1;  RELAY_2=1; 
....................       XUAT_BUZZER_RELAY();          
.................... } 
.................... //HAM 609 
.................... //XXXXXXXXXXXXXXXXXXXXXXXXXXXXXXXXXXXXXXXXXXXXXXXXXXXX 
.................... VOID RELAY_1_RELAY_2_OFF() 
.................... {     
....................       RELAY_1=0;  RELAY_2=0; 
....................       XUAT_BUZZER_RELAY();          
.................... } 
.................... //HAM 610 
.................... //XXXXXXXXXXXXXXXXXXXXXXXXXXXXXXXXXXXXXXXXXXXXXXXXXXXX 
.................... VOID TRIAC_1_ON() 
.................... {     
....................       TRIAC_1=1; 
....................       XUAT_BUZZER_RELAY();          
.................... } 
.................... //HAM 611 
.................... //XXXXXXXXXXXXXXXXXXXXXXXXXXXXXXXXXXXXXXXXXXXXXXXXXXXX 
.................... VOID TRIAC_1_OFF() 
.................... {     
....................       TRIAC_1=0; 
....................       XUAT_BUZZER_RELAY();          
.................... } 
.................... //HAM 612 
.................... //XXXXXXXXXXXXXXXXXXXXXXXXXXXXXXXXXXXXXXXXXXXXXXXXXXXX 
.................... VOID TRIAC_2_ON() 
.................... {     
....................       TRIAC_2=1; 
....................       XUAT_BUZZER_RELAY();          
.................... } 
.................... //HAM 613 
.................... //XXXXXXXXXXXXXXXXXXXXXXXXXXXXXXXXXXXXXXXXXXXXXXXXXXXX 
.................... VOID TRIAC_2_OFF() 
.................... {     
....................       TRIAC_2=0; 
....................       XUAT_BUZZER_RELAY();          
.................... } 
.................... //XXXXXXXXXXXXXXXXXXXXXXXXXXXXXXXXXXXXXXXXXXXX 
....................  
....................  
....................  
.................... #INCLUDE <TV_PICKIT2_SHIFT_LCD.C> 
.................... UNSIGNED INT8 LCD_CONTROL;   
.................... #bit LCD_P = LCD_CONTROL.3 
.................... #bit LCD_RS = LCD_CONTROL.2 
.................... #bit LCD_RW = LCD_CONTROL.1 
.................... #bit LCD_E  = LCD_CONTROL.0 
....................  
.................... #DEFINE LCD_FUNCTION_SET       0X38 
.................... #DEFINE LCD_DISPLAY_CONTROL    0X0C 
.................... #DEFINE LCD_CLEAR_DISPLAY      0X01 
.................... #DEFINE LCD_ENTRY_MODE         0X06 
.................... #DEFINE LCD_SHIFT_LEFT         0X18 
.................... #DEFINE LCD_SHIFT_RIGHT        0X1C 
....................  
.................... #DEFINE LCD_ADDR_LINE1         0X80 
.................... #DEFINE LCD_ADDR_LINE2         0XC0 
.................... #DEFINE LCD_ADDR_LINE3         0X94 
.................... #DEFINE LCD_ADDR_LINE4         0XD4 
....................  
.................... VOID LCD_XUAT_8BIT(INT8 LCD_DATA_X) 
.................... { 
....................       LCD_E=1; XUAT_LCD20X4(LCD_CONTROL,LCD_DATA_X);      
018E:  BSF    2C.0
0190:  MOVFF  2C,3B
0194:  MOVFF  3A,3C
0198:  RCALL  017E
....................       LCD_E=0; XUAT_LCD20X4(LCD_CONTROL,LCD_DATA_X);  
019A:  BCF    2C.0
019C:  MOVFF  2C,3B
01A0:  MOVFF  3A,3C
01A4:  RCALL  017E
01A6:  RETURN 0
.................... } 
.................... void LCD_COMMAND(INT8 LCD_DATA_X)    
....................   { 
....................       LCD_RS = 0; 
01A8:  BCF    2C.2
....................       LCD_XUAT_8BIT(LCD_DATA_X); 
01AA:  MOVFF  39,3A
01AE:  RCALL  018E
....................       DELAY_US(20); 
01B0:  MOVLW  20
01B2:  MOVWF  00
01B4:  DECFSZ 00,F
01B6:  BRA    01B4
01B8:  BRA    01BA
01BA:  NOP   
01BC:  RETURN 0
....................   } 
.................... void LCD_DATA(INT8 LCD_DATA_X)        
....................   { 
....................       LCD_RS = 1;      
*
0248:  BSF    2C.2
....................       LCD_XUAT_8BIT(LCD_DATA_X); 
024A:  MOVFF  38,3A
024E:  RCALL  018E
....................       DELAY_US(20); 
0250:  MOVLW  20
0252:  MOVWF  00
0254:  DECFSZ 00,F
0256:  BRA    0254
0258:  BRA    025A
025A:  NOP   
025C:  RETURN 0
....................   } 
....................    
.................... VOID SETUP_LCD () 
.................... {                      
....................          LCD_E  = 0;  
*
01E6:  BCF    2C.0
....................          LCD_RW = 0;  
01E8:  BCF    2C.1
....................          LCD_RS = 1;  
01EA:  BSF    2C.2
....................          LCD_P =0; 
01EC:  BCF    2C.3
....................          LCD_COMMAND(LCD_FUNCTION_SET);          
01EE:  MOVLW  38
01F0:  MOVWF  39
01F2:  RCALL  01A8
....................          DELAY_US(40); 
01F4:  MOVLW  42
01F6:  MOVWF  00
01F8:  DECFSZ 00,F
01FA:  BRA    01F8
01FC:  NOP   
....................          LCD_COMMAND(LCD_DISPLAY_CONTROL);    
01FE:  MOVLW  0C
0200:  MOVWF  39
0202:  RCALL  01A8
....................          DELAY_US(40); 
0204:  MOVLW  42
0206:  MOVWF  00
0208:  DECFSZ 00,F
020A:  BRA    0208
020C:  NOP   
....................          LCD_COMMAND(LCD_CLEAR_DISPLAY);       
020E:  MOVLW  01
0210:  MOVWF  39
0212:  RCALL  01A8
....................          DELAY_MS(2); 
0214:  MOVLW  02
0216:  MOVWF  36
0218:  BRA    01BE
....................          LCD_COMMAND(LCD_ENTRY_MODE);        
021A:  MOVLW  06
021C:  MOVWF  39
021E:  RCALL  01A8
....................          DELAY_US(40);                 
0220:  MOVLW  42
0222:  MOVWF  00
0224:  DECFSZ 00,F
0226:  BRA    0224
0228:  NOP   
022A:  GOTO   04EE (RETURN)
.................... } 
....................  
.................... CONST UNSIGNED CHAR LCD_SO_X[10][6] ={ 
....................                   0,1,2,5,3,4,               // SO 0 
....................                   1,2,32,3,7,3,              // SO 1 
....................                   6,6,2,5,3,3,               // SO 2 
....................                   6,6,2,3,3,4,               // SO 3 
....................                   7,3,7,32,32,7,             // SO 4 
....................                   7,6,6,3,3,4,               // SO 5 
....................                   0,6,6,5,3,4,               // SO 6 
....................                   1,1,7,32,32,7,             // SO 7 
....................                   0,6,2,5,3,4,               // SO 8 
....................                   0,6,2,3,3,4};             // SO 9 
....................                    
.................... CONST UNSIGNED CHAR LCD_MA_8DOAN[] = { 
....................    0x07,0x0F,0x1F,0x1F,0x1F,0x1F,0x1F,0x1F,  //DOAN F - 0 
....................    0x1F,0x1F,0x1F,0X00,0X00,0X00,0X00,0X00,  //DOAN A - 1 
....................    0x1C,0x1E,0x1F,0x1F,0x1F,0x1F,0x1F,0x1F,  //DOAN B - 2 
....................    0X00,0X00,0X00,0X00,0X00,0x1F,0x1F,0x1F,  //DOAN D - 3 
....................    0x1F,0x1F,0x1F,0x1F,0x1F,0x1F,0x1E,0x1C,  //DOAN C - 4 
....................    0x1F,0x1F,0x1F,0x1F,0x1F,0x1F,0x0F,0x07,  //DOAN E - 5 
....................    0x1F,0x1F,0x1F,0X00,0X00,0X00,0x1F,0x1F,  //DOAN G+D-6  
....................    0x1F,0x1F,0x1F,0x1F,0x1F,0x1F,0x1F,0x1F}; //DOAN I  -7 
....................     
.................... VOID LCD_GOTO_XY(SIGNED INT8 X, SIGNED INT8 Y) 
.................... {  
....................    CONST UNSIGNED INT8 LCD_VITRI[]={0x80,0xC0,0x94,0xD4}; 
....................    LCD_COMMAND(LCD_VITRI[X]+Y); 
022E:  CLRF   03
0230:  MOVF   36,W
0232:  MOVFF  FF2,38
0236:  BCF    FF2.7
0238:  RCALL  0096
023A:  BTFSC  38.7
023C:  BSF    FF2.7
023E:  ADDWF  37,W
0240:  MOVWF  38
0242:  MOVWF  39
0244:  RCALL  01A8
0246:  RETURN 0
.................... } 
....................  
.................... VOID XXX() 
.................... {  
....................    SIGNED INT8 X; 
....................    X= LCD_SO_X[0][0]; 
....................    X= LCD_MA_8DOAN[0]; 
.................... } 
....................  
....................  
.................... UNSIGNED INT8 GIO, PHUT, GIAY, BDN,GIA_TRI_MOD,DEM_TG_EXIT=0; 
.................... UNSIGNED INT8 TR, CH, DV; 
....................  
.................... #DEFINE  UP      BT0    //DK LED DON 
.................... #DEFINE  DW      BT1 
.................... #DEFINE  CLR     BT2 
.................... #DEFINE  MOD     BT3 
....................  
.................... #INT_TIMER1 
.................... VOID INTERRUPT_TIMER1() 
.................... { 
....................    BDN++; SET_TIMER1 (3036) ; 
*
00B4:  INCF   30,F
00B6:  MOVLW  0B
00B8:  MOVWF  FCF
00BA:  MOVLW  DC
00BC:  MOVWF  FCE
00BE:  BCF    F9E.0
00C0:  GOTO   0054
.................... } 
....................  
.................... VOID GIAI_MA_GAN_CHO_LCD(UNSIGNED int8 time) 
.................... { 
....................     
....................    TR = time / 100 + 0x30; 
*
02A6:  MOVFF  36,38
02AA:  MOVLW  64
02AC:  MOVWF  39
02AE:  RCALL  027E
02B0:  MOVLW  30
02B2:  ADDWF  01,W
02B4:  MOVWF  33
....................     
....................    CH = (time / 10 % 10) + 0x30; 
02B6:  MOVFF  36,38
02BA:  MOVLW  0A
02BC:  MOVWF  39
02BE:  RCALL  027E
02C0:  MOVFF  01,38
02C4:  MOVLW  0A
02C6:  MOVWF  39
02C8:  RCALL  027E
02CA:  MOVLW  30
02CC:  ADDWF  00,W
02CE:  MOVWF  34
....................     
....................    DV = time % 10 + 0x30; 
02D0:  MOVFF  36,38
02D4:  MOVLW  0A
02D6:  MOVWF  39
02D8:  RCALL  027E
02DA:  MOVLW  30
02DC:  ADDWF  00,W
02DE:  MOVWF  35
....................     
....................    IF (TR == 0x30) 
02E0:  MOVF   33,W
02E2:  SUBLW  30
02E4:  BNZ   02F4
....................    { 
....................       TR = " "; 
02E6:  MOVLW  20
02E8:  MOVWF  33
....................  
....................       IF (CH == 0x30) 
02EA:  MOVF   34,W
02EC:  SUBLW  30
02EE:  BNZ   02F4
....................       { 
....................          CH = " "; 
02F0:  MOVLW  20
02F2:  MOVWF  34
....................       } 
....................    } 
....................  
....................    LCD_DATA (TR) ; 
02F4:  MOVFF  33,38
02F8:  RCALL  0248
....................    LCD_DATA (CH) ; 
02FA:  MOVFF  34,38
02FE:  RCALL  0248
....................    LCD_DATA (DV) ; 
0300:  MOVFF  35,38
0304:  RCALL  0248
0306:  RETURN 0
.................... } 
....................  
.................... void LCD_HIENTHI_DONGHO() 
.................... { 
....................    LCD_GOTO_XY (0, 11) ; 
0308:  CLRF   36
030A:  MOVLW  0B
030C:  MOVWF  37
030E:  RCALL  022E
....................    GIAI_MA_GAN_CHO_LCD (GIO) ; 
0310:  MOVFF  2D,36
0314:  RCALL  02A6
....................    //!   LCD_GOTO_XY (0, 11) ; 
....................    GIAI_MA_GAN_CHO_LCD (PHUT) ; 
0316:  MOVFF  2E,36
031A:  RCALL  02A6
....................    //!   LCD_GOTO_XY (0, 11) ; 
....................    GIAI_MA_GAN_CHO_LCD (GIAY) ; 
031C:  MOVFF  2F,36
0320:  RCALL  02A6
0322:  GOTO   050A (RETURN)
.................... } 
....................  
.................... VOID TAT_2LED_CHINH() 
.................... { 
....................    IF (GIA_TRI_MOD == 1)  
0326:  DECFSZ 31,W
0328:  BRA    033C
....................    { 
....................       LCD_GOTO_XY(0,11); 
032A:  CLRF   36
032C:  MOVLW  0B
032E:  MOVWF  37
0330:  RCALL  022E
....................       LCD_DATA("   "); 
0332:  MOVLW  C4
0334:  MOVWF  FF6
0336:  MOVLW  00
0338:  MOVWF  FF7
033A:  RCALL  025E
....................    } 
....................     
....................    IF (GIA_TRI_MOD == 2)  
033C:  MOVF   31,W
033E:  SUBLW  02
0340:  BNZ   0354
....................    { 
....................       LCD_GOTO_XY(0,14); 
0342:  CLRF   36
0344:  MOVLW  0E
0346:  MOVWF  37
0348:  RCALL  022E
....................       LCD_DATA("   "); 
034A:  MOVLW  C8
034C:  MOVWF  FF6
034E:  MOVLW  00
0350:  MOVWF  FF7
0352:  RCALL  025E
....................    } 
....................     
....................    IF (GIA_TRI_MOD ==3) 
0354:  MOVF   31,W
0356:  SUBLW  03
0358:  BNZ   036C
....................    { 
....................       LCD_GOTO_XY(0,17); 
035A:  CLRF   36
035C:  MOVLW  11
035E:  MOVWF  37
0360:  RCALL  022E
....................       LCD_DATA("   ");     
0362:  MOVLW  CC
0364:  MOVWF  FF6
0366:  MOVLW  00
0368:  MOVWF  FF7
036A:  RCALL  025E
....................    } 
036C:  GOTO   0522 (RETURN)
....................     
.................... } 
.................... //XXXXXXXXXXXXXXXXXXXXXXXXXXXXXXXX 
.................... VOID PHIM_MOD() 
.................... { 
....................    IF (PHIM_BT2 (200) ) 
*
039C:  CLRF   37
039E:  MOVLW  C8
03A0:  MOVWF  36
03A2:  BRA    0370
03A4:  MOVF   01,F
03A6:  BZ    03B4
....................    { 
....................       GIA_TRI_MOD++; 
03A8:  INCF   31,F
....................       IF (GIA_TRI_MOD >= 4) GIA_TRI_MOD = 0; 
03AA:  MOVF   31,W
03AC:  SUBLW  03
03AE:  BC    03B2
03B0:  CLRF   31
....................       DEM_TG_EXIT = 0; 
03B2:  CLRF   32
....................    } 
03B4:  GOTO   0524 (RETURN)
.................... } 
....................  
.................... //XXXXXXXXXXXXXXXXXXXXXXX 
.................... VOID PHIM_UP() 
.................... { 
....................    IF (PHIM_BT0 (200) ) 
*
03E4:  CLRF   37
03E6:  MOVLW  C8
03E8:  MOVWF  36
03EA:  BRA    03B8
03EC:  MOVF   01,F
03EE:  BZ    042C
....................    { 
....................       DEM_TG_EXIT = 0; 
03F0:  CLRF   32
....................  
....................       SWITCH (GIA_TRI_MOD) 
03F2:  MOVF   31,W
03F4:  XORLW  01
03F6:  BZ    0402
03F8:  XORLW  03
03FA:  BZ    0410
03FC:  XORLW  01
03FE:  BZ    041E
0400:  BRA    042C
....................       { 
....................          CASE 1: IF (GIO == 23) GIO = 0; 
0402:  MOVF   2D,W
0404:  SUBLW  17
0406:  BNZ   040C
0408:  CLRF   2D
040A:  BRA    040E
....................          ELSE GIO++; 
040C:  INCF   2D,F
....................          BREAK; 
040E:  BRA    042C
....................          CASE 2: IF (PHUT == 59) PHUT = 0; 
0410:  MOVF   2E,W
0412:  SUBLW  3B
0414:  BNZ   041A
0416:  CLRF   2E
0418:  BRA    041C
....................          ELSE PHUT++; 
041A:  INCF   2E,F
....................          BREAK; 
041C:  BRA    042C
....................          CASE 3: IF (GIAY == 59) GIAY = 0; 
041E:  MOVF   2F,W
0420:  SUBLW  3B
0422:  BNZ   0428
0424:  CLRF   2F
0426:  BRA    042A
....................          ELSE GIAY++; 
0428:  INCF   2F,F
....................          BREAK; 
042A:  BRA    042C
....................          DEFAULT: BREAK; 
....................       } 
....................  
....................    } 
042C:  GOTO   0526 (RETURN)
.................... } 
....................  
.................... //XXXXXXXXXXXXXXXXXXXXXXXXXX 
.................... VOID PHIM_DW() 
.................... { 
....................    IF (PHIM_BT1 (200) ) 
*
045C:  CLRF   37
045E:  MOVLW  C8
0460:  MOVWF  36
0462:  BRA    0430
0464:  MOVF   01,F
0466:  BZ    04A4
....................    { 
....................       DEM_TG_EXIT = 0; 
0468:  CLRF   32
....................  
....................       SWITCH (GIA_TRI_MOD) 
046A:  MOVF   31,W
046C:  XORLW  01
046E:  BZ    047A
0470:  XORLW  03
0472:  BZ    0488
0474:  XORLW  01
0476:  BZ    0496
0478:  BRA    04A4
....................       { 
....................          CASE 1: IF (GIO == 0) GIO = 23; 
047A:  MOVF   2D,F
047C:  BNZ   0484
047E:  MOVLW  17
0480:  MOVWF  2D
0482:  BRA    0486
....................          ELSE GIO--; 
0484:  DECF   2D,F
....................          BREAK; 
0486:  BRA    04A4
....................          CASE 2: IF (PHUT == 0) PHUT = 59; 
0488:  MOVF   2E,F
048A:  BNZ   0492
048C:  MOVLW  3B
048E:  MOVWF  2E
0490:  BRA    0494
....................          ELSE PHUT--; 
0492:  DECF   2E,F
....................          BREAK; 
0494:  BRA    04A4
....................          CASE 3: IF (GIAY == 0) GIAY = 59; 
0496:  MOVF   2F,F
0498:  BNZ   04A0
049A:  MOVLW  3B
049C:  MOVWF  2F
049E:  BRA    04A2
....................          ELSE GIAY--; 
04A0:  DECF   2F,F
....................          BREAK; 
04A2:  BRA    04A4
....................          DEFAULT: BREAK; 
....................       } 
....................  
....................    } 
04A4:  GOTO   0528 (RETURN)
.................... } 
....................  
.................... //XXXXXXXXXXXXXXXXXXXXX 
.................... VOID MAIN() 
04A8:  CLRF   FF8
04AA:  BCF    FD0.7
04AC:  BSF    07.7
04AE:  CLRF   18
04B0:  CLRF   1F
04B2:  CLRF   20
04B4:  CLRF   21
04B6:  CLRF   22
04B8:  CLRF   2B
04BA:  CLRF   32
04BC:  MOVF   FC1,W
04BE:  ANDLW  C0
04C0:  IORLW  0F
04C2:  MOVWF  FC1
04C4:  MOVLW  07
04C6:  MOVWF  FB4
04C8:  SETF   23
04CA:  SETF   24
04CC:  SETF   25
04CE:  SETF   26
04D0:  SETF   27
04D2:  SETF   28
04D4:  SETF   29
04D6:  SETF   2A
.................... { 
....................    SET_UP_PORT_IC_CHOT () ; 
04D8:  BRA    00DA
....................    SETUP_TIMER_1 (T1_INTERNAL|T1_DIV_BY_8) ; 
04DA:  MOVLW  B5
04DC:  MOVWF  FCD
....................    SET_TIMER1 (3036) ; 
04DE:  MOVLW  0B
04E0:  MOVWF  FCF
04E2:  MOVLW  DC
04E4:  MOVWF  FCE
....................    ENABLE_INTERRUPTS (GLOBAL) ; 
04E6:  MOVLW  C0
04E8:  IORWF  FF2,F
....................    ENABLE_INTERRUPTS (INT_TIMER1) ; 
04EA:  BSF    F9D.0
....................    SETUP_LCD (); 
04EC:  BRA    01E6
....................    LCD_GOTO_XY (0, 0) ; 
04EE:  CLRF   36
04F0:  CLRF   37
04F2:  RCALL  022E
....................    LCD_DATA ("DONG HO:"); 
04F4:  MOVLW  D0
04F6:  MOVWF  FF6
04F8:  MOVLW  00
04FA:  MOVWF  FF7
04FC:  RCALL  025E
....................    BDN = 0; GIAY = 0; PHUT = 0; GIO = 0; GIA_TRI_MOD = 0; 
04FE:  CLRF   30
0500:  CLRF   2F
0502:  CLRF   2E
0504:  CLRF   2D
0506:  CLRF   31
....................    WHILE (TRUE) 
....................    { 
....................    LCD_HIENTHI_DONGHO () ; 
0508:  BRA    0308
....................        
....................       IF (BDN < 10) 
050A:  MOVF   30,W
050C:  SUBLW  09
050E:  BNC   052A
....................       { 
....................          IF ((BDN < 5)&& (INPUT (BT0))&& (INPUT (BT1))) TAT_2LED_CHINH (); 
0510:  MOVF   30,W
0512:  SUBLW  04
0514:  BNC   0522
0516:  BSF    F93.5
0518:  BTFSS  F81.5
051A:  BRA    0522
051C:  BSF    F93.4
051E:  BTFSC  F81.4
0520:  BRA    0326
....................          //!            HIEN_THI_8LED_7DOAN_QUET_ALL(); 
....................          PHIM_MOD (); PHIM_UP (); PHIM_DW (); 
0522:  BRA    039C
0524:  BRA    03E4
0526:  BRA    045C
....................       } 
0528:  BRA    0556
....................  
....................       ELSE 
....................       { 
....................          BDN = BDN - 10; 
052A:  MOVLW  0A
052C:  SUBWF  30,F
....................          DEM_TG_EXIT++; 
052E:  INCF   32,F
....................          IF (DEM_TG_EXIT == 20) GIA_TRI_MOD = 0; 
0530:  MOVF   32,W
0532:  SUBLW  14
0534:  BNZ   0538
0536:  CLRF   31
....................          GIAY++; 
0538:  INCF   2F,F
....................  
....................          IF (GIAY == 60) 
053A:  MOVF   2F,W
053C:  SUBLW  3C
053E:  BNZ   0556
....................          { 
....................             GIAY = 0; 
0540:  CLRF   2F
....................             PHUT++; 
0542:  INCF   2E,F
....................  
....................             IF (PHUT == 60) 
0544:  MOVF   2E,W
0546:  SUBLW  3C
0548:  BNZ   0556
....................             { 
....................                PHUT = 0; 
054A:  CLRF   2E
....................                GIO++; 
054C:  INCF   2D,F
....................                IF (GIO == 24) GIO = 0; 
054E:  MOVF   2D,W
0550:  SUBLW  18
0552:  BNZ   0556
0554:  CLRF   2D
....................             } 
....................          } 
....................  
....................           
....................       } 
0556:  BRA    0508
....................    } 
.................... } 
....................  
0558:  SLEEP 

Configuration Fuses:
   Word  1: CC27   PLL12 CPUDIV1 USBDIV HS FCMEN IESO
   Word  2: 1E3E   PUT BROWNOUT BORV21 VREGEN NOWDT WDT32768
   Word  3: 8700   CCP2C1 PBADEN LPT1OSC MCLR
   Word  4: 00A1   STVREN NOLVP ICSP2 NOXINST NODEBUG
   Word  5: C00F   NOPROTECT NOCPB NOCPD
   Word  6: E00F   NOWRT NOWRTC NOWRTB NOWRTD
   Word  7: 400F   NOEBTR NOEBTRB
