CCS PCH C Compiler, Version 5.015, 5967               17-Aug-20 14:04

               Filename:   C:\Users\tsqua\OneDrive - student.mtsac.edu\Desktop\BAI_TAP_VXL_NEW_3\BAI_809_I2C_RT_LCD_TO_NHO.lst

               ROM used:   3258 bytes (10%)
                           Largest free fragment is 29510
               RAM used:   58 (3%) at main() level
                           71 (3%) worst case
               Stack used: 8 locations
               Stack size: 31

*
0000:  GOTO   0BD0
.................... //LCD TO DS1307 
.................... #include <tv_pickit2_shift_1.c> 
.................... #INCLUDE    <18F4550.H> 
.................... //////////// Standard Header file for the PIC18F4550 device //////////////// 
.................... /////////////////////////////////////////////////////////////////////////// 
.................... ////        (C) Copyright 1996, 2013 Custom Computer Services          //// 
.................... //// This source code may only be used by licensed users of the CCS C  //// 
.................... //// compiler.  This source code may only be distributed to other      //// 
.................... //// licensed users of the CCS C compiler.  No other use, reproduction //// 
.................... //// or distribution is permitted without written permission.          //// 
.................... //// Derivative programs created using this software in object code    //// 
.................... //// form are not restricted in any way.                               //// 
.................... /////////////////////////////////////////////////////////////////////////// 
.................... #device PIC18F4550 
0004:  CLRF   FF7
0006:  ADDLW  14
0008:  MOVWF  FF6
000A:  MOVLW  00
000C:  ADDWFC FF7,F
000E:  TBLRD*+
0010:  MOVF   FF5,W
0012:  RETURN 0
0014:  DATA 00,01
0016:  DATA 02,05
0018:  DATA 03,04
001A:  DATA 01,02
001C:  DATA 20,03
001E:  DATA 07,03
0020:  DATA 06,06
0022:  DATA 02,05
0024:  DATA 03,03
0026:  DATA 06,06
0028:  DATA 02,03
002A:  DATA 03,04
002C:  DATA 07,03
002E:  DATA 07,20
0030:  DATA 20,07
0032:  DATA 07,06
0034:  DATA 06,03
0036:  DATA 03,04
0038:  DATA 00,06
003A:  DATA 06,05
003C:  DATA 03,04
003E:  DATA 01,01
0040:  DATA 07,20
0042:  DATA 20,07
0044:  DATA 00,06
0046:  DATA 02,05
0048:  DATA 03,04
004A:  DATA 00,06
004C:  DATA 02,03
004E:  DATA 03,04
0050:  DATA 20,20
0052:  DATA 20,20
0054:  DATA 20,20
0056:  DATA 00,06
0058:  DATA 02,05
005A:  DATA 20,20
005C:  DATA 20,20
005E:  DATA 20,20
0060:  DATA 07,20
0062:  DATA 07,20
0064:  DATA 20,07
0066:  DATA 06,07
0068:  DATA 07,03
006A:  DATA 07,07
006C:  DATA 20,07
006E:  DATA 03,03
0070:  DATA 07,07
0072:  DATA 03,07
0074:  DATA 20,20
0076:  DATA 20,03
0078:  DATA 03,03
007A:  DATA 20,01
007C:  DATA 20,20
007E:  DATA 20,20
0080:  DATA 07,01
0082:  DATA 01,07
0084:  DATA 03,03
0086:  DATA 20,01
0088:  DATA 20,20
008A:  DATA 01,20
008C:  CLRF   FF7
008E:  ADDLW  9C
0090:  MOVWF  FF6
0092:  MOVLW  00
0094:  ADDWFC FF7,F
0096:  TBLRD*+
0098:  MOVF   FF5,W
009A:  RETURN 0
009C:  DATA 07,0F
009E:  DATA 1F,1F
00A0:  DATA 1F,1F
00A2:  DATA 1F,1F
00A4:  DATA 1F,1F
00A6:  DATA 1F,00
00A8:  DATA 00,00
00AA:  DATA 00,00
00AC:  DATA 1C,1E
00AE:  DATA 1F,1F
00B0:  DATA 1F,1F
00B2:  DATA 1F,1F
00B4:  DATA 00,00
00B6:  DATA 00,00
00B8:  DATA 00,1F
00BA:  DATA 1F,1F
00BC:  DATA 1F,1F
00BE:  DATA 1F,1F
00C0:  DATA 1F,1F
00C2:  DATA 1E,1C
00C4:  DATA 1F,1F
00C6:  DATA 1F,1F
00C8:  DATA 1F,1F
00CA:  DATA 0F,07
00CC:  DATA 1F,1F
00CE:  DATA 1F,00
00D0:  DATA 00,00
00D2:  DATA 1F,1F
00D4:  DATA 1F,1F
00D6:  DATA 1F,1F
00D8:  DATA 1F,1F
00DA:  DATA 1F,1F
00DC:  CLRF   FF7
00DE:  ADDLW  EC
00E0:  MOVWF  FF6
00E2:  MOVLW  00
00E4:  ADDWFC FF7,F
00E6:  TBLRD*+
00E8:  MOVF   FF5,W
00EA:  RETURN 0
00EC:  DATA 80,C0
00EE:  DATA 94,D4
00F0:  DATA 54,48
00F2:  DATA 55,20
00F4:  DATA 00,00
00F6:  DATA 54,48
00F8:  DATA 55,20
00FA:  DATA 00,00
*
052A:  CLRF   00
052C:  CLRF   01
052E:  MOVF   3C,W
0530:  BCF    FD8.0
0532:  BTFSC  3D.0
0534:  ADDWF  00,F
0536:  RRCF   00,F
0538:  RRCF   01,F
053A:  BTFSC  3D.1
053C:  ADDWF  00,F
053E:  RRCF   00,F
0540:  RRCF   01,F
0542:  BTFSC  3D.2
0544:  ADDWF  00,F
0546:  RRCF   00,F
0548:  RRCF   01,F
054A:  BTFSC  3D.3
054C:  ADDWF  00,F
054E:  RRCF   00,F
0550:  RRCF   01,F
0552:  BTFSC  3D.4
0554:  ADDWF  00,F
0556:  RRCF   00,F
0558:  RRCF   01,F
055A:  BTFSC  3D.5
055C:  ADDWF  00,F
055E:  RRCF   00,F
0560:  RRCF   01,F
0562:  BTFSC  3D.6
0564:  ADDWF  00,F
0566:  RRCF   00,F
0568:  RRCF   01,F
056A:  BTFSC  3D.7
056C:  ADDWF  00,F
056E:  RRCF   00,F
0570:  RRCF   01,F
0572:  GOTO   05AA (RETURN)
*
05D6:  TBLRD*+
05D8:  MOVF   FF5,F
05DA:  BZ    05F4
05DC:  MOVFF  FF6,39
05E0:  MOVFF  FF7,3A
05E4:  MOVFF  FF5,3D
05E8:  RCALL  0462
05EA:  MOVFF  39,FF6
05EE:  MOVFF  3A,FF7
05F2:  BRA    05D6
05F4:  RETURN 0
....................  
.................... #list 
....................  
.................... #DEVICE     ADC=10 
.................... #FUSES      NOWDT,PUT,HS,NOPROTECT,NOLVP,CPUDIV1 
.................... #USE        I2C(MASTER,SLOW,SDA=PIN_B0,SCL=PIN_B1) 
*
024E:  MOVLW  08
0250:  MOVWF  01
0252:  NOP   
0254:  BCF    F8A.1
0256:  BCF    F93.1
0258:  NOP   
025A:  RLCF   39,F
025C:  BCF    F8A.0
025E:  BTFSC  FD8.0
0260:  BSF    F93.0
0262:  BTFSS  FD8.0
0264:  BCF    F93.0
0266:  BSF    F93.1
0268:  BTFSS  F81.1
026A:  BRA    0268
026C:  DECFSZ 01,F
026E:  BRA    0252
0270:  NOP   
0272:  BCF    F8A.1
0274:  BCF    F93.1
0276:  NOP   
0278:  BSF    F93.0
027A:  NOP   
027C:  NOP   
027E:  BSF    F93.1
0280:  BTFSS  F81.1
0282:  BRA    0280
0284:  CLRF   01
0286:  NOP   
0288:  BTFSC  F81.0
028A:  BSF    01.0
028C:  BCF    F8A.1
028E:  BCF    F93.1
0290:  BCF    F8A.0
0292:  BCF    F93.0
0294:  RETURN 0
0296:  MOVLW  08
0298:  MOVWF  3A
029A:  MOVFF  00,3B
029E:  BSF    F93.0
02A0:  NOP   
02A2:  BSF    F93.1
02A4:  BTFSS  F81.1
02A6:  BRA    02A4
02A8:  BTFSC  F81.0
02AA:  BSF    FD8.0
02AC:  BTFSS  F81.0
02AE:  BCF    FD8.0
02B0:  RLCF   01,F
02B2:  NOP   
02B4:  BCF    F93.1
02B6:  BCF    F8A.1
02B8:  DECFSZ 3A,F
02BA:  BRA    029E
02BC:  BSF    F93.0
02BE:  NOP   
02C0:  BCF    F8A.0
02C2:  MOVF   3B,W
02C4:  BTFSS  FD8.2
02C6:  BCF    F93.0
02C8:  NOP   
02CA:  BSF    F93.1
02CC:  BTFSS  F81.1
02CE:  BRA    02CC
02D0:  NOP   
02D2:  BCF    F8A.1
02D4:  BCF    F93.1
02D6:  NOP   
02D8:  BCF    F8A.0
02DA:  BCF    F93.0
02DC:  RETURN 0
.................... #USE        DELAY(CLOCK=20000000) 
*
01E0:  CLRF   FEA
01E2:  MOVLW  3B
01E4:  MOVWF  FE9
01E6:  MOVF   FEF,W
01E8:  BZ    0204
01EA:  MOVLW  06
01EC:  MOVWF  01
01EE:  CLRF   00
01F0:  DECFSZ 00,F
01F2:  BRA    01F0
01F4:  DECFSZ 01,F
01F6:  BRA    01EE
01F8:  MOVLW  7B
01FA:  MOVWF  00
01FC:  DECFSZ 00,F
01FE:  BRA    01FC
0200:  DECFSZ FEF,F
0202:  BRA    01EA
0204:  RETURN 0
.................... //#USE        rs232(baud=9600, xmit=PIN_C6,rcv=PIN_C7) 
.................... //NUT NHAN: 
.................... #DEFINE  BT0     PIN_B5 
.................... #DEFINE  BT1     PIN_B4 
.................... #DEFINE  BT2     PIN_B3 
.................... #DEFINE  BT3     PIN_B2 
....................  
.................... #DEFINE  ON      BT0       //DK LED DON, MOTOR 
.................... #DEFINE  OFF     BT1 
.................... #DEFINE  INV     BT2 
....................  
.................... #DEFINE  UP      BT0    //DK LED DON 
.................... #DEFINE  DW      BT1 
.................... #DEFINE  CLR     BT2 
.................... #DEFINE  MOD     BT3 
....................  
.................... #DEFINE  STOP    BT3 
....................  
.................... #DEFINE  ON1     BT0      
.................... #DEFINE  OFF1    BT1 
.................... #DEFINE  ON2     BT2        
.................... #DEFINE  OFF2    BT3 
....................  
....................  
.................... #DEFINE     TRIGGER      PIN_E2 
.................... #DEFINE     ECHO         PIN_E1 
.................... //   IC74138_A    PIN_B6   //OUTPUT GIAI MA 2 SANG 4 TICH CUC MUC 0 
.................... //   IC74138_B    PIN_B7   //OUTPUT GIAI MA 2 SANG 4 TICH CUC MUC 0 
....................  
.................... //          ENCODER  PIN_C0   //RC0/T13CKI 
....................  
.................... //          CB_KC    PIN_A2   //RA2/AN2 
.................... //          PIR      PIN_A3   //RA3/AN3 
.................... //          CBXUNG   PIN_A4   //RA4/T0CKI 
.................... //          LEDTHU   PIN_A4   //RA4/T0CKI//SW802 
....................  
.................... //          CB_KCSA_TRIGGER  PIN_E2   //RE2/SDO  DUNG CHUNG 
.................... //          CB_KCSA_RCHO     PIN_E1   //RE1 
....................  
.................... //          CB_TCS3200_OUT    PIN_E1   //RE1 //CAM BIEN MAU TCS3200 
.................... //          CB_TCS3200_S0     B12      //LAY TU MBI5026 
.................... //          CB_TCS3200_S1     B13      //LAY TU MBI5026 
.................... //          CB_TCS3200_S2     B14      //LAY TU MBI5026 
.................... //          CB_TCS3200_S3     B15      //LAY TU MBI5026 
....................  
.................... //          CB_POWER  SW803 
.................... //          CB_GAS      AIN3_PCF8591T   //RE1 
.................... //          CB_QUANG    AIN2_PCF8591T    
.................... //          CB_LM35B    AIN1_PCF8591T   //RA1/AN1 
.................... //          CB_LM35A    AIN0_PCF8591T   //RE1/AN0 
....................  
.................... //XXXXXXXXXXXXXXXXXXXXXXXXXXXXXXXXXXXXXXXXXXXXXXXXX 
.................... #DEFINE      ENABLE_573A      PIN_D1         //CS0 CUA A 
.................... #DEFINE      ENABLE_573B      PIN_D0         //CS1 CUA B 
.................... //XXXXXXXXXXXXXXXXXXXXXXXXXXXXXXXXXXXXXXXXXXXXXXXXX 
.................... #DEFINE      SSDO             PIN_E2         //CHUNG TAT CA 
.................... #DEFINE      SSCK             PIN_E0         //CHUNG TAT CA 
.................... //XXXXXXXXXXXXXXXXXXXXXXXXXXXXXXXXXXXXXXXXXXXXXXXXX 
.................... #DEFINE      RCK_4LED7DOAN    PIN_D7         //A - 4 BYTE 
.................... #DEFINE      G_4LED7DOAN      PIN_D6         //A - 4 BYTE 
.................... //XXXXXXXXXXXXXXXXXXXXXXXXXXXXXXXXXXXXXXXXXXXX     
.................... #DEFINE      RCK_MATRANLED    PIN_D7         //B - 3 BYTE DAO 
.................... #DEFINE      G_MATRANLED      PIN_D6         //B - 3 BYTE DAO 
.................... //XXXXXXXXXXXXXXXXXXXXXXXXXXXXXXXXXXXXXXXXXXXXXXXXX 
.................... #DEFINE      RCK_32LED        PIN_D5         //A - 4 BYTE 
.................... #DEFINE      G_32LED          PIN_D4         //A - 4 BYTE 
.................... //XXXXXXXXXXXXXXXXXXXXXXXXXXXXXXXXXXXXXXXXXXXX  
.................... #DEFINE      RCK_8LEDQUET     PIN_D5         //B - 2 BYTE DAO 
.................... #DEFINE      G_8LEDQUET       PIN_D4         //B - 2 BYTE DAO 
.................... //XXXXXXXXXXXXXXXXXXXXXXXXXXXXXXXXXXXXXXXXXXXXXXXXX 
.................... #DEFINE      RCK_LCD20X4      PIN_D3         //A - 2 BYTE DAO 
.................... #DEFINE      G_LCD20X4         PIN_D2         //A - 2 BYTE DAO 
.................... //XXXXXXXXXXXXXXXXXXXXXXXXXXXXXXXXXXXXXXXXXXXX  
.................... #DEFINE      RCK_BUZERELAY    PIN_D3     //B - 1 BYTE  
.................... #DEFINE      G_BUZERELAY      PIN_D2         //B - 1 BYTE  
....................  
.................... VOID XUAT_LCD20X4(UNSIGNED INT8 LCD_SIGNAL,LCD_INS_HTHI); 
....................  
.................... VOID XUAT_BUZZER_RELAY(); 
.................... //XXXXXXXXXXXXXXXXXXXXXXXXXXXXXXXXXXXXXXXXXXXX    
.................... #DEFINE     CHOT_2_IC_74573_A_B  OUTPUT_D(0XFC) 
....................  
.................... UNSIGNED INT8 TIN_HIEU_DK_74573_A; 
.................... #BIT G_4A         = TIN_HIEU_DK_74573_A.6 
.................... #BIT G_32A        = TIN_HIEU_DK_74573_A.4 
.................... #BIT G_LCDA       = TIN_HIEU_DK_74573_A.2 
.................... //XXXXXXXXXXXXXXXXXXXXXXXXXXXXXXXXXXXXXXXXXXXX          
.................... #DEFINE     MO_32_LED_DON        G_32A=0; //OUTPUT_LOW(G_32LED)  
.................... #DEFINE     TAT_32_LED_DON       G_32A=1; //OUTPUT_HIGH(G_32LED)  
.................... //XXXXXXXXXXXXXXXXXXXXXXXXXXXXXXXXXXXXXXXXXXXX          
.................... #DEFINE     MO_4_LED_7DOAN       G_4A=0;  //OUTPUT_LOW(G_4LED7DOAN) 
.................... #DEFINE     TAT_4_LED_7DOAN      G_4A=1;  //OUTPUT_HIGH(G_4LED7DOAN) 
.................... //XXXXXXXXXXXXXXXXXXXXXXXXXXXXXXXXXXXXXXXXXXXX  
.................... #DEFINE     MO_GLCD_LCD           G_LCDA=0;   //OUTPUT_LOW(G_LCD20X4) 
.................... #DEFINE     TAT_GLCD_LCD          G_LCDA=1;   // OUTPUT_LOW(G_LCD20X4) 
....................  
.................... UNSIGNED INT8 TIN_HIEU_DK_74573_B;   
.................... #BIT G_MTB        = TIN_HIEU_DK_74573_B.6 
.................... #BIT G_8B         = TIN_HIEU_DK_74573_B.4 
.................... #BIT G_RBDCB      = TIN_HIEU_DK_74573_B.2 
.................... //XXXXXXXXXXXXXXXXXXXXXXXXXXXXXXXXXXXXXXXXXXXX  
.................... #DEFINE     MO_LED_MATRAN        G_MTB=0; //OUTPUT_LOW(G_MATRANLED) 
.................... #DEFINE     TAT_LED_MATRAN       G_MTB=1; //OUTPUT_LOW(G_MATRANLED) 
.................... //XXXXXXXXXXXXXXXXXXXXXXXXXXXXXXXXXXXXXXXXXXXX        
.................... #DEFINE     MO_8_LED_QUET        G_8B=0;  //OUTPUT_LOW(G_8LEDQUET) 
.................... #DEFINE     TAT_8_LED_QUET       G_8B=1;  //OUTPUT_LOW(G_8LEDQUET) 
.................... //XXXXXXXXXXXXXXXXXXXXXXXXXXXXXXXXXXXXXXXXXXXX          
.................... #DEFINE     MO_RELAY_BUZZER_DC   G_RBDCB=0;  //OUTPUT_LOW(G_BUZERELAY) 
.................... #DEFINE     TAT_RELAY_BUZZER_DC  G_RBDCB=1;  //OUTPUT_LOW(G_BUZERELAY) 
....................  
.................... //XXXXXXXXXXXXXXXXXXXXXXXXXXXXXXXXXXXXXXXXXXXX 
.................... //CHUONG TRINH KIEM TRA PHIM BT1 
.................... //XXXXXXXXXXXXXXXXXXXXXXXXXXXXXXXXXXXXXXXXXXXX 
.................... UNSIGNED INT8 DL_BTN=0; 
.................... INT1 PHIM_BT0(UNSIGNED INT16 DL) 
.................... {   
....................     IF (!INPUT(BT0)) 
....................     {   
....................       DL_BTN++; 
....................        
....................       IF (DL_BTN>= DL) 
....................          { 
....................             DL_BTN =0; 
....................             RETURN(1); 
....................          } 
....................       ELSE RETURN(0); 
....................     } 
....................     ELSE    RETURN(0); 
.................... }  
.................... //XXXXXXXXXXXXXXXXXXXXXXXXXXXXXXXXXXXXXXXXXXXX 
.................... //CHUONG TRINH KIEM TRA PHIM BT1 
.................... //XXXXXXXXXXXXXXXXXXXXXXXXXXXXXXXXXXXXXXXXXXXX 
.................... INT1 PHIM_BT1(UNSIGNED INT16 DL ) 
.................... {   
....................     IF (!INPUT(BT1)) 
....................     {   
....................       DL_BTN++; 
....................        
....................       IF (DL_BTN>= DL) 
....................          { 
....................             DL_BTN =0; 
....................             RETURN(1); 
....................          } 
....................       ELSE RETURN(0); 
....................     } 
....................     ELSE    RETURN(0); 
.................... }  
.................... //XXXXXXXXXXXXXXXXXXXXXXXXXXXXXXXXXXXXXXXXXXXX 
.................... //CHUONG TRINH KIEM TRA PHIM BT2       
.................... //XXXXXXXXXXXXXXXXXXXXXXXXXXXXXXXXXXXXXXXXXXXX                                     
.................... INT1 PHIM_BT2(UNSIGNED INT16 DL ) 
.................... {                                         
....................     IF (!INPUT(BT2)) 
....................     {   
....................       DL_BTN++; 
....................        
....................       IF (DL_BTN>= DL) 
....................          { 
....................             DL_BTN =0; 
....................             RETURN(1); 
....................          } 
....................       ELSE RETURN(0); 
....................     } 
....................     ELSE    RETURN(0); 
....................                                           
.................... }       
....................  
.................... //XXXXXXXXXXXXXXXXXXXXXXXXXXXXXXXXXXXXXXXXXXXX 
.................... //CHUONG TRINH KIEM TRA PHIM BT3 
.................... //XXXXXXXXXXXXXXXXXXXXXXXXXXXXXXXXXXXXXXXXXXXX 
.................... INT1 PHIM_BT3(UNSIGNED INT16 DL,  UNSIGNED INT8 SOLAN  ) 
.................... {   
....................     IF (!INPUT(BT3)) 
....................     {   
....................       DL_BTN++; 
....................       IF(DL_BTN==1) RETURN(1); 
....................       ELSE 
....................       { 
....................          IF (DL_BTN>= DL) 
....................          DL_BTN =SOLAN; 
....................       } 
....................     } 
....................     ELSE    
....................     { 
....................       //DL_BTN =0; 
....................       RETURN(0); 
....................     } 
.................... }  
.................... //XXXXXXXXXXXXXXXXXXXXXXXXXXXXXXXXXXXXXXXXXXXX 
.................... //KHAI BAO DU LIEU 16 BIT CHO MODULE RELAY, TRIAC, BUZZER, DONG CO 
.................... //XXXXXXXXXXXXXXXXXXXXXXXXXXXXXXXXXXXXXXXXXXXX 
.................... UNSIGNED INT16 RBDC; 
.................... #BIT STEP_MOTOR_ENABLE  = RBDC.0    //1=ENA,0=DIS 
.................... #BIT STEP_MOTOR_IN1     = RBDC.1     
.................... #BIT STEP_MOTOR_IN2     = RBDC.2 
.................... #BIT STEP_MOTOR_IN3     = RBDC.3 
.................... #BIT STEP_MOTOR_IN4     = RBDC.4 
.................... #BIT DC_ENABLE          = RBDC.5    //1=ENA,0=DIS 
.................... #BIT PWRKEY             = RBDC.6    //KHOI TAO SIM900 
....................  
.................... #BIT BUZZER             = RBDC.8    //1=ON,0=OFF 
.................... #BIT TRIAC_1            = RBDC.9    //1=ON,0=OFF 
.................... #BIT TRIAC_2            = RBDC.10   //1=ON,0=OFF 
.................... #BIT RELAY_1            = RBDC.11   //0=ON,1=OFF 
.................... #BIT RELAY_2            = RBDC.12   //0=ON,1=OFF 
....................  
.................... //HAM 103 
.................... //XXXXXXXXXXXXXXXXXXXXXXXXXXXXXXXXXXXXXXXXXXXX 
.................... //CHUONG TRINH CON KHOI TAO IC CHOT 
.................... //XXXXXXXXXXXXXXXXXXXXXXXXXXXXXXXXXXXXXXXXXXXX          
.................... #DEFINE     CHO_IC_74573_A_GOI_DU_LIEU     OUTPUT_HIGH(ENABLE_573A) 
.................... #DEFINE     CHOT_IC_74573_A_GOI_DU_LIEU    OUTPUT_LOW(ENABLE_573A) 
....................  
.................... #DEFINE     CHO_IC_74573_B_GOI_DU_LIEU     OUTPUT_HIGH(ENABLE_573B) 
.................... #DEFINE     CHOT_IC_74573_B_GOI_DU_LIEU    OUTPUT_LOW(ENABLE_573B) 
.................... VOID MO_IC_74573_A_THONG_DL(); 
....................  
.................... //XXXXXXXXXXXXXXXXXXXXXXXXXXXXXXXXXXXXXXXXXXXX    
.................... CONST UNSIGNED CHAR MA7DOAN[16]= {0XC0,0XF9,0xA4,0XB0,0X99,0X92,0X82,0XF8, 
.................... 0X80,0X90,0x88, 0x83, 0xC6, 0xA1, 0x86, 0x8E}; 
.................... #DEFINE     MASO0    0XC0 
.................... #DEFINE     MASO1    0XF9 
.................... #DEFINE     MASO2    0XA4 
.................... #DEFINE     MASO3    0XB0 
.................... #DEFINE     MASO4    0X99 
.................... #DEFINE     MASO5    0X92 
.................... #DEFINE     MASO6    0X82 
.................... #DEFINE     MASO7    0XF8 
....................  
.................... //XXXXXXXXXXXXXXXXXXXXXXXXXXXXXXXXXXXXXXXXXXXX  
.................... //HAM 102 
.................... //XXXXXXXXXXXXXXXXXXXXXXXXXXXXXXXXXXXXXXXXXXXX     
.................... //XUAT 1 BYTE RA THANH GHI DICH 
.................... //XXXXXXXXXXXXXXXXXXXXXXXXXXXXXXXXXXXXXXXXXXXX     
.................... VOID XUAT_1BYTE(UNSIGNED INT8 BYTEXUAT) 
.................... { 
....................    UNSIGNED INT8   SB,X;    
....................    #BIT BSERI  = X.7 
....................    X = BYTEXUAT; 
*
011A:  MOVFF  44,46
....................    FOR (SB=0;SB<8;SB++) 
011E:  CLRF   45
0120:  MOVF   45,W
0122:  SUBLW  07
0124:  BNC   0142
....................       {                                                  
....................          OUTPUT_BIT(SSDO,BSERI);     
0126:  BTFSC  46.7
0128:  BRA    012E
012A:  BCF    F8D.2
012C:  BRA    0130
012E:  BSF    F8D.2
0130:  BCF    F96.2
....................          OUTPUT_LOW(SSCK); OUTPUT_HIGH(SSCK); 
0132:  BCF    F96.0
0134:  BCF    F8D.0
0136:  BCF    F96.0
0138:  BSF    F8D.0
....................          X= X<<1;          
013A:  BCF    FD8.0
013C:  RLCF   46,F
013E:  INCF   45,F
0140:  BRA    0120
....................      } 
0142:  RETURN 0
.................... } 
.................... //XXXXXXXXXXXXXXXXXXXXXXXXXXXXXXXXXXXXXXXXXXXX  
.................... //HAM 301 
.................... //XXXXXXXXXXXXXXXXXXXXXXXXXXXXXXXXXXXXXXXXXXXX 
.................... //CHUONG TRINH CON XUAT 4 BYTE RA 32 LED DON 
.................... //XXXXXXXXXXXXXXXXXXXXXXXXXXXXXXXXXXXXXXXXXXXX 
.................... VOID XUAT_32LED_DON_4BYTE(UNSIGNED INT8 BLD3,BLD2,BLD1,BLD0) 
.................... {      
....................       XUAT_1BYTE(BLD3);           
....................       XUAT_1BYTE(BLD2); 
....................       XUAT_1BYTE(BLD1);           
....................       XUAT_1BYTE(BLD0);             
....................       MO_32_LED_DON;       
....................       MO_IC_74573_A_THONG_DL();             
....................       OUTPUT_HIGH(RCK_32LED);    OUTPUT_LOW(RCK_32LED); 
....................       CHOT_IC_74573_A_GOI_DU_LIEU;       
.................... } 
.................... //HAM 302 
.................... //XXXXXXXXXXXXXXXXXXXXXXXXXXXXXXXXXXXXXXXXXXXX 
.................... //CHUONG TRINH CON XUAT 2 WORD 16 BITRA 32 LED DON 
.................... //XXXXXXXXXXXXXXXXXXXXXXXXXXXXXXXXXXXXXXXXXXXX 
.................... VOID XUAT_32LED_DON_2WORD(UNSIGNED INT16 WLD1, UNSIGNED INT16 WLD0) 
.................... {      
....................      UNSIGNED INT8  B3,B2,B1,B0; 
....................      B3 = WLD1>>8;  B2 = WLD1;  
....................      B1 = WLD0>>8;  B0 = WLD0; 
....................      XUAT_32LED_DON_4BYTE(B3,B2,B1,B0); 
.................... } 
.................... //HAM 303 
.................... //XXXXXXXXXXXXXXXXXXXXXXXXXXXXXXXXXXXXXXXXXXXX 
.................... //CHUONG TRINH CON XUAT 1 DOUBLE WORD RA 32 LED DON 
.................... //XXXXXXXXXXXXXXXXXXXXXXXXXXXXXXXXXXXXXXXXXXXX 
.................... VOID XUAT_32LED_DON_1DW(UNSIGNED LONG LONG DWLD) 
.................... {      
....................      UNSIGNED INT16  WD1,WD0; 
....................      WD1 = DWLD>>16;  WD0 = DWLD; 
....................      XUAT_32LED_DON_2WORD(WD1,WD0); 
.................... } 
....................  
.................... //HAM 304 
.................... //XXXXXXXXXXXXXXXXXXXXXXXXXXXXXXXXXXXXXXXXXXXX 
.................... //CHUONG TRINH CON MO 32 LED DON SANG 
.................... //XXXXXXXXXXXXXXXXXXXXXXXXXXXXXXXXXXXXXXXXXXXX 
.................... VOID MO_32LED_DON() 
.................... {         
....................      XUAT_32LED_DON_1DW(0XFFFFFFFF); 
.................... } 
.................... //HAM 305 
.................... //XXXXXXXXXXXXXXXXXXXXXXXXXXXXXXXXXXXXXXXXXXXX 
.................... //CHUONG TRINH CON TAT 32 LED DON  
.................... //XXXXXXXXXXXXXXXXXXXXXXXXXXXXXXXXXXXXXXXXXXXX 
.................... VOID TAT_32LED_DON() 
.................... {         
....................      XUAT_32LED_DON_1DW(0); 
.................... } 
.................... //XXXXXXXXXXXXXXXXXXXXXXXXXXXXXXXXXXXXXXXXXXXX     
.................... //XUAT 1 BIT ROI TRA LAI KET QUA SAU KHI DICH DI 1 BIT 
.................... //XXXXXXXXXXXXXXXXXXXXXXXXXXXXXXXXXXXXXXXXXXXX     
.................... UNSIGNED  INT8 XUAT_1BIT(UNSIGNED INT8 BYTEXUAT) 
.................... { 
....................       UNSIGNED INT8   XBITX;    
....................       #BIT BSERIX  = XBITX.0 
....................       XBITX = BYTEXUAT; 
....................                                              
....................       OUTPUT_BIT(SSDO,BSERIX);     
....................       OUTPUT_LOW(SSCK); OUTPUT_HIGH(SSCK); 
....................       XBITX= XBITX>>1;    
....................       RETURN(XBITX);   
.................... } 
.................... //XXXXXXXXXXXXXXXXXXXXXXXXXXXXXXXXXXXXXXXXXXXX  
.................... //HAM 101 
.................... //XXXXXXXXXXXXXXXXXXXXXXXXXXXXXXXXXXXXXXXXXXXX     
.................... //HAM KHOI TAO CAC PORT VA IC CHOT 
.................... //XXXXXXXXXXXXXXXXXXXXXXXXXXXXXXXXXXXXXXXXXXXX     
.................... VOID SET_UP_PORT_IC_CHOT() 
.................... {      
....................       SET_TRIS_D(0x00);     
*
00FC:  MOVLW  00
00FE:  MOVWF  F95
....................       SET_TRIS_E(0X00); 
0100:  MOVWF  F96
....................       OUTPUT_D(0XFF); 
0102:  CLRF   F95
0104:  SETF   F8C
....................       TIN_HIEU_DK_74573_A=0XFF;   
0106:  SETF   04
....................       TIN_HIEU_DK_74573_B=0XFF;       
0108:  SETF   05
....................       CHOT_IC_74573_A_GOI_DU_LIEU; 
010A:  BCF    F95.1
010C:  BCF    F8C.1
....................       CHOT_IC_74573_B_GOI_DU_LIEU;   
010E:  BCF    F95.0
0110:  BCF    F8C.0
....................       RBDC=0; 
0112:  CLRF   08
0114:  CLRF   07
0116:  GOTO   0C00 (RETURN)
.................... } 
.................... //HAM 104 
.................... //XXXXXXXXXXXXXXXXXXXXXXXXXXXXXXXXXXXXXXXXXXXX     
.................... //XUAT CÁC THIEU DIEU KHIEN  
.................... //GIU NGUYEN CAC TRANG THAI CUA 2 MODULE KHAC 
.................... //XXXXXXXXXXXXXXXXXXXXXXXXXXXXXXXXXXXXXXXXXXXX     
.................... VOID MO_IC_74573_A_THONG_DL() 
.................... {      
....................       OUTPUT_D(0X00); 
*
0144:  CLRF   F95
0146:  CLRF   F8C
....................       OUTPUT_BIT(G_32LED,G_32A); 
0148:  BTFSC  04.4
014A:  BRA    0150
014C:  BCF    F8C.4
014E:  BRA    0152
0150:  BSF    F8C.4
0152:  BCF    F95.4
....................       OUTPUT_BIT(G_4LED7DOAN,G_4A); 
0154:  BTFSC  04.6
0156:  BRA    015C
0158:  BCF    F8C.6
015A:  BRA    015E
015C:  BSF    F8C.6
015E:  BCF    F95.6
....................       OUTPUT_BIT(G_LCD20X4,G_LCDA);   
0160:  BTFSC  04.2
0162:  BRA    0168
0164:  BCF    F8C.2
0166:  BRA    016A
0168:  BSF    F8C.2
016A:  BCF    F95.2
....................       CHO_IC_74573_A_GOI_DU_LIEU; 
016C:  BCF    F95.1
016E:  BSF    F8C.1
0170:  GOTO   0190 (RETURN)
.................... } 
.................... VOID MO_IC_74573_B_THONG_DL() 
.................... {      
....................       OUTPUT_D(0X00); 
....................       OUTPUT_BIT(G_MATRANLED,G_MTB); 
....................       OUTPUT_BIT(G_8LEDQUET,G_8B); 
....................       OUTPUT_BIT(G_BUZERELAY,G_RBDCB);  
....................       CHO_IC_74573_B_GOI_DU_LIEU; 
.................... } 
.................... //ham 401 
.................... //XXXXXXXXXXXXXXXXXXXXXXXXXXXXXXXXXXXXXXXXXXXX 
.................... //CHUONG TRINH CON XUAT 4 BYTE RA 4 LED 7 DOAN 
.................... //XXXXXXXXXXXXXXXXXXXXXXXXXXXXXXXXXXXXXXXXXXXX 
.................... VOID XUAT_4LED_7DOAN_4SO(UNSIGNED INT BL743,BL742,BL741,BL740) 
.................... {      
....................       XUAT_1BYTE(BL740);   XUAT_1BYTE(BL741); 
....................       XUAT_1BYTE(BL742);   XUAT_1BYTE(BL743); 
....................        
....................       MO_4_LED_7DOAN; 
....................       MO_IC_74573_A_THONG_DL(); 
....................         
....................       OUTPUT_LOW(RCK_4LED7DOAN);   OUTPUT_HIGH(RCK_4LED7DOAN);  
....................       CHOT_IC_74573_A_GOI_DU_LIEU; 
.................... } 
.................... //ham 404 
.................... VOID XUAT_4LED_7DOAN_3SO(UNSIGNED INT BL742,BL741,BL740) 
.................... {      
....................      XUAT_4LED_7DOAN_4SO(0XFF,BL742,BL741,BL740); 
.................... } 
.................... //ham 403 
.................... VOID XUAT_4LED_7DOAN_2SO(UNSIGNED INT BL741,BL740) 
.................... {      
....................      XUAT_4LED_7DOAN_4SO(0XFF,0XFF,BL741,BL740); 
.................... } 
.................... //ham 402 
.................... VOID XUAT_4LED_7DOAN_1SO(UNSIGNED INT BL740) 
.................... {      
....................      XUAT_4LED_7DOAN_4SO(0XFF,0XFF,0XFF,BL740); 
.................... } 
....................  
.................... //ham 405 
.................... //XXXXXXXXXXXXXXXXXXXXXXXXXXXXXXXXXXXXXXXXXXXXXXXXXXXXXXXXXXXXX 
.................... //CHUONG TRINH CON HIEN THI DU LIEU 16 BIT TREN 4 LED 7 DOAN 
.................... //XXXXXXXXXXXXXXXXXXXXXXXXXXXXXXXXXXXXXXXXXXXXXXXXXXXXXXXXXXXXX 
.................... UNSIGNED CHAR DONVI4,CHUC4,TRAM4,NGAN4; 
.................... VOID  XUAT_4LED_7DOAN_GIAIMA_XOA_SO0 (UNSIGNED INT16 TAM) 
.................... {          
....................       DONVI4 = MA7DOAN[TAM %10];          
....................       CHUC4  = MA7DOAN[TAM/10%10]; 
....................       TRAM4  = MA7DOAN[TAM/100%10];  
....................       NGAN4  = MA7DOAN[TAM/1000%10];        
....................       IF (NGAN4==0XC0) 
....................       { 
....................          NGAN4=0XFF; 
....................          IF (TRAM4==0XC0) 
....................          { 
....................             TRAM4=0XFF; 
....................             IF (CHUC4==0XC0)   CHUC4=0XFF; 
....................          } 
....................       } 
....................       XUAT_4LED_7DOAN_4SO(NGAN4,TRAM4,CHUC4,DONVI4);    
.................... } 
.................... UNSIGNED INT8 LCDDATA=0;  
.................... UNSIGNED INT8 LCDCONTROL=0; 
.................... UNSIGNED INT8 GLCDDATA=0; 
.................... UNSIGNED INT8 GLCDCONTROL=0;  
.................... //HAM 701 
.................... //XXXXXXXXXXXXXXXXXXXXXXXXXXXXXXXXXXXXXXXXXXXXXXXXXXXXXXXXXXXXX 
.................... //CHUONG TRINH CON XUAT DU LIEU 4 BYTE RA GLCD VA LCD 
.................... //XXXXXXXXXXXXXXXXXXXXXXXXXXXXXXXXXXXXXXXXXXXXXXXXXXXXXXXXXXXXX 
.................... VOID XUAT_GLCD_LCD() 
.................... {       
....................     XUAT_1BYTE(GLCDCONTROL);              
0174:  MOVFF  10,44
0178:  RCALL  011A
....................     XUAT_1BYTE(GLCDDATA); 
017A:  MOVFF  0F,44
017E:  RCALL  011A
....................     XUAT_1BYTE(LCDCONTROL);        
0180:  MOVFF  0E,44
0184:  RCALL  011A
....................     XUAT_1BYTE(LCDDATA);       
0186:  MOVFF  0D,44
018A:  RCALL  011A
....................        
....................     MO_GLCD_LCD; 
018C:  BCF    04.2
....................     MO_IC_74573_A_THONG_DL();             
018E:  BRA    0144
....................     OUTPUT_HIGH(RCK_LCD20X4);      
0190:  BCF    F95.3
0192:  BSF    F8C.3
....................     OUTPUT_LOW(RCK_LCD20X4); 
0194:  BCF    F95.3
0196:  BCF    F8C.3
....................     CHOT_IC_74573_A_GOI_DU_LIEU; 
0198:  BCF    F95.1
019A:  BCF    F8C.1
019C:  GOTO   01AE (RETURN)
.................... } 
.................... //HAM 702 
.................... VOID XUAT_LCD20X4(UNSIGNED INT8 LCD_SIGNAL,LCD_INS_HTHI) 
.................... {      
....................     LCDCONTROL = ~LCD_SIGNAL; 
01A0:  MOVF   42,W
01A2:  MOVWF  0E
01A4:  COMF   0E,F
....................     LCDDATA    = ~LCD_INS_HTHI;       
01A6:  MOVFF  43,0D
01AA:  COMF   0D,F
....................     XUAT_GLCD_LCD(); 
01AC:  BRA    0174
01AE:  RETURN 0
.................... } 
.................... //HAM 703 
.................... VOID XUAT_GLCD128X64(UNSIGNED INT8 GLCD_SIGNAL,GLCD_INS_HTHI) 
.................... {      
....................     GLCDCONTROL = ~GLCD_SIGNAL; 
....................     GLCDDATA    = ~GLCD_INS_HTHI;      
....................     XUAT_GLCD_LCD(); 
.................... } 
.................... //HAM 501 
.................... //XXXXXXXXXXXXXXXXXXXXXXXXXXXXXXXXXXXXXXXXXXXX 
.................... //CHUONG TRINH CON XUAT 2 BYTE RA DK 1 LED QUET SANG 
.................... //XXXXXXXXXXXXXXXXXXXXXXXXXXXXXXXXXXXXXXXXXXXX 
.................... VOID XUAT_8LED_7DOAN_QUET_1(UNSIGNED INT MA,SO_HTHI) 
.................... {      
....................       XUAT_1BYTE(~MA);   XUAT_1BYTE(~SO_HTHI); 
....................        
....................       MO_8_LED_QUET; 
....................       MO_IC_74573_B_THONG_DL(); 
....................        
....................       OUTPUT_HIGH(RCK_8LEDQUET); OUTPUT_LOW(RCK_8LEDQUET); 
....................       CHOT_IC_74573_B_GOI_DU_LIEU; 
.................... } 
.................... //HAM 502 
.................... //XXXXXXXXXXXXXXXXXXXXXXXXXXXXXXXXXXXXXXXXXXXX 
.................... //CHUONG TRINH CON XUAT 2 BYTE RA TAT 8 LED QUET 
.................... //XXXXXXXXXXXXXXXXXXXXXXXXXXXXXXXXXXXXXXXXXXXX 
.................... VOID XUAT_8LED_7DOAN_QUET_TAT_LED() 
.................... { 
....................    XUAT_8LED_7DOAN_QUET_1(0XFF,0XFF); 
.................... } 
.................... //HAM 503 
.................... //XXXXXXXXXXXXXXXXXXXXXXXXXXXXXXXXXXXXXXXXXXXX 
.................... //CHUONG TRINH CON HIEN THI LED THEO THU TU 
.................... //XXXXXXXXXXXXXXXXXXXXXXXXXXXXXXXXXXXXXXXXXXXX 
.................... CONST UNSIGNED CHAR TTLEDQUET[8]= {0x7F,0xBF,0xDF,0xEF,0xF7,0xFB,0xFD,0xFE}; 
.................... VOID XUAT_8LED_7DOAN_QUET_2(UNSIGNED INT THUTULED,SO_HTHI) 
.................... {          
....................       XUAT_1BYTE(~ (TTLEDQUET[THUTULED]));   XUAT_1BYTE(~SO_HTHI);      
....................       MO_8_LED_QUET; 
....................       MO_IC_74573_B_THONG_DL(); 
....................       OUTPUT_HIGH(RCK_8LEDQUET); OUTPUT_LOW(RCK_8LEDQUET); 
....................       CHOT_IC_74573_B_GOI_DU_LIEU; 
.................... } 
.................... //HAM 504 
.................... //XXXXXXXXXXXXXXXXXXXXXXXXXXXXXXXXXXXXXXXXXXXX 
.................... //CHUONG TRINH CON HIEN THI 8 SO TREN 8 LED QUET - CO KIEM TRA 
.................... //XXXXXXXXXXXXXXXXXXXXXXXXXXXXXXXXXXXXXXXXXXXX 
.................... UNSIGNED INT8 LED_7DQ[8]={0XFF,0XFF,0XFF,0XFF,0XFF,0XFF,0XFF,0XFF}; 
.................... UNSIGNED INT8 TT8LED=0; 
.................... VOID HIEN_THI_8LED_7DOAN_QUET() 
.................... {      
....................       FOR(TT8LED=0;TT8LED<8;TT8LED++) 
....................          IF (LED_7DQ[TT8LED]!=0XFF) 
....................          {            
....................             XUAT_8LED_7DOAN_QUET_2(TT8LED, LED_7DQ[TT8LED]); 
....................             DELAY_US(100); 
....................             XUAT_8LED_7DOAN_QUET_TAT_LED();            
....................             } 
.................... } 
.................... //HAM 505 
.................... //XXXXXXXXXXXXXXXXXXXXXXXXXXXXXXXXXXXXXXXXXXXX 
.................... //CHUONG TRINH CON HIEN THI 8 SO TREN 8 LED QUET - KHONG KIEM TRA 
.................... //XXXXXXXXXXXXXXXXXXXXXXXXXXXXXXXXXXXXXXXXXXXX 
.................... VOID HIEN_THI_8LED_7DOAN_QUET_ALL() 
.................... {      
....................       FOR(TT8LED=0;TT8LED<8;TT8LED++)          
....................          {            
....................             XUAT_8LED_7DOAN_QUET_2(TT8LED, LED_7DQ[TT8LED]); 
....................             DELAY_US(100); 
....................             XUAT_8LED_7DOAN_QUET_TAT_LED();            
....................             } 
.................... } 
....................  
.................... VOID DELAY_QUET_8LED(UNSIGNED INT16 DL) 
.................... {  
....................       UNSIGNED INT8 I; 
....................       FOR (I=0; I<DL;I++) 
....................       HIEN_THI_8LED_7DOAN_QUET_ALL(); 
.................... }  
....................  
.................... VOID GIAI_MA_GAN_CHO_8LED_QUET_16_XOA(UNSIGNED INT16 X) 
.................... {      
....................       LED_7DQ[0]= MA7DOAN [X %10];     
....................       LED_7DQ[1]= MA7DOAN [X/10%10]; 
....................       LED_7DQ[2]= MA7DOAN [X/100%10];     
....................       LED_7DQ[3]= MA7DOAN [X/1000%10]; 
....................       LED_7DQ[4]= MA7DOAN [X/10000%10]; 
....................       IF (LED_7DQ[4]==MASO0)  
....................       { 
....................             LED_7DQ[4]=0XFF; 
....................             IF (LED_7DQ[3]==MASO0)  
....................             { 
....................                LED_7DQ[3]=0XFF; 
....................                IF (LED_7DQ[2]==MASO0)  
....................                { 
....................                   LED_7DQ[2]=0XFF; 
....................                   IF (LED_7DQ[1]==MASO0)  
....................                   { 
....................                      LED_7DQ[1]=0XFF; 
....................                   } 
....................                } 
....................             } 
....................       } 
....................              
.................... } 
.................... //XXXXXXXXXXXXXXXXXXXXXXXXXXXXXXXXXXXXXXXXXXXX          
.................... VOID XUAT_2BYTE(UNSIGNED INT16 BYTE2XUAT) 
.................... { 
....................    INT8 SBB; 
....................    UNSIGNED INT16   XX;   //SHORT  BSERI; 
....................    #BIT BSERIX  = XX.15 
....................    XX = BYTE2XUAT; 
....................    FOR (SBB=0;SBB<16;SBB++) 
....................       {                                                  
....................          OUTPUT_BIT(SSDO,BSERIX);     
....................          OUTPUT_LOW(SSCK);          
....................          OUTPUT_HIGH(SSCK); 
....................          XX= XX<<1;          
....................      } 
.................... } 
.................... //XXXXXXXXXXXXXXXXXXXXXXXXXXXXXXXXXXXXXXXXXXXX 
.................... //CHUONG TRINH CON XUAT RA LED MA TRAN 
.................... //XXXXXXXXXXXXXXXXXXXXXXXXXXXXXXXXXXXXXXXXXXXX 
.................... VOID XUAT_MATRANLED(UNSIGNED INT16 MAHANG,UNSIGNED INT16 MACOT1, 
.................... UNSIGNED INT16 MACOT2,UNSIGNED INT16 MACOT3) 
.................... {       
....................       XUAT_2BYTE(MACOT3); 
....................       XUAT_2BYTE(MACOT2); 
....................       XUAT_2BYTE(MACOT1); 
....................       XUAT_2BYTE(MAHANG); 
....................        
....................       MO_LED_MATRAN; 
....................       MO_IC_74573_B_THONG_DL(); 
....................        
....................       OUTPUT_HIGH(RCK_MATRANLED); OUTPUT_LOW(RCK_MATRANLED);  
....................       CHOT_IC_74573_B_GOI_DU_LIEU; 
.................... } 
.................... //XXXXXXXXXXXXXXXXXXXXXXXXXXXXXXXXXXXXXXXXXXXX 
.................... //CHUONG TRINH CON XUAT RA LED MA TRAN 
.................... //XXXXXXXXXXXXXXXXXXXXXXXXXXXXXXXXXXXXXXXXXXXX 
.................... VOID TAT_MATRANLED() 
.................... {       
....................       XUAT_2BYTE(0); 
....................       XUAT_2BYTE(0); 
....................       XUAT_2BYTE(0); 
....................       XUAT_2BYTE(0);            
....................       OUTPUT_HIGH(RCK_MATRANLED);  
....................       OUTPUT_LOW(RCK_MATRANLED); 
.................... } 
.................... UNSIGNED  INT8 HIEU_CHINH_4BIT_CAO(UNSIGNED INT8 XZY) 
.................... { 
....................       INT1  BTG; 
....................       UNSIGNED INT8   BX;    
....................       #BIT BIT4  = BX.4 
....................       #BIT BIT5  = BX.5 
....................       #BIT BIT6  = BX.6 
....................       #BIT BIT7  = BX.7 
....................       BX=XZY; 
....................       BTG=BIT4;   BIT4=BIT7;  BIT7=BTG; 
....................       BTG=BIT5;   BIT5=BIT6;  BIT6=BTG;       
....................       RETURN(BX);   
.................... } 
.................... //HAM 601 
.................... //XXXXXXXXXXXXXXXXXXXXXXXXXXXXXXXXXXXXXXXXXXXXXXXXXXXX 
.................... //MODULE DIEU KHIEN RELAY,TRIAC, BUZZER, DONG CO, SIM 
.................... //XXXXXXXXXXXXXXXXXXXXXXXXXXXXXXXXXXXXXXXXXXXXXXXXXXXX 
.................... VOID XUAT_BUZZER_RELAY() 
.................... {      
....................    UNSIGNED INT8 RBDC1,RBDC2; 
....................       RBDC1=RBDC; RBDC2=RBDC>>8;       
....................       XUAT_1BYTE(RBDC2);       
....................       XUAT_1BYTE(RBDC1); 
....................       MO_RELAY_BUZZER_DC; 
....................       MO_IC_74573_B_THONG_DL(); 
....................        
....................       OUTPUT_HIGH(RCK_BUZERELAY);   OUTPUT_LOW(RCK_BUZERELAY); 
....................       CHOT_IC_74573_B_GOI_DU_LIEU; 
.................... } 
.................... //HAM 602 
.................... //XXXXXXXXXXXXXXXXXXXXXXXXXXXXXXXXXXXXXXXXXXXXXXXXXXXX 
.................... VOID BUZZER_ON() 
.................... {     
....................       BUZZER=1; 
....................       XUAT_BUZZER_RELAY();          
.................... } 
.................... //HAM 603 
.................... //XXXXXXXXXXXXXXXXXXXXXXXXXXXXXXXXXXXXXXXXXXXXXXXXXXXX 
.................... VOID BUZZER_OFF() 
.................... {      
....................       BUZZER=0; 
....................       XUAT_BUZZER_RELAY(); 
.................... } 
.................... //HAM 604 
.................... //XXXXXXXXXXXXXXXXXXXXXXXXXXXXXXXXXXXXXXXXXXXXXXXXXXXX 
.................... VOID RELAY_1_ON() 
.................... {     
....................       RELAY_1=1; 
....................       XUAT_BUZZER_RELAY();          
.................... } 
.................... //HAM 603 
.................... //XXXXXXXXXXXXXXXXXXXXXXXXXXXXXXXXXXXXXXXXXXXXXXXXXXXX 
.................... VOID RELAY_1_OFF() 
.................... {     
....................       RELAY_1=0; 
....................       XUAT_BUZZER_RELAY();          
.................... } 
.................... //HAM 604 
.................... //XXXXXXXXXXXXXXXXXXXXXXXXXXXXXXXXXXXXXXXXXXXXXXXXXXXX 
.................... VOID RELAY_2_ON() 
.................... {     
....................       RELAY_2=1; 
....................       XUAT_BUZZER_RELAY();          
.................... } 
.................... //HAM 607 
.................... //XXXXXXXXXXXXXXXXXXXXXXXXXXXXXXXXXXXXXXXXXXXXXXXXXXXX 
.................... VOID RELAY_2_OFF() 
.................... {     
....................       RELAY_2=0; 
....................       XUAT_BUZZER_RELAY();          
.................... } 
.................... //HAM 608 
.................... //XXXXXXXXXXXXXXXXXXXXXXXXXXXXXXXXXXXXXXXXXXXXXXXXXXXX 
.................... VOID RELAY_1_RELAY_2_ON() 
.................... {     
....................       RELAY_1=1;  RELAY_2=1; 
....................       XUAT_BUZZER_RELAY();          
.................... } 
.................... //HAM 609 
.................... //XXXXXXXXXXXXXXXXXXXXXXXXXXXXXXXXXXXXXXXXXXXXXXXXXXXX 
.................... VOID RELAY_1_RELAY_2_OFF() 
.................... {     
....................       RELAY_1=0;  RELAY_2=0; 
....................       XUAT_BUZZER_RELAY();          
.................... } 
.................... //HAM 610 
.................... //XXXXXXXXXXXXXXXXXXXXXXXXXXXXXXXXXXXXXXXXXXXXXXXXXXXX 
.................... VOID TRIAC_1_ON() 
.................... {     
....................       TRIAC_1=1; 
....................       XUAT_BUZZER_RELAY();          
.................... } 
.................... //HAM 611 
.................... //XXXXXXXXXXXXXXXXXXXXXXXXXXXXXXXXXXXXXXXXXXXXXXXXXXXX 
.................... VOID TRIAC_1_OFF() 
.................... {     
....................       TRIAC_1=0; 
....................       XUAT_BUZZER_RELAY();          
.................... } 
.................... //HAM 612 
.................... //XXXXXXXXXXXXXXXXXXXXXXXXXXXXXXXXXXXXXXXXXXXXXXXXXXXX 
.................... VOID TRIAC_2_ON() 
.................... {     
....................       TRIAC_2=1; 
....................       XUAT_BUZZER_RELAY();          
.................... } 
.................... //HAM 613 
.................... //XXXXXXXXXXXXXXXXXXXXXXXXXXXXXXXXXXXXXXXXXXXXXXXXXXXX 
.................... VOID TRIAC_2_OFF() 
.................... {     
....................       TRIAC_2=0; 
....................       XUAT_BUZZER_RELAY();          
.................... } 
.................... //XXXXXXXXXXXXXXXXXXXXXXXXXXXXXXXXXXXXXXXXXXXX 
....................  
....................  
....................  
.................... #include <TV_PICKIT2_SHIFT_DS13B07_I2C.c> //#include <tv_pickit2_shift_lcd.c> da co thu vien  
.................... #INCLUDE <TV_PICKIT2_SHIFT_LCD.c> 
.................... UNSIGNED INT8 LCD_CONTROL;   
.................... #bit LCD_P = LCD_CONTROL.3 
.................... #bit LCD_RS = LCD_CONTROL.2 
.................... #bit LCD_RW = LCD_CONTROL.1 
.................... #bit LCD_E  = LCD_CONTROL.0 
....................  
.................... #DEFINE LCD_FUNCTION_SET       0X38 
.................... #DEFINE LCD_DISPLAY_CONTROL    0X0C 
.................... #DEFINE LCD_CLEAR_DISPLAY      0X01 
.................... #DEFINE LCD_ENTRY_MODE         0X06 
.................... #DEFINE LCD_SHIFT_LEFT         0X18 
.................... #DEFINE LCD_SHIFT_RIGHT        0X1C 
....................  
.................... #DEFINE LCD_ADDR_LINE1         0X80 
.................... #DEFINE LCD_ADDR_LINE2         0XC0 
.................... #DEFINE LCD_ADDR_LINE3         0X94 
.................... #DEFINE LCD_ADDR_LINE4         0XD4 
....................  
.................... VOID LCD_XUAT_8BIT(INT8 LCD_DATA_X) 
.................... { 
....................       LCD_E=1; XUAT_LCD20X4(LCD_CONTROL,LCD_DATA_X);      
01B0:  BSF    1A.0
01B2:  MOVFF  1A,42
01B6:  MOVFF  41,43
01BA:  RCALL  01A0
....................       LCD_E=0; XUAT_LCD20X4(LCD_CONTROL,LCD_DATA_X);  
01BC:  BCF    1A.0
01BE:  MOVFF  1A,42
01C2:  MOVFF  41,43
01C6:  RCALL  01A0
01C8:  RETURN 0
.................... } 
.................... void LCD_COMMAND(INT8 LCD_DATA_X)    
....................   { 
....................       LCD_RS = 0; 
01CA:  BCF    1A.2
....................       LCD_XUAT_8BIT(LCD_DATA_X); 
01CC:  MOVFF  40,41
01D0:  RCALL  01B0
....................       DELAY_US(20); 
01D2:  MOVLW  20
01D4:  MOVWF  00
01D6:  DECFSZ 00,F
01D8:  BRA    01D6
01DA:  BRA    01DC
01DC:  NOP   
01DE:  RETURN 0
....................   } 
.................... void LCD_DATA(INT8 LCD_DATA_X)        
....................   { 
....................       LCD_RS = 1;      
*
0462:  BSF    1A.2
....................       LCD_XUAT_8BIT(LCD_DATA_X); 
0464:  MOVFF  3D,41
0468:  RCALL  01B0
....................       DELAY_US(20); 
046A:  MOVLW  20
046C:  MOVWF  00
046E:  DECFSZ 00,F
0470:  BRA    046E
0472:  BRA    0474
0474:  NOP   
0476:  RETURN 0
....................   } 
....................    
.................... VOID SETUP_LCD () 
.................... {                      
....................          LCD_E  = 0;  
*
0206:  BCF    1A.0
....................          LCD_RW = 0;  
0208:  BCF    1A.1
....................          LCD_RS = 1;  
020A:  BSF    1A.2
....................          LCD_P =0; 
020C:  BCF    1A.3
....................          LCD_COMMAND(LCD_FUNCTION_SET);          
020E:  MOVLW  38
0210:  MOVWF  40
0212:  RCALL  01CA
....................          DELAY_US(40); 
0214:  MOVLW  42
0216:  MOVWF  00
0218:  DECFSZ 00,F
021A:  BRA    0218
021C:  NOP   
....................          LCD_COMMAND(LCD_DISPLAY_CONTROL);    
021E:  MOVLW  0C
0220:  MOVWF  40
0222:  RCALL  01CA
....................          DELAY_US(40); 
0224:  MOVLW  42
0226:  MOVWF  00
0228:  DECFSZ 00,F
022A:  BRA    0228
022C:  NOP   
....................          LCD_COMMAND(LCD_CLEAR_DISPLAY);       
022E:  MOVLW  01
0230:  MOVWF  40
0232:  RCALL  01CA
....................          DELAY_MS(2); 
0234:  MOVLW  02
0236:  MOVWF  3B
0238:  RCALL  01E0
....................          LCD_COMMAND(LCD_ENTRY_MODE);        
023A:  MOVLW  06
023C:  MOVWF  40
023E:  RCALL  01CA
....................          DELAY_US(40);                 
0240:  MOVLW  42
0242:  MOVWF  00
0244:  DECFSZ 00,F
0246:  BRA    0244
0248:  NOP   
024A:  GOTO   0C04 (RETURN)
.................... } 
....................  
.................... CONST UNSIGNED CHAR LCD_SO_X[10+1+1+1+7][6] ={ 
....................                   0,1,2,5,3,4,               // SO 0 
....................                   1,2,32,3,7,3,              // SO 1 
....................                   6,6,2,5,3,3,               // SO 2 
....................                   6,6,2,3,3,4,               // SO 3 
....................                   7,3,7,32,32,7,             // SO 4 
....................                   7,6,6,3,3,4,               // SO 5 
....................                   0,6,6,5,3,4,               // SO 6 
....................                   1,1,7,32,32,7,             // SO 7 
....................                   0,6,2,5,3,4,               // SO 8 
....................                   0,6,2,3,3,4,               // SO 9 
....................                   32,32,32,32,32,32,         // KHOANG TRANG 0x20 tai vi tri 10 
....................                   0,6,2,5,32,32,              // CHU "P" tai vi tri 11 
....................                   32,32,32,32,7,32,           // DAU CHAM tai vi tri 12 
....................                   7, 32, 32, 7, 6, 7,          // CHU "B" tai vi tri 13 
....................                   7, 3, 7, 7, 32, 7,          // CHU "H" tai vi tri 14 
....................                   3, 3, 7, 7, 3, 7,           // CHU "d" tai vi tri 15 
....................                   32, 32, 32, 3, 3, 3,        // dau gach duoi tai vi tri 16 
....................                   32, 1, 32, 32, 32, 32,      // dau do (oC) tai vi tri 17 
....................                   7, 1, 1, 7, 3, 3,           // CHU "C" tai vi tri 18 
....................                   32, 1, 32, 32, 1, 32       // DAU HAI CHAM : tai vi tri 19 
....................                   }; 
....................                    
....................                    
.................... CONST UNSIGNED CHAR LCD_MA_8DOAN[] = { 
....................    0x07,0x0F,0x1F,0x1F,0x1F,0x1F,0x1F,0x1F,  //DOAN F - 0 
....................    0x1F,0x1F,0x1F,0X00,0X00,0X00,0X00,0X00,  //DOAN A - 1 
....................    0x1C,0x1E,0x1F,0x1F,0x1F,0x1F,0x1F,0x1F,  //DOAN B - 2 
....................    0X00,0X00,0X00,0X00,0X00,0x1F,0x1F,0x1F,  //DOAN D - 3 
....................    0x1F,0x1F,0x1F,0x1F,0x1F,0x1F,0x1E,0x1C,  //DOAN C - 4 
....................    0x1F,0x1F,0x1F,0x1F,0x1F,0x1F,0x0F,0x07,  //DOAN E - 5 
....................    0x1F,0x1F,0x1F,0X00,0X00,0X00,0x1F,0x1F,  //DOAN G+D-6  
....................    0x1F,0x1F,0x1F,0x1F,0x1F,0x1F,0x1F,0x1F}; //DOAN I  -7 
....................     
.................... VOID LCD_GOTO_XY(SIGNED INT8 X, SIGNED INT8 Y) 
.................... {  
....................    CONST UNSIGNED INT8 LCD_VITRI[]={0x80,0xC0,0x94,0xD4}; 
....................    LCD_COMMAND(LCD_VITRI[X]+Y); 
*
0510:  CLRF   03
0512:  MOVF   3D,W
0514:  MOVFF  FF2,3F
0518:  BCF    FF2.7
051A:  RCALL  00DC
051C:  BTFSC  3F.7
051E:  BSF    FF2.7
0520:  ADDWF  3E,W
0522:  MOVWF  3F
0524:  MOVWF  40
0526:  RCALL  01CA
0528:  RETURN 0
.................... } 
....................  
.................... VOID XXX() 
.................... {  
....................    SIGNED INT8 X; 
....................    X= LCD_SO_X[0][0]; 
....................    X= LCD_MA_8DOAN[0]; 
.................... } 
....................  
.................... #define   GIAY_HTAI      0X55 
.................... #define   PHUT_HTAI      0X32 
.................... #define   GIO_HTAI       0X16 
.................... #define   THU_HTAI       2 
.................... #define   NGAY_HTAI      0X10 
.................... #define   THANG_HTAI     0X08 
.................... #define   NAM_HTAI       0X20       
.................... #define   MA_DS          0X91 
....................  
.................... #define  ADDR_WR_13B07   0xD0 
.................... #define  ADDR_RD_13B07   0xD1 
.................... #define  ADDR_MEM        0x00 
....................  
.................... //!UNSIGNED CHAR GIATRI_MOD; 
....................  
.................... UNSIGNED  CHAR    NAM_DS13,THANG_DS13,NGAY_DS13,THU_DS13,GIO_DS13, 
....................                   PHUT_DS13,GIAY_DS13,MA_DS13,CONTROL_DS13,GIAYTAM; 
....................                                 
.................... void THIET_LAP_THOI_GIAN_HIEN_TAI() 
.................... {     GIAY_DS13   =   GIAY_HTAI;       PHUT_DS13  =    PHUT_HTAI;    
*
03B4:  MOVLW  55
03B6:  MOVWF  21
03B8:  MOVLW  32
03BA:  MOVWF  20
....................       GIO_DS13    =   GIO_HTAI;        THU_DS13   =    THU_HTAI; 
03BC:  MOVLW  16
03BE:  MOVWF  1F
03C0:  MOVLW  02
03C2:  MOVWF  1E
....................       NGAY_DS13   =   NGAY_HTAI;       THANG_DS13 =    THANG_HTAI;    
03C4:  MOVLW  10
03C6:  MOVWF  1D
03C8:  MOVLW  08
03CA:  MOVWF  1C
....................       NAM_DS13    =   NAM_HTAI;    
03CC:  MOVLW  20
03CE:  MOVWF  1B
....................       CONTROL_DS13 = 0X90;             MA_DS13      =   MA_DS; 
03D0:  MOVLW  90
03D2:  MOVWF  23
03D4:  MOVLW  91
03D6:  MOVWF  22
03D8:  GOTO   0C12 (RETURN)
.................... } 
....................   
.................... void NAP_THOI_GIAN_HTAI_VAO_DS13B07() 
.................... {     I2C_START();          
03DC:  BSF    F93.0
03DE:  MOVLW  05
03E0:  MOVWF  00
03E2:  DECFSZ 00,F
03E4:  BRA    03E2
03E6:  BSF    F93.1
03E8:  MOVLW  06
03EA:  MOVWF  00
03EC:  DECFSZ 00,F
03EE:  BRA    03EC
03F0:  BCF    F8A.0
03F2:  BCF    F93.0
03F4:  MOVLW  05
03F6:  MOVWF  00
03F8:  DECFSZ 00,F
03FA:  BRA    03F8
03FC:  BCF    F8A.1
03FE:  BCF    F93.1
....................       I2C_WRITE(ADDR_WR_13B07);     
0400:  MOVLW  D0
0402:  MOVWF  39
0404:  RCALL  024E
....................       I2C_WRITE(0X00); 
0406:  CLRF   39
0408:  RCALL  024E
....................       I2C_WRITE(GIAY_DS13);        I2C_WRITE(PHUT_DS13);       
040A:  MOVFF  21,39
040E:  RCALL  024E
0410:  MOVFF  20,39
0414:  RCALL  024E
....................       I2C_WRITE(GIO_DS13);         I2C_WRITE(THU_DS13);       
0416:  MOVFF  1F,39
041A:  RCALL  024E
041C:  MOVFF  1E,39
0420:  RCALL  024E
....................       I2C_WRITE(NGAY_DS13);        I2C_WRITE(THANG_DS13);             
0422:  MOVFF  1D,39
0426:  RCALL  024E
0428:  MOVFF  1C,39
042C:  RCALL  024E
....................       I2C_WRITE(NAM_DS13);         I2C_WRITE(CONTROL_DS13);    
042E:  MOVFF  1B,39
0432:  RCALL  024E
0434:  MOVFF  23,39
0438:  RCALL  024E
....................       I2C_WRITE(MA_DS13); 
043A:  MOVFF  22,39
043E:  RCALL  024E
....................       I2C_STOP(); 
0440:  BCF    F93.0
0442:  NOP   
0444:  BSF    F93.1
0446:  BTFSS  F81.1
0448:  BRA    0446
044A:  MOVLW  05
044C:  MOVWF  00
044E:  DECFSZ 00,F
0450:  BRA    044E
0452:  BRA    0454
0454:  NOP   
0456:  BSF    F93.0
0458:  MOVLW  05
045A:  MOVWF  00
045C:  DECFSZ 00,F
045E:  BRA    045C
0460:  RETURN 0
.................... } 
....................      
.................... void DOC_THOI_GIAN_TU_REALTIME() 
.................... {    
....................       I2C_START(); 
*
02DE:  BSF    F93.0
02E0:  MOVLW  05
02E2:  MOVWF  00
02E4:  DECFSZ 00,F
02E6:  BRA    02E4
02E8:  BSF    F93.1
02EA:  MOVLW  06
02EC:  MOVWF  00
02EE:  DECFSZ 00,F
02F0:  BRA    02EE
02F2:  BCF    F8A.0
02F4:  BCF    F93.0
02F6:  MOVLW  05
02F8:  MOVWF  00
02FA:  DECFSZ 00,F
02FC:  BRA    02FA
02FE:  BCF    F8A.1
0300:  BCF    F93.1
....................       I2C_WRITE(ADDR_WR_13B07); 
0302:  MOVLW  D0
0304:  MOVWF  39
0306:  RCALL  024E
....................       I2C_WRITE(ADDR_MEM);                      
0308:  CLRF   39
030A:  RCALL  024E
....................       I2C_START();                 
030C:  BSF    F93.0
030E:  MOVLW  05
0310:  MOVWF  00
0312:  DECFSZ 00,F
0314:  BRA    0312
0316:  BSF    F93.1
0318:  MOVLW  06
031A:  MOVWF  00
031C:  DECFSZ 00,F
031E:  BRA    031C
0320:  BTFSS  F81.1
0322:  BRA    0320
0324:  BCF    F8A.0
0326:  BCF    F93.0
0328:  MOVLW  05
032A:  MOVWF  00
032C:  DECFSZ 00,F
032E:  BRA    032C
0330:  BCF    F8A.1
0332:  BCF    F93.1
....................                  
....................       I2C_WRITE(ADDR_RD_13B07); 
0334:  MOVLW  D1
0336:  MOVWF  39
0338:  RCALL  024E
....................       GIAY_DS13      =  I2C_READ();               
033A:  MOVLW  01
033C:  MOVWF  00
033E:  RCALL  0296
0340:  MOVFF  01,21
....................       PHUT_DS13      =  I2C_READ();              
0344:  MOVLW  01
0346:  MOVWF  00
0348:  RCALL  0296
034A:  MOVFF  01,20
....................       GIO_DS13       =  I2C_READ();              
034E:  MOVLW  01
0350:  MOVWF  00
0352:  RCALL  0296
0354:  MOVFF  01,1F
....................       THU_DS13       =  I2C_READ();  
0358:  MOVLW  01
035A:  MOVWF  00
035C:  RCALL  0296
035E:  MOVFF  01,1E
....................       NGAY_DS13      =  I2C_READ();  
0362:  MOVLW  01
0364:  MOVWF  00
0366:  RCALL  0296
0368:  MOVFF  01,1D
....................       THANG_DS13     =  I2C_READ();  
036C:  MOVLW  01
036E:  MOVWF  00
0370:  RCALL  0296
0372:  MOVFF  01,1C
....................       NAM_DS13       =  I2C_READ();  
0376:  MOVLW  01
0378:  MOVWF  00
037A:  RCALL  0296
037C:  MOVFF  01,1B
....................       CONTROL_DS13   =  I2C_READ();           
0380:  MOVLW  01
0382:  MOVWF  00
0384:  RCALL  0296
0386:  MOVFF  01,23
....................       MA_DS13        =  I2C_READ(0);     //NOT ACK 
038A:  CLRF   00
038C:  RCALL  0296
038E:  MOVFF  01,22
....................       I2C_STOP(); 
0392:  BCF    F93.0
0394:  NOP   
0396:  BSF    F93.1
0398:  BTFSS  F81.1
039A:  BRA    0398
039C:  MOVLW  05
039E:  MOVWF  00
03A0:  DECFSZ 00,F
03A2:  BRA    03A0
03A4:  BRA    03A6
03A6:  NOP   
03A8:  BSF    F93.0
03AA:  MOVLW  05
03AC:  MOVWF  00
03AE:  DECFSZ 00,F
03B0:  BRA    03AE
03B2:  RETURN 0
.................... }     
....................  
....................     
.................... void DOC_GIAY_TU_REALTIME() 
.................... {    
....................       I2C_START(); 
....................       I2C_WRITE(ADDR_WR_13B07); 
....................       I2C_WRITE(ADDR_MEM);                      
....................       I2C_START();                 
....................                  
....................       I2C_WRITE(ADDR_RD_13B07); 
....................       GIAY_DS13      =  I2C_READ(0);               
....................       I2C_STOP(); 
.................... }   
....................          
....................   
.................... void HIEN_THI_THOI_GIAN_DS13B07 ( ) 
.................... {     LCD_COMMAND (0x8C);    
*
0822:  MOVLW  8C
0824:  MOVWF  40
0826:  RCALL  01CA
....................       LCD_DATA(GIO_DS13/16  +0X30);    LCD_DATA(GIO_DS13%16  +0X30); 
0828:  SWAPF  1F,W
082A:  MOVWF  00
082C:  MOVLW  0F
082E:  ANDWF  00,F
0830:  MOVF   00,W
0832:  ADDLW  30
0834:  MOVWF  39
0836:  MOVWF  3D
0838:  RCALL  0462
083A:  MOVF   1F,W
083C:  ANDLW  0F
083E:  ADDLW  30
0840:  MOVWF  39
0842:  MOVWF  3D
0844:  RCALL  0462
....................       LCD_DATA(' '); 
0846:  MOVLW  20
0848:  MOVWF  3D
084A:  RCALL  0462
....................       LCD_DATA(PHUT_DS13/16 +0X30);    LCD_DATA(PHUT_DS13%16 +0X30); 
084C:  SWAPF  20,W
084E:  MOVWF  00
0850:  MOVLW  0F
0852:  ANDWF  00,F
0854:  MOVF   00,W
0856:  ADDLW  30
0858:  MOVWF  39
085A:  MOVWF  3D
085C:  RCALL  0462
085E:  MOVF   20,W
0860:  ANDLW  0F
0862:  ADDLW  30
0864:  MOVWF  39
0866:  MOVWF  3D
0868:  RCALL  0462
....................       LCD_DATA(' '); 
086A:  MOVLW  20
086C:  MOVWF  3D
086E:  RCALL  0462
....................       LCD_DATA(GIAY_DS13/16 +0X30);    LCD_DATA(GIAY_DS13%16 +0X30); 
0870:  SWAPF  21,W
0872:  MOVWF  00
0874:  MOVLW  0F
0876:  ANDWF  00,F
0878:  MOVF   00,W
087A:  ADDLW  30
087C:  MOVWF  39
087E:  MOVWF  3D
0880:  RCALL  0462
0882:  MOVF   21,W
0884:  ANDLW  0F
0886:  ADDLW  30
0888:  MOVWF  39
088A:  MOVWF  3D
088C:  RCALL  0462
....................       LCD_COMMAND (0xCC);   
088E:  MOVLW  CC
0890:  MOVWF  40
0892:  RCALL  01CA
....................       LCD_DATA(NGAY_DS13/16 +0X30);    LCD_DATA(NGAY_DS13%16 +0X30); 
0894:  SWAPF  1D,W
0896:  MOVWF  00
0898:  MOVLW  0F
089A:  ANDWF  00,F
089C:  MOVF   00,W
089E:  ADDLW  30
08A0:  MOVWF  39
08A2:  MOVWF  3D
08A4:  RCALL  0462
08A6:  MOVF   1D,W
08A8:  ANDLW  0F
08AA:  ADDLW  30
08AC:  MOVWF  39
08AE:  MOVWF  3D
08B0:  RCALL  0462
....................       LCD_DATA(' '); 
08B2:  MOVLW  20
08B4:  MOVWF  3D
08B6:  RCALL  0462
....................       LCD_DATA(THANG_DS13/16 +0X30);   LCD_DATA(THANG_DS13%16 +0X30); 
08B8:  SWAPF  1C,W
08BA:  MOVWF  00
08BC:  MOVLW  0F
08BE:  ANDWF  00,F
08C0:  MOVF   00,W
08C2:  ADDLW  30
08C4:  MOVWF  39
08C6:  MOVWF  3D
08C8:  RCALL  0462
08CA:  MOVF   1C,W
08CC:  ANDLW  0F
08CE:  ADDLW  30
08D0:  MOVWF  39
08D2:  MOVWF  3D
08D4:  RCALL  0462
....................       LCD_DATA(' '); 
08D6:  MOVLW  20
08D8:  MOVWF  3D
08DA:  RCALL  0462
....................       LCD_DATA(NAM_DS13/16 +0X30);     LCD_DATA(NAM_DS13%16 +0X30);  
08DC:  SWAPF  1B,W
08DE:  MOVWF  00
08E0:  MOVLW  0F
08E2:  ANDWF  00,F
08E4:  MOVF   00,W
08E6:  ADDLW  30
08E8:  MOVWF  39
08EA:  MOVWF  3D
08EC:  RCALL  0462
08EE:  MOVF   1B,W
08F0:  ANDLW  0F
08F2:  ADDLW  30
08F4:  MOVWF  39
08F6:  MOVWF  3D
08F8:  RCALL  0462
08FA:  GOTO   0902 (RETURN)
.................... } 
....................  
.................... //!void HT_DS1307 ( ) 
.................... //!{      
.................... //!    LCD_COMMAND (0x8C);    
.................... //!      LCD_DATA(GIO_DS13/16  +0X30);    LCD_DATA(GIO_DS13%16  +0X30); 
.................... //!      LCD_DATA(' '); 
.................... //!      LCD_DATA(PHUT_DS13/16 +0X30);    LCD_DATA(PHUT_DS13%16 +0X30); 
.................... //!      LCD_DATA(' '); 
.................... //!      LCD_DATA(GIAY_DS13/16 +0X30);    LCD_DATA(GIAY_DS13%16 +0X30); 
.................... //!      LCD_COMMAND (0xC6); 
.................... //!      LCD_DATA("THU "); 
.................... //!      LCD_DATA(THU_DS13 +0X30);  
.................... //!      LCD_COMMAND (0xCC);   
.................... //!      LCD_DATA(NGAY_DS13/16 +0X30);    LCD_DATA(NGAY_DS13%16 +0X30); 
.................... //!      LCD_DATA(' '); 
.................... //!      LCD_DATA(THANG_DS13/16 +0X30);   LCD_DATA(THANG_DS13%16 +0X30); 
.................... //!      LCD_DATA(' '); 
.................... //!      LCD_DATA(NAM_DS13/16 +0X30);     LCD_DATA(NAM_DS13%16 +0X30);  
.................... //!} 
.................... //! 
.................... //!VOID HIEN_THI_GIA_TRI_MOD() 
.................... //!{ 
.................... //!   LCD_COMMAND(0X8A); 
.................... //!   LCD_DATA(GIATRI_MOD + 0X30); 
.................... //!} 
....................  
.................... // VI TRI 
.................... //!NAM_DS13==0XD2 
.................... //!THANG_DS13==0XCF 
.................... //!NGAY_DS13==0XCC 
.................... //!GIO_DS13==0X8C 
.................... //!PHUT_DS13==0X8F 
.................... //!GIAY_DS13==0X92 
....................  
....................  
.................... unsigned INT16 k; 
.................... unsigned CHAR giatri_mod; 
.................... unsigned INT8 dv_giay,ch_giay,ch_phut,dv_phut,dv_gio,ch_gio; 
.................... unsigned INT8 dv_ngay,ch_ngay,ch_thang,dv_thang,dv_nam,ch_nam; 
.................... char thu; 
.................... signed INT8 i; 
.................... char thu1,thu2; 
.................... int1 tt; 
....................  
....................  
.................... void nhap_nhay_nho() 
.................... { 
....................    SWITCH (giatri_mod) 
*
0AF0:  MOVF   27,W
0AF2:  XORLW  01
0AF4:  BZ    0B10
0AF6:  XORLW  03
0AF8:  BZ    0B18
0AFA:  XORLW  01
0AFC:  BZ    0B20
0AFE:  XORLW  07
0B00:  BZ    0B28
0B02:  XORLW  01
0B04:  BZ    0B30
0B06:  XORLW  03
0B08:  BZ    0B38
0B0A:  XORLW  01
0B0C:  BZ    0B40
0B0E:  BRA    0B48
....................    { 
....................       CASE 1: ch_gio = '_'; dv_gio = '_';  
0B10:  MOVLW  5F
0B12:  MOVWF  2D
0B14:  MOVWF  2C
....................       BREAK; 
0B16:  BRA    0B48
....................       CASE 2: ch_phut='_';dv_phut='_';  
0B18:  MOVLW  5F
0B1A:  MOVWF  2A
0B1C:  MOVWF  2B
....................       BREAK; 
0B1E:  BRA    0B48
....................       CASE 3: ch_giay='_';dv_giay='_';  
0B20:  MOVLW  5F
0B22:  MOVWF  29
0B24:  MOVWF  28
....................       BREAK; 
0B26:  BRA    0B48
....................       CASE 4: ch_ngay='_';dv_ngay='_'; 
0B28:  MOVLW  5F
0B2A:  MOVWF  2F
0B2C:  MOVWF  2E
....................       BREAK; 
0B2E:  BRA    0B48
....................       CASE 5: ch_thang='_';dv_thang='_';  
0B30:  MOVLW  5F
0B32:  MOVWF  30
0B34:  MOVWF  31
....................       BREAK; 
0B36:  BRA    0B48
....................       CASE 6: ch_nam='_';dv_nam='_';  
0B38:  MOVLW  5F
0B3A:  MOVWF  33
0B3C:  MOVWF  32
....................       BREAK; 
0B3E:  BRA    0B48
....................       CASE 7:  thu1='_';thu2='_'; 
0B40:  MOVLW  5F
0B42:  MOVWF  36
0B44:  MOVWF  37
....................       BREAK; 
0B46:  BRA    0B48
....................        
....................       DEFAULT: break; 
....................    } 
0B48:  GOTO   0CA2 (RETURN)
.................... } 
.................... void giaima_hienthi_nho() 
.................... { 
.................... ch_giay=GIAY_DS13/16 +0X30; 
*
06B4:  SWAPF  21,W
06B6:  MOVWF  00
06B8:  MOVLW  0F
06BA:  ANDWF  00,F
06BC:  MOVF   00,W
06BE:  ADDLW  30
06C0:  MOVWF  29
.................... dv_giay=GIAY_DS13%16 +0X30; 
06C2:  MOVF   21,W
06C4:  ANDLW  0F
06C6:  ADDLW  30
06C8:  MOVWF  28
....................  
.................... ch_phut=PHUT_DS13/16 +0X30; 
06CA:  SWAPF  20,W
06CC:  MOVWF  00
06CE:  MOVLW  0F
06D0:  ANDWF  00,F
06D2:  MOVF   00,W
06D4:  ADDLW  30
06D6:  MOVWF  2A
.................... dv_phut=PHUT_DS13%16 +0X30; 
06D8:  MOVF   20,W
06DA:  ANDLW  0F
06DC:  ADDLW  30
06DE:  MOVWF  2B
....................  
.................... ch_gio=GIO_DS13/16  +0X30; 
06E0:  SWAPF  1F,W
06E2:  MOVWF  00
06E4:  MOVLW  0F
06E6:  ANDWF  00,F
06E8:  MOVF   00,W
06EA:  ADDLW  30
06EC:  MOVWF  2D
.................... dv_gio=GIO_DS13%16  +0X30; 
06EE:  MOVF   1F,W
06F0:  ANDLW  0F
06F2:  ADDLW  30
06F4:  MOVWF  2C
....................  
.................... ch_ngay=NGAY_DS13/16 +0X30; 
06F6:  SWAPF  1D,W
06F8:  MOVWF  00
06FA:  MOVLW  0F
06FC:  ANDWF  00,F
06FE:  MOVF   00,W
0700:  ADDLW  30
0702:  MOVWF  2F
.................... dv_ngay=NGAY_DS13%16 +0X30; 
0704:  MOVF   1D,W
0706:  ANDLW  0F
0708:  ADDLW  30
070A:  MOVWF  2E
....................  
.................... ch_thang=THANG_DS13/16 +0X30; 
070C:  SWAPF  1C,W
070E:  MOVWF  00
0710:  MOVLW  0F
0712:  ANDWF  00,F
0714:  MOVF   00,W
0716:  ADDLW  30
0718:  MOVWF  30
.................... dv_thang=THANG_DS13%16 +0X30; 
071A:  MOVF   1C,W
071C:  ANDLW  0F
071E:  ADDLW  30
0720:  MOVWF  31
....................  
.................... ch_nam=NAM_DS13/16 +0X30; 
0722:  SWAPF  1B,W
0724:  MOVWF  00
0726:  MOVLW  0F
0728:  ANDWF  00,F
072A:  MOVF   00,W
072C:  ADDLW  30
072E:  MOVWF  33
.................... dv_nam=NAM_DS13%16 +0X30; 
0730:  MOVF   1B,W
0732:  ANDLW  0F
0734:  ADDLW  30
0736:  MOVWF  32
....................  
.................... if (THU_DS13!=1)  
0738:  DECFSZ 1E,W
073A:  BRA    073E
073C:  BRA    074A
....................    { 
....................       thu1=THU_DS13 +0X30; 
073E:  MOVLW  30
0740:  ADDWF  1E,W
0742:  MOVWF  36
....................       thu2=0x20; 
0744:  MOVLW  20
0746:  MOVWF  37
....................    } 
0748:  BRA    0752
....................       ELSE  
....................        
....................       { 
....................       thu1='C'; 
074A:  MOVLW  43
074C:  MOVWF  36
....................       thu2='N'; 
074E:  MOVLW  4E
0750:  MOVWF  37
....................       } 
0752:  GOTO   0C70 (RETURN)
....................        
.................... } 
....................  
.................... void HT_DS1307_nho ( ) 
.................... {      
....................        
....................       LCD_COMMAND (0x8C);    
0756:  MOVLW  8C
0758:  MOVWF  40
075A:  RCALL  01CA
....................       LCD_DATA(ch_gio);    LCD_DATA(dv_gio); 
075C:  MOVFF  2D,3D
0760:  RCALL  0462
0762:  MOVFF  2C,3D
0766:  RCALL  0462
....................       LCD_DATA(':'); 
0768:  MOVLW  3A
076A:  MOVWF  3D
076C:  RCALL  0462
....................       LCD_DATA(ch_phut);    LCD_DATA(dv_phut); 
076E:  MOVFF  2A,3D
0772:  RCALL  0462
0774:  MOVFF  2B,3D
0778:  RCALL  0462
....................       LCD_DATA(':'); 
077A:  MOVLW  3A
077C:  MOVWF  3D
077E:  RCALL  0462
....................       LCD_DATA(ch_giay);    LCD_DATA(dv_giay); 
0780:  MOVFF  29,3D
0784:  RCALL  0462
0786:  MOVFF  28,3D
078A:  RCALL  0462
....................       LCD_COMMAND (0xC5); 
078C:  MOVLW  C5
078E:  MOVWF  40
0790:  RCALL  01CA
....................       LCD_DATA("THU "); 
0792:  MOVLW  F0
0794:  MOVWF  FF6
0796:  MOVLW  00
0798:  MOVWF  FF7
079A:  RCALL  05D6
....................       LCD_DATA(thu1); 
079C:  MOVFF  36,3D
07A0:  RCALL  0462
....................       LCD_DATA(thu2); 
07A2:  MOVFF  37,3D
07A6:  RCALL  0462
....................       LCD_COMMAND (0xCC);   
07A8:  MOVLW  CC
07AA:  MOVWF  40
07AC:  RCALL  01CA
....................       LCD_DATA(ch_ngay);    LCD_DATA(dv_ngay); 
07AE:  MOVFF  2F,3D
07B2:  RCALL  0462
07B4:  MOVFF  2E,3D
07B8:  RCALL  0462
....................       LCD_DATA('/'); 
07BA:  MOVLW  2F
07BC:  MOVWF  3D
07BE:  RCALL  0462
....................       LCD_DATA(ch_thang);   LCD_DATA(dv_thang); 
07C0:  MOVFF  30,3D
07C4:  RCALL  0462
07C6:  MOVFF  31,3D
07CA:  RCALL  0462
....................       LCD_DATA('/'); 
07CC:  MOVLW  2F
07CE:  MOVWF  3D
07D0:  RCALL  0462
....................       LCD_DATA(ch_nam);     LCD_DATA(dv_nam);   
07D2:  MOVFF  33,3D
07D6:  RCALL  0462
07D8:  MOVFF  32,3D
07DC:  RCALL  0462
07DE:  RETURN 0
.................... } 
....................  
.................... // PHÍM NHAN CHUYEN HIEN THI 
.................... void phim_nhan() 
.................... { 
....................  
....................    IF (!input (BT2)) 
*
0690:  BSF    F93.3
0692:  BTFSC  F81.3
0694:  BRA    06B0
....................    { 
....................       delay_ms (20) ; 
0696:  MOVLW  14
0698:  MOVWF  3B
069A:  RCALL  01E0
....................       { 
....................          IF (!input (BT2)) 
069C:  BSF    F93.3
069E:  BTFSC  F81.3
06A0:  BRA    06B0
....................          { 
....................            tt=!tt; 
06A2:  BTG    38.0
....................            lcd_command(lcd_clear_display); 
06A4:  MOVLW  01
06A6:  MOVWF  40
06A8:  RCALL  01CA
....................             WHILE ( ! input (BT2)) ; 
06AA:  BSF    F93.3
06AC:  BTFSS  F81.3
06AE:  BRA    06AA
....................          } 
....................       } 
....................    } 
06B0:  GOTO   0C5E (RETURN)
.................... } 
.................... void lcd_hienthi_so_z_toado_xy(SIGNED int8 lcd_so, x1, y1) 
.................... { 
....................    lcd_GOTO_xy(x1,y1); 
*
0576:  MOVFF  3A,3D
057A:  MOVFF  3B,3E
057E:  RCALL  0510
....................    FOR (i=0;i<6;i++) 
0580:  CLRF   35
0582:  BTFSC  35.7
0584:  BRA    058C
0586:  MOVF   35,W
0588:  SUBLW  05
058A:  BNC   05D4
....................    { 
....................       IF (i==3) lcd_goto_xy(x1+1,y1); 
058C:  MOVF   35,W
058E:  SUBLW  03
0590:  BNZ   05A0
0592:  MOVLW  01
0594:  ADDWF  3A,W
0596:  MOVWF  3C
0598:  MOVWF  3D
059A:  MOVFF  3B,3E
059E:  RCALL  0510
....................       lcd_data(lcd_so_x[lcd_so][i]); 
05A0:  MOVFF  39,3C
05A4:  MOVLW  06
05A6:  MOVWF  3D
05A8:  BRA    052A
05AA:  MOVF   01,W
05AC:  CLRF   3D
05AE:  MOVWF  3C
05B0:  CLRF   03
05B2:  MOVF   35,W
05B4:  ADDWF  3C,W
05B6:  MOVWF  01
05B8:  MOVF   3D,W
05BA:  ADDWFC 03,F
05BC:  MOVF   01,W
05BE:  MOVFF  FF2,3C
05C2:  BCF    FF2.7
05C4:  RCALL  0004
05C6:  BTFSC  3C.7
05C8:  BSF    FF2.7
05CA:  MOVWF  3C
05CC:  MOVWF  3D
05CE:  RCALL  0462
05D0:  INCF   35,F
05D2:  BRA    0582
....................    } 
05D4:  RETURN 0
.................... } 
....................  
.................... void giaima_hienthi_to() 
.................... { 
.................... ch_giay=GIAY_DS13/16;  
*
048A:  SWAPF  21,W
048C:  MOVWF  29
048E:  MOVLW  0F
0490:  ANDWF  29,F
.................... dv_giay=GIAY_DS13%16;  
0492:  MOVF   21,W
0494:  ANDLW  0F
0496:  MOVWF  28
....................  
.................... ch_phut=PHUT_DS13/16 ; 
0498:  SWAPF  20,W
049A:  MOVWF  2A
049C:  MOVLW  0F
049E:  ANDWF  2A,F
.................... dv_phut=PHUT_DS13%16 ; 
04A0:  MOVF   20,W
04A2:  ANDLW  0F
04A4:  MOVWF  2B
....................  
.................... ch_gio=GIO_DS13/16  ; 
04A6:  SWAPF  1F,W
04A8:  MOVWF  2D
04AA:  MOVLW  0F
04AC:  ANDWF  2D,F
.................... dv_gio=GIO_DS13%16 ;  
04AE:  MOVF   1F,W
04B0:  ANDLW  0F
04B2:  MOVWF  2C
....................  
.................... ch_ngay=NGAY_DS13/16+0x30 ; 
04B4:  SWAPF  1D,W
04B6:  MOVWF  00
04B8:  MOVLW  0F
04BA:  ANDWF  00,F
04BC:  MOVF   00,W
04BE:  ADDLW  30
04C0:  MOVWF  2F
.................... dv_ngay=NGAY_DS13%16+0x30 ; 
04C2:  MOVF   1D,W
04C4:  ANDLW  0F
04C6:  ADDLW  30
04C8:  MOVWF  2E
....................  
.................... ch_thang=THANG_DS13/16+0x30; 
04CA:  SWAPF  1C,W
04CC:  MOVWF  00
04CE:  MOVLW  0F
04D0:  ANDWF  00,F
04D2:  MOVF   00,W
04D4:  ADDLW  30
04D6:  MOVWF  30
.................... dv_thang=THANG_DS13%16+0x30 ; 
04D8:  MOVF   1C,W
04DA:  ANDLW  0F
04DC:  ADDLW  30
04DE:  MOVWF  31
....................  
.................... ch_nam=NAM_DS13/16+0x30 ; 
04E0:  SWAPF  1B,W
04E2:  MOVWF  00
04E4:  MOVLW  0F
04E6:  ANDWF  00,F
04E8:  MOVF   00,W
04EA:  ADDLW  30
04EC:  MOVWF  33
.................... dv_nam=NAM_DS13%16+0x30 ; 
04EE:  MOVF   1B,W
04F0:  ANDLW  0F
04F2:  ADDLW  30
04F4:  MOVWF  32
....................  
.................... if (THU_DS13!=1)  
04F6:  DECFSZ 1E,W
04F8:  BRA    04FC
04FA:  BRA    050A
....................    { 
....................       thu=THU_DS13 +0X30; 
04FC:  MOVLW  30
04FE:  ADDWF  1E,W
0500:  MOVWF  34
....................       LCD_DATA(0X20); 
0502:  MOVLW  20
0504:  MOVWF  3D
0506:  RCALL  0462
....................    } 
0508:  BRA    050E
....................       ELSE thu="CN"; 
050A:  MOVLW  43
050C:  MOVWF  34
050E:  RETURN 0
....................        
....................  
....................        
....................        
.................... } 
.................... void HT_DS1307_to( ) 
.................... {      
....................       LCD_COMMAND (0x8C);    
*
05F6:  MOVLW  8C
05F8:  MOVWF  40
05FA:  RCALL  01CA
....................       lcd_hienthi_so_z_toado_xy(ch_gio,0,0);lcd_hienthi_so_z_toado_xy(dv_gio,0,3); 
05FC:  MOVFF  2D,39
0600:  CLRF   3A
0602:  CLRF   3B
0604:  RCALL  0576
0606:  MOVFF  2C,39
060A:  CLRF   3A
060C:  MOVLW  03
060E:  MOVWF  3B
0610:  RCALL  0576
....................      // LCD_DATA(':'); 
....................       lcd_hienthi_so_z_toado_xy(ch_phut,0,7);lcd_hienthi_so_z_toado_xy(dv_phut,0,10); 
0612:  MOVFF  2A,39
0616:  CLRF   3A
0618:  MOVLW  07
061A:  MOVWF  3B
061C:  RCALL  0576
061E:  MOVFF  2B,39
0622:  CLRF   3A
0624:  MOVLW  0A
0626:  MOVWF  3B
0628:  RCALL  0576
....................       //LCD_DATA(':'); 
....................       lcd_hienthi_so_z_toado_xy(ch_giay,0,14);lcd_hienthi_so_z_toado_xy(dv_giay,0,17); 
062A:  MOVFF  29,39
062E:  CLRF   3A
0630:  MOVLW  0E
0632:  MOVWF  3B
0634:  RCALL  0576
0636:  MOVFF  28,39
063A:  CLRF   3A
063C:  MOVLW  11
063E:  MOVWF  3B
0640:  RCALL  0576
....................       LCD_COMMAND (0xD7); 
0642:  MOVLW  D7
0644:  MOVWF  40
0646:  RCALL  01CA
....................       LCD_DATA("THU "); 
0648:  MOVLW  F6
064A:  MOVWF  FF6
064C:  MOVLW  00
064E:  MOVWF  FF7
0650:  RCALL  05D6
....................       LCD_DATA(thu); 
0652:  MOVFF  34,3D
0656:  RCALL  0462
....................       LCD_COMMAND (0xE0);   
0658:  MOVLW  E0
065A:  MOVWF  40
065C:  RCALL  01CA
....................       LCD_DATA(ch_ngay);    LCD_DATA(dv_ngay); 
065E:  MOVFF  2F,3D
0662:  RCALL  0462
0664:  MOVFF  2E,3D
0668:  RCALL  0462
....................       LCD_DATA('/'); 
066A:  MOVLW  2F
066C:  MOVWF  3D
066E:  RCALL  0462
....................       LCD_DATA(ch_thang);   LCD_DATA(dv_thang); 
0670:  MOVFF  30,3D
0674:  RCALL  0462
0676:  MOVFF  31,3D
067A:  RCALL  0462
....................       LCD_DATA('/'); 
067C:  MOVLW  2F
067E:  MOVWF  3D
0680:  RCALL  0462
....................       LCD_DATA(ch_nam);     LCD_DATA(dv_nam); 
0682:  MOVFF  33,3D
0686:  RCALL  0462
0688:  MOVFF  32,3D
068C:  RCALL  0462
068E:  RETURN 0
.................... } 
....................  
....................  
.................... void nhap_nhay_to() 
.................... { 
....................    SWITCH (giatri_mod) 
*
0B76:  MOVF   27,W
0B78:  XORLW  01
0B7A:  BZ    0B96
0B7C:  XORLW  03
0B7E:  BZ    0B9E
0B80:  XORLW  01
0B82:  BZ    0BA6
0B84:  XORLW  07
0B86:  BZ    0BAE
0B88:  XORLW  01
0B8A:  BZ    0BB6
0B8C:  XORLW  03
0B8E:  BZ    0BBE
0B90:  XORLW  01
0B92:  BZ    0BC6
0B94:  BRA    0BCC
....................    { 
....................       CASE 1: ch_gio = 16; dv_gio = 16;  
0B96:  MOVLW  10
0B98:  MOVWF  2D
0B9A:  MOVWF  2C
....................       BREAK; 
0B9C:  BRA    0BCC
....................       CASE 2: ch_phut= 16;dv_phut=16;  
0B9E:  MOVLW  10
0BA0:  MOVWF  2A
0BA2:  MOVWF  2B
....................       BREAK; 
0BA4:  BRA    0BCC
....................       CASE 3: ch_giay=16;dv_giay=16;  
0BA6:  MOVLW  10
0BA8:  MOVWF  29
0BAA:  MOVWF  28
....................       BREAK; 
0BAC:  BRA    0BCC
....................       CASE 4: ch_ngay='_';dv_ngay='_'; 
0BAE:  MOVLW  5F
0BB0:  MOVWF  2F
0BB2:  MOVWF  2E
....................       BREAK; 
0BB4:  BRA    0BCC
....................       CASE 5: ch_thang='_';dv_thang='_';  
0BB6:  MOVLW  5F
0BB8:  MOVWF  30
0BBA:  MOVWF  31
....................       BREAK; 
0BBC:  BRA    0BCC
....................       CASE 6: ch_nam='_';dv_nam='_';  
0BBE:  MOVLW  5F
0BC0:  MOVWF  33
0BC2:  MOVWF  32
....................       BREAK; 
0BC4:  BRA    0BCC
....................       CASE 7: thu="___"; 
0BC6:  MOVLW  5F
0BC8:  MOVWF  34
....................       BREAK; 
0BCA:  BRA    0BCC
....................       DEFAULT: break; 
....................    } 
0BCC:  GOTO   0CAE (RETURN)
.................... } 
....................  
.................... void hien_thi_gia_tri_mod ( ) 
.................... { 
....................    lcd_command(0xD4); 
*
0478:  MOVLW  D4
047A:  MOVWF  40
047C:  RCALL  01CA
....................    lcd_data (giatri_mod + 0x30) ; 
047E:  MOVLW  30
0480:  ADDWF  27,W
0482:  MOVWF  39
0484:  MOVWF  3D
0486:  RCALL  0462
0488:  RETURN 0
.................... } 
....................  
.................... void phim_mod() 
.................... { 
....................    IF (!input (mod)) 
*
07E0:  BSF    F93.2
07E2:  BTFSC  F81.2
07E4:  BRA    0806
....................    { 
....................       delay_ms (20) ; 
07E6:  MOVLW  14
07E8:  MOVWF  3B
07EA:  RCALL  01E0
....................       { 
....................          IF (!input (mod)) 
07EC:  BSF    F93.2
07EE:  BTFSC  F81.2
07F0:  BRA    0806
....................          { 
....................             IF (giatri_mod < 7) giatri_mod++; 
07F2:  MOVF   27,W
07F4:  SUBLW  06
07F6:  BNC   07FC
07F8:  INCF   27,F
07FA:  BRA    07FE
....................             ELSE giatri_mod = 0; 
07FC:  CLRF   27
....................             hien_thi_gia_tri_mod (); 
07FE:  RCALL  0478
....................             WHILE ( ! input (mod)) ; 
0800:  BSF    F93.2
0802:  BTFSS  F81.2
0804:  BRA    0800
....................          } 
....................       } 
....................    } 
0806:  GOTO   0C8C (RETURN)
.................... } 
....................  
.................... unsigned int8 hieu_chinh_so_bcd_tang(UNSIGNED int8 x ) 
.................... { 
....................    UNSIGNED int8 y; 
....................    y = x; 
080A:  MOVFF  39,3A
....................    x = x&0x0f; 
080E:  MOVLW  0F
0810:  ANDWF  39,F
....................    IF (x == 0x0a) y = y + 6; 
0812:  MOVF   39,W
0814:  SUBLW  0A
0816:  BNZ   081C
0818:  MOVLW  06
081A:  ADDWF  3A,F
....................    RETURN (y) ; 
081C:  MOVFF  3A,01
0820:  RETURN 0
.................... } 
....................  
.................... unsigned int8 hieu_chinh_so_bcd_giam(UNSIGNED int8 x ) 
.................... { 
....................    UNSIGNED int8 y; 
....................    y = x; 
*
09F0:  MOVFF  39,3A
....................    x = x&0x0f; 
09F4:  MOVLW  0F
09F6:  ANDWF  39,F
....................    IF (x == 0x0f) y = y - 6; 
09F8:  MOVF   39,W
09FA:  SUBLW  0F
09FC:  BNZ   0A02
09FE:  MOVLW  06
0A00:  SUBWF  3A,F
....................    RETURN (y) ; 
0A02:  MOVFF  3A,01
0A06:  RETURN 0
.................... } 
....................  
.................... void luu_giai_ma_hien_thi_sau_khi_chinh() 
.................... { 
....................    nap_thoi_gian_htai_vao_ds13B07(); 
*
08FE:  RCALL  03DC
....................    hien_thi_thoi_gian_ds13B07 (); 
0900:  BRA    0822
0902:  RETURN 0
.................... } 
....................  
.................... void phim_up() 
.................... { 
....................    IF (!input (up)) 
0904:  BSF    F93.5
0906:  BTFSC  F81.5
0908:  BRA    09EC
....................    { 
....................       delay_ms (20) ; 
090A:  MOVLW  14
090C:  MOVWF  3B
090E:  RCALL  01E0
....................  
....................       IF (!input (up)) 
0910:  BSF    F93.5
0912:  BTFSC  F81.5
0914:  BRA    09EC
....................       { 
....................          SWITCH (giatri_mod) 
0916:  MOVF   27,W
0918:  XORLW  03
091A:  BZ    0936
091C:  XORLW  01
091E:  BZ    0950
0920:  XORLW  03
0922:  BZ    096A
0924:  XORLW  05
0926:  BZ    0984
0928:  XORLW  01
092A:  BZ    09A0
092C:  XORLW  03
092E:  BZ    09BC
0930:  XORLW  01
0932:  BZ    09D6
0934:  BRA    09E6
....................          { 
....................             case 3: IF (giay_ds13 == 0x59) giay_ds13 = 0; 
0936:  MOVF   21,W
0938:  SUBLW  59
093A:  BNZ   0940
093C:  CLRF   21
093E:  BRA    094C
....................  
....................             ELSE 
....................             { 
....................                giay_ds13++; 
0940:  INCF   21,F
....................                giay_ds13=hieu_chinh_so_bcd_tang(giay_ds13); 
0942:  MOVFF  21,39
0946:  RCALL  080A
0948:  MOVFF  01,21
....................             } 
....................  
....................             luu_giai_ma_hien_thi_sau_khi_chinh () ; 
094C:  RCALL  08FE
....................             BREAK; 
094E:  BRA    09E6
....................             case 2: IF (phut_ds13 == 0x59) phut_ds13 = 0; 
0950:  MOVF   20,W
0952:  SUBLW  59
0954:  BNZ   095A
0956:  CLRF   20
0958:  BRA    0966
....................  
....................             ELSE 
....................             { 
....................                phut_ds13++; 
095A:  INCF   20,F
....................                phut_ds13=hieu_chinh_so_bcd_tang(phut_ds13); 
095C:  MOVFF  20,39
0960:  RCALL  080A
0962:  MOVFF  01,20
....................             } 
....................  
....................             luu_giai_ma_hien_thi_sau_khi_chinh () ; 
0966:  RCALL  08FE
....................             BREAK; 
0968:  BRA    09E6
....................             case 1: IF (gio_ds13 == 0x23) gio_ds13 = 0; 
096A:  MOVF   1F,W
096C:  SUBLW  23
096E:  BNZ   0974
0970:  CLRF   1F
0972:  BRA    0980
....................  
....................             ELSE 
....................             { 
....................                gio_ds13++; 
0974:  INCF   1F,F
....................                gio_ds13 = hieu_chinh_so_bcd_tang (gio_ds13) ; 
0976:  MOVFF  1F,39
097A:  RCALL  080A
097C:  MOVFF  01,1F
....................             } 
....................  
....................             luu_giai_ma_hien_thi_sau_khi_chinh () ; 
0980:  RCALL  08FE
....................             BREAK; 
0982:  BRA    09E6
....................             case 4: IF (ngay_ds13 == 0x31) ngay_ds13 = 1; 
0984:  MOVF   1D,W
0986:  SUBLW  31
0988:  BNZ   0990
098A:  MOVLW  01
098C:  MOVWF  1D
098E:  BRA    099C
....................  
....................             ELSE 
....................             { 
....................                ngay_ds13++; 
0990:  INCF   1D,F
....................                ngay_ds13 = hieu_chinh_so_bcd_tang (ngay_ds13) ; 
0992:  MOVFF  1D,39
0996:  RCALL  080A
0998:  MOVFF  01,1D
....................             } 
....................  
....................             luu_giai_ma_hien_thi_sau_khi_chinh () ; 
099C:  RCALL  08FE
....................             BREAK; 
099E:  BRA    09E6
....................             case 5: IF (thang_ds13 == 0x12) thang_ds13 = 1; 
09A0:  MOVF   1C,W
09A2:  SUBLW  12
09A4:  BNZ   09AC
09A6:  MOVLW  01
09A8:  MOVWF  1C
09AA:  BRA    09B8
....................  
....................             ELSE 
....................             { 
....................                thang_ds13++; 
09AC:  INCF   1C,F
....................                thang_ds13=hieu_chinh_so_bcd_tang(thang_ds13); 
09AE:  MOVFF  1C,39
09B2:  RCALL  080A
09B4:  MOVFF  01,1C
....................             } 
....................  
....................             luu_giai_ma_hien_thi_sau_khi_chinh () ; 
09B8:  RCALL  08FE
....................             BREAK; 
09BA:  BRA    09E6
....................             case 6: IF (nam_ds13 == 0x99) nam_ds13 = 0; 
09BC:  MOVF   1B,W
09BE:  SUBLW  99
09C0:  BNZ   09C6
09C2:  CLRF   1B
09C4:  BRA    09D2
....................             ELSE 
....................             { 
....................                nam_ds13++; 
09C6:  INCF   1B,F
....................                nam_ds13 = hieu_chinh_so_bcd_tang (nam_ds13) ; 
09C8:  MOVFF  1B,39
09CC:  RCALL  080A
09CE:  MOVFF  01,1B
....................             } 
....................  
....................             luu_giai_ma_hien_thi_sau_khi_chinh () ; 
09D2:  RCALL  08FE
....................             BREAK; 
09D4:  BRA    09E6
....................              
....................             case 7:  
....................             
....................                thu_ds13++; 
09D6:  INCF   1E,F
....................                if (thu_ds13 == 8) thu_ds13=1;  
09D8:  MOVF   1E,W
09DA:  SUBLW  08
09DC:  BNZ   09E2
09DE:  MOVLW  01
09E0:  MOVWF  1E
....................                luu_giai_ma_hien_thi_sau_khi_chinh () ; 
09E2:  RCALL  08FE
....................             BREAK; 
09E4:  BRA    09E6
....................             DEFAULT: break; 
....................          } 
....................  
....................          WHILE ( ! input (up)) ; 
09E6:  BSF    F93.5
09E8:  BTFSS  F81.5
09EA:  BRA    09E6
....................       } 
....................    } 
09EC:  GOTO   0C8E (RETURN)
.................... } 
....................  
.................... void phim_dw() 
.................... { 
....................    IF (!input (dw)) 
*
0A08:  BSF    F93.4
0A0A:  BTFSC  F81.4
0A0C:  BRA    0AEC
....................    { 
....................       delay_ms (50) ; 
0A0E:  MOVLW  32
0A10:  MOVWF  3B
0A12:  CALL   01E0
....................  
....................       IF (!input (dw)) 
0A16:  BSF    F93.4
0A18:  BTFSC  F81.4
0A1A:  BRA    0AEC
....................       { 
....................          SWITCH (giatri_mod) 
0A1C:  MOVF   27,W
0A1E:  XORLW  03
0A20:  BZ    0A3C
0A22:  XORLW  01
0A24:  BZ    0A56
0A26:  XORLW  03
0A28:  BZ    0A70
0A2A:  XORLW  05
0A2C:  BZ    0A8A
0A2E:  XORLW  01
0A30:  BZ    0AA4
0A32:  XORLW  03
0A34:  BZ    0ABE
0A36:  XORLW  01
0A38:  BZ    0AD8
0A3A:  BRA    0AE6
....................          { 
....................             case 3: IF (giay_ds13 == 0) giay_ds13 = 0x59; 
0A3C:  MOVF   21,F
0A3E:  BNZ   0A46
0A40:  MOVLW  59
0A42:  MOVWF  21
0A44:  BRA    0A52
....................  
....................             ELSE 
....................             { 
....................                giay_ds13--; 
0A46:  DECF   21,F
....................                giay_ds13 = hieu_chinh_so_bcd_giam (giay_ds13) ; 
0A48:  MOVFF  21,39
0A4C:  RCALL  09F0
0A4E:  MOVFF  01,21
....................             } 
....................  
....................             luu_giai_ma_hien_thi_sau_khi_chinh () ; 
0A52:  RCALL  08FE
....................             BREAK; 
0A54:  BRA    0AE6
....................             case 2: IF (phut_ds13 == 0) phut_ds13 = 0x59; 
0A56:  MOVF   20,F
0A58:  BNZ   0A60
0A5A:  MOVLW  59
0A5C:  MOVWF  20
0A5E:  BRA    0A6C
....................  
....................             ELSE 
....................             { 
....................                phut_ds13--; 
0A60:  DECF   20,F
....................                phut_ds13=hieu_chinh_so_bcd_giam(phut_ds13); 
0A62:  MOVFF  20,39
0A66:  RCALL  09F0
0A68:  MOVFF  01,20
....................             } 
....................  
....................             luu_giai_ma_hien_thi_sau_khi_chinh () ; 
0A6C:  RCALL  08FE
....................             BREAK; 
0A6E:  BRA    0AE6
....................             case 1: IF (gio_ds13 == 0) gio_ds13 = 0x23; 
0A70:  MOVF   1F,F
0A72:  BNZ   0A7A
0A74:  MOVLW  23
0A76:  MOVWF  1F
0A78:  BRA    0A86
....................  
....................             ELSE 
....................             { 
....................                gio_ds13--; 
0A7A:  DECF   1F,F
....................                gio_ds13 = hieu_chinh_so_bcd_giam (gio_ds13) ; 
0A7C:  MOVFF  1F,39
0A80:  RCALL  09F0
0A82:  MOVFF  01,1F
....................             } 
....................  
....................             luu_giai_ma_hien_thi_sau_khi_chinh () ; 
0A86:  RCALL  08FE
....................             BREAK; 
0A88:  BRA    0AE6
....................             case 4: IF (ngay_ds13 == 0) ngay_ds13 = 0x31; 
0A8A:  MOVF   1D,F
0A8C:  BNZ   0A94
0A8E:  MOVLW  31
0A90:  MOVWF  1D
0A92:  BRA    0AA0
....................  
....................             ELSE 
....................             { 
....................                ngay_ds13--; 
0A94:  DECF   1D,F
....................                ngay_ds13 = hieu_chinh_so_bcd_giam (ngay_ds13) ; 
0A96:  MOVFF  1D,39
0A9A:  RCALL  09F0
0A9C:  MOVFF  01,1D
....................             } 
....................  
....................             luu_giai_ma_hien_thi_sau_khi_chinh () ; 
0AA0:  RCALL  08FE
....................             BREAK; 
0AA2:  BRA    0AE6
....................             case 5: IF (thang_ds13 == 1) thang_ds13 = 0x12; 
0AA4:  DECFSZ 1C,W
0AA6:  BRA    0AAE
0AA8:  MOVLW  12
0AAA:  MOVWF  1C
0AAC:  BRA    0ABA
....................  
....................             ELSE 
....................             { 
....................                thang_ds13--; 
0AAE:  DECF   1C,F
....................                thang_ds13 = hieu_chinh_so_bcd_giam (thang_ds13) ; 
0AB0:  MOVFF  1C,39
0AB4:  RCALL  09F0
0AB6:  MOVFF  01,1C
....................             } 
....................  
....................             luu_giai_ma_hien_thi_sau_khi_chinh () ; 
0ABA:  RCALL  08FE
....................             BREAK; 
0ABC:  BRA    0AE6
....................             case 6: IF (nam_ds13 == 0) nam_ds13 = 0x99; 
0ABE:  MOVF   1B,F
0AC0:  BNZ   0AC8
0AC2:  MOVLW  99
0AC4:  MOVWF  1B
0AC6:  BRA    0AD4
....................  
....................             ELSE 
....................             { 
....................                nam_ds13--; 
0AC8:  DECF   1B,F
....................                nam_ds13 = hieu_chinh_so_bcd_giam (nam_ds13) ; 
0ACA:  MOVFF  1B,39
0ACE:  RCALL  09F0
0AD0:  MOVFF  01,1B
....................             } 
....................  
....................             luu_giai_ma_hien_thi_sau_khi_chinh () ; 
0AD4:  RCALL  08FE
....................             BREAK; 
0AD6:  BRA    0AE6
....................              
....................             case 7:  
....................             thu_ds13--; 
0AD8:  DECF   1E,F
....................             if (thu_ds13 == 0) thu_ds13=7; 
0ADA:  MOVF   1E,F
0ADC:  BNZ   0AE2
0ADE:  MOVLW  07
0AE0:  MOVWF  1E
....................             luu_giai_ma_hien_thi_sau_khi_chinh () ; 
0AE2:  RCALL  08FE
....................             BREAK; 
0AE4:  BRA    0AE6
....................             DEFAULT: break; 
....................          } 
....................  
....................          WHILE ( ! input (dw)) ; 
0AE6:  BSF    F93.4
0AE8:  BTFSS  F81.4
0AEA:  BRA    0AE6
....................       } 
....................    } 
0AEC:  GOTO   0C90 (RETURN)
.................... } 
....................  
.................... void delay_mssv(UNSIGNED int8 t) 
....................    { 
....................    for (INT8 i = 0; i < t; i++) 
*
0B4C:  CLRF   3A
0B4E:  MOVF   39,W
0B50:  SUBWF  3A,W
0B52:  BC    0B74
....................    { 
....................       delay_ms (1) ; 
0B54:  MOVLW  01
0B56:  MOVWF  3B
0B58:  CALL   01E0
....................       IF ((input (up) == 0)|| (input (dw) == 0)||(input (mod)  == 0)) 
0B5C:  BSF    F93.5
0B5E:  BTFSS  F81.5
0B60:  BRA    0B6E
0B62:  BSF    F93.4
0B64:  BTFSS  F81.4
0B66:  BRA    0B6E
0B68:  BSF    F93.2
0B6A:  BTFSC  F81.2
0B6C:  BRA    0B70
....................       BREAK; 
0B6E:  BRA    0B74
0B70:  INCF   3A,F
0B72:  BRA    0B4E
....................    } 
0B74:  RETURN 0
....................    } 
....................  
.................... void main() 
*
0BD0:  CLRF   FF8
0BD2:  BCF    FD0.7
0BD4:  CLRF   06
0BD6:  CLRF   0D
0BD8:  CLRF   0E
0BDA:  CLRF   0F
0BDC:  CLRF   10
0BDE:  CLRF   19
0BE0:  MOVF   FC1,W
0BE2:  ANDLW  C0
0BE4:  IORLW  0F
0BE6:  MOVWF  FC1
0BE8:  MOVLW  07
0BEA:  MOVWF  FB4
0BEC:  SETF   11
0BEE:  SETF   12
0BF0:  SETF   13
0BF2:  SETF   14
0BF4:  SETF   15
0BF6:  SETF   16
0BF8:  SETF   17
0BFA:  SETF   18
.................... { 
....................    set_up_port_ic_chot(); 
0BFC:  GOTO   00FC
....................    setup_lcd () ; 
0C00:  GOTO   0206
....................    doc_thoi_gian_tu_realtime () ; 
0C04:  CALL   02DE
....................  
....................    IF (ma_ds13 != ma_ds) 
0C08:  MOVF   22,W
0C0A:  SUBLW  91
0C0C:  BZ    0C16
....................    { 
....................       thiet_lap_thoi_gian_hien_tai () ; 
0C0E:  GOTO   03B4
....................       nap_thoi_gian_htai_vao_ds13B07 () ; 
0C12:  CALL   03DC
....................    } 
....................  
....................    giatri_mod = 0; 
0C16:  CLRF   27
....................    hien_thi_gia_tri_mod (); 
0C18:  RCALL  0478
....................    doc_thoi_gian_tu_realtime () ; 
0C1A:  CALL   02DE
....................    giaytam = giay_ds13; 
0C1E:  MOVFF  21,24
....................    
....................    lcd_command(0x40); 
0C22:  MOVLW  40
0C24:  MOVWF  40
0C26:  CALL   01CA
....................    FOR (i=0;i<64;i++) { lcd_data(lcd_ma_8doan[i]); } 
0C2A:  CLRF   35
0C2C:  BTFSC  35.7
0C2E:  BRA    0C36
0C30:  MOVF   35,W
0C32:  SUBLW  3F
0C34:  BNC   0C52
0C36:  CLRF   03
0C38:  MOVF   35,W
0C3A:  MOVFF  FF2,39
0C3E:  BCF    FF2.7
0C40:  CALL   008C
0C44:  BTFSC  39.7
0C46:  BSF    FF2.7
0C48:  MOVWF  39
0C4A:  MOVWF  3D
0C4C:  RCALL  0462
0C4E:  INCF   35,F
0C50:  BRA    0C2C
....................    tt=1; 
0C52:  BSF    38.0
....................     giaima_hienthi_to(); 
0C54:  RCALL  048A
....................          HT_DS1307_to ( ); 
0C56:  RCALL  05F6
....................    WHILE (true) 
....................    { 
....................       doc_thoi_gian_tu_realtime () ; 
0C58:  CALL   02DE
....................       phim_nhan(); 
0C5C:  BRA    0690
....................       IF (giaytam != giay_ds13) 
0C5E:  MOVF   21,W
0C60:  SUBWF  24,W
0C62:  BZ    0C78
....................       { 
....................          giaytam = giay_ds13; 
0C64:  MOVFF  21,24
....................          hien_thi_gia_tri_mod (); 
0C68:  RCALL  0478
....................           
....................          if (tt==0) 
0C6A:  BTFSC  38.0
0C6C:  BRA    0C74
....................          { 
....................          giaima_hienthi_nho(); 
0C6E:  BRA    06B4
....................          HT_DS1307_nho ( ); 
0C70:  RCALL  0756
....................          } 
0C72:  BRA    0C78
....................          else  
....................          { 
....................          giaima_hienthi_to(); 
0C74:  RCALL  048A
....................          HT_DS1307_to ( ); 
0C76:  RCALL  05F6
....................          } 
....................       } 
....................  
....................       FOR (k = 0; k < 10000; k++) 
0C78:  CLRF   26
0C7A:  CLRF   25
0C7C:  MOVF   26,W
0C7E:  SUBLW  27
0C80:  BNC   0C98
0C82:  BNZ   0C8A
0C84:  MOVF   25,W
0C86:  SUBLW  0F
0C88:  BNC   0C98
....................       { 
....................          phim_mod (); phim_up (); phim_dw (); 
0C8A:  BRA    07E0
0C8C:  BRA    0904
0C8E:  BRA    0A08
0C90:  INCF   25,F
0C92:  BTFSC  FD8.2
0C94:  INCF   26,F
0C96:  BRA    0C7C
....................       } 
....................        
....................       IF (giatri_mod != 0)  
0C98:  MOVF   27,F
0C9A:  BZ    0CB6
....................       { 
....................          if(tt==0) 
0C9C:  BTFSC  38.0
0C9E:  BRA    0CAC
....................           { 
....................           nhap_nhay_nho(); 
0CA0:  BRA    0AF0
....................           delay_mssv (500) ; 
0CA2:  MOVLW  F4
0CA4:  MOVWF  39
0CA6:  RCALL  0B4C
....................           HT_DS1307_nho( ); 
0CA8:  RCALL  0756
....................           } 
0CAA:  BRA    0CB6
....................           else 
....................         { 
....................           nhap_nhay_to(); 
0CAC:  BRA    0B76
....................           delay_mssv (500) ; 
0CAE:  MOVLW  F4
0CB0:  MOVWF  39
0CB2:  RCALL  0B4C
....................           HT_DS1307_to( ); 
0CB4:  RCALL  05F6
....................           } 
....................       }  
0CB6:  BRA    0C58
....................    } 
.................... } 
....................  
0CB8:  SLEEP 

Configuration Fuses:
   Word  1: CC27   PLL12 CPUDIV1 USBDIV HS FCMEN IESO
   Word  2: 1E3E   PUT BROWNOUT BORV21 VREGEN NOWDT WDT32768
   Word  3: 8700   CCP2C1 PBADEN LPT1OSC MCLR
   Word  4: 00A1   STVREN NOLVP ICSP2 NOXINST NODEBUG
   Word  5: C00F   NOPROTECT NOCPB NOCPD
   Word  6: E00F   NOWRT NOWRTC NOWRTB NOWRTD
   Word  7: 400F   NOEBTR NOEBTRB
