CCS PCH C Compiler, Version 5.015, 5967               10-Aug-20 16:49

               Filename:   C:\Users\tsqua\OneDrive - student.mtsac.edu\Desktop\BAI_TAP_VXL_NEW_3\BAI_803_I2C_RT_LCD_3KEY.lst

               ROM used:   1870 bytes (6%)
                           Largest free fragment is 30898
               RAM used:   40 (2%) at main() level
                           48 (2%) worst case
               Stack used: 8 locations
               Stack size: 31

*
0000:  GOTO   06C2
.................... #INCLUDE <TV_PICKIT2_SHIFT_1.C> 
.................... #INCLUDE    <18F4550.H> 
.................... //////////// Standard Header file for the PIC18F4550 device //////////////// 
.................... /////////////////////////////////////////////////////////////////////////// 
.................... ////        (C) Copyright 1996, 2013 Custom Computer Services          //// 
.................... //// This source code may only be used by licensed users of the CCS C  //// 
.................... //// compiler.  This source code may only be distributed to other      //// 
.................... //// licensed users of the CCS C compiler.  No other use, reproduction //// 
.................... //// or distribution is permitted without written permission.          //// 
.................... //// Derivative programs created using this software in object code    //// 
.................... //// form are not restricted in any way.                               //// 
.................... /////////////////////////////////////////////////////////////////////////// 
.................... #device PIC18F4550 
....................  
.................... #list 
....................  
.................... #DEVICE     ADC=10 
.................... #FUSES      NOWDT,PUT,HS,NOPROTECT,NOLVP,CPUDIV1 
.................... #USE        I2C(MASTER,SLOW,SDA=PIN_B0,SCL=PIN_B1) 
*
0156:  MOVLW  08
0158:  MOVWF  01
015A:  NOP   
015C:  BCF    F8A.1
015E:  BCF    F93.1
0160:  NOP   
0162:  RLCF   28,F
0164:  BCF    F8A.0
0166:  BTFSC  FD8.0
0168:  BSF    F93.0
016A:  BTFSS  FD8.0
016C:  BCF    F93.0
016E:  BSF    F93.1
0170:  BTFSS  F81.1
0172:  BRA    0170
0174:  DECFSZ 01,F
0176:  BRA    015A
0178:  NOP   
017A:  BCF    F8A.1
017C:  BCF    F93.1
017E:  NOP   
0180:  BSF    F93.0
0182:  NOP   
0184:  NOP   
0186:  BSF    F93.1
0188:  BTFSS  F81.1
018A:  BRA    0188
018C:  CLRF   01
018E:  NOP   
0190:  BTFSC  F81.0
0192:  BSF    01.0
0194:  BCF    F8A.1
0196:  BCF    F93.1
0198:  BCF    F8A.0
019A:  BCF    F93.0
019C:  RETURN 0
019E:  MOVLW  08
01A0:  MOVWF  29
01A2:  MOVFF  00,2A
01A6:  BSF    F93.0
01A8:  NOP   
01AA:  BSF    F93.1
01AC:  BTFSS  F81.1
01AE:  BRA    01AC
01B0:  BTFSC  F81.0
01B2:  BSF    FD8.0
01B4:  BTFSS  F81.0
01B6:  BCF    FD8.0
01B8:  RLCF   01,F
01BA:  NOP   
01BC:  BCF    F93.1
01BE:  BCF    F8A.1
01C0:  DECFSZ 29,F
01C2:  BRA    01A6
01C4:  BSF    F93.0
01C6:  NOP   
01C8:  BCF    F8A.0
01CA:  MOVF   2A,W
01CC:  BTFSS  FD8.2
01CE:  BCF    F93.0
01D0:  NOP   
01D2:  BSF    F93.1
01D4:  BTFSS  F81.1
01D6:  BRA    01D4
01D8:  NOP   
01DA:  BCF    F8A.1
01DC:  BCF    F93.1
01DE:  NOP   
01E0:  BCF    F8A.0
01E2:  BCF    F93.0
01E4:  RETURN 0
.................... #USE        DELAY(CLOCK=20000000) 
*
00E8:  CLRF   FEA
00EA:  MOVLW  28
00EC:  MOVWF  FE9
00EE:  MOVF   FEF,W
00F0:  BZ    010C
00F2:  MOVLW  06
00F4:  MOVWF  01
00F6:  CLRF   00
00F8:  DECFSZ 00,F
00FA:  BRA    00F8
00FC:  DECFSZ 01,F
00FE:  BRA    00F6
0100:  MOVLW  7B
0102:  MOVWF  00
0104:  DECFSZ 00,F
0106:  BRA    0104
0108:  DECFSZ FEF,F
010A:  BRA    00F2
010C:  RETURN 0
.................... //#USE        rs232(baud=9600, xmit=PIN_C6,rcv=PIN_C7) 
.................... //NUT NHAN: 
.................... #DEFINE  BT0     PIN_B5 
.................... #DEFINE  BT1     PIN_B4 
.................... #DEFINE  BT2     PIN_B3 
.................... #DEFINE  BT3     PIN_B2 
....................  
.................... #DEFINE  ON      BT0       //DK LED DON, MOTOR 
.................... #DEFINE  OFF     BT1 
.................... #DEFINE  INV     BT2 
....................  
.................... #DEFINE  UP      BT0    //DK LED DON 
.................... #DEFINE  DW      BT1 
.................... #DEFINE  CLR     BT2 
.................... #DEFINE  MOD     BT3 
....................  
.................... #DEFINE  STOP    BT3 
....................  
.................... #DEFINE  ON1     BT0      
.................... #DEFINE  OFF1    BT1 
.................... #DEFINE  ON2     BT2        
.................... #DEFINE  OFF2    BT3 
....................  
....................  
.................... #DEFINE     TRIGGER      PIN_E2 
.................... #DEFINE     ECHO         PIN_E1 
.................... //   IC74138_A    PIN_B6   //OUTPUT GIAI MA 2 SANG 4 TICH CUC MUC 0 
.................... //   IC74138_B    PIN_B7   //OUTPUT GIAI MA 2 SANG 4 TICH CUC MUC 0 
....................  
.................... //          ENCODER  PIN_C0   //RC0/T13CKI 
....................  
.................... //          CB_KC    PIN_A2   //RA2/AN2 
.................... //          PIR      PIN_A3   //RA3/AN3 
.................... //          CBXUNG   PIN_A4   //RA4/T0CKI 
.................... //          LEDTHU   PIN_A4   //RA4/T0CKI//SW802 
....................  
.................... //          CB_KCSA_TRIGGER  PIN_E2   //RE2/SDO  DUNG CHUNG 
.................... //          CB_KCSA_RCHO     PIN_E1   //RE1 
....................  
.................... //          CB_TCS3200_OUT    PIN_E1   //RE1 //CAM BIEN MAU TCS3200 
.................... //          CB_TCS3200_S0     B12      //LAY TU MBI5026 
.................... //          CB_TCS3200_S1     B13      //LAY TU MBI5026 
.................... //          CB_TCS3200_S2     B14      //LAY TU MBI5026 
.................... //          CB_TCS3200_S3     B15      //LAY TU MBI5026 
....................  
.................... //          CB_POWER  SW803 
.................... //          CB_GAS      AIN3_PCF8591T   //RE1 
.................... //          CB_QUANG    AIN2_PCF8591T    
.................... //          CB_LM35B    AIN1_PCF8591T   //RA1/AN1 
.................... //          CB_LM35A    AIN0_PCF8591T   //RE1/AN0 
....................  
.................... //XXXXXXXXXXXXXXXXXXXXXXXXXXXXXXXXXXXXXXXXXXXXXXXXX 
.................... #DEFINE      ENABLE_573A      PIN_D1         //CS0 CUA A 
.................... #DEFINE      ENABLE_573B      PIN_D0         //CS1 CUA B 
.................... //XXXXXXXXXXXXXXXXXXXXXXXXXXXXXXXXXXXXXXXXXXXXXXXXX 
.................... #DEFINE      SSDO             PIN_E2         //CHUNG TAT CA 
.................... #DEFINE      SSCK             PIN_E0         //CHUNG TAT CA 
.................... //XXXXXXXXXXXXXXXXXXXXXXXXXXXXXXXXXXXXXXXXXXXXXXXXX 
.................... #DEFINE      RCK_4LED7DOAN    PIN_D7         //A - 4 BYTE 
.................... #DEFINE      G_4LED7DOAN      PIN_D6         //A - 4 BYTE 
.................... //XXXXXXXXXXXXXXXXXXXXXXXXXXXXXXXXXXXXXXXXXXXX     
.................... #DEFINE      RCK_MATRANLED    PIN_D7         //B - 3 BYTE DAO 
.................... #DEFINE      G_MATRANLED      PIN_D6         //B - 3 BYTE DAO 
.................... //XXXXXXXXXXXXXXXXXXXXXXXXXXXXXXXXXXXXXXXXXXXXXXXXX 
.................... #DEFINE      RCK_32LED        PIN_D5         //A - 4 BYTE 
.................... #DEFINE      G_32LED          PIN_D4         //A - 4 BYTE 
.................... //XXXXXXXXXXXXXXXXXXXXXXXXXXXXXXXXXXXXXXXXXXXX  
.................... #DEFINE      RCK_8LEDQUET     PIN_D5         //B - 2 BYTE DAO 
.................... #DEFINE      G_8LEDQUET       PIN_D4         //B - 2 BYTE DAO 
.................... //XXXXXXXXXXXXXXXXXXXXXXXXXXXXXXXXXXXXXXXXXXXXXXXXX 
.................... #DEFINE      RCK_LCD20X4      PIN_D3         //A - 2 BYTE DAO 
.................... #DEFINE      G_LCD20X4         PIN_D2         //A - 2 BYTE DAO 
.................... //XXXXXXXXXXXXXXXXXXXXXXXXXXXXXXXXXXXXXXXXXXXX  
.................... #DEFINE      RCK_BUZERELAY    PIN_D3     //B - 1 BYTE  
.................... #DEFINE      G_BUZERELAY      PIN_D2         //B - 1 BYTE  
....................  
.................... VOID XUAT_LCD20X4(UNSIGNED INT8 LCD_SIGNAL,LCD_INS_HTHI); 
....................  
.................... VOID XUAT_BUZZER_RELAY(); 
.................... //XXXXXXXXXXXXXXXXXXXXXXXXXXXXXXXXXXXXXXXXXXXX    
.................... #DEFINE     CHOT_2_IC_74573_A_B  OUTPUT_D(0XFC) 
....................  
.................... UNSIGNED INT8 TIN_HIEU_DK_74573_A; 
.................... #BIT G_4A         = TIN_HIEU_DK_74573_A.6 
.................... #BIT G_32A        = TIN_HIEU_DK_74573_A.4 
.................... #BIT G_LCDA       = TIN_HIEU_DK_74573_A.2 
.................... //XXXXXXXXXXXXXXXXXXXXXXXXXXXXXXXXXXXXXXXXXXXX          
.................... #DEFINE     MO_32_LED_DON        G_32A=0; //OUTPUT_LOW(G_32LED)  
.................... #DEFINE     TAT_32_LED_DON       G_32A=1; //OUTPUT_HIGH(G_32LED)  
.................... //XXXXXXXXXXXXXXXXXXXXXXXXXXXXXXXXXXXXXXXXXXXX          
.................... #DEFINE     MO_4_LED_7DOAN       G_4A=0;  //OUTPUT_LOW(G_4LED7DOAN) 
.................... #DEFINE     TAT_4_LED_7DOAN      G_4A=1;  //OUTPUT_HIGH(G_4LED7DOAN) 
.................... //XXXXXXXXXXXXXXXXXXXXXXXXXXXXXXXXXXXXXXXXXXXX  
.................... #DEFINE     MO_GLCD_LCD           G_LCDA=0;   //OUTPUT_LOW(G_LCD20X4) 
.................... #DEFINE     TAT_GLCD_LCD          G_LCDA=1;   // OUTPUT_LOW(G_LCD20X4) 
....................  
.................... UNSIGNED INT8 TIN_HIEU_DK_74573_B;   
.................... #BIT G_MTB        = TIN_HIEU_DK_74573_B.6 
.................... #BIT G_8B         = TIN_HIEU_DK_74573_B.4 
.................... #BIT G_RBDCB      = TIN_HIEU_DK_74573_B.2 
.................... //XXXXXXXXXXXXXXXXXXXXXXXXXXXXXXXXXXXXXXXXXXXX  
.................... #DEFINE     MO_LED_MATRAN        G_MTB=0; //OUTPUT_LOW(G_MATRANLED) 
.................... #DEFINE     TAT_LED_MATRAN       G_MTB=1; //OUTPUT_LOW(G_MATRANLED) 
.................... //XXXXXXXXXXXXXXXXXXXXXXXXXXXXXXXXXXXXXXXXXXXX        
.................... #DEFINE     MO_8_LED_QUET        G_8B=0;  //OUTPUT_LOW(G_8LEDQUET) 
.................... #DEFINE     TAT_8_LED_QUET       G_8B=1;  //OUTPUT_LOW(G_8LEDQUET) 
.................... //XXXXXXXXXXXXXXXXXXXXXXXXXXXXXXXXXXXXXXXXXXXX          
.................... #DEFINE     MO_RELAY_BUZZER_DC   G_RBDCB=0;  //OUTPUT_LOW(G_BUZERELAY) 
.................... #DEFINE     TAT_RELAY_BUZZER_DC  G_RBDCB=1;  //OUTPUT_LOW(G_BUZERELAY) 
....................  
.................... //XXXXXXXXXXXXXXXXXXXXXXXXXXXXXXXXXXXXXXXXXXXX 
.................... //CHUONG TRINH KIEM TRA PHIM BT1 
.................... //XXXXXXXXXXXXXXXXXXXXXXXXXXXXXXXXXXXXXXXXXXXX 
.................... UNSIGNED INT8 DL_BTN=0; 
.................... INT1 PHIM_BT0(UNSIGNED INT16 DL) 
.................... {   
....................     IF (!INPUT(BT0)) 
....................     {   
....................       DL_BTN++; 
....................        
....................       IF (DL_BTN>= DL) 
....................          { 
....................             DL_BTN =0; 
....................             RETURN(1); 
....................          } 
....................       ELSE RETURN(0); 
....................     } 
....................     ELSE    RETURN(0); 
.................... }  
.................... //XXXXXXXXXXXXXXXXXXXXXXXXXXXXXXXXXXXXXXXXXXXX 
.................... //CHUONG TRINH KIEM TRA PHIM BT1 
.................... //XXXXXXXXXXXXXXXXXXXXXXXXXXXXXXXXXXXXXXXXXXXX 
.................... INT1 PHIM_BT1(UNSIGNED INT16 DL ) 
.................... {   
....................     IF (!INPUT(BT1)) 
....................     {   
....................       DL_BTN++; 
....................        
....................       IF (DL_BTN>= DL) 
....................          { 
....................             DL_BTN =0; 
....................             RETURN(1); 
....................          } 
....................       ELSE RETURN(0); 
....................     } 
....................     ELSE    RETURN(0); 
.................... }  
.................... //XXXXXXXXXXXXXXXXXXXXXXXXXXXXXXXXXXXXXXXXXXXX 
.................... //CHUONG TRINH KIEM TRA PHIM BT2       
.................... //XXXXXXXXXXXXXXXXXXXXXXXXXXXXXXXXXXXXXXXXXXXX                                     
.................... INT1 PHIM_BT2(UNSIGNED INT16 DL ) 
.................... {                                         
....................     IF (!INPUT(BT2)) 
....................     {   
....................       DL_BTN++; 
....................        
....................       IF (DL_BTN>= DL) 
....................          { 
....................             DL_BTN =0; 
....................             RETURN(1); 
....................          } 
....................       ELSE RETURN(0); 
....................     } 
....................     ELSE    RETURN(0); 
....................                                           
.................... }       
....................  
.................... //XXXXXXXXXXXXXXXXXXXXXXXXXXXXXXXXXXXXXXXXXXXX 
.................... //CHUONG TRINH KIEM TRA PHIM BT3 
.................... //XXXXXXXXXXXXXXXXXXXXXXXXXXXXXXXXXXXXXXXXXXXX 
.................... INT1 PHIM_BT3(UNSIGNED INT16 DL,  UNSIGNED INT8 SOLAN  ) 
.................... {   
....................     IF (!INPUT(BT3)) 
....................     {   
....................       DL_BTN++; 
....................       IF(DL_BTN==1) RETURN(1); 
....................       ELSE 
....................       { 
....................          IF (DL_BTN>= DL) 
....................          DL_BTN =SOLAN; 
....................       } 
....................     } 
....................     ELSE    
....................     { 
....................       //DL_BTN =0; 
....................       RETURN(0); 
....................     } 
.................... }  
.................... //XXXXXXXXXXXXXXXXXXXXXXXXXXXXXXXXXXXXXXXXXXXX 
.................... //KHAI BAO DU LIEU 16 BIT CHO MODULE RELAY, TRIAC, BUZZER, DONG CO 
.................... //XXXXXXXXXXXXXXXXXXXXXXXXXXXXXXXXXXXXXXXXXXXX 
.................... UNSIGNED INT16 RBDC; 
.................... #BIT STEP_MOTOR_ENABLE  = RBDC.0    //1=ENA,0=DIS 
.................... #BIT STEP_MOTOR_IN1     = RBDC.1     
.................... #BIT STEP_MOTOR_IN2     = RBDC.2 
.................... #BIT STEP_MOTOR_IN3     = RBDC.3 
.................... #BIT STEP_MOTOR_IN4     = RBDC.4 
.................... #BIT DC_ENABLE          = RBDC.5    //1=ENA,0=DIS 
.................... #BIT PWRKEY             = RBDC.6    //KHOI TAO SIM900 
....................  
.................... #BIT BUZZER             = RBDC.8    //1=ON,0=OFF 
.................... #BIT TRIAC_1            = RBDC.9    //1=ON,0=OFF 
.................... #BIT TRIAC_2            = RBDC.10   //1=ON,0=OFF 
.................... #BIT RELAY_1            = RBDC.11   //0=ON,1=OFF 
.................... #BIT RELAY_2            = RBDC.12   //0=ON,1=OFF 
....................  
.................... //HAM 103 
.................... //XXXXXXXXXXXXXXXXXXXXXXXXXXXXXXXXXXXXXXXXXXXX 
.................... //CHUONG TRINH CON KHOI TAO IC CHOT 
.................... //XXXXXXXXXXXXXXXXXXXXXXXXXXXXXXXXXXXXXXXXXXXX          
.................... #DEFINE     CHO_IC_74573_A_GOI_DU_LIEU     OUTPUT_HIGH(ENABLE_573A) 
.................... #DEFINE     CHOT_IC_74573_A_GOI_DU_LIEU    OUTPUT_LOW(ENABLE_573A) 
....................  
.................... #DEFINE     CHO_IC_74573_B_GOI_DU_LIEU     OUTPUT_HIGH(ENABLE_573B) 
.................... #DEFINE     CHOT_IC_74573_B_GOI_DU_LIEU    OUTPUT_LOW(ENABLE_573B) 
.................... VOID MO_IC_74573_A_THONG_DL(); 
....................  
.................... //XXXXXXXXXXXXXXXXXXXXXXXXXXXXXXXXXXXXXXXXXXXX    
.................... CONST UNSIGNED CHAR MA7DOAN[16]= {0XC0,0XF9,0xA4,0XB0,0X99,0X92,0X82,0XF8, 
.................... 0X80,0X90,0x88, 0x83, 0xC6, 0xA1, 0x86, 0x8E}; 
.................... #DEFINE     MASO0    0XC0 
.................... #DEFINE     MASO1    0XF9 
.................... #DEFINE     MASO2    0XA4 
.................... #DEFINE     MASO3    0XB0 
.................... #DEFINE     MASO4    0X99 
.................... #DEFINE     MASO5    0X92 
.................... #DEFINE     MASO6    0X82 
.................... #DEFINE     MASO7    0XF8 
....................  
.................... //XXXXXXXXXXXXXXXXXXXXXXXXXXXXXXXXXXXXXXXXXXXX  
.................... //HAM 102 
.................... //XXXXXXXXXXXXXXXXXXXXXXXXXXXXXXXXXXXXXXXXXXXX     
.................... //XUAT 1 BYTE RA THANH GHI DICH 
.................... //XXXXXXXXXXXXXXXXXXXXXXXXXXXXXXXXXXXXXXXXXXXX     
.................... VOID XUAT_1BYTE(UNSIGNED INT8 BYTEXUAT) 
.................... { 
....................    UNSIGNED INT8   SB,X;    
....................    #BIT BSERI  = X.7 
....................    X = BYTEXUAT; 
*
0022:  MOVFF  2D,2F
....................    FOR (SB=0;SB<8;SB++) 
0026:  CLRF   2E
0028:  MOVF   2E,W
002A:  SUBLW  07
002C:  BNC   004A
....................       {                                                  
....................          OUTPUT_BIT(SSDO,BSERI);     
002E:  BTFSC  2F.7
0030:  BRA    0036
0032:  BCF    F8D.2
0034:  BRA    0038
0036:  BSF    F8D.2
0038:  BCF    F96.2
....................          OUTPUT_LOW(SSCK); OUTPUT_HIGH(SSCK); 
003A:  BCF    F96.0
003C:  BCF    F8D.0
003E:  BCF    F96.0
0040:  BSF    F8D.0
....................          X= X<<1;          
0042:  BCF    FD8.0
0044:  RLCF   2F,F
0046:  INCF   2E,F
0048:  BRA    0028
....................      } 
004A:  RETURN 0
.................... } 
.................... //XXXXXXXXXXXXXXXXXXXXXXXXXXXXXXXXXXXXXXXXXXXX  
.................... //HAM 301 
.................... //XXXXXXXXXXXXXXXXXXXXXXXXXXXXXXXXXXXXXXXXXXXX 
.................... //CHUONG TRINH CON XUAT 4 BYTE RA 32 LED DON 
.................... //XXXXXXXXXXXXXXXXXXXXXXXXXXXXXXXXXXXXXXXXXXXX 
.................... VOID XUAT_32LED_DON_4BYTE(UNSIGNED INT8 BLD3,BLD2,BLD1,BLD0) 
.................... {      
....................       XUAT_1BYTE(BLD3);           
....................       XUAT_1BYTE(BLD2); 
....................       XUAT_1BYTE(BLD1);           
....................       XUAT_1BYTE(BLD0);             
....................       MO_32_LED_DON;       
....................       MO_IC_74573_A_THONG_DL();             
....................       OUTPUT_HIGH(RCK_32LED);    OUTPUT_LOW(RCK_32LED); 
....................       CHOT_IC_74573_A_GOI_DU_LIEU;       
.................... } 
.................... //HAM 302 
.................... //XXXXXXXXXXXXXXXXXXXXXXXXXXXXXXXXXXXXXXXXXXXX 
.................... //CHUONG TRINH CON XUAT 2 WORD 16 BITRA 32 LED DON 
.................... //XXXXXXXXXXXXXXXXXXXXXXXXXXXXXXXXXXXXXXXXXXXX 
.................... VOID XUAT_32LED_DON_2WORD(UNSIGNED INT16 WLD1, UNSIGNED INT16 WLD0) 
.................... {      
....................      UNSIGNED INT8  B3,B2,B1,B0; 
....................      B3 = WLD1>>8;  B2 = WLD1;  
....................      B1 = WLD0>>8;  B0 = WLD0; 
....................      XUAT_32LED_DON_4BYTE(B3,B2,B1,B0); 
.................... } 
.................... //HAM 303 
.................... //XXXXXXXXXXXXXXXXXXXXXXXXXXXXXXXXXXXXXXXXXXXX 
.................... //CHUONG TRINH CON XUAT 1 DOUBLE WORD RA 32 LED DON 
.................... //XXXXXXXXXXXXXXXXXXXXXXXXXXXXXXXXXXXXXXXXXXXX 
.................... VOID XUAT_32LED_DON_1DW(UNSIGNED LONG LONG DWLD) 
.................... {      
....................      UNSIGNED INT16  WD1,WD0; 
....................      WD1 = DWLD>>16;  WD0 = DWLD; 
....................      XUAT_32LED_DON_2WORD(WD1,WD0); 
.................... } 
....................  
.................... //HAM 304 
.................... //XXXXXXXXXXXXXXXXXXXXXXXXXXXXXXXXXXXXXXXXXXXX 
.................... //CHUONG TRINH CON MO 32 LED DON SANG 
.................... //XXXXXXXXXXXXXXXXXXXXXXXXXXXXXXXXXXXXXXXXXXXX 
.................... VOID MO_32LED_DON() 
.................... {         
....................      XUAT_32LED_DON_1DW(0XFFFFFFFF); 
.................... } 
.................... //HAM 305 
.................... //XXXXXXXXXXXXXXXXXXXXXXXXXXXXXXXXXXXXXXXXXXXX 
.................... //CHUONG TRINH CON TAT 32 LED DON  
.................... //XXXXXXXXXXXXXXXXXXXXXXXXXXXXXXXXXXXXXXXXXXXX 
.................... VOID TAT_32LED_DON() 
.................... {         
....................      XUAT_32LED_DON_1DW(0); 
.................... } 
.................... //XXXXXXXXXXXXXXXXXXXXXXXXXXXXXXXXXXXXXXXXXXXX     
.................... //XUAT 1 BIT ROI TRA LAI KET QUA SAU KHI DICH DI 1 BIT 
.................... //XXXXXXXXXXXXXXXXXXXXXXXXXXXXXXXXXXXXXXXXXXXX     
.................... UNSIGNED  INT8 XUAT_1BIT(UNSIGNED INT8 BYTEXUAT) 
.................... { 
....................       UNSIGNED INT8   XBITX;    
....................       #BIT BSERIX  = XBITX.0 
....................       XBITX = BYTEXUAT; 
....................                                              
....................       OUTPUT_BIT(SSDO,BSERIX);     
....................       OUTPUT_LOW(SSCK); OUTPUT_HIGH(SSCK); 
....................       XBITX= XBITX>>1;    
....................       RETURN(XBITX);   
.................... } 
.................... //XXXXXXXXXXXXXXXXXXXXXXXXXXXXXXXXXXXXXXXXXXXX  
.................... //HAM 101 
.................... //XXXXXXXXXXXXXXXXXXXXXXXXXXXXXXXXXXXXXXXXXXXX     
.................... //HAM KHOI TAO CAC PORT VA IC CHOT 
.................... //XXXXXXXXXXXXXXXXXXXXXXXXXXXXXXXXXXXXXXXXXXXX     
.................... VOID SET_UP_PORT_IC_CHOT() 
.................... {      
....................       SET_TRIS_D(0x00);     
*
0004:  MOVLW  00
0006:  MOVWF  F95
....................       SET_TRIS_E(0X00); 
0008:  MOVWF  F96
....................       OUTPUT_D(0XFF); 
000A:  CLRF   F95
000C:  SETF   F8C
....................       TIN_HIEU_DK_74573_A=0XFF;   
000E:  SETF   04
....................       TIN_HIEU_DK_74573_B=0XFF;       
0010:  SETF   05
....................       CHOT_IC_74573_A_GOI_DU_LIEU; 
0012:  BCF    F95.1
0014:  BCF    F8C.1
....................       CHOT_IC_74573_B_GOI_DU_LIEU;   
0016:  BCF    F95.0
0018:  BCF    F8C.0
....................       RBDC=0; 
001A:  CLRF   08
001C:  CLRF   07
001E:  GOTO   06F0 (RETURN)
.................... } 
.................... //HAM 104 
.................... //XXXXXXXXXXXXXXXXXXXXXXXXXXXXXXXXXXXXXXXXXXXX     
.................... //XUAT CÁC THIEU DIEU KHIEN  
.................... //GIU NGUYEN CAC TRANG THAI CUA 2 MODULE KHAC 
.................... //XXXXXXXXXXXXXXXXXXXXXXXXXXXXXXXXXXXXXXXXXXXX     
.................... VOID MO_IC_74573_A_THONG_DL() 
.................... {      
....................       OUTPUT_D(0X00); 
*
004C:  CLRF   F95
004E:  CLRF   F8C
....................       OUTPUT_BIT(G_32LED,G_32A); 
0050:  BTFSC  04.4
0052:  BRA    0058
0054:  BCF    F8C.4
0056:  BRA    005A
0058:  BSF    F8C.4
005A:  BCF    F95.4
....................       OUTPUT_BIT(G_4LED7DOAN,G_4A); 
005C:  BTFSC  04.6
005E:  BRA    0064
0060:  BCF    F8C.6
0062:  BRA    0066
0064:  BSF    F8C.6
0066:  BCF    F95.6
....................       OUTPUT_BIT(G_LCD20X4,G_LCDA);   
0068:  BTFSC  04.2
006A:  BRA    0070
006C:  BCF    F8C.2
006E:  BRA    0072
0070:  BSF    F8C.2
0072:  BCF    F95.2
....................       CHO_IC_74573_A_GOI_DU_LIEU; 
0074:  BCF    F95.1
0076:  BSF    F8C.1
0078:  GOTO   0098 (RETURN)
.................... } 
.................... VOID MO_IC_74573_B_THONG_DL() 
.................... {      
....................       OUTPUT_D(0X00); 
....................       OUTPUT_BIT(G_MATRANLED,G_MTB); 
....................       OUTPUT_BIT(G_8LEDQUET,G_8B); 
....................       OUTPUT_BIT(G_BUZERELAY,G_RBDCB);  
....................       CHO_IC_74573_B_GOI_DU_LIEU; 
.................... } 
.................... //ham 401 
.................... //XXXXXXXXXXXXXXXXXXXXXXXXXXXXXXXXXXXXXXXXXXXX 
.................... //CHUONG TRINH CON XUAT 4 BYTE RA 4 LED 7 DOAN 
.................... //XXXXXXXXXXXXXXXXXXXXXXXXXXXXXXXXXXXXXXXXXXXX 
.................... VOID XUAT_4LED_7DOAN_4SO(UNSIGNED INT BL743,BL742,BL741,BL740) 
.................... {      
....................       XUAT_1BYTE(BL740);   XUAT_1BYTE(BL741); 
....................       XUAT_1BYTE(BL742);   XUAT_1BYTE(BL743); 
....................        
....................       MO_4_LED_7DOAN; 
....................       MO_IC_74573_A_THONG_DL(); 
....................         
....................       OUTPUT_LOW(RCK_4LED7DOAN);   OUTPUT_HIGH(RCK_4LED7DOAN);  
....................       CHOT_IC_74573_A_GOI_DU_LIEU; 
.................... } 
.................... //ham 404 
.................... VOID XUAT_4LED_7DOAN_3SO(UNSIGNED INT BL742,BL741,BL740) 
.................... {      
....................      XUAT_4LED_7DOAN_4SO(0XFF,BL742,BL741,BL740); 
.................... } 
.................... //ham 403 
.................... VOID XUAT_4LED_7DOAN_2SO(UNSIGNED INT BL741,BL740) 
.................... {      
....................      XUAT_4LED_7DOAN_4SO(0XFF,0XFF,BL741,BL740); 
.................... } 
.................... //ham 402 
.................... VOID XUAT_4LED_7DOAN_1SO(UNSIGNED INT BL740) 
.................... {      
....................      XUAT_4LED_7DOAN_4SO(0XFF,0XFF,0XFF,BL740); 
.................... } 
....................  
.................... //ham 405 
.................... //XXXXXXXXXXXXXXXXXXXXXXXXXXXXXXXXXXXXXXXXXXXXXXXXXXXXXXXXXXXXX 
.................... //CHUONG TRINH CON HIEN THI DU LIEU 16 BIT TREN 4 LED 7 DOAN 
.................... //XXXXXXXXXXXXXXXXXXXXXXXXXXXXXXXXXXXXXXXXXXXXXXXXXXXXXXXXXXXXX 
.................... UNSIGNED CHAR DONVI4,CHUC4,TRAM4,NGAN4; 
.................... VOID  XUAT_4LED_7DOAN_GIAIMA_XOA_SO0 (UNSIGNED INT16 TAM) 
.................... {          
....................       DONVI4 = MA7DOAN[TAM %10];          
....................       CHUC4  = MA7DOAN[TAM/10%10]; 
....................       TRAM4  = MA7DOAN[TAM/100%10];  
....................       NGAN4  = MA7DOAN[TAM/1000%10];        
....................       IF (NGAN4==0XC0) 
....................       { 
....................          NGAN4=0XFF; 
....................          IF (TRAM4==0XC0) 
....................          { 
....................             TRAM4=0XFF; 
....................             IF (CHUC4==0XC0)   CHUC4=0XFF; 
....................          } 
....................       } 
....................       XUAT_4LED_7DOAN_4SO(NGAN4,TRAM4,CHUC4,DONVI4);    
.................... } 
.................... UNSIGNED INT8 LCDDATA=0;  
.................... UNSIGNED INT8 LCDCONTROL=0; 
.................... UNSIGNED INT8 GLCDDATA=0; 
.................... UNSIGNED INT8 GLCDCONTROL=0;  
.................... //HAM 701 
.................... //XXXXXXXXXXXXXXXXXXXXXXXXXXXXXXXXXXXXXXXXXXXXXXXXXXXXXXXXXXXXX 
.................... //CHUONG TRINH CON XUAT DU LIEU 4 BYTE RA GLCD VA LCD 
.................... //XXXXXXXXXXXXXXXXXXXXXXXXXXXXXXXXXXXXXXXXXXXXXXXXXXXXXXXXXXXXX 
.................... VOID XUAT_GLCD_LCD() 
.................... {       
....................     XUAT_1BYTE(GLCDCONTROL);              
007C:  MOVFF  10,2D
0080:  RCALL  0022
....................     XUAT_1BYTE(GLCDDATA); 
0082:  MOVFF  0F,2D
0086:  RCALL  0022
....................     XUAT_1BYTE(LCDCONTROL);        
0088:  MOVFF  0E,2D
008C:  RCALL  0022
....................     XUAT_1BYTE(LCDDATA);       
008E:  MOVFF  0D,2D
0092:  RCALL  0022
....................        
....................     MO_GLCD_LCD; 
0094:  BCF    04.2
....................     MO_IC_74573_A_THONG_DL();             
0096:  BRA    004C
....................     OUTPUT_HIGH(RCK_LCD20X4);      
0098:  BCF    F95.3
009A:  BSF    F8C.3
....................     OUTPUT_LOW(RCK_LCD20X4); 
009C:  BCF    F95.3
009E:  BCF    F8C.3
....................     CHOT_IC_74573_A_GOI_DU_LIEU; 
00A0:  BCF    F95.1
00A2:  BCF    F8C.1
00A4:  GOTO   00B6 (RETURN)
.................... } 
.................... //HAM 702 
.................... VOID XUAT_LCD20X4(UNSIGNED INT8 LCD_SIGNAL,LCD_INS_HTHI) 
.................... {      
....................     LCDCONTROL = ~LCD_SIGNAL; 
00A8:  MOVF   2B,W
00AA:  MOVWF  0E
00AC:  COMF   0E,F
....................     LCDDATA    = ~LCD_INS_HTHI;       
00AE:  MOVFF  2C,0D
00B2:  COMF   0D,F
....................     XUAT_GLCD_LCD(); 
00B4:  BRA    007C
00B6:  RETURN 0
.................... } 
.................... //HAM 703 
.................... VOID XUAT_GLCD128X64(UNSIGNED INT8 GLCD_SIGNAL,GLCD_INS_HTHI) 
.................... {      
....................     GLCDCONTROL = ~GLCD_SIGNAL; 
....................     GLCDDATA    = ~GLCD_INS_HTHI;      
....................     XUAT_GLCD_LCD(); 
.................... } 
.................... //HAM 501 
.................... //XXXXXXXXXXXXXXXXXXXXXXXXXXXXXXXXXXXXXXXXXXXX 
.................... //CHUONG TRINH CON XUAT 2 BYTE RA DK 1 LED QUET SANG 
.................... //XXXXXXXXXXXXXXXXXXXXXXXXXXXXXXXXXXXXXXXXXXXX 
.................... VOID XUAT_8LED_7DOAN_QUET_1(UNSIGNED INT MA,SO_HTHI) 
.................... {      
....................       XUAT_1BYTE(~MA);   XUAT_1BYTE(~SO_HTHI); 
....................        
....................       MO_8_LED_QUET; 
....................       MO_IC_74573_B_THONG_DL(); 
....................        
....................       OUTPUT_HIGH(RCK_8LEDQUET); OUTPUT_LOW(RCK_8LEDQUET); 
....................       CHOT_IC_74573_B_GOI_DU_LIEU; 
.................... } 
.................... //HAM 502 
.................... //XXXXXXXXXXXXXXXXXXXXXXXXXXXXXXXXXXXXXXXXXXXX 
.................... //CHUONG TRINH CON XUAT 2 BYTE RA TAT 8 LED QUET 
.................... //XXXXXXXXXXXXXXXXXXXXXXXXXXXXXXXXXXXXXXXXXXXX 
.................... VOID XUAT_8LED_7DOAN_QUET_TAT_LED() 
.................... { 
....................    XUAT_8LED_7DOAN_QUET_1(0XFF,0XFF); 
.................... } 
.................... //HAM 503 
.................... //XXXXXXXXXXXXXXXXXXXXXXXXXXXXXXXXXXXXXXXXXXXX 
.................... //CHUONG TRINH CON HIEN THI LED THEO THU TU 
.................... //XXXXXXXXXXXXXXXXXXXXXXXXXXXXXXXXXXXXXXXXXXXX 
.................... CONST UNSIGNED CHAR TTLEDQUET[8]= {0x7F,0xBF,0xDF,0xEF,0xF7,0xFB,0xFD,0xFE}; 
.................... VOID XUAT_8LED_7DOAN_QUET_2(UNSIGNED INT THUTULED,SO_HTHI) 
.................... {          
....................       XUAT_1BYTE(~ (TTLEDQUET[THUTULED]));   XUAT_1BYTE(~SO_HTHI);      
....................       MO_8_LED_QUET; 
....................       MO_IC_74573_B_THONG_DL(); 
....................       OUTPUT_HIGH(RCK_8LEDQUET); OUTPUT_LOW(RCK_8LEDQUET); 
....................       CHOT_IC_74573_B_GOI_DU_LIEU; 
.................... } 
.................... //HAM 504 
.................... //XXXXXXXXXXXXXXXXXXXXXXXXXXXXXXXXXXXXXXXXXXXX 
.................... //CHUONG TRINH CON HIEN THI 8 SO TREN 8 LED QUET - CO KIEM TRA 
.................... //XXXXXXXXXXXXXXXXXXXXXXXXXXXXXXXXXXXXXXXXXXXX 
.................... UNSIGNED INT8 LED_7DQ[8]={0XFF,0XFF,0XFF,0XFF,0XFF,0XFF,0XFF,0XFF}; 
.................... UNSIGNED INT8 TT8LED=0; 
.................... VOID HIEN_THI_8LED_7DOAN_QUET() 
.................... {      
....................       FOR(TT8LED=0;TT8LED<8;TT8LED++) 
....................          IF (LED_7DQ[TT8LED]!=0XFF) 
....................          {            
....................             XUAT_8LED_7DOAN_QUET_2(TT8LED, LED_7DQ[TT8LED]); 
....................             DELAY_US(100); 
....................             XUAT_8LED_7DOAN_QUET_TAT_LED();            
....................             } 
.................... } 
.................... //HAM 505 
.................... //XXXXXXXXXXXXXXXXXXXXXXXXXXXXXXXXXXXXXXXXXXXX 
.................... //CHUONG TRINH CON HIEN THI 8 SO TREN 8 LED QUET - KHONG KIEM TRA 
.................... //XXXXXXXXXXXXXXXXXXXXXXXXXXXXXXXXXXXXXXXXXXXX 
.................... VOID HIEN_THI_8LED_7DOAN_QUET_ALL() 
.................... {      
....................       FOR(TT8LED=0;TT8LED<8;TT8LED++)          
....................          {            
....................             XUAT_8LED_7DOAN_QUET_2(TT8LED, LED_7DQ[TT8LED]); 
....................             DELAY_US(100); 
....................             XUAT_8LED_7DOAN_QUET_TAT_LED();            
....................             } 
.................... } 
....................  
.................... VOID DELAY_QUET_8LED(UNSIGNED INT16 DL) 
.................... {  
....................       UNSIGNED INT8 I; 
....................       FOR (I=0; I<DL;I++) 
....................       HIEN_THI_8LED_7DOAN_QUET_ALL(); 
.................... }  
....................  
.................... VOID GIAI_MA_GAN_CHO_8LED_QUET_16_XOA(UNSIGNED INT16 X) 
.................... {      
....................       LED_7DQ[0]= MA7DOAN [X %10];     
....................       LED_7DQ[1]= MA7DOAN [X/10%10]; 
....................       LED_7DQ[2]= MA7DOAN [X/100%10];     
....................       LED_7DQ[3]= MA7DOAN [X/1000%10]; 
....................       LED_7DQ[4]= MA7DOAN [X/10000%10]; 
....................       IF (LED_7DQ[4]==MASO0)  
....................       { 
....................             LED_7DQ[4]=0XFF; 
....................             IF (LED_7DQ[3]==MASO0)  
....................             { 
....................                LED_7DQ[3]=0XFF; 
....................                IF (LED_7DQ[2]==MASO0)  
....................                { 
....................                   LED_7DQ[2]=0XFF; 
....................                   IF (LED_7DQ[1]==MASO0)  
....................                   { 
....................                      LED_7DQ[1]=0XFF; 
....................                   } 
....................                } 
....................             } 
....................       } 
....................              
.................... } 
.................... //XXXXXXXXXXXXXXXXXXXXXXXXXXXXXXXXXXXXXXXXXXXX          
.................... VOID XUAT_2BYTE(UNSIGNED INT16 BYTE2XUAT) 
.................... { 
....................    INT8 SBB; 
....................    UNSIGNED INT16   XX;   //SHORT  BSERI; 
....................    #BIT BSERIX  = XX.15 
....................    XX = BYTE2XUAT; 
....................    FOR (SBB=0;SBB<16;SBB++) 
....................       {                                                  
....................          OUTPUT_BIT(SSDO,BSERIX);     
....................          OUTPUT_LOW(SSCK);          
....................          OUTPUT_HIGH(SSCK); 
....................          XX= XX<<1;          
....................      } 
.................... } 
.................... //XXXXXXXXXXXXXXXXXXXXXXXXXXXXXXXXXXXXXXXXXXXX 
.................... //CHUONG TRINH CON XUAT RA LED MA TRAN 
.................... //XXXXXXXXXXXXXXXXXXXXXXXXXXXXXXXXXXXXXXXXXXXX 
.................... VOID XUAT_MATRANLED(UNSIGNED INT16 MAHANG,UNSIGNED INT16 MACOT1, 
.................... UNSIGNED INT16 MACOT2,UNSIGNED INT16 MACOT3) 
.................... {       
....................       XUAT_2BYTE(MACOT3); 
....................       XUAT_2BYTE(MACOT2); 
....................       XUAT_2BYTE(MACOT1); 
....................       XUAT_2BYTE(MAHANG); 
....................        
....................       MO_LED_MATRAN; 
....................       MO_IC_74573_B_THONG_DL(); 
....................        
....................       OUTPUT_HIGH(RCK_MATRANLED); OUTPUT_LOW(RCK_MATRANLED);  
....................       CHOT_IC_74573_B_GOI_DU_LIEU; 
.................... } 
.................... //XXXXXXXXXXXXXXXXXXXXXXXXXXXXXXXXXXXXXXXXXXXX 
.................... //CHUONG TRINH CON XUAT RA LED MA TRAN 
.................... //XXXXXXXXXXXXXXXXXXXXXXXXXXXXXXXXXXXXXXXXXXXX 
.................... VOID TAT_MATRANLED() 
.................... {       
....................       XUAT_2BYTE(0); 
....................       XUAT_2BYTE(0); 
....................       XUAT_2BYTE(0); 
....................       XUAT_2BYTE(0);            
....................       OUTPUT_HIGH(RCK_MATRANLED);  
....................       OUTPUT_LOW(RCK_MATRANLED); 
.................... } 
.................... UNSIGNED  INT8 HIEU_CHINH_4BIT_CAO(UNSIGNED INT8 XZY) 
.................... { 
....................       INT1  BTG; 
....................       UNSIGNED INT8   BX;    
....................       #BIT BIT4  = BX.4 
....................       #BIT BIT5  = BX.5 
....................       #BIT BIT6  = BX.6 
....................       #BIT BIT7  = BX.7 
....................       BX=XZY; 
....................       BTG=BIT4;   BIT4=BIT7;  BIT7=BTG; 
....................       BTG=BIT5;   BIT5=BIT6;  BIT6=BTG;       
....................       RETURN(BX);   
.................... } 
.................... //HAM 601 
.................... //XXXXXXXXXXXXXXXXXXXXXXXXXXXXXXXXXXXXXXXXXXXXXXXXXXXX 
.................... //MODULE DIEU KHIEN RELAY,TRIAC, BUZZER, DONG CO, SIM 
.................... //XXXXXXXXXXXXXXXXXXXXXXXXXXXXXXXXXXXXXXXXXXXXXXXXXXXX 
.................... VOID XUAT_BUZZER_RELAY() 
.................... {      
....................    UNSIGNED INT8 RBDC1,RBDC2; 
....................       RBDC1=RBDC; RBDC2=RBDC>>8;       
....................       XUAT_1BYTE(RBDC2);       
....................       XUAT_1BYTE(RBDC1); 
....................       MO_RELAY_BUZZER_DC; 
....................       MO_IC_74573_B_THONG_DL(); 
....................        
....................       OUTPUT_HIGH(RCK_BUZERELAY);   OUTPUT_LOW(RCK_BUZERELAY); 
....................       CHOT_IC_74573_B_GOI_DU_LIEU; 
.................... } 
.................... //HAM 602 
.................... //XXXXXXXXXXXXXXXXXXXXXXXXXXXXXXXXXXXXXXXXXXXXXXXXXXXX 
.................... VOID BUZZER_ON() 
.................... {     
....................       BUZZER=1; 
....................       XUAT_BUZZER_RELAY();          
.................... } 
.................... //HAM 603 
.................... //XXXXXXXXXXXXXXXXXXXXXXXXXXXXXXXXXXXXXXXXXXXXXXXXXXXX 
.................... VOID BUZZER_OFF() 
.................... {      
....................       BUZZER=0; 
....................       XUAT_BUZZER_RELAY(); 
.................... } 
.................... //HAM 604 
.................... //XXXXXXXXXXXXXXXXXXXXXXXXXXXXXXXXXXXXXXXXXXXXXXXXXXXX 
.................... VOID RELAY_1_ON() 
.................... {     
....................       RELAY_1=1; 
....................       XUAT_BUZZER_RELAY();          
.................... } 
.................... //HAM 603 
.................... //XXXXXXXXXXXXXXXXXXXXXXXXXXXXXXXXXXXXXXXXXXXXXXXXXXXX 
.................... VOID RELAY_1_OFF() 
.................... {     
....................       RELAY_1=0; 
....................       XUAT_BUZZER_RELAY();          
.................... } 
.................... //HAM 604 
.................... //XXXXXXXXXXXXXXXXXXXXXXXXXXXXXXXXXXXXXXXXXXXXXXXXXXXX 
.................... VOID RELAY_2_ON() 
.................... {     
....................       RELAY_2=1; 
....................       XUAT_BUZZER_RELAY();          
.................... } 
.................... //HAM 607 
.................... //XXXXXXXXXXXXXXXXXXXXXXXXXXXXXXXXXXXXXXXXXXXXXXXXXXXX 
.................... VOID RELAY_2_OFF() 
.................... {     
....................       RELAY_2=0; 
....................       XUAT_BUZZER_RELAY();          
.................... } 
.................... //HAM 608 
.................... //XXXXXXXXXXXXXXXXXXXXXXXXXXXXXXXXXXXXXXXXXXXXXXXXXXXX 
.................... VOID RELAY_1_RELAY_2_ON() 
.................... {     
....................       RELAY_1=1;  RELAY_2=1; 
....................       XUAT_BUZZER_RELAY();          
.................... } 
.................... //HAM 609 
.................... //XXXXXXXXXXXXXXXXXXXXXXXXXXXXXXXXXXXXXXXXXXXXXXXXXXXX 
.................... VOID RELAY_1_RELAY_2_OFF() 
.................... {     
....................       RELAY_1=0;  RELAY_2=0; 
....................       XUAT_BUZZER_RELAY();          
.................... } 
.................... //HAM 610 
.................... //XXXXXXXXXXXXXXXXXXXXXXXXXXXXXXXXXXXXXXXXXXXXXXXXXXXX 
.................... VOID TRIAC_1_ON() 
.................... {     
....................       TRIAC_1=1; 
....................       XUAT_BUZZER_RELAY();          
.................... } 
.................... //HAM 611 
.................... //XXXXXXXXXXXXXXXXXXXXXXXXXXXXXXXXXXXXXXXXXXXXXXXXXXXX 
.................... VOID TRIAC_1_OFF() 
.................... {     
....................       TRIAC_1=0; 
....................       XUAT_BUZZER_RELAY();          
.................... } 
.................... //HAM 612 
.................... //XXXXXXXXXXXXXXXXXXXXXXXXXXXXXXXXXXXXXXXXXXXXXXXXXXXX 
.................... VOID TRIAC_2_ON() 
.................... {     
....................       TRIAC_2=1; 
....................       XUAT_BUZZER_RELAY();          
.................... } 
.................... //HAM 613 
.................... //XXXXXXXXXXXXXXXXXXXXXXXXXXXXXXXXXXXXXXXXXXXXXXXXXXXX 
.................... VOID TRIAC_2_OFF() 
.................... {     
....................       TRIAC_2=0; 
....................       XUAT_BUZZER_RELAY();          
.................... } 
.................... //XXXXXXXXXXXXXXXXXXXXXXXXXXXXXXXXXXXXXXXXXXXX 
....................  
....................  
....................  
.................... #INCLUDE <TV_PICKIT2_SHIFT_DS13B07_I2C.C> 
.................... #INCLUDE <TV_PICKIT2_SHIFT_LCD.c> 
.................... UNSIGNED INT8 LCD_CONTROL;   
.................... #bit LCD_P = LCD_CONTROL.3 
.................... #bit LCD_RS = LCD_CONTROL.2 
.................... #bit LCD_RW = LCD_CONTROL.1 
.................... #bit LCD_E  = LCD_CONTROL.0 
....................  
.................... #DEFINE LCD_FUNCTION_SET       0X38 
.................... #DEFINE LCD_DISPLAY_CONTROL    0X0C 
.................... #DEFINE LCD_CLEAR_DISPLAY      0X01 
.................... #DEFINE LCD_ENTRY_MODE         0X06 
.................... #DEFINE LCD_SHIFT_LEFT         0X18 
.................... #DEFINE LCD_SHIFT_RIGHT        0X1C 
....................  
.................... #DEFINE LCD_ADDR_LINE1         0X80 
.................... #DEFINE LCD_ADDR_LINE2         0XC0 
.................... #DEFINE LCD_ADDR_LINE3         0X94 
.................... #DEFINE LCD_ADDR_LINE4         0XD4 
....................  
.................... VOID LCD_XUAT_8BIT(INT8 LCD_DATA_X) 
.................... { 
....................       LCD_E=1; XUAT_LCD20X4(LCD_CONTROL,LCD_DATA_X);      
00B8:  BSF    1A.0
00BA:  MOVFF  1A,2B
00BE:  MOVFF  2A,2C
00C2:  RCALL  00A8
....................       LCD_E=0; XUAT_LCD20X4(LCD_CONTROL,LCD_DATA_X);  
00C4:  BCF    1A.0
00C6:  MOVFF  1A,2B
00CA:  MOVFF  2A,2C
00CE:  RCALL  00A8
00D0:  RETURN 0
.................... } 
.................... void LCD_COMMAND(INT8 LCD_DATA_X)    
....................   { 
....................       LCD_RS = 0; 
00D2:  BCF    1A.2
....................       LCD_XUAT_8BIT(LCD_DATA_X); 
00D4:  MOVFF  28,2A
00D8:  RCALL  00B8
....................       DELAY_US(20); 
00DA:  MOVLW  20
00DC:  MOVWF  00
00DE:  DECFSZ 00,F
00E0:  BRA    00DE
00E2:  BRA    00E4
00E4:  NOP   
00E6:  RETURN 0
....................   } 
.................... void LCD_DATA(INT8 LCD_DATA_X)        
....................   { 
....................       LCD_RS = 1;      
*
0368:  BSF    1A.2
....................       LCD_XUAT_8BIT(LCD_DATA_X); 
036A:  MOVFF  29,2A
036E:  RCALL  00B8
....................       DELAY_US(20); 
0370:  MOVLW  20
0372:  MOVWF  00
0374:  DECFSZ 00,F
0376:  BRA    0374
0378:  BRA    037A
037A:  NOP   
037C:  RETURN 0
....................   } 
....................    
.................... VOID SETUP_LCD () 
.................... {                      
....................          LCD_E  = 0;  
*
010E:  BCF    1A.0
....................          LCD_RW = 0;  
0110:  BCF    1A.1
....................          LCD_RS = 1;  
0112:  BSF    1A.2
....................          LCD_P =0; 
0114:  BCF    1A.3
....................          LCD_COMMAND(LCD_FUNCTION_SET);          
0116:  MOVLW  38
0118:  MOVWF  28
011A:  RCALL  00D2
....................          DELAY_US(40); 
011C:  MOVLW  42
011E:  MOVWF  00
0120:  DECFSZ 00,F
0122:  BRA    0120
0124:  NOP   
....................          LCD_COMMAND(LCD_DISPLAY_CONTROL);    
0126:  MOVLW  0C
0128:  MOVWF  28
012A:  RCALL  00D2
....................          DELAY_US(40); 
012C:  MOVLW  42
012E:  MOVWF  00
0130:  DECFSZ 00,F
0132:  BRA    0130
0134:  NOP   
....................          LCD_COMMAND(LCD_CLEAR_DISPLAY);       
0136:  MOVLW  01
0138:  MOVWF  28
013A:  RCALL  00D2
....................          DELAY_MS(2); 
013C:  MOVLW  02
013E:  MOVWF  28
0140:  RCALL  00E8
....................          LCD_COMMAND(LCD_ENTRY_MODE);        
0142:  MOVLW  06
0144:  MOVWF  28
0146:  RCALL  00D2
....................          DELAY_US(40);                 
0148:  MOVLW  42
014A:  MOVWF  00
014C:  DECFSZ 00,F
014E:  BRA    014C
0150:  NOP   
0152:  GOTO   06F2 (RETURN)
.................... } 
....................  
.................... CONST UNSIGNED CHAR LCD_SO_X[10+1+1+1][6] ={ 
....................                   0,1,2,5,3,4,               // SO 0 
....................                   1,2,32,3,7,3,              // SO 1 
....................                   6,6,2,5,3,3,               // SO 2 
....................                   6,6,2,3,3,4,               // SO 3 
....................                   7,3,7,32,32,7,             // SO 4 
....................                   7,6,6,3,3,4,               // SO 5 
....................                   0,6,6,5,3,4,               // SO 6 
....................                   1,1,7,32,32,7,             // SO 7 
....................                   0,6,2,5,3,4,               // SO 8 
....................                   0,6,2,3,3,4,               // SO 9 
....................                   32,32,32,32,32,32,         // KHOANG TRANG 0x20 tai vi tri 10 
....................                   0,6,2,5,32,32,              // CHU "P" tai vi tri 11 
....................                   32,32,32,32,7,32            // DAU CHAM tai vi tri 12 
....................                   }; 
....................                    
....................                    
.................... CONST UNSIGNED CHAR LCD_MA_8DOAN[] = { 
....................    0x07,0x0F,0x1F,0x1F,0x1F,0x1F,0x1F,0x1F,  //DOAN F - 0 
....................    0x1F,0x1F,0x1F,0X00,0X00,0X00,0X00,0X00,  //DOAN A - 1 
....................    0x1C,0x1E,0x1F,0x1F,0x1F,0x1F,0x1F,0x1F,  //DOAN B - 2 
....................    0X00,0X00,0X00,0X00,0X00,0x1F,0x1F,0x1F,  //DOAN D - 3 
....................    0x1F,0x1F,0x1F,0x1F,0x1F,0x1F,0x1E,0x1C,  //DOAN C - 4 
....................    0x1F,0x1F,0x1F,0x1F,0x1F,0x1F,0x0F,0x07,  //DOAN E - 5 
....................    0x1F,0x1F,0x1F,0X00,0X00,0X00,0x1F,0x1F,  //DOAN G+D-6  
....................    0x1F,0x1F,0x1F,0x1F,0x1F,0x1F,0x1F,0x1F}; //DOAN I  -7 
....................     
.................... VOID LCD_GOTO_XY(SIGNED INT8 X, SIGNED INT8 Y) 
.................... {  
....................    CONST UNSIGNED INT8 LCD_VITRI[]={0x80,0xC0,0x94,0xD4}; 
....................    LCD_COMMAND(LCD_VITRI[X]+Y); 
.................... } 
....................  
.................... VOID XXX() 
.................... {  
....................    SIGNED INT8 X; 
....................    X= LCD_SO_X[0][0]; 
....................    X= LCD_MA_8DOAN[0]; 
.................... } 
....................  
.................... #define   GIAY_HTAI      0X55 
.................... #define   PHUT_HTAI      0X32 
.................... #define   GIO_HTAI       0X16 
.................... #define   THU_HTAI       2 
.................... #define   NGAY_HTAI      0X10 
.................... #define   THANG_HTAI     0X08 
.................... #define   NAM_HTAI       0X20       
.................... #define   MA_DS          0X90 
....................  
.................... #define  ADDR_WR_13B07   0xD0 
.................... #define  ADDR_RD_13B07   0xD1 
.................... #define  ADDR_MEM        0x00 
....................  
.................... UNSIGNED  CHAR    NAM_DS13,THANG_DS13,NGAY_DS13,THU_DS13,GIO_DS13, 
....................                   PHUT_DS13,GIAY_DS13,MA_DS13,CONTROL_DS13,GIAYTAM; 
....................                                 
.................... void THIET_LAP_THOI_GIAN_HIEN_TAI() 
.................... {     GIAY_DS13   =   GIAY_HTAI;       PHUT_DS13  =    PHUT_HTAI;    
*
02BC:  MOVLW  55
02BE:  MOVWF  21
02C0:  MOVLW  32
02C2:  MOVWF  20
....................       GIO_DS13    =   GIO_HTAI;        THU_DS13   =    THU_HTAI; 
02C4:  MOVLW  16
02C6:  MOVWF  1F
02C8:  MOVLW  02
02CA:  MOVWF  1E
....................       NGAY_DS13   =   NGAY_HTAI;       THANG_DS13 =    THANG_HTAI;    
02CC:  MOVLW  10
02CE:  MOVWF  1D
02D0:  MOVLW  08
02D2:  MOVWF  1C
....................       NAM_DS13    =   NAM_HTAI;    
02D4:  MOVLW  20
02D6:  MOVWF  1B
....................       CONTROL_DS13 = 0X90;             MA_DS13      =   MA_DS; 
02D8:  MOVLW  90
02DA:  MOVWF  23
02DC:  MOVWF  22
02DE:  GOTO   0708 (RETURN)
.................... } 
....................   
.................... void NAP_THOI_GIAN_HTAI_VAO_DS13B07() 
.................... {     I2C_START();          
02E2:  BSF    F93.0
02E4:  MOVLW  05
02E6:  MOVWF  00
02E8:  DECFSZ 00,F
02EA:  BRA    02E8
02EC:  BSF    F93.1
02EE:  MOVLW  06
02F0:  MOVWF  00
02F2:  DECFSZ 00,F
02F4:  BRA    02F2
02F6:  BCF    F8A.0
02F8:  BCF    F93.0
02FA:  MOVLW  05
02FC:  MOVWF  00
02FE:  DECFSZ 00,F
0300:  BRA    02FE
0302:  BCF    F8A.1
0304:  BCF    F93.1
....................       I2C_WRITE(ADDR_WR_13B07);     
0306:  MOVLW  D0
0308:  MOVWF  28
030A:  RCALL  0156
....................       I2C_WRITE(0X00); 
030C:  CLRF   28
030E:  RCALL  0156
....................       I2C_WRITE(GIAY_DS13);        I2C_WRITE(PHUT_DS13);       
0310:  MOVFF  21,28
0314:  RCALL  0156
0316:  MOVFF  20,28
031A:  RCALL  0156
....................       I2C_WRITE(GIO_DS13);         I2C_WRITE(THU_DS13);       
031C:  MOVFF  1F,28
0320:  RCALL  0156
0322:  MOVFF  1E,28
0326:  RCALL  0156
....................       I2C_WRITE(NGAY_DS13);        I2C_WRITE(THANG_DS13);             
0328:  MOVFF  1D,28
032C:  RCALL  0156
032E:  MOVFF  1C,28
0332:  RCALL  0156
....................       I2C_WRITE(NAM_DS13);         I2C_WRITE(CONTROL_DS13);    
0334:  MOVFF  1B,28
0338:  RCALL  0156
033A:  MOVFF  23,28
033E:  RCALL  0156
....................       I2C_WRITE(MA_DS13); 
0340:  MOVFF  22,28
0344:  RCALL  0156
....................       I2C_STOP(); 
0346:  BCF    F93.0
0348:  NOP   
034A:  BSF    F93.1
034C:  BTFSS  F81.1
034E:  BRA    034C
0350:  MOVLW  05
0352:  MOVWF  00
0354:  DECFSZ 00,F
0356:  BRA    0354
0358:  BRA    035A
035A:  NOP   
035C:  BSF    F93.0
035E:  MOVLW  05
0360:  MOVWF  00
0362:  DECFSZ 00,F
0364:  BRA    0362
0366:  RETURN 0
.................... } 
....................      
.................... void DOC_THOI_GIAN_TU_REALTIME() 
.................... {    
....................       I2C_START(); 
*
01E6:  BSF    F93.0
01E8:  MOVLW  05
01EA:  MOVWF  00
01EC:  DECFSZ 00,F
01EE:  BRA    01EC
01F0:  BSF    F93.1
01F2:  MOVLW  06
01F4:  MOVWF  00
01F6:  DECFSZ 00,F
01F8:  BRA    01F6
01FA:  BCF    F8A.0
01FC:  BCF    F93.0
01FE:  MOVLW  05
0200:  MOVWF  00
0202:  DECFSZ 00,F
0204:  BRA    0202
0206:  BCF    F8A.1
0208:  BCF    F93.1
....................       I2C_WRITE(ADDR_WR_13B07); 
020A:  MOVLW  D0
020C:  MOVWF  28
020E:  RCALL  0156
....................       I2C_WRITE(ADDR_MEM);                      
0210:  CLRF   28
0212:  RCALL  0156
....................       I2C_START();                 
0214:  BSF    F93.0
0216:  MOVLW  05
0218:  MOVWF  00
021A:  DECFSZ 00,F
021C:  BRA    021A
021E:  BSF    F93.1
0220:  MOVLW  06
0222:  MOVWF  00
0224:  DECFSZ 00,F
0226:  BRA    0224
0228:  BTFSS  F81.1
022A:  BRA    0228
022C:  BCF    F8A.0
022E:  BCF    F93.0
0230:  MOVLW  05
0232:  MOVWF  00
0234:  DECFSZ 00,F
0236:  BRA    0234
0238:  BCF    F8A.1
023A:  BCF    F93.1
....................                  
....................       I2C_WRITE(ADDR_RD_13B07); 
023C:  MOVLW  D1
023E:  MOVWF  28
0240:  RCALL  0156
....................       GIAY_DS13      =  I2C_READ();               
0242:  MOVLW  01
0244:  MOVWF  00
0246:  RCALL  019E
0248:  MOVFF  01,21
....................       PHUT_DS13      =  I2C_READ();              
024C:  MOVLW  01
024E:  MOVWF  00
0250:  RCALL  019E
0252:  MOVFF  01,20
....................       GIO_DS13       =  I2C_READ();              
0256:  MOVLW  01
0258:  MOVWF  00
025A:  RCALL  019E
025C:  MOVFF  01,1F
....................       THU_DS13       =  I2C_READ();  
0260:  MOVLW  01
0262:  MOVWF  00
0264:  RCALL  019E
0266:  MOVFF  01,1E
....................       NGAY_DS13      =  I2C_READ();  
026A:  MOVLW  01
026C:  MOVWF  00
026E:  RCALL  019E
0270:  MOVFF  01,1D
....................       THANG_DS13     =  I2C_READ();  
0274:  MOVLW  01
0276:  MOVWF  00
0278:  RCALL  019E
027A:  MOVFF  01,1C
....................       NAM_DS13       =  I2C_READ();  
027E:  MOVLW  01
0280:  MOVWF  00
0282:  RCALL  019E
0284:  MOVFF  01,1B
....................       CONTROL_DS13   =  I2C_READ();           
0288:  MOVLW  01
028A:  MOVWF  00
028C:  RCALL  019E
028E:  MOVFF  01,23
....................       MA_DS13        =  I2C_READ(0);     //NOT ACK 
0292:  CLRF   00
0294:  RCALL  019E
0296:  MOVFF  01,22
....................       I2C_STOP(); 
029A:  BCF    F93.0
029C:  NOP   
029E:  BSF    F93.1
02A0:  BTFSS  F81.1
02A2:  BRA    02A0
02A4:  MOVLW  05
02A6:  MOVWF  00
02A8:  DECFSZ 00,F
02AA:  BRA    02A8
02AC:  BRA    02AE
02AE:  NOP   
02B0:  BSF    F93.0
02B2:  MOVLW  05
02B4:  MOVWF  00
02B6:  DECFSZ 00,F
02B8:  BRA    02B6
02BA:  RETURN 0
.................... }     
....................  
....................     
.................... void DOC_GIAY_TU_REALTIME() 
.................... {    
....................       I2C_START(); 
....................       I2C_WRITE(ADDR_WR_13B07); 
....................       I2C_WRITE(ADDR_MEM);                      
....................       I2C_START();                 
....................                  
....................       I2C_WRITE(ADDR_RD_13B07); 
....................       GIAY_DS13      =  I2C_READ(0);               
....................       I2C_STOP(); 
.................... }   
....................          
....................   
.................... void HIEN_THI_THOI_GIAN_DS13B07 ( ) 
.................... {     LCD_COMMAND (0x8C);    
*
0390:  MOVLW  8C
0392:  MOVWF  28
0394:  RCALL  00D2
....................       LCD_DATA(GIO_DS13/16  +0X30);    LCD_DATA(GIO_DS13%16  +0X30); 
0396:  SWAPF  1F,W
0398:  MOVWF  00
039A:  MOVLW  0F
039C:  ANDWF  00,F
039E:  MOVF   00,W
03A0:  ADDLW  30
03A2:  MOVWF  28
03A4:  MOVWF  29
03A6:  RCALL  0368
03A8:  MOVF   1F,W
03AA:  ANDLW  0F
03AC:  ADDLW  30
03AE:  MOVWF  28
03B0:  MOVWF  29
03B2:  RCALL  0368
....................       LCD_DATA(' '); 
03B4:  MOVLW  20
03B6:  MOVWF  29
03B8:  RCALL  0368
....................       LCD_DATA(PHUT_DS13/16 +0X30);    LCD_DATA(PHUT_DS13%16 +0X30); 
03BA:  SWAPF  20,W
03BC:  MOVWF  00
03BE:  MOVLW  0F
03C0:  ANDWF  00,F
03C2:  MOVF   00,W
03C4:  ADDLW  30
03C6:  MOVWF  28
03C8:  MOVWF  29
03CA:  RCALL  0368
03CC:  MOVF   20,W
03CE:  ANDLW  0F
03D0:  ADDLW  30
03D2:  MOVWF  28
03D4:  MOVWF  29
03D6:  RCALL  0368
....................       LCD_DATA(' '); 
03D8:  MOVLW  20
03DA:  MOVWF  29
03DC:  RCALL  0368
....................       LCD_DATA(GIAY_DS13/16 +0X30);    LCD_DATA(GIAY_DS13%16 +0X30); 
03DE:  SWAPF  21,W
03E0:  MOVWF  00
03E2:  MOVLW  0F
03E4:  ANDWF  00,F
03E6:  MOVF   00,W
03E8:  ADDLW  30
03EA:  MOVWF  28
03EC:  MOVWF  29
03EE:  RCALL  0368
03F0:  MOVF   21,W
03F2:  ANDLW  0F
03F4:  ADDLW  30
03F6:  MOVWF  28
03F8:  MOVWF  29
03FA:  RCALL  0368
....................       LCD_COMMAND (0xCC);   
03FC:  MOVLW  CC
03FE:  MOVWF  28
0400:  RCALL  00D2
....................       LCD_DATA(NGAY_DS13/16 +0X30);    LCD_DATA(NGAY_DS13%16 +0X30); 
0402:  SWAPF  1D,W
0404:  MOVWF  00
0406:  MOVLW  0F
0408:  ANDWF  00,F
040A:  MOVF   00,W
040C:  ADDLW  30
040E:  MOVWF  28
0410:  MOVWF  29
0412:  RCALL  0368
0414:  MOVF   1D,W
0416:  ANDLW  0F
0418:  ADDLW  30
041A:  MOVWF  28
041C:  MOVWF  29
041E:  RCALL  0368
....................       LCD_DATA(' '); 
0420:  MOVLW  20
0422:  MOVWF  29
0424:  RCALL  0368
....................       LCD_DATA(THANG_DS13/16 +0X30);   LCD_DATA(THANG_DS13%16 +0X30); 
0426:  SWAPF  1C,W
0428:  MOVWF  00
042A:  MOVLW  0F
042C:  ANDWF  00,F
042E:  MOVF   00,W
0430:  ADDLW  30
0432:  MOVWF  28
0434:  MOVWF  29
0436:  RCALL  0368
0438:  MOVF   1C,W
043A:  ANDLW  0F
043C:  ADDLW  30
043E:  MOVWF  28
0440:  MOVWF  29
0442:  RCALL  0368
....................       LCD_DATA(' '); 
0444:  MOVLW  20
0446:  MOVWF  29
0448:  RCALL  0368
....................       LCD_DATA(NAM_DS13/16 +0X30);     LCD_DATA(NAM_DS13%16 +0X30);  
044A:  SWAPF  1B,W
044C:  MOVWF  00
044E:  MOVLW  0F
0450:  ANDWF  00,F
0452:  MOVF   00,W
0454:  ADDLW  30
0456:  MOVWF  28
0458:  MOVWF  29
045A:  RCALL  0368
045C:  MOVF   1B,W
045E:  ANDLW  0F
0460:  ADDLW  30
0462:  MOVWF  28
0464:  MOVWF  29
0466:  RCALL  0368
0468:  RETURN 0
.................... } 
....................  
....................  
....................  
....................  
.................... UNSIGNED INT16 K; 
.................... UNSIGNED CHAR GIATRI_MOD; 
....................  
.................... VOID HIEN_THI_GIA_TRI_MOD() 
.................... { 
....................    LCD_COMMAND(0X8A); 
*
037E:  MOVLW  8A
0380:  MOVWF  28
0382:  RCALL  00D2
....................    LCD_DATA(GIATRI_MOD + 0X30); 
0384:  MOVLW  30
0386:  ADDWF  27,W
0388:  MOVWF  28
038A:  MOVWF  29
038C:  RCALL  0368
038E:  RETURN 0
.................... } 
....................  
.................... VOID PHIM_MOD() 
.................... { 
....................    IF (!INPUT(MOD)) 
*
046A:  BSF    F93.2
046C:  BTFSC  F81.2
046E:  BRA    0490
....................    { 
....................       DELAY_MS(20); 
0470:  MOVLW  14
0472:  MOVWF  28
0474:  RCALL  00E8
....................       { 
....................          IF(!INPUT(MOD)) 
0476:  BSF    F93.2
0478:  BTFSC  F81.2
047A:  BRA    0490
....................          { 
....................             IF(GIATRI_MOD<6)  GIATRI_MOD++; 
047C:  MOVF   27,W
047E:  SUBLW  05
0480:  BNC   0486
0482:  INCF   27,F
0484:  BRA    0488
....................             ELSE              GIATRI_MOD=0; 
0486:  CLRF   27
....................             HIEN_THI_GIA_TRI_MOD(); 
0488:  RCALL  037E
....................             DO{} 
....................             WHILE (!INPUT(MOD)); 
048A:  BSF    F93.2
048C:  BTFSS  F81.2
048E:  BRA    048A
....................          } 
....................       } 
....................    } 
0490:  GOTO   0738 (RETURN)
.................... } 
....................  
.................... UNSIGNED INT8 HIEU_CHINH_SO_BCD_TANG(UNSIGNED INT8 X) 
.................... { 
....................    UNSIGNED INT8 Y; 
....................    Y = X; 
0494:  MOVFF  28,29
....................    X = X & 0X0F; 
0498:  MOVLW  0F
049A:  ANDWF  28,F
....................    IF (X==0X0A)  Y = Y + 6; 
049C:  MOVF   28,W
049E:  SUBLW  0A
04A0:  BNZ   04A6
04A2:  MOVLW  06
04A4:  ADDWF  29,F
....................    RETURN (Y); 
04A6:  MOVFF  29,01
04AA:  RETURN 0
.................... } 
....................  
.................... UNSIGNED INT8 HIEU_CHINH_SO_BCD_GIAM(UNSIGNED INT8 X) 
.................... { 
....................    UNSIGNED INT8 Y; 
....................    Y = X; 
*
0586:  MOVFF  28,29
....................    X = X & 0X0F; 
058A:  MOVLW  0F
058C:  ANDWF  28,F
....................    IF (X==0X0F)  Y = Y - 6; 
058E:  MOVF   28,W
0590:  SUBLW  0F
0592:  BNZ   0598
0594:  MOVLW  06
0596:  SUBWF  29,F
....................    RETURN (Y); 
0598:  MOVFF  29,01
059C:  RETURN 0
.................... } 
....................  
.................... VOID LUU_GIAI_MA_HIEN_THI_SAU_KHI_CHINH() 
.................... { 
....................    NAP_THOI_GIAN_HTAI_VAO_DS13B07(); 
*
04AC:  RCALL  02E2
....................    HIEN_THI_THOI_GIAN_DS13B07(); 
04AE:  RCALL  0390
04B0:  RETURN 0
.................... } 
....................  
.................... VOID PHIM_UP() 
.................... { 
....................    IF(!INPUT(UP)) 
04B2:  BSF    F93.5
04B4:  BTFSC  F81.5
04B6:  BRA    0582
....................    { 
....................       DELAY_MS(20); 
04B8:  MOVLW  14
04BA:  MOVWF  28
04BC:  RCALL  00E8
....................       IF(!INPUT(UP)) 
04BE:  BSF    F93.5
04C0:  BTFSC  F81.5
04C2:  BRA    0582
....................       { 
....................          SWITCH (GIATRI_MOD) 
04C4:  MOVF   27,W
04C6:  XORLW  01
04C8:  BZ    04E0
04CA:  XORLW  03
04CC:  BZ    04FA
04CE:  XORLW  01
04D0:  BZ    0514
04D2:  XORLW  07
04D4:  BZ    052E
04D6:  XORLW  01
04D8:  BZ    0548
04DA:  XORLW  03
04DC:  BZ    0562
04DE:  BRA    057C
....................          { 
....................             CASE 1: IF (GIAY_DS13==0X59)  GIAY_DS13=0; 
04E0:  MOVF   21,W
04E2:  SUBLW  59
04E4:  BNZ   04EA
04E6:  CLRF   21
04E8:  BRA    04F6
....................                     ELSE  
....................                     { 
....................                         GIAY_DS13++; 
04EA:  INCF   21,F
....................                         PHUT_DS13=HIEU_CHINH_SO_BCD_TANG(GIAY_DS13); 
04EC:  MOVFF  21,28
04F0:  RCALL  0494
04F2:  MOVFF  01,20
....................                     } 
....................                     LUU_GIAI_MA_HIEN_THI_SAU_KHI_CHINH(); 
04F6:  RCALL  04AC
....................                     BREAK; 
04F8:  BRA    057C
....................              
....................             CASE 2: IF (PHUT_DS13==0X59)  PHUT_DS13=0; 
04FA:  MOVF   20,W
04FC:  SUBLW  59
04FE:  BNZ   0504
0500:  CLRF   20
0502:  BRA    0510
....................                     ELSE  
....................                     { 
....................                     PHUT_DS13++; 
0504:  INCF   20,F
....................                     PHUT_DS13=HIEU_CHINH_SO_BCD_TANG(PHUT_DS13); 
0506:  MOVFF  20,28
050A:  RCALL  0494
050C:  MOVFF  01,20
....................                     } 
....................                     LUU_GIAI_MA_HIEN_THI_SAU_KHI_CHINH(); 
0510:  RCALL  04AC
....................                     BREAK; 
0512:  BRA    057C
....................                      
....................             CASE 3: IF (GIO_DS13==0X23)  GIO_DS13=0; 
0514:  MOVF   1F,W
0516:  SUBLW  23
0518:  BNZ   051E
051A:  CLRF   1F
051C:  BRA    052A
....................                     ELSE  
....................                     { 
....................                     GIO_DS13++; 
051E:  INCF   1F,F
....................                     GIO_DS13=HIEU_CHINH_SO_BCD_TANG(GIO_DS13); 
0520:  MOVFF  1F,28
0524:  RCALL  0494
0526:  MOVFF  01,1F
....................                     } 
....................                     LUU_GIAI_MA_HIEN_THI_SAU_KHI_CHINH(); 
052A:  RCALL  04AC
....................                     BREAK; 
052C:  BRA    057C
....................                      
....................             CASE 4: IF (NGAY_DS13==0X31)  GIO_DS13=0; 
052E:  MOVF   1D,W
0530:  SUBLW  31
0532:  BNZ   0538
0534:  CLRF   1F
0536:  BRA    0544
....................                     ELSE  
....................                     { 
....................                     NGAY_DS13++; 
0538:  INCF   1D,F
....................                     NGAY_DS13=HIEU_CHINH_SO_BCD_TANG(NGAY_DS13); 
053A:  MOVFF  1D,28
053E:  RCALL  0494
0540:  MOVFF  01,1D
....................                     } 
....................                     LUU_GIAI_MA_HIEN_THI_SAU_KHI_CHINH(); 
0544:  RCALL  04AC
....................                     BREAK;       
0546:  BRA    057C
....................                      
....................             CASE 5: IF (THANG_DS13==0X12)  GIO_DS13=0; 
0548:  MOVF   1C,W
054A:  SUBLW  12
054C:  BNZ   0552
054E:  CLRF   1F
0550:  BRA    055E
....................                     ELSE  
....................                     { 
....................                     THANG_DS13++; 
0552:  INCF   1C,F
....................                     THANG_DS13=HIEU_CHINH_SO_BCD_TANG(THANG_DS13); 
0554:  MOVFF  1C,28
0558:  RCALL  0494
055A:  MOVFF  01,1C
....................                     } 
....................                     LUU_GIAI_MA_HIEN_THI_SAU_KHI_CHINH(); 
055E:  RCALL  04AC
....................                     BREAK; 
0560:  BRA    057C
....................              
....................             CASE 6: IF (NAM_DS13==0X99)  GIO_DS13=0; 
0562:  MOVF   1B,W
0564:  SUBLW  99
0566:  BNZ   056C
0568:  CLRF   1F
056A:  BRA    0578
....................                     ELSE  
....................                     { 
....................                     NAM_DS13++; 
056C:  INCF   1B,F
....................                     NAM_DS13=HIEU_CHINH_SO_BCD_TANG(NAM_DS13); 
056E:  MOVFF  1B,28
0572:  RCALL  0494
0574:  MOVFF  01,1B
....................                     } 
....................                     LUU_GIAI_MA_HIEN_THI_SAU_KHI_CHINH(); 
0578:  RCALL  04AC
....................                     BREAK; 
057A:  BRA    057C
....................             DEFAULT:BREAK; 
....................          } 
....................          DO{} 
....................          WHILE(!INPUT(UP)); 
057C:  BSF    F93.5
057E:  BTFSS  F81.5
0580:  BRA    057C
....................       } 
....................    } 
0582:  GOTO   073A (RETURN)
.................... } 
....................  
.................... VOID PHIM_DW() 
.................... { 
....................    IF(!INPUT(DW)) 
*
059E:  BSF    F93.4
05A0:  BTFSC  F81.4
05A2:  BRA    066E
....................    { 
....................       DELAY_MS(20); 
05A4:  MOVLW  14
05A6:  MOVWF  28
05A8:  RCALL  00E8
....................       IF(!INPUT(DW)) 
05AA:  BSF    F93.4
05AC:  BTFSC  F81.4
05AE:  BRA    066E
....................       { 
....................          SWITCH (GIATRI_MOD) 
05B0:  MOVF   27,W
05B2:  XORLW  01
05B4:  BZ    05CC
05B6:  XORLW  03
05B8:  BZ    05E6
05BA:  XORLW  01
05BC:  BZ    0600
05BE:  XORLW  07
05C0:  BZ    061A
05C2:  XORLW  01
05C4:  BZ    0634
05C6:  XORLW  03
05C8:  BZ    064E
05CA:  BRA    0668
....................          { 
....................             CASE 1: IF (GIAY_DS13==0)  GIAY_DS13=0X59; 
05CC:  MOVF   21,F
05CE:  BNZ   05D6
05D0:  MOVLW  59
05D2:  MOVWF  21
05D4:  BRA    05E2
....................                     ELSE  
....................                     { 
....................                         GIAY_DS13--; 
05D6:  DECF   21,F
....................                         PHUT_DS13=HIEU_CHINH_SO_BCD_GIAM(GIAY_DS13); 
05D8:  MOVFF  21,28
05DC:  RCALL  0586
05DE:  MOVFF  01,20
....................                     } 
....................                     LUU_GIAI_MA_HIEN_THI_SAU_KHI_CHINH(); 
05E2:  RCALL  04AC
....................                     BREAK; 
05E4:  BRA    0668
....................              
....................             CASE 2: IF (PHUT_DS13==0)  PHUT_DS13=0X59; 
05E6:  MOVF   20,F
05E8:  BNZ   05F0
05EA:  MOVLW  59
05EC:  MOVWF  20
05EE:  BRA    05FC
....................                     ELSE  
....................                     { 
....................                     PHUT_DS13--; 
05F0:  DECF   20,F
....................                     PHUT_DS13=HIEU_CHINH_SO_BCD_GIAM(PHUT_DS13); 
05F2:  MOVFF  20,28
05F6:  RCALL  0586
05F8:  MOVFF  01,20
....................                     } 
....................                     LUU_GIAI_MA_HIEN_THI_SAU_KHI_CHINH(); 
05FC:  RCALL  04AC
....................                     BREAK; 
05FE:  BRA    0668
....................                      
....................             CASE 3: IF (GIO_DS13==0)  GIO_DS13=0X23; 
0600:  MOVF   1F,F
0602:  BNZ   060A
0604:  MOVLW  23
0606:  MOVWF  1F
0608:  BRA    0616
....................                     ELSE  
....................                     { 
....................                     GIO_DS13--; 
060A:  DECF   1F,F
....................                     GIO_DS13=HIEU_CHINH_SO_BCD_GIAM(GIO_DS13); 
060C:  MOVFF  1F,28
0610:  RCALL  0586
0612:  MOVFF  01,1F
....................                     } 
....................                     LUU_GIAI_MA_HIEN_THI_SAU_KHI_CHINH(); 
0616:  RCALL  04AC
....................                     BREAK; 
0618:  BRA    0668
....................                      
....................             CASE 4: IF (NGAY_DS13==0)  GIO_DS13=0X31; 
061A:  MOVF   1D,F
061C:  BNZ   0624
061E:  MOVLW  31
0620:  MOVWF  1F
0622:  BRA    0630
....................                     ELSE  
....................                     { 
....................                     NGAY_DS13--; 
0624:  DECF   1D,F
....................                     NGAY_DS13=HIEU_CHINH_SO_BCD_GIAM(NGAY_DS13); 
0626:  MOVFF  1D,28
062A:  RCALL  0586
062C:  MOVFF  01,1D
....................                     } 
....................                     LUU_GIAI_MA_HIEN_THI_SAU_KHI_CHINH(); 
0630:  RCALL  04AC
....................                     BREAK;       
0632:  BRA    0668
....................                      
....................             CASE 5: IF (THANG_DS13==0)  GIO_DS13=0X12; 
0634:  MOVF   1C,F
0636:  BNZ   063E
0638:  MOVLW  12
063A:  MOVWF  1F
063C:  BRA    064A
....................                     ELSE  
....................                     { 
....................                     THANG_DS13--; 
063E:  DECF   1C,F
....................                     THANG_DS13=HIEU_CHINH_SO_BCD_GIAM(THANG_DS13); 
0640:  MOVFF  1C,28
0644:  RCALL  0586
0646:  MOVFF  01,1C
....................                     } 
....................                     LUU_GIAI_MA_HIEN_THI_SAU_KHI_CHINH(); 
064A:  RCALL  04AC
....................                     BREAK; 
064C:  BRA    0668
....................              
....................             CASE 6: IF (NAM_DS13==0)  GIO_DS13=0X99; 
064E:  MOVF   1B,F
0650:  BNZ   0658
0652:  MOVLW  99
0654:  MOVWF  1F
0656:  BRA    0664
....................                     ELSE  
....................                     { 
....................                     NAM_DS13--; 
0658:  DECF   1B,F
....................                     NAM_DS13=HIEU_CHINH_SO_BCD_GIAM(NAM_DS13); 
065A:  MOVFF  1B,28
065E:  RCALL  0586
0660:  MOVFF  01,1B
....................                     } 
....................                     LUU_GIAI_MA_HIEN_THI_SAU_KHI_CHINH(); 
0664:  RCALL  04AC
....................                     BREAK; 
0666:  BRA    0668
....................             DEFAULT:BREAK; 
....................          } 
....................          DO{} 
....................          WHILE(!INPUT(DW)); 
0668:  BSF    F93.4
066A:  BTFSS  F81.4
066C:  BRA    0668
....................       } 
....................    } 
066E:  GOTO   073C (RETURN)
.................... } 
....................  
.................... VOID NHAP_NHAY_CON_TRO() 
.................... { 
....................    SWITCH (GIATRI_MOD) 
0672:  MOVF   27,W
0674:  XORLW  01
0676:  BZ    068E
0678:  XORLW  03
067A:  BZ    0696
067C:  XORLW  01
067E:  BZ    069E
0680:  XORLW  07
0682:  BZ    06A6
0684:  XORLW  01
0686:  BZ    06AE
0688:  XORLW  03
068A:  BZ    06B6
068C:  BRA    06BE
....................    { 
....................       CASE 1: LCD_COMMAND(0XD3); 
068E:  MOVLW  D3
0690:  MOVWF  28
0692:  RCALL  00D2
....................               BREAK; 
0694:  BRA    06BE
....................       CASE 2: LCD_COMMAND(0XD0); 
0696:  MOVLW  D0
0698:  MOVWF  28
069A:  RCALL  00D2
....................               BREAK; 
069C:  BRA    06BE
....................       CASE 3: LCD_COMMAND(0XCD); 
069E:  MOVLW  CD
06A0:  MOVWF  28
06A2:  RCALL  00D2
....................               BREAK; 
06A4:  BRA    06BE
....................       CASE 4: LCD_COMMAND(0X8D); 
06A6:  MOVLW  8D
06A8:  MOVWF  28
06AA:  RCALL  00D2
....................               BREAK; 
06AC:  BRA    06BE
....................       CASE 5: LCD_COMMAND(0X90); 
06AE:  MOVLW  90
06B0:  MOVWF  28
06B2:  RCALL  00D2
....................               BREAK; 
06B4:  BRA    06BE
....................       CASE 6: LCD_COMMAND(0X93); 
06B6:  MOVLW  93
06B8:  MOVWF  28
06BA:  RCALL  00D2
....................               BREAK; 
06BC:  BRA    06BE
....................       DEFAULT:BREAK; 
....................    } 
06BE:  GOTO   074A (RETURN)
.................... } 
....................  
.................... VOID MAIN() 
06C2:  CLRF   FF8
06C4:  BCF    FD0.7
06C6:  CLRF   06
06C8:  CLRF   0D
06CA:  CLRF   0E
06CC:  CLRF   0F
06CE:  CLRF   10
06D0:  CLRF   19
06D2:  MOVF   FC1,W
06D4:  ANDLW  C0
06D6:  IORLW  0F
06D8:  MOVWF  FC1
06DA:  MOVLW  07
06DC:  MOVWF  FB4
06DE:  SETF   11
06E0:  SETF   12
06E2:  SETF   13
06E4:  SETF   14
06E6:  SETF   15
06E8:  SETF   16
06EA:  SETF   17
06EC:  SETF   18
.................... { 
....................    SET_UP_PORT_IC_CHOT(); 
06EE:  BRA    0004
....................    SETUP_LCD(); 
06F0:  BRA    010E
....................    lcd_command(0x0f); 
06F2:  MOVLW  0F
06F4:  MOVWF  28
06F6:  RCALL  00D2
....................    LCD_COMMAND(LCD_ADDR_LINE1); 
06F8:  MOVLW  80
06FA:  MOVWF  28
06FC:  RCALL  00D2
....................    DOC_THOI_GIAN_TU_REALTIME(); 
06FE:  RCALL  01E6
....................    IF (MA_DS13!=MA_DS) 
0700:  MOVF   22,W
0702:  SUBLW  90
0704:  BZ    070A
....................    { 
....................       THIET_LAP_THOI_GIAN_HIEN_TAI(); 
0706:  BRA    02BC
....................       NAP_THOI_GIAN_HTAI_VAO_DS13B07(); 
0708:  RCALL  02E2
....................    } 
....................    GIATRI_MOD=0; 
070A:  CLRF   27
....................    HIEN_THI_GIA_TRI_MOD(); 
070C:  RCALL  037E
....................    DOC_THOI_GIAN_TU_REALTIME(); 
070E:  RCALL  01E6
....................    GIAYTAM=GIAY_DS13; 
0710:  MOVFF  21,24
....................     
....................    WHILE(TRUE) 
....................    { 
....................       DOC_THOI_GIAN_TU_REALTIME(); 
0714:  RCALL  01E6
....................       IF(GIAYTAM==GIAY_DS13) 
0716:  MOVF   21,W
0718:  SUBWF  24,W
071A:  BNZ   0724
....................       { 
....................          GIAYTAM=GIAY_DS13; 
071C:  MOVFF  21,24
....................          HIEN_THI_GIA_TRI_MOD(); 
0720:  RCALL  037E
....................          HIEN_THI_THOI_GIAN_DS13B07(); 
0722:  RCALL  0390
....................       } 
....................       FOR (K=0; K<10000;K++) 
0724:  CLRF   26
0726:  CLRF   25
0728:  MOVF   26,W
072A:  SUBLW  27
072C:  BNC   0744
072E:  BNZ   0736
0730:  MOVF   25,W
0732:  SUBLW  0F
0734:  BNC   0744
....................       { 
....................          PHIM_MOD(); PHIM_UP(); PHIM_DW(); 
0736:  BRA    046A
0738:  BRA    04B2
073A:  BRA    059E
073C:  INCF   25,F
073E:  BTFSC  FD8.2
0740:  INCF   26,F
0742:  BRA    0728
....................       } 
....................       IF(GIATRI_MOD!=0) NHAP_NHAY_CON_TRO(); 
0744:  MOVF   27,F
0746:  BTFSS  FD8.2
0748:  BRA    0672
074A:  BRA    0714
....................    } 
.................... } 
074C:  SLEEP 

Configuration Fuses:
   Word  1: CC27   PLL12 CPUDIV1 USBDIV HS FCMEN IESO
   Word  2: 1E3E   PUT BROWNOUT BORV21 VREGEN NOWDT WDT32768
   Word  3: 8700   CCP2C1 PBADEN LPT1OSC MCLR
   Word  4: 00A1   STVREN NOLVP ICSP2 NOXINST NODEBUG
   Word  5: C00F   NOPROTECT NOCPB NOCPD
   Word  6: E00F   NOWRT NOWRTC NOWRTB NOWRTD
   Word  7: 400F   NOEBTR NOEBTRB
