CCS PCH C Compiler, Version 5.015, 5967               15-Jun-20 15:51

               Filename:   C:\Users\tsqua\OneDrive - student.mtsac.edu\Desktop\BAI_TAP_VXL_NEW_3\BAI_616_LCD_4LED_DEM_SP_T0_XOA_0_VN.lst

               ROM used:   1200 bytes (4%)
                           Largest free fragment is 31568
               RAM used:   34 (2%) at main() level
                           44 (2%) worst case
               Stack used: 7 locations
               Stack size: 31

*
0000:  GOTO   0414
....................  
....................  
.................... #INCLUDE <TV_PICKIT2_SHIFT_1.C> 
.................... #INCLUDE    <18F4550.H> 
.................... //////////// Standard Header file for the PIC18F4550 device //////////////// 
.................... /////////////////////////////////////////////////////////////////////////// 
.................... ////        (C) Copyright 1996, 2013 Custom Computer Services          //// 
.................... //// This source code may only be used by licensed users of the CCS C  //// 
.................... //// compiler.  This source code may only be distributed to other      //// 
.................... //// licensed users of the CCS C compiler.  No other use, reproduction //// 
.................... //// or distribution is permitted without written permission.          //// 
.................... //// Derivative programs created using this software in object code    //// 
.................... //// form are not restricted in any way.                               //// 
.................... /////////////////////////////////////////////////////////////////////////// 
.................... #device PIC18F4550 
0004:  CLRF   FF7
0006:  ADDLW  14
0008:  MOVWF  FF6
000A:  MOVLW  00
000C:  ADDWFC FF7,F
000E:  TBLRD*+
0010:  MOVF   FF5,W
0012:  RETURN 0
0014:  DATA C0,F9
0016:  DATA A4,B0
0018:  DATA 99,92
001A:  DATA 82,F8
001C:  DATA 80,90
001E:  DATA 88,83
0020:  DATA C6,A1
0022:  DATA 86,8E
0024:  CLRF   FF7
0026:  ADDLW  34
0028:  MOVWF  FF6
002A:  MOVLW  00
002C:  ADDWFC FF7,F
002E:  TBLRD*+
0030:  MOVF   FF5,W
0032:  RETURN 0
0034:  DATA 80,C0
0036:  DATA 94,D4
0038:  DATA 44,45
003A:  DATA 4D,20
003C:  DATA 53,41
003E:  DATA 4E,20
0040:  DATA 50,48
0042:  DATA 41,4D
0044:  DATA 3A,00
*
01C8:  TBLRD*+
01CA:  MOVF   FF5,F
01CC:  BZ    01E6
01CE:  MOVFF  FF6,22
01D2:  MOVFF  FF7,23
01D6:  MOVFF  FF5,24
01DA:  RCALL  01B2
01DC:  MOVFF  22,FF6
01E0:  MOVFF  23,FF7
01E4:  BRA    01C8
01E6:  GOTO   0454 (RETURN)
01EA:  CLRF   01
01EC:  CLRF   02
01EE:  CLRF   00
01F0:  CLRF   03
01F2:  MOVF   29,W
01F4:  BNZ   01FA
01F6:  MOVF   28,W
01F8:  BZ    022A
01FA:  MOVLW  10
01FC:  MOVWF  2A
01FE:  BCF    FD8.0
0200:  RLCF   26,F
0202:  RLCF   27,F
0204:  RLCF   00,F
0206:  RLCF   03,F
0208:  MOVF   29,W
020A:  SUBWF  03,W
020C:  BNZ   0212
020E:  MOVF   28,W
0210:  SUBWF  00,W
0212:  BNC   0222
0214:  MOVF   28,W
0216:  SUBWF  00,F
0218:  BTFSS  FD8.0
021A:  DECF   03,F
021C:  MOVF   29,W
021E:  SUBWF  03,F
0220:  BSF    FD8.0
0222:  RLCF   01,F
0224:  RLCF   02,F
0226:  DECFSZ 2A,F
0228:  BRA    01FE
022A:  RETURN 0
....................  
.................... #list 
....................  
.................... #DEVICE     ADC=10 
.................... #FUSES      NOWDT,PUT,HS,NOPROTECT,NOLVP,CPUDIV1 
.................... #USE        I2C(MASTER,SLOW,SDA=PIN_B0,SCL=PIN_B1) 
.................... #USE        DELAY(CLOCK=20000000) 
*
0128:  CLRF   FEA
012A:  MOVLW  22
012C:  MOVWF  FE9
012E:  MOVF   FEF,W
0130:  BZ    014C
0132:  MOVLW  06
0134:  MOVWF  01
0136:  CLRF   00
0138:  DECFSZ 00,F
013A:  BRA    0138
013C:  DECFSZ 01,F
013E:  BRA    0136
0140:  MOVLW  7B
0142:  MOVWF  00
0144:  DECFSZ 00,F
0146:  BRA    0144
0148:  DECFSZ FEF,F
014A:  BRA    0132
014C:  GOTO   0184 (RETURN)
.................... //#USE        rs232(baud=9600, xmit=PIN_C6,rcv=PIN_C7) 
.................... //NUT NHAN: 
.................... #DEFINE  BT0     PIN_B5 
.................... #DEFINE  BT1     PIN_B4 
.................... #DEFINE  BT2     PIN_B3 
.................... #DEFINE  BT3     PIN_B2 
....................  
.................... #DEFINE  ON      BT0       //DK LED DON, MOTOR 
.................... #DEFINE  OFF     BT1 
.................... #DEFINE  INV     BT2 
....................  
.................... #DEFINE  UP      BT0    //DK LED DON 
.................... #DEFINE  DW      BT1 
.................... #DEFINE  CLR     BT2 
.................... #DEFINE  MOD     BT3 
....................  
.................... #DEFINE  STOP    BT3 
....................  
.................... #DEFINE  ON1     BT0      
.................... #DEFINE  OFF1    BT1 
.................... #DEFINE  ON2     BT2        
.................... #DEFINE  OFF2    BT3 
....................  
....................  
.................... #DEFINE     TRIGGER      PIN_E2 
.................... #DEFINE     ECHO         PIN_E1 
.................... //   IC74138_A    PIN_B6   //OUTPUT GIAI MA 2 SANG 4 TICH CUC MUC 0 
.................... //   IC74138_B    PIN_B7   //OUTPUT GIAI MA 2 SANG 4 TICH CUC MUC 0 
....................  
.................... //          ENCODER  PIN_C0   //RC0/T13CKI 
....................  
.................... //          CB_KC    PIN_A2   //RA2/AN2 
.................... //          PIR      PIN_A3   //RA3/AN3 
.................... //          CBXUNG   PIN_A4   //RA4/T0CKI 
.................... //          LEDTHU   PIN_A4   //RA4/T0CKI//SW802 
....................  
.................... //          CB_KCSA_TRIGGER  PIN_E2   //RE2/SDO  DUNG CHUNG 
.................... //          CB_KCSA_RCHO     PIN_E1   //RE1 
....................  
.................... //          CB_TCS3200_OUT    PIN_E1   //RE1 //CAM BIEN MAU TCS3200 
.................... //          CB_TCS3200_S0     B12      //LAY TU MBI5026 
.................... //          CB_TCS3200_S1     B13      //LAY TU MBI5026 
.................... //          CB_TCS3200_S2     B14      //LAY TU MBI5026 
.................... //          CB_TCS3200_S3     B15      //LAY TU MBI5026 
....................  
.................... //          CB_POWER  SW803 
.................... //          CB_GAS      AIN3_PCF8591T   //RE1 
.................... //          CB_QUANG    AIN2_PCF8591T    
.................... //          CB_LM35B    AIN1_PCF8591T   //RA1/AN1 
.................... //          CB_LM35A    AIN0_PCF8591T   //RE1/AN0 
....................  
.................... //XXXXXXXXXXXXXXXXXXXXXXXXXXXXXXXXXXXXXXXXXXXXXXXXX 
.................... #DEFINE      ENABLE_573A      PIN_D1         //CS0 CUA A 
.................... #DEFINE      ENABLE_573B      PIN_D0         //CS1 CUA B 
.................... //XXXXXXXXXXXXXXXXXXXXXXXXXXXXXXXXXXXXXXXXXXXXXXXXX 
.................... #DEFINE      SSDO             PIN_E2         //CHUNG TAT CA 
.................... #DEFINE      SSCK             PIN_E0         //CHUNG TAT CA 
.................... //XXXXXXXXXXXXXXXXXXXXXXXXXXXXXXXXXXXXXXXXXXXXXXXXX 
.................... #DEFINE      RCK_4LED7DOAN    PIN_D7         //A - 4 BYTE 
.................... #DEFINE      G_4LED7DOAN      PIN_D6         //A - 4 BYTE 
.................... //XXXXXXXXXXXXXXXXXXXXXXXXXXXXXXXXXXXXXXXXXXXX     
.................... #DEFINE      RCK_MATRANLED    PIN_D7         //B - 3 BYTE DAO 
.................... #DEFINE      G_MATRANLED      PIN_D6         //B - 3 BYTE DAO 
.................... //XXXXXXXXXXXXXXXXXXXXXXXXXXXXXXXXXXXXXXXXXXXXXXXXX 
.................... #DEFINE      RCK_32LED        PIN_D5         //A - 4 BYTE 
.................... #DEFINE      G_32LED          PIN_D4         //A - 4 BYTE 
.................... //XXXXXXXXXXXXXXXXXXXXXXXXXXXXXXXXXXXXXXXXXXXX  
.................... #DEFINE      RCK_8LEDQUET     PIN_D5         //B - 2 BYTE DAO 
.................... #DEFINE      G_8LEDQUET       PIN_D4         //B - 2 BYTE DAO 
.................... //XXXXXXXXXXXXXXXXXXXXXXXXXXXXXXXXXXXXXXXXXXXXXXXXX 
.................... #DEFINE      RCK_LCD20X4      PIN_D3         //A - 2 BYTE DAO 
.................... #DEFINE      G_LCD20X4         PIN_D2         //A - 2 BYTE DAO 
.................... //XXXXXXXXXXXXXXXXXXXXXXXXXXXXXXXXXXXXXXXXXXXX  
.................... #DEFINE      RCK_BUZERELAY    PIN_D3     //B - 1 BYTE  
.................... #DEFINE      G_BUZERELAY      PIN_D2         //B - 1 BYTE  
....................  
.................... VOID XUAT_LCD20X4(UNSIGNED INT8 LCD_SIGNAL,LCD_INS_HTHI); 
....................  
.................... VOID XUAT_BUZZER_RELAY(); 
.................... //XXXXXXXXXXXXXXXXXXXXXXXXXXXXXXXXXXXXXXXXXXXX    
.................... #DEFINE     CHOT_2_IC_74573_A_B  OUTPUT_D(0XFC) 
....................  
.................... UNSIGNED INT8 TIN_HIEU_DK_74573_A; 
.................... #BIT G_4A         = TIN_HIEU_DK_74573_A.6 
.................... #BIT G_32A        = TIN_HIEU_DK_74573_A.4 
.................... #BIT G_LCDA       = TIN_HIEU_DK_74573_A.2 
.................... //XXXXXXXXXXXXXXXXXXXXXXXXXXXXXXXXXXXXXXXXXXXX          
.................... #DEFINE     MO_32_LED_DON        G_32A=0; //OUTPUT_LOW(G_32LED)  
.................... #DEFINE     TAT_32_LED_DON       G_32A=1; //OUTPUT_HIGH(G_32LED)  
.................... //XXXXXXXXXXXXXXXXXXXXXXXXXXXXXXXXXXXXXXXXXXXX          
.................... #DEFINE     MO_4_LED_7DOAN       G_4A=0;  //OUTPUT_LOW(G_4LED7DOAN) 
.................... #DEFINE     TAT_4_LED_7DOAN      G_4A=1;  //OUTPUT_HIGH(G_4LED7DOAN) 
.................... //XXXXXXXXXXXXXXXXXXXXXXXXXXXXXXXXXXXXXXXXXXXX  
.................... #DEFINE     MO_GLCD_LCD           G_LCDA=0;   //OUTPUT_LOW(G_LCD20X4) 
.................... #DEFINE     TAT_GLCD_LCD          G_LCDA=1;   // OUTPUT_LOW(G_LCD20X4) 
....................  
.................... UNSIGNED INT8 TIN_HIEU_DK_74573_B;   
.................... #BIT G_MTB        = TIN_HIEU_DK_74573_B.6 
.................... #BIT G_8B         = TIN_HIEU_DK_74573_B.4 
.................... #BIT G_RBDCB      = TIN_HIEU_DK_74573_B.2 
.................... //XXXXXXXXXXXXXXXXXXXXXXXXXXXXXXXXXXXXXXXXXXXX  
.................... #DEFINE     MO_LED_MATRAN        G_MTB=0; //OUTPUT_LOW(G_MATRANLED) 
.................... #DEFINE     TAT_LED_MATRAN       G_MTB=1; //OUTPUT_LOW(G_MATRANLED) 
.................... //XXXXXXXXXXXXXXXXXXXXXXXXXXXXXXXXXXXXXXXXXXXX        
.................... #DEFINE     MO_8_LED_QUET        G_8B=0;  //OUTPUT_LOW(G_8LEDQUET) 
.................... #DEFINE     TAT_8_LED_QUET       G_8B=1;  //OUTPUT_LOW(G_8LEDQUET) 
.................... //XXXXXXXXXXXXXXXXXXXXXXXXXXXXXXXXXXXXXXXXXXXX          
.................... #DEFINE     MO_RELAY_BUZZER_DC   G_RBDCB=0;  //OUTPUT_LOW(G_BUZERELAY) 
.................... #DEFINE     TAT_RELAY_BUZZER_DC  G_RBDCB=1;  //OUTPUT_LOW(G_BUZERELAY) 
....................  
.................... //XXXXXXXXXXXXXXXXXXXXXXXXXXXXXXXXXXXXXXXXXXXX 
.................... //CHUONG TRINH KIEM TRA PHIM BT1 
.................... //XXXXXXXXXXXXXXXXXXXXXXXXXXXXXXXXXXXXXXXXXXXX 
.................... UNSIGNED INT8 DL_BTN=0; 
.................... INT1 PHIM_BT0(UNSIGNED INT16 DL) 
.................... {   
....................     IF (!INPUT(BT0)) 
....................     {   
....................       DL_BTN++; 
....................        
....................       IF (DL_BTN>= DL) 
....................          { 
....................             DL_BTN =0; 
....................             RETURN(1); 
....................          } 
....................       ELSE RETURN(0); 
....................     } 
....................     ELSE    RETURN(0); 
.................... }  
.................... //XXXXXXXXXXXXXXXXXXXXXXXXXXXXXXXXXXXXXXXXXXXX 
.................... //CHUONG TRINH KIEM TRA PHIM BT1 
.................... //XXXXXXXXXXXXXXXXXXXXXXXXXXXXXXXXXXXXXXXXXXXX 
.................... INT1 PHIM_BT1(UNSIGNED INT16 DL ) 
.................... {   
....................     IF (!INPUT(BT1)) 
....................     {   
....................       DL_BTN++; 
....................        
....................       IF (DL_BTN>= DL) 
....................          { 
....................             DL_BTN =0; 
....................             RETURN(1); 
....................          } 
....................       ELSE RETURN(0); 
....................     } 
....................     ELSE    RETURN(0); 
.................... }  
.................... //XXXXXXXXXXXXXXXXXXXXXXXXXXXXXXXXXXXXXXXXXXXX 
.................... //CHUONG TRINH KIEM TRA PHIM BT2       
.................... //XXXXXXXXXXXXXXXXXXXXXXXXXXXXXXXXXXXXXXXXXXXX                                     
.................... INT1 PHIM_BT2(UNSIGNED INT16 DL ) 
.................... {                                         
....................     IF (!INPUT(BT2)) 
....................     {   
....................       DL_BTN++; 
....................        
....................       IF (DL_BTN>= DL) 
....................          { 
....................             DL_BTN =0; 
....................             RETURN(1); 
....................          } 
....................       ELSE RETURN(0); 
....................     } 
....................     ELSE    RETURN(0); 
....................                                           
.................... }       
....................  
.................... //XXXXXXXXXXXXXXXXXXXXXXXXXXXXXXXXXXXXXXXXXXXX 
.................... //CHUONG TRINH KIEM TRA PHIM BT3 
.................... //XXXXXXXXXXXXXXXXXXXXXXXXXXXXXXXXXXXXXXXXXXXX 
.................... INT1 PHIM_BT3(UNSIGNED INT16 DL,  UNSIGNED INT8 SOLAN  ) 
.................... {   
....................     IF (!INPUT(BT3)) 
....................     {   
....................       DL_BTN++; 
....................       IF(DL_BTN==1) RETURN(1); 
....................       ELSE 
....................       { 
....................          IF (DL_BTN>= DL) 
....................          DL_BTN =SOLAN; 
....................       } 
....................     } 
....................     ELSE    
....................     { 
....................       //DL_BTN =0; 
....................       RETURN(0); 
....................     } 
.................... }  
.................... //XXXXXXXXXXXXXXXXXXXXXXXXXXXXXXXXXXXXXXXXXXXX 
.................... //KHAI BAO DU LIEU 16 BIT CHO MODULE RELAY, TRIAC, BUZZER, DONG CO 
.................... //XXXXXXXXXXXXXXXXXXXXXXXXXXXXXXXXXXXXXXXXXXXX 
.................... UNSIGNED INT16 RBDC; 
.................... #BIT STEP_MOTOR_ENABLE  = RBDC.0    //1=ENA,0=DIS 
.................... #BIT STEP_MOTOR_IN1     = RBDC.1     
.................... #BIT STEP_MOTOR_IN2     = RBDC.2 
.................... #BIT STEP_MOTOR_IN3     = RBDC.3 
.................... #BIT STEP_MOTOR_IN4     = RBDC.4 
.................... #BIT DC_ENABLE          = RBDC.5    //1=ENA,0=DIS 
.................... #BIT PWRKEY             = RBDC.6    //KHOI TAO SIM900 
....................  
.................... #BIT BUZZER             = RBDC.8    //1=ON,0=OFF 
.................... #BIT TRIAC_1            = RBDC.9    //1=ON,0=OFF 
.................... #BIT TRIAC_2            = RBDC.10   //1=ON,0=OFF 
.................... #BIT RELAY_1            = RBDC.11   //0=ON,1=OFF 
.................... #BIT RELAY_2            = RBDC.12   //0=ON,1=OFF 
....................  
.................... //HAM 103 
.................... //XXXXXXXXXXXXXXXXXXXXXXXXXXXXXXXXXXXXXXXXXXXX 
.................... //CHUONG TRINH CON KHOI TAO IC CHOT 
.................... //XXXXXXXXXXXXXXXXXXXXXXXXXXXXXXXXXXXXXXXXXXXX          
.................... #DEFINE     CHO_IC_74573_A_GOI_DU_LIEU     OUTPUT_HIGH(ENABLE_573A) 
.................... #DEFINE     CHOT_IC_74573_A_GOI_DU_LIEU    OUTPUT_LOW(ENABLE_573A) 
....................  
.................... #DEFINE     CHO_IC_74573_B_GOI_DU_LIEU     OUTPUT_HIGH(ENABLE_573B) 
.................... #DEFINE     CHOT_IC_74573_B_GOI_DU_LIEU    OUTPUT_LOW(ENABLE_573B) 
.................... VOID MO_IC_74573_A_THONG_DL(); 
....................  
.................... //XXXXXXXXXXXXXXXXXXXXXXXXXXXXXXXXXXXXXXXXXXXX    
.................... CONST UNSIGNED CHAR MA7DOAN[16]= {0XC0,0XF9,0xA4,0XB0,0X99,0X92,0X82,0XF8, 
.................... 0X80,0X90,0x88, 0x83, 0xC6, 0xA1, 0x86, 0x8E}; 
.................... #DEFINE     MASO0    0XC0 
.................... #DEFINE     MASO1    0XF9 
.................... #DEFINE     MASO2    0XA4 
.................... #DEFINE     MASO3    0XB0 
.................... #DEFINE     MASO4    0X99 
.................... #DEFINE     MASO5    0X92 
.................... #DEFINE     MASO6    0X82 
.................... #DEFINE     MASO7    0XF8 
....................  
.................... //XXXXXXXXXXXXXXXXXXXXXXXXXXXXXXXXXXXXXXXXXXXX  
.................... //HAM 102 
.................... //XXXXXXXXXXXXXXXXXXXXXXXXXXXXXXXXXXXXXXXXXXXX     
.................... //XUAT 1 BYTE RA THANH GHI DICH 
.................... //XXXXXXXXXXXXXXXXXXXXXXXXXXXXXXXXXXXXXXXXXXXX     
.................... VOID XUAT_1BYTE(UNSIGNED INT8 BYTEXUAT) 
.................... { 
....................    UNSIGNED INT8   SB,X;    
....................    #BIT BSERI  = X.7 
....................    X = BYTEXUAT; 
*
0064:  MOVFF  29,2B
....................    FOR (SB=0;SB<8;SB++) 
0068:  CLRF   2A
006A:  MOVF   2A,W
006C:  SUBLW  07
006E:  BNC   008C
....................       {                                                  
....................          OUTPUT_BIT(SSDO,BSERI);     
0070:  BTFSC  2B.7
0072:  BRA    0078
0074:  BCF    F8D.2
0076:  BRA    007A
0078:  BSF    F8D.2
007A:  BCF    F96.2
....................          OUTPUT_LOW(SSCK); OUTPUT_HIGH(SSCK); 
007C:  BCF    F96.0
007E:  BCF    F8D.0
0080:  BCF    F96.0
0082:  BSF    F8D.0
....................          X= X<<1;          
0084:  BCF    FD8.0
0086:  RLCF   2B,F
0088:  INCF   2A,F
008A:  BRA    006A
....................      } 
008C:  RETURN 0
.................... } 
.................... //XXXXXXXXXXXXXXXXXXXXXXXXXXXXXXXXXXXXXXXXXXXX  
.................... //HAM 301 
.................... //XXXXXXXXXXXXXXXXXXXXXXXXXXXXXXXXXXXXXXXXXXXX 
.................... //CHUONG TRINH CON XUAT 4 BYTE RA 32 LED DON 
.................... //XXXXXXXXXXXXXXXXXXXXXXXXXXXXXXXXXXXXXXXXXXXX 
.................... VOID XUAT_32LED_DON_4BYTE(UNSIGNED INT8 BLD3,BLD2,BLD1,BLD0) 
.................... {      
....................       XUAT_1BYTE(BLD3);           
....................       XUAT_1BYTE(BLD2); 
....................       XUAT_1BYTE(BLD1);           
....................       XUAT_1BYTE(BLD0);             
....................       MO_32_LED_DON;       
....................       MO_IC_74573_A_THONG_DL();             
....................       OUTPUT_HIGH(RCK_32LED);    OUTPUT_LOW(RCK_32LED); 
....................       CHOT_IC_74573_A_GOI_DU_LIEU;       
.................... } 
.................... //HAM 302 
.................... //XXXXXXXXXXXXXXXXXXXXXXXXXXXXXXXXXXXXXXXXXXXX 
.................... //CHUONG TRINH CON XUAT 2 WORD 16 BITRA 32 LED DON 
.................... //XXXXXXXXXXXXXXXXXXXXXXXXXXXXXXXXXXXXXXXXXXXX 
.................... VOID XUAT_32LED_DON_2WORD(UNSIGNED INT16 WLD1, UNSIGNED INT16 WLD0) 
.................... {      
....................      UNSIGNED INT8  B3,B2,B1,B0; 
....................      B3 = WLD1>>8;  B2 = WLD1;  
....................      B1 = WLD0>>8;  B0 = WLD0; 
....................      XUAT_32LED_DON_4BYTE(B3,B2,B1,B0); 
.................... } 
.................... //HAM 303 
.................... //XXXXXXXXXXXXXXXXXXXXXXXXXXXXXXXXXXXXXXXXXXXX 
.................... //CHUONG TRINH CON XUAT 1 DOUBLE WORD RA 32 LED DON 
.................... //XXXXXXXXXXXXXXXXXXXXXXXXXXXXXXXXXXXXXXXXXXXX 
.................... VOID XUAT_32LED_DON_1DW(UNSIGNED LONG LONG DWLD) 
.................... {      
....................      UNSIGNED INT16  WD1,WD0; 
....................      WD1 = DWLD>>16;  WD0 = DWLD; 
....................      XUAT_32LED_DON_2WORD(WD1,WD0); 
.................... } 
....................  
.................... //HAM 304 
.................... //XXXXXXXXXXXXXXXXXXXXXXXXXXXXXXXXXXXXXXXXXXXX 
.................... //CHUONG TRINH CON MO 32 LED DON SANG 
.................... //XXXXXXXXXXXXXXXXXXXXXXXXXXXXXXXXXXXXXXXXXXXX 
.................... VOID MO_32LED_DON() 
.................... {         
....................      XUAT_32LED_DON_1DW(0XFFFFFFFF); 
.................... } 
.................... //HAM 305 
.................... //XXXXXXXXXXXXXXXXXXXXXXXXXXXXXXXXXXXXXXXXXXXX 
.................... //CHUONG TRINH CON TAT 32 LED DON  
.................... //XXXXXXXXXXXXXXXXXXXXXXXXXXXXXXXXXXXXXXXXXXXX 
.................... VOID TAT_32LED_DON() 
.................... {         
....................      XUAT_32LED_DON_1DW(0); 
.................... } 
.................... //XXXXXXXXXXXXXXXXXXXXXXXXXXXXXXXXXXXXXXXXXXXX     
.................... //XUAT 1 BIT ROI TRA LAI KET QUA SAU KHI DICH DI 1 BIT 
.................... //XXXXXXXXXXXXXXXXXXXXXXXXXXXXXXXXXXXXXXXXXXXX     
.................... UNSIGNED  INT8 XUAT_1BIT(UNSIGNED INT8 BYTEXUAT) 
.................... { 
....................       UNSIGNED INT8   XBITX;    
....................       #BIT BSERIX  = XBITX.0 
....................       XBITX = BYTEXUAT; 
....................                                              
....................       OUTPUT_BIT(SSDO,BSERIX);     
....................       OUTPUT_LOW(SSCK); OUTPUT_HIGH(SSCK); 
....................       XBITX= XBITX>>1;    
....................       RETURN(XBITX);   
.................... } 
.................... //XXXXXXXXXXXXXXXXXXXXXXXXXXXXXXXXXXXXXXXXXXXX  
.................... //HAM 101 
.................... //XXXXXXXXXXXXXXXXXXXXXXXXXXXXXXXXXXXXXXXXXXXX     
.................... //HAM KHOI TAO CAC PORT VA IC CHOT 
.................... //XXXXXXXXXXXXXXXXXXXXXXXXXXXXXXXXXXXXXXXXXXXX     
.................... VOID SET_UP_PORT_IC_CHOT() 
.................... {      
....................       SET_TRIS_D(0x00);     
*
0046:  MOVLW  00
0048:  MOVWF  F95
....................       SET_TRIS_E(0X00); 
004A:  MOVWF  F96
....................       OUTPUT_D(0XFF); 
004C:  CLRF   F95
004E:  SETF   F8C
....................       TIN_HIEU_DK_74573_A=0XFF;   
0050:  SETF   04
....................       TIN_HIEU_DK_74573_B=0XFF;       
0052:  SETF   05
....................       CHOT_IC_74573_A_GOI_DU_LIEU; 
0054:  BCF    F95.1
0056:  BCF    F8C.1
....................       CHOT_IC_74573_B_GOI_DU_LIEU;   
0058:  BCF    F95.0
005A:  BCF    F8C.0
....................       RBDC=0; 
005C:  CLRF   08
005E:  CLRF   07
0060:  GOTO   0442 (RETURN)
.................... } 
.................... //HAM 104 
.................... //XXXXXXXXXXXXXXXXXXXXXXXXXXXXXXXXXXXXXXXXXXXX     
.................... //XUAT CÁC THIEU DIEU KHIEN  
.................... //GIU NGUYEN CAC TRANG THAI CUA 2 MODULE KHAC 
.................... //XXXXXXXXXXXXXXXXXXXXXXXXXXXXXXXXXXXXXXXXXXXX     
.................... VOID MO_IC_74573_A_THONG_DL() 
.................... {      
....................       OUTPUT_D(0X00); 
*
008E:  CLRF   F95
0090:  CLRF   F8C
....................       OUTPUT_BIT(G_32LED,G_32A); 
0092:  BTFSC  04.4
0094:  BRA    009A
0096:  BCF    F8C.4
0098:  BRA    009C
009A:  BSF    F8C.4
009C:  BCF    F95.4
....................       OUTPUT_BIT(G_4LED7DOAN,G_4A); 
009E:  BTFSC  04.6
00A0:  BRA    00A6
00A2:  BCF    F8C.6
00A4:  BRA    00A8
00A6:  BSF    F8C.6
00A8:  BCF    F95.6
....................       OUTPUT_BIT(G_LCD20X4,G_LCDA);   
00AA:  BTFSC  04.2
00AC:  BRA    00B2
00AE:  BCF    F8C.2
00B0:  BRA    00B4
00B2:  BSF    F8C.2
00B4:  BCF    F95.2
....................       CHO_IC_74573_A_GOI_DU_LIEU; 
00B6:  BCF    F95.1
00B8:  BSF    F8C.1
00BA:  RETURN 0
.................... } 
.................... VOID MO_IC_74573_B_THONG_DL() 
.................... {      
....................       OUTPUT_D(0X00); 
....................       OUTPUT_BIT(G_MATRANLED,G_MTB); 
....................       OUTPUT_BIT(G_8LEDQUET,G_8B); 
....................       OUTPUT_BIT(G_BUZERELAY,G_RBDCB);  
....................       CHO_IC_74573_B_GOI_DU_LIEU; 
.................... } 
.................... //ham 401 
.................... //XXXXXXXXXXXXXXXXXXXXXXXXXXXXXXXXXXXXXXXXXXXX 
.................... //CHUONG TRINH CON XUAT 4 BYTE RA 4 LED 7 DOAN 
.................... //XXXXXXXXXXXXXXXXXXXXXXXXXXXXXXXXXXXXXXXXXXXX 
.................... VOID XUAT_4LED_7DOAN_4SO(UNSIGNED INT BL743,BL742,BL741,BL740) 
.................... {      
....................       XUAT_1BYTE(BL740);   XUAT_1BYTE(BL741); 
*
02C2:  MOVFF  27,29
02C6:  RCALL  0064
02C8:  MOVFF  26,29
02CC:  RCALL  0064
....................       XUAT_1BYTE(BL742);   XUAT_1BYTE(BL743); 
02CE:  MOVFF  25,29
02D2:  RCALL  0064
02D4:  MOVFF  24,29
02D8:  RCALL  0064
....................        
....................       MO_4_LED_7DOAN; 
02DA:  BCF    04.6
....................       MO_IC_74573_A_THONG_DL(); 
02DC:  RCALL  008E
....................         
....................       OUTPUT_LOW(RCK_4LED7DOAN);   OUTPUT_HIGH(RCK_4LED7DOAN);  
02DE:  BCF    F95.7
02E0:  BCF    F8C.7
02E2:  BCF    F95.7
02E4:  BSF    F8C.7
....................       CHOT_IC_74573_A_GOI_DU_LIEU; 
02E6:  BCF    F95.1
02E8:  BCF    F8C.1
02EA:  GOTO   0412 (RETURN)
.................... } 
.................... //ham 404 
.................... VOID XUAT_4LED_7DOAN_3SO(UNSIGNED INT BL742,BL741,BL740) 
.................... {      
....................      XUAT_4LED_7DOAN_4SO(0XFF,BL742,BL741,BL740); 
.................... } 
.................... //ham 403 
.................... VOID XUAT_4LED_7DOAN_2SO(UNSIGNED INT BL741,BL740) 
.................... {      
....................      XUAT_4LED_7DOAN_4SO(0XFF,0XFF,BL741,BL740); 
.................... } 
.................... //ham 402 
.................... VOID XUAT_4LED_7DOAN_1SO(UNSIGNED INT BL740) 
.................... {      
....................      XUAT_4LED_7DOAN_4SO(0XFF,0XFF,0XFF,BL740); 
.................... } 
....................  
.................... //ham 405 
.................... //XXXXXXXXXXXXXXXXXXXXXXXXXXXXXXXXXXXXXXXXXXXXXXXXXXXXXXXXXXXXX 
.................... //CHUONG TRINH CON HIEN THI DU LIEU 16 BIT TREN 4 LED 7 DOAN 
.................... //XXXXXXXXXXXXXXXXXXXXXXXXXXXXXXXXXXXXXXXXXXXXXXXXXXXXXXXXXXXXX 
.................... UNSIGNED CHAR DONVI4,CHUC4,TRAM4,NGAN4; 
.................... VOID  XUAT_4LED_7DOAN_GIAIMA_XOA_SO0 (UNSIGNED INT16 TAM) 
.................... {          
....................       DONVI4 = MA7DOAN[TAM %10];          
02EE:  MOVFF  23,27
02F2:  MOVFF  22,26
02F6:  CLRF   29
02F8:  MOVLW  0A
02FA:  MOVWF  28
02FC:  RCALL  01EA
02FE:  MOVFF  00,24
0302:  MOVFF  03,25
0306:  MOVFF  03,03
030A:  MOVF   00,W
030C:  MOVFF  FF2,26
0310:  BCF    FF2.7
0312:  RCALL  0004
0314:  BTFSC  26.7
0316:  BSF    FF2.7
0318:  MOVWF  09
....................       CHUC4  = MA7DOAN[TAM/10%10]; 
031A:  MOVFF  23,27
031E:  MOVFF  22,26
0322:  CLRF   29
0324:  MOVLW  0A
0326:  MOVWF  28
0328:  RCALL  01EA
032A:  MOVFF  02,25
032E:  MOVFF  01,24
0332:  MOVFF  02,27
0336:  MOVFF  01,26
033A:  CLRF   29
033C:  MOVLW  0A
033E:  MOVWF  28
0340:  RCALL  01EA
0342:  MOVFF  00,24
0346:  MOVFF  03,25
034A:  MOVFF  03,03
034E:  MOVF   00,W
0350:  MOVFF  FF2,26
0354:  BCF    FF2.7
0356:  RCALL  0004
0358:  BTFSC  26.7
035A:  BSF    FF2.7
035C:  MOVWF  0A
....................       TRAM4  = MA7DOAN[TAM/100%10];  
035E:  MOVFF  23,27
0362:  MOVFF  22,26
0366:  CLRF   29
0368:  MOVLW  64
036A:  MOVWF  28
036C:  RCALL  01EA
036E:  MOVFF  02,25
0372:  MOVFF  01,24
0376:  MOVFF  02,27
037A:  MOVFF  01,26
037E:  CLRF   29
0380:  MOVLW  0A
0382:  MOVWF  28
0384:  RCALL  01EA
0386:  MOVFF  00,24
038A:  MOVFF  03,25
038E:  MOVFF  03,03
0392:  MOVF   00,W
0394:  MOVFF  FF2,26
0398:  BCF    FF2.7
039A:  RCALL  0004
039C:  BTFSC  26.7
039E:  BSF    FF2.7
03A0:  MOVWF  0B
....................       NGAN4  = MA7DOAN[TAM/1000%10];        
03A2:  MOVFF  23,27
03A6:  MOVFF  22,26
03AA:  MOVLW  03
03AC:  MOVWF  29
03AE:  MOVLW  E8
03B0:  MOVWF  28
03B2:  RCALL  01EA
03B4:  MOVFF  02,25
03B8:  MOVFF  01,24
03BC:  MOVFF  02,27
03C0:  MOVFF  01,26
03C4:  CLRF   29
03C6:  MOVLW  0A
03C8:  MOVWF  28
03CA:  RCALL  01EA
03CC:  MOVFF  00,24
03D0:  MOVFF  03,25
03D4:  MOVFF  03,03
03D8:  MOVF   00,W
03DA:  MOVFF  FF2,26
03DE:  BCF    FF2.7
03E0:  RCALL  0004
03E2:  BTFSC  26.7
03E4:  BSF    FF2.7
03E6:  MOVWF  0C
....................       IF (NGAN4==0XC0) 
03E8:  MOVF   0C,W
03EA:  SUBLW  C0
03EC:  BNZ   0400
....................       { 
....................          NGAN4=0XFF; 
03EE:  SETF   0C
....................          IF (TRAM4==0XC0) 
03F0:  MOVF   0B,W
03F2:  SUBLW  C0
03F4:  BNZ   0400
....................          { 
....................             TRAM4=0XFF; 
03F6:  SETF   0B
....................             IF (CHUC4==0XC0)   CHUC4=0XFF; 
03F8:  MOVF   0A,W
03FA:  SUBLW  C0
03FC:  BNZ   0400
03FE:  SETF   0A
....................          } 
....................       } 
....................       XUAT_4LED_7DOAN_4SO(NGAN4,TRAM4,CHUC4,DONVI4);    
0400:  MOVFF  0C,24
0404:  MOVFF  0B,25
0408:  MOVFF  0A,26
040C:  MOVFF  09,27
0410:  BRA    02C2
0412:  RETURN 0
.................... } 
.................... UNSIGNED INT8 LCDDATA=0;  
.................... UNSIGNED INT8 LCDCONTROL=0; 
.................... UNSIGNED INT8 GLCDDATA=0; 
.................... UNSIGNED INT8 GLCDCONTROL=0;  
.................... //HAM 701 
.................... //XXXXXXXXXXXXXXXXXXXXXXXXXXXXXXXXXXXXXXXXXXXXXXXXXXXXXXXXXXXXX 
.................... //CHUONG TRINH CON XUAT DU LIEU 4 BYTE RA GLCD VA LCD 
.................... //XXXXXXXXXXXXXXXXXXXXXXXXXXXXXXXXXXXXXXXXXXXXXXXXXXXXXXXXXXXXX 
.................... VOID XUAT_GLCD_LCD() 
.................... {       
....................     XUAT_1BYTE(GLCDCONTROL);              
*
00BC:  MOVFF  10,29
00C0:  RCALL  0064
....................     XUAT_1BYTE(GLCDDATA); 
00C2:  MOVFF  0F,29
00C6:  RCALL  0064
....................     XUAT_1BYTE(LCDCONTROL);        
00C8:  MOVFF  0E,29
00CC:  RCALL  0064
....................     XUAT_1BYTE(LCDDATA);       
00CE:  MOVFF  0D,29
00D2:  RCALL  0064
....................        
....................     MO_GLCD_LCD; 
00D4:  BCF    04.2
....................     MO_IC_74573_A_THONG_DL();             
00D6:  RCALL  008E
....................     OUTPUT_HIGH(RCK_LCD20X4);      
00D8:  BCF    F95.3
00DA:  BSF    F8C.3
....................     OUTPUT_LOW(RCK_LCD20X4); 
00DC:  BCF    F95.3
00DE:  BCF    F8C.3
....................     CHOT_IC_74573_A_GOI_DU_LIEU; 
00E0:  BCF    F95.1
00E2:  BCF    F8C.1
00E4:  GOTO   00F6 (RETURN)
.................... } 
.................... //HAM 702 
.................... VOID XUAT_LCD20X4(UNSIGNED INT8 LCD_SIGNAL,LCD_INS_HTHI) 
.................... {      
....................     LCDCONTROL = ~LCD_SIGNAL; 
00E8:  MOVF   27,W
00EA:  MOVWF  0E
00EC:  COMF   0E,F
....................     LCDDATA    = ~LCD_INS_HTHI;       
00EE:  MOVFF  28,0D
00F2:  COMF   0D,F
....................     XUAT_GLCD_LCD(); 
00F4:  BRA    00BC
00F6:  RETURN 0
.................... } 
.................... //HAM 703 
.................... VOID XUAT_GLCD128X64(UNSIGNED INT8 GLCD_SIGNAL,GLCD_INS_HTHI) 
.................... {      
....................     GLCDCONTROL = ~GLCD_SIGNAL; 
....................     GLCDDATA    = ~GLCD_INS_HTHI;      
....................     XUAT_GLCD_LCD(); 
.................... } 
.................... //HAM 501 
.................... //XXXXXXXXXXXXXXXXXXXXXXXXXXXXXXXXXXXXXXXXXXXX 
.................... //CHUONG TRINH CON XUAT 2 BYTE RA DK 1 LED QUET SANG 
.................... //XXXXXXXXXXXXXXXXXXXXXXXXXXXXXXXXXXXXXXXXXXXX 
.................... VOID XUAT_8LED_7DOAN_QUET_1(UNSIGNED INT MA,SO_HTHI) 
.................... {      
....................       XUAT_1BYTE(~MA);   XUAT_1BYTE(~SO_HTHI); 
....................        
....................       MO_8_LED_QUET; 
....................       MO_IC_74573_B_THONG_DL(); 
....................        
....................       OUTPUT_HIGH(RCK_8LEDQUET); OUTPUT_LOW(RCK_8LEDQUET); 
....................       CHOT_IC_74573_B_GOI_DU_LIEU; 
.................... } 
.................... //HAM 502 
.................... //XXXXXXXXXXXXXXXXXXXXXXXXXXXXXXXXXXXXXXXXXXXX 
.................... //CHUONG TRINH CON XUAT 2 BYTE RA TAT 8 LED QUET 
.................... //XXXXXXXXXXXXXXXXXXXXXXXXXXXXXXXXXXXXXXXXXXXX 
.................... VOID XUAT_8LED_7DOAN_QUET_TAT_LED() 
.................... { 
....................    XUAT_8LED_7DOAN_QUET_1(0XFF,0XFF); 
.................... } 
.................... //HAM 503 
.................... //XXXXXXXXXXXXXXXXXXXXXXXXXXXXXXXXXXXXXXXXXXXX 
.................... //CHUONG TRINH CON HIEN THI LED THEO THU TU 
.................... //XXXXXXXXXXXXXXXXXXXXXXXXXXXXXXXXXXXXXXXXXXXX 
.................... CONST UNSIGNED CHAR TTLEDQUET[8]= {0x7F,0xBF,0xDF,0xEF,0xF7,0xFB,0xFD,0xFE}; 
.................... VOID XUAT_8LED_7DOAN_QUET_2(UNSIGNED INT THUTULED,SO_HTHI) 
.................... {          
....................       XUAT_1BYTE(~ (TTLEDQUET[THUTULED]));   XUAT_1BYTE(~SO_HTHI);      
....................       MO_8_LED_QUET; 
....................       MO_IC_74573_B_THONG_DL(); 
....................       OUTPUT_HIGH(RCK_8LEDQUET); OUTPUT_LOW(RCK_8LEDQUET); 
....................       CHOT_IC_74573_B_GOI_DU_LIEU; 
.................... } 
.................... //HAM 504 
.................... //XXXXXXXXXXXXXXXXXXXXXXXXXXXXXXXXXXXXXXXXXXXX 
.................... //CHUONG TRINH CON HIEN THI 8 SO TREN 8 LED QUET - CO KIEM TRA 
.................... //XXXXXXXXXXXXXXXXXXXXXXXXXXXXXXXXXXXXXXXXXXXX 
.................... UNSIGNED INT8 LED_7DQ[8]={0XFF,0XFF,0XFF,0XFF,0XFF,0XFF,0XFF,0XFF}; 
.................... UNSIGNED INT8 TT8LED=0; 
.................... VOID HIEN_THI_8LED_7DOAN_QUET() 
.................... {      
....................       FOR(TT8LED=0;TT8LED<8;TT8LED++) 
....................          IF (LED_7DQ[TT8LED]!=0XFF) 
....................          {            
....................             XUAT_8LED_7DOAN_QUET_2(TT8LED, LED_7DQ[TT8LED]); 
....................             DELAY_US(100); 
....................             XUAT_8LED_7DOAN_QUET_TAT_LED();            
....................             } 
.................... } 
.................... //HAM 505 
.................... //XXXXXXXXXXXXXXXXXXXXXXXXXXXXXXXXXXXXXXXXXXXX 
.................... //CHUONG TRINH CON HIEN THI 8 SO TREN 8 LED QUET - KHONG KIEM TRA 
.................... //XXXXXXXXXXXXXXXXXXXXXXXXXXXXXXXXXXXXXXXXXXXX 
.................... VOID HIEN_THI_8LED_7DOAN_QUET_ALL() 
.................... {      
....................       FOR(TT8LED=0;TT8LED<8;TT8LED++)          
....................          {            
....................             XUAT_8LED_7DOAN_QUET_2(TT8LED, LED_7DQ[TT8LED]); 
....................             DELAY_US(100); 
....................             XUAT_8LED_7DOAN_QUET_TAT_LED();            
....................             } 
.................... } 
....................  
.................... VOID DELAY_QUET_8LED(UNSIGNED INT16 DL) 
.................... {  
....................       UNSIGNED INT8 I; 
....................       FOR (I=0; I<DL;I++) 
....................       HIEN_THI_8LED_7DOAN_QUET_ALL(); 
.................... }  
....................  
.................... VOID GIAI_MA_GAN_CHO_8LED_QUET_16_XOA(UNSIGNED INT16 X) 
.................... {      
....................       LED_7DQ[0]= MA7DOAN [X %10];     
....................       LED_7DQ[1]= MA7DOAN [X/10%10]; 
....................       LED_7DQ[2]= MA7DOAN [X/100%10];     
....................       LED_7DQ[3]= MA7DOAN [X/1000%10]; 
....................       LED_7DQ[4]= MA7DOAN [X/10000%10]; 
....................       IF (LED_7DQ[4]==MASO0)  
....................       { 
....................             LED_7DQ[4]=0XFF; 
....................             IF (LED_7DQ[3]==MASO0)  
....................             { 
....................                LED_7DQ[3]=0XFF; 
....................                IF (LED_7DQ[2]==MASO0)  
....................                { 
....................                   LED_7DQ[2]=0XFF; 
....................                   IF (LED_7DQ[1]==MASO0)  
....................                   { 
....................                      LED_7DQ[1]=0XFF; 
....................                   } 
....................                } 
....................             } 
....................       } 
....................              
.................... } 
.................... //XXXXXXXXXXXXXXXXXXXXXXXXXXXXXXXXXXXXXXXXXXXX          
.................... VOID XUAT_2BYTE(UNSIGNED INT16 BYTE2XUAT) 
.................... { 
....................    INT8 SBB; 
....................    UNSIGNED INT16   XX;   //SHORT  BSERI; 
....................    #BIT BSERIX  = XX.15 
....................    XX = BYTE2XUAT; 
....................    FOR (SBB=0;SBB<16;SBB++) 
....................       {                                                  
....................          OUTPUT_BIT(SSDO,BSERIX);     
....................          OUTPUT_LOW(SSCK);          
....................          OUTPUT_HIGH(SSCK); 
....................          XX= XX<<1;          
....................      } 
.................... } 
.................... //XXXXXXXXXXXXXXXXXXXXXXXXXXXXXXXXXXXXXXXXXXXX 
.................... //CHUONG TRINH CON XUAT RA LED MA TRAN 
.................... //XXXXXXXXXXXXXXXXXXXXXXXXXXXXXXXXXXXXXXXXXXXX 
.................... VOID XUAT_MATRANLED(UNSIGNED INT16 MAHANG,UNSIGNED INT16 MACOT1, 
.................... UNSIGNED INT16 MACOT2,UNSIGNED INT16 MACOT3) 
.................... {       
....................       XUAT_2BYTE(MACOT3); 
....................       XUAT_2BYTE(MACOT2); 
....................       XUAT_2BYTE(MACOT1); 
....................       XUAT_2BYTE(MAHANG); 
....................        
....................       MO_LED_MATRAN; 
....................       MO_IC_74573_B_THONG_DL(); 
....................        
....................       OUTPUT_HIGH(RCK_MATRANLED); OUTPUT_LOW(RCK_MATRANLED);  
....................       CHOT_IC_74573_B_GOI_DU_LIEU; 
.................... } 
.................... //XXXXXXXXXXXXXXXXXXXXXXXXXXXXXXXXXXXXXXXXXXXX 
.................... //CHUONG TRINH CON XUAT RA LED MA TRAN 
.................... //XXXXXXXXXXXXXXXXXXXXXXXXXXXXXXXXXXXXXXXXXXXX 
.................... VOID TAT_MATRANLED() 
.................... {       
....................       XUAT_2BYTE(0); 
....................       XUAT_2BYTE(0); 
....................       XUAT_2BYTE(0); 
....................       XUAT_2BYTE(0);            
....................       OUTPUT_HIGH(RCK_MATRANLED);  
....................       OUTPUT_LOW(RCK_MATRANLED); 
.................... } 
.................... UNSIGNED  INT8 HIEU_CHINH_4BIT_CAO(UNSIGNED INT8 XZY) 
.................... { 
....................       INT1  BTG; 
....................       UNSIGNED INT8   BX;    
....................       #BIT BIT4  = BX.4 
....................       #BIT BIT5  = BX.5 
....................       #BIT BIT6  = BX.6 
....................       #BIT BIT7  = BX.7 
....................       BX=XZY; 
....................       BTG=BIT4;   BIT4=BIT7;  BIT7=BTG; 
....................       BTG=BIT5;   BIT5=BIT6;  BIT6=BTG;       
....................       RETURN(BX);   
.................... } 
.................... //HAM 601 
.................... //XXXXXXXXXXXXXXXXXXXXXXXXXXXXXXXXXXXXXXXXXXXXXXXXXXXX 
.................... //MODULE DIEU KHIEN RELAY,TRIAC, BUZZER, DONG CO, SIM 
.................... //XXXXXXXXXXXXXXXXXXXXXXXXXXXXXXXXXXXXXXXXXXXXXXXXXXXX 
.................... VOID XUAT_BUZZER_RELAY() 
.................... {      
....................    UNSIGNED INT8 RBDC1,RBDC2; 
....................       RBDC1=RBDC; RBDC2=RBDC>>8;       
....................       XUAT_1BYTE(RBDC2);       
....................       XUAT_1BYTE(RBDC1); 
....................       MO_RELAY_BUZZER_DC; 
....................       MO_IC_74573_B_THONG_DL(); 
....................        
....................       OUTPUT_HIGH(RCK_BUZERELAY);   OUTPUT_LOW(RCK_BUZERELAY); 
....................       CHOT_IC_74573_B_GOI_DU_LIEU; 
.................... } 
.................... //HAM 602 
.................... //XXXXXXXXXXXXXXXXXXXXXXXXXXXXXXXXXXXXXXXXXXXXXXXXXXXX 
.................... VOID BUZZER_ON() 
.................... {     
....................       BUZZER=1; 
....................       XUAT_BUZZER_RELAY();          
.................... } 
.................... //HAM 603 
.................... //XXXXXXXXXXXXXXXXXXXXXXXXXXXXXXXXXXXXXXXXXXXXXXXXXXXX 
.................... VOID BUZZER_OFF() 
.................... {      
....................       BUZZER=0; 
....................       XUAT_BUZZER_RELAY(); 
.................... } 
.................... //HAM 604 
.................... //XXXXXXXXXXXXXXXXXXXXXXXXXXXXXXXXXXXXXXXXXXXXXXXXXXXX 
.................... VOID RELAY_1_ON() 
.................... {     
....................       RELAY_1=1; 
....................       XUAT_BUZZER_RELAY();          
.................... } 
.................... //HAM 603 
.................... //XXXXXXXXXXXXXXXXXXXXXXXXXXXXXXXXXXXXXXXXXXXXXXXXXXXX 
.................... VOID RELAY_1_OFF() 
.................... {     
....................       RELAY_1=0; 
....................       XUAT_BUZZER_RELAY();          
.................... } 
.................... //HAM 604 
.................... //XXXXXXXXXXXXXXXXXXXXXXXXXXXXXXXXXXXXXXXXXXXXXXXXXXXX 
.................... VOID RELAY_2_ON() 
.................... {     
....................       RELAY_2=1; 
....................       XUAT_BUZZER_RELAY();          
.................... } 
.................... //HAM 607 
.................... //XXXXXXXXXXXXXXXXXXXXXXXXXXXXXXXXXXXXXXXXXXXXXXXXXXXX 
.................... VOID RELAY_2_OFF() 
.................... {     
....................       RELAY_2=0; 
....................       XUAT_BUZZER_RELAY();          
.................... } 
.................... //HAM 608 
.................... //XXXXXXXXXXXXXXXXXXXXXXXXXXXXXXXXXXXXXXXXXXXXXXXXXXXX 
.................... VOID RELAY_1_RELAY_2_ON() 
.................... {     
....................       RELAY_1=1;  RELAY_2=1; 
....................       XUAT_BUZZER_RELAY();          
.................... } 
.................... //HAM 609 
.................... //XXXXXXXXXXXXXXXXXXXXXXXXXXXXXXXXXXXXXXXXXXXXXXXXXXXX 
.................... VOID RELAY_1_RELAY_2_OFF() 
.................... {     
....................       RELAY_1=0;  RELAY_2=0; 
....................       XUAT_BUZZER_RELAY();          
.................... } 
.................... //HAM 610 
.................... //XXXXXXXXXXXXXXXXXXXXXXXXXXXXXXXXXXXXXXXXXXXXXXXXXXXX 
.................... VOID TRIAC_1_ON() 
.................... {     
....................       TRIAC_1=1; 
....................       XUAT_BUZZER_RELAY();          
.................... } 
.................... //HAM 611 
.................... //XXXXXXXXXXXXXXXXXXXXXXXXXXXXXXXXXXXXXXXXXXXXXXXXXXXX 
.................... VOID TRIAC_1_OFF() 
.................... {     
....................       TRIAC_1=0; 
....................       XUAT_BUZZER_RELAY();          
.................... } 
.................... //HAM 612 
.................... //XXXXXXXXXXXXXXXXXXXXXXXXXXXXXXXXXXXXXXXXXXXXXXXXXXXX 
.................... VOID TRIAC_2_ON() 
.................... {     
....................       TRIAC_2=1; 
....................       XUAT_BUZZER_RELAY();          
.................... } 
.................... //HAM 613 
.................... //XXXXXXXXXXXXXXXXXXXXXXXXXXXXXXXXXXXXXXXXXXXXXXXXXXXX 
.................... VOID TRIAC_2_OFF() 
.................... {     
....................       TRIAC_2=0; 
....................       XUAT_BUZZER_RELAY();          
.................... } 
.................... //XXXXXXXXXXXXXXXXXXXXXXXXXXXXXXXXXXXXXXXXXXXX 
....................  
....................  
....................  
.................... #INCLUDE <TV_PICKIT2_SHIFT_LCD.C> 
.................... UNSIGNED INT8 LCD_CONTROL;   
.................... #bit LCD_P = LCD_CONTROL.3 
.................... #bit LCD_RS = LCD_CONTROL.2 
.................... #bit LCD_RW = LCD_CONTROL.1 
.................... #bit LCD_E  = LCD_CONTROL.0 
....................  
.................... #DEFINE LCD_FUNCTION_SET       0X38 
.................... #DEFINE LCD_DISPLAY_CONTROL    0X0C 
.................... #DEFINE LCD_CLEAR_DISPLAY      0X01 
.................... #DEFINE LCD_ENTRY_MODE         0X06 
.................... #DEFINE LCD_SHIFT_LEFT         0X18 
.................... #DEFINE LCD_SHIFT_RIGHT        0X1C 
....................  
.................... #DEFINE LCD_ADDR_LINE1         0X80 
.................... #DEFINE LCD_ADDR_LINE2         0XC0 
.................... #DEFINE LCD_ADDR_LINE3         0X94 
.................... #DEFINE LCD_ADDR_LINE4         0XD4 
....................  
.................... VOID LCD_XUAT_8BIT(INT8 LCD_DATA_X) 
.................... { 
....................       LCD_E=1; XUAT_LCD20X4(LCD_CONTROL,LCD_DATA_X);      
00F8:  BSF    1A.0
00FA:  MOVFF  1A,27
00FE:  MOVFF  26,28
0102:  RCALL  00E8
....................       LCD_E=0; XUAT_LCD20X4(LCD_CONTROL,LCD_DATA_X);  
0104:  BCF    1A.0
0106:  MOVFF  1A,27
010A:  MOVFF  26,28
010E:  RCALL  00E8
0110:  RETURN 0
.................... } 
.................... void LCD_COMMAND(INT8 LCD_DATA_X)    
....................   { 
....................       LCD_RS = 0; 
0112:  BCF    1A.2
....................       LCD_XUAT_8BIT(LCD_DATA_X); 
0114:  MOVFF  25,26
0118:  RCALL  00F8
....................       DELAY_US(20); 
011A:  MOVLW  20
011C:  MOVWF  00
011E:  DECFSZ 00,F
0120:  BRA    011E
0122:  BRA    0124
0124:  NOP   
0126:  RETURN 0
....................   } 
.................... void LCD_DATA(INT8 LCD_DATA_X)        
....................   { 
....................       LCD_RS = 1;      
*
01B2:  BSF    1A.2
....................       LCD_XUAT_8BIT(LCD_DATA_X); 
01B4:  MOVFF  24,26
01B8:  RCALL  00F8
....................       DELAY_US(20); 
01BA:  MOVLW  20
01BC:  MOVWF  00
01BE:  DECFSZ 00,F
01C0:  BRA    01BE
01C2:  BRA    01C4
01C4:  NOP   
01C6:  RETURN 0
....................   } 
....................    
.................... VOID SETUP_LCD () 
.................... {                      
....................          LCD_E  = 0;  
*
0150:  BCF    1A.0
....................          LCD_RW = 0;  
0152:  BCF    1A.1
....................          LCD_RS = 1;  
0154:  BSF    1A.2
....................          LCD_P =0; 
0156:  BCF    1A.3
....................          LCD_COMMAND(LCD_FUNCTION_SET);          
0158:  MOVLW  38
015A:  MOVWF  25
015C:  RCALL  0112
....................          DELAY_US(40); 
015E:  MOVLW  42
0160:  MOVWF  00
0162:  DECFSZ 00,F
0164:  BRA    0162
0166:  NOP   
....................          LCD_COMMAND(LCD_DISPLAY_CONTROL);    
0168:  MOVLW  0C
016A:  MOVWF  25
016C:  RCALL  0112
....................          DELAY_US(40); 
016E:  MOVLW  42
0170:  MOVWF  00
0172:  DECFSZ 00,F
0174:  BRA    0172
0176:  NOP   
....................          LCD_COMMAND(LCD_CLEAR_DISPLAY);       
0178:  MOVLW  01
017A:  MOVWF  25
017C:  RCALL  0112
....................          DELAY_MS(2); 
017E:  MOVLW  02
0180:  MOVWF  22
0182:  BRA    0128
....................          LCD_COMMAND(LCD_ENTRY_MODE);        
0184:  MOVLW  06
0186:  MOVWF  25
0188:  RCALL  0112
....................          DELAY_US(40);                 
018A:  MOVLW  42
018C:  MOVWF  00
018E:  DECFSZ 00,F
0190:  BRA    018E
0192:  NOP   
0194:  GOTO   0444 (RETURN)
.................... } 
....................  
.................... CONST UNSIGNED CHAR LCD_SO_X[10][6] ={ 
....................                   0,1,2,5,3,4,               // SO 0 
....................                   1,2,32,3,7,3,              // SO 1 
....................                   6,6,2,5,3,3,               // SO 2 
....................                   6,6,2,3,3,4,               // SO 3 
....................                   7,3,7,32,32,7,             // SO 4 
....................                   7,6,6,3,3,4,               // SO 5 
....................                   0,6,6,5,3,4,               // SO 6 
....................                   1,1,7,32,32,7,             // SO 7 
....................                   0,6,2,5,3,4,               // SO 8 
....................                   0,6,2,3,3,4};             // SO 9 
....................                    
.................... CONST UNSIGNED CHAR LCD_MA_8DOAN[] = { 
....................    0x07,0x0F,0x1F,0x1F,0x1F,0x1F,0x1F,0x1F,  //DOAN F - 0 
....................    0x1F,0x1F,0x1F,0X00,0X00,0X00,0X00,0X00,  //DOAN A - 1 
....................    0x1C,0x1E,0x1F,0x1F,0x1F,0x1F,0x1F,0x1F,  //DOAN B - 2 
....................    0X00,0X00,0X00,0X00,0X00,0x1F,0x1F,0x1F,  //DOAN D - 3 
....................    0x1F,0x1F,0x1F,0x1F,0x1F,0x1F,0x1E,0x1C,  //DOAN C - 4 
....................    0x1F,0x1F,0x1F,0x1F,0x1F,0x1F,0x0F,0x07,  //DOAN E - 5 
....................    0x1F,0x1F,0x1F,0X00,0X00,0X00,0x1F,0x1F,  //DOAN G+D-6  
....................    0x1F,0x1F,0x1F,0x1F,0x1F,0x1F,0x1F,0x1F}; //DOAN I  -7 
....................     
.................... VOID LCD_GOTO_XY(SIGNED INT8 X, SIGNED INT8 Y) 
.................... {  
....................    CONST UNSIGNED INT8 LCD_VITRI[]={0x80,0xC0,0x94,0xD4}; 
....................    LCD_COMMAND(LCD_VITRI[X]+Y); 
0198:  CLRF   03
019A:  MOVF   22,W
019C:  MOVFF  FF2,24
01A0:  BCF    FF2.7
01A2:  RCALL  0024
01A4:  BTFSC  24.7
01A6:  BSF    FF2.7
01A8:  ADDWF  23,W
01AA:  MOVWF  24
01AC:  MOVWF  25
01AE:  RCALL  0112
01B0:  RETURN 0
.................... } 
....................  
.................... VOID XXX() 
.................... {  
....................    SIGNED INT8 X; 
....................    X= LCD_SO_X[0][0]; 
....................    X= LCD_MA_8DOAN[0]; 
.................... } 
....................  
....................  
.................... UNSIGNED INT16 T0,T0_TAM; 
.................... UNSIGNED INT8 CH, TR, DV; 
....................  
.................... VOID HIENTHI_LCD() 
.................... { 
....................    LCD_GOTO_XY (0, 17) ; 
*
022C:  CLRF   22
022E:  MOVLW  11
0230:  MOVWF  23
0232:  RCALL  0198
....................    DELAY_US (20) ; 
0234:  MOVLW  20
0236:  MOVWF  00
0238:  DECFSZ 00,F
023A:  BRA    0238
023C:  BRA    023E
023E:  NOP   
....................     
....................    TR = T0 / 100 + 0x30 ; 
0240:  MOVFF  1C,27
0244:  MOVFF  1B,26
0248:  CLRF   29
024A:  MOVLW  64
024C:  MOVWF  28
024E:  RCALL  01EA
0250:  MOVLW  30
0252:  ADDWF  01,W
0254:  MOVWF  20
....................     
....................    CH = (T0 / 10 %10) + 0x30 ; 
0256:  MOVFF  1C,27
025A:  MOVFF  1B,26
025E:  CLRF   29
0260:  MOVLW  0A
0262:  MOVWF  28
0264:  RCALL  01EA
0266:  MOVFF  02,23
026A:  MOVFF  01,22
026E:  MOVFF  02,27
0272:  MOVFF  01,26
0276:  CLRF   29
0278:  MOVLW  0A
027A:  MOVWF  28
027C:  RCALL  01EA
027E:  MOVLW  30
0280:  ADDWF  00,W
0282:  MOVWF  1F
....................     
....................    DV = T0 % 10 + 0x30 ; 
0284:  MOVFF  1C,27
0288:  MOVFF  1B,26
028C:  CLRF   29
028E:  MOVLW  0A
0290:  MOVWF  28
0292:  RCALL  01EA
0294:  MOVLW  30
0296:  ADDWF  00,W
0298:  MOVWF  21
....................     
....................    if(TR==0x30) 
029A:  MOVF   20,W
029C:  SUBLW  30
029E:  BNZ   02AE
....................    { 
....................       TR = " "; 
02A0:  MOVLW  20
02A2:  MOVWF  20
....................       if (CH==0x30) 
02A4:  MOVF   1F,W
02A6:  SUBLW  30
02A8:  BNZ   02AE
....................       { 
....................          CH=" "; 
02AA:  MOVLW  20
02AC:  MOVWF  1F
....................       } 
....................    } 
....................    LCD_DATA(TR); 
02AE:  MOVFF  20,24
02B2:  RCALL  01B2
....................    LCD_DATA(CH); 
02B4:  MOVFF  1F,24
02B8:  RCALL  01B2
....................    LCD_DATA(DV); 
02BA:  MOVFF  21,24
02BE:  RCALL  01B2
02C0:  RETURN 0
.................... } 
....................  
....................  
.................... VOID MAIN() 
*
0414:  CLRF   FF8
0416:  BCF    FD0.7
0418:  CLRF   06
041A:  CLRF   0D
041C:  CLRF   0E
041E:  CLRF   0F
0420:  CLRF   10
0422:  CLRF   19
0424:  MOVF   FC1,W
0426:  ANDLW  C0
0428:  IORLW  0F
042A:  MOVWF  FC1
042C:  MOVLW  07
042E:  MOVWF  FB4
0430:  SETF   11
0432:  SETF   12
0434:  SETF   13
0436:  SETF   14
0438:  SETF   15
043A:  SETF   16
043C:  SETF   17
043E:  SETF   18
.................... { 
....................    SET_UP_PORT_IC_CHOT () ; 
0440:  BRA    0046
....................    SETUP_LCD () ; 
0442:  BRA    0150
....................    LCD_GOTO_XY (0, 0) ; 
0444:  CLRF   22
0446:  CLRF   23
0448:  RCALL  0198
....................    LCD_DATA ("DEM SAN PHAM:") ; 
044A:  MOVLW  38
044C:  MOVWF  FF6
044E:  MOVLW  00
0450:  MOVWF  FF7
0452:  BRA    01C8
....................     
....................    SETUP_TIMER_0 (T0_EXT_L_TO_H|T0_DIV_1) ; 
0454:  MOVLW  A8
0456:  MOVWF  FD5
....................    SET_TIMER0 (0) ; 
0458:  CLRF   FD7
045A:  CLRF   FD6
....................    T0 = T0_TAM = 0; 
045C:  CLRF   1E
045E:  CLRF   1D
0460:  MOVFF  1E,1C
0464:  MOVFF  1D,1B
....................    HIENTHI_LCD () ; 
0468:  RCALL  022C
....................    XUAT_4LED_7DOAN_GIAIMA_XOA_SO0 (T0) ; 
046A:  MOVFF  1C,23
046E:  MOVFF  1B,22
0472:  RCALL  02EE
....................     
....................    WHILE (TRUE) 
....................    { 
....................        
....................        
....................       T0 = GET_TIMER0 () ; 
0474:  MOVF   FD6,W
0476:  MOVWF  1B
0478:  MOVFF  FD7,1C
....................  
....................       IF (T0 != T0_TAM) 
047C:  MOVF   1D,W
047E:  SUBWF  1B,W
0480:  BNZ   0488
0482:  MOVF   1E,W
0484:  SUBWF  1C,W
0486:  BZ    049C
....................       { 
....................          T0_TAM = T0; 
0488:  MOVFF  1C,1E
048C:  MOVFF  1B,1D
....................          HIENTHI_LCD () ; 
0490:  RCALL  022C
....................          XUAT_4LED_7DOAN_GIAIMA_XOA_SO0 (T0) ; 
0492:  MOVFF  1C,23
0496:  MOVFF  1B,22
049A:  RCALL  02EE
....................       } 
....................  
....................        
....................       IF (T0 >= 101) SET_TIMER0 (1); 
049C:  MOVF   1C,F
049E:  BNZ   04A6
04A0:  MOVF   1B,W
04A2:  SUBLW  64
04A4:  BC    04AC
04A6:  CLRF   FD7
04A8:  MOVLW  01
04AA:  MOVWF  FD6
04AC:  BRA    0474
....................    } 
.................... } 
....................  
04AE:  SLEEP 
....................  

Configuration Fuses:
   Word  1: CC27   PLL12 CPUDIV1 USBDIV HS FCMEN IESO
   Word  2: 1E3E   PUT BROWNOUT BORV21 VREGEN NOWDT WDT32768
   Word  3: 8700   CCP2C1 PBADEN LPT1OSC MCLR
   Word  4: 00A1   STVREN NOLVP ICSP2 NOXINST NODEBUG
   Word  5: C00F   NOPROTECT NOCPB NOCPD
   Word  6: E00F   NOWRT NOWRTC NOWRTB NOWRTD
   Word  7: 400F   NOEBTR NOEBTRB
