
ROM used:   1364/32768 (4%)
            1364/32768 (4%) including unused fragments

            0.8 Average locations per line
            3.6 Average locations per statement

RAM used:   57/2048 (3%) at main() level
            67/2048 (3%) worst case

Stack used: 8 worst case (7 in main + 1 for interrupts)
Stack size: 31

Lines Stmts  %   Files
----- ----- ---  -----
  150   110  29  BAI_614_LCD_GIO_PHUT_GIAY_v3_TIMER.c
  702   244  64  TV_PICKIT2_SHIFT_1.C
  837     0   0  ..\..\..\..\..\Program Files (x86)\PICC\Devices\18F4550.H
   87    25   7  TV_PICKIT2_SHIFT_LCD.C
----- -----
 1776   379 Total

Page ROM  %  RAM   Vol Diff  Functions:
---- --- --- ---   --- ----  ----------
0     40   1    1             @delay_ms1
0     44   2    2   181  4.3  PHIM_BT0
0     44   2    2   181  4.3  PHIM_BT1
0     44   2    2   181  4.3  PHIM_BT2
0     42   2    3   271  4.3  XUAT_1BYTE
0     28   1    0   152  1.8  SET_UP_PORT_IC_CHOT
0     48   2    0   119  1.7  MO_IC_74573_A_THONG_DL
0     44   2    0   172  1.8  XUAT_GLCD_LCD
0     16   1    2    80  2.7  XUAT_LCD20X4
0     26   1    1   102  2.1  LCD_XUAT_8BIT
0     22   1    1    61  1.6  LCD_COMMAND
0     22   1    1    61  1.6  LCD_DATA
0     72   3    0   245  1.8  SETUP_LCD
0     30   1    0  1030  6.7  @const823
0     26   1    3   147  3.7  LCD_GOTO_XY
0     16   1    0    29  1.2  INTERRUPT_TIMER1
0    100   4    1   252  3.2  GIAI_MA_GAN_CHO_LCD
0     40   1    3   980  6.7  @DIV88
0     38   1    4   209  2.6  TAT_2LED_CHINH
0     68   2    0   188  1.7  LCD_HIENTHI_DONGHO
0      2   0    0   100  2.9  @const853
0     32   1    2   388  6.0  @PSTRINGC_810
0      2   0    0   388  6.0  @const855
0     28   1    0   100  2.9  PHIM_MOD
0     76   3    0   388  6.0  PHIM_UP
0     76   3    0   388  6.0  PHIM_DW
0    182   7    0  1024  6.7  MAIN
0     10   0    0             @const862
 Inline         0             @cinit1

Program metrics:
    Functions               26
    Statements              379
    Comments                351
    Volume (V)              13481
    Difficulty (D)          95.6
    Effort to implement (E) 1288518
    Time to implement (T)   19 hours, 53 minutes
    Est Delivered Bugs (B)  4
    Cyclomatic Complexity   64
    Maintainability (MI)    67

 Segment     Used  Free
-----------  ----  ----
00000-00002     4  0  
00004-00006     0  4  
00008-00094   142  0  
00096-07FFE  1218  31400  



