CCS PCH C Compiler, Version 5.015, 5967               22-Jun-20 13:34

               Filename:   C:\Users\tsqua\OneDrive - student.mtsac.edu\Desktop\BAI_TAP_VXL_NEW_3\BAI_641_LCD_SO_0123.lst

               ROM used:   970 bytes (3%)
                           Largest free fragment is 31798
               RAM used:   29 (1%) at main() level
                           42 (2%) worst case
               Stack used: 7 locations
               Stack size: 31

*
0000:  GOTO   031C
.................... #include <TV_PICKIT2_SHIFT_1.c> 
.................... #INCLUDE    <18F4550.H> 
.................... //////////// Standard Header file for the PIC18F4550 device //////////////// 
.................... /////////////////////////////////////////////////////////////////////////// 
.................... ////        (C) Copyright 1996, 2013 Custom Computer Services          //// 
.................... //// This source code may only be used by licensed users of the CCS C  //// 
.................... //// compiler.  This source code may only be distributed to other      //// 
.................... //// licensed users of the CCS C compiler.  No other use, reproduction //// 
.................... //// or distribution is permitted without written permission.          //// 
.................... //// Derivative programs created using this software in object code    //// 
.................... //// form are not restricted in any way.                               //// 
.................... /////////////////////////////////////////////////////////////////////////// 
.................... #device PIC18F4550 
0004:  CLRF   FF7
0006:  ADDLW  14
0008:  MOVWF  FF6
000A:  MOVLW  00
000C:  ADDWFC FF7,F
000E:  TBLRD*+
0010:  MOVF   FF5,W
0012:  RETURN 0
0014:  DATA 00,01
0016:  DATA 02,05
0018:  DATA 03,04
001A:  DATA 01,02
001C:  DATA 20,03
001E:  DATA 07,03
0020:  DATA 06,06
0022:  DATA 02,05
0024:  DATA 03,03
0026:  DATA 06,06
0028:  DATA 02,03
002A:  DATA 03,04
002C:  DATA 07,03
002E:  DATA 07,20
0030:  DATA 20,07
0032:  DATA 07,06
0034:  DATA 06,03
0036:  DATA 03,04
0038:  DATA 00,06
003A:  DATA 06,05
003C:  DATA 03,04
003E:  DATA 01,01
0040:  DATA 07,20
0042:  DATA 20,07
0044:  DATA 00,06
0046:  DATA 02,05
0048:  DATA 03,04
004A:  DATA 00,06
004C:  DATA 02,03
004E:  DATA 03,04
0050:  CLRF   FF7
0052:  ADDLW  60
0054:  MOVWF  FF6
0056:  MOVLW  00
0058:  ADDWFC FF7,F
005A:  TBLRD*+
005C:  MOVF   FF5,W
005E:  RETURN 0
0060:  DATA 07,0F
0062:  DATA 1F,1F
0064:  DATA 1F,1F
0066:  DATA 1F,1F
0068:  DATA 1F,1F
006A:  DATA 1F,00
006C:  DATA 00,00
006E:  DATA 00,00
0070:  DATA 1C,1E
0072:  DATA 1F,1F
0074:  DATA 1F,1F
0076:  DATA 1F,1F
0078:  DATA 00,00
007A:  DATA 00,00
007C:  DATA 00,1F
007E:  DATA 1F,1F
0080:  DATA 1F,1F
0082:  DATA 1F,1F
0084:  DATA 1F,1F
0086:  DATA 1E,1C
0088:  DATA 1F,1F
008A:  DATA 1F,1F
008C:  DATA 1F,1F
008E:  DATA 0F,07
0090:  DATA 1F,1F
0092:  DATA 1F,00
0094:  DATA 00,00
0096:  DATA 1F,1F
0098:  DATA 1F,1F
009A:  DATA 1F,1F
009C:  DATA 1F,1F
009E:  DATA 1F,1F
00A0:  CLRF   FF7
00A2:  ADDLW  B0
00A4:  MOVWF  FF6
00A6:  MOVLW  00
00A8:  ADDWFC FF7,F
00AA:  TBLRD*+
00AC:  MOVF   FF5,W
00AE:  RETURN 0
00B0:  DATA 80,C0
00B2:  DATA 94,D4
00B4:  DATA 48,49
00B6:  DATA 45,4E
00B8:  DATA 20,54
00BA:  DATA 48,49
00BC:  DATA 20,53
00BE:  DATA 4F,20
00C0:  DATA 30,20
00C2:  DATA 48,41
00C4:  DATA 4E,47
00C6:  DATA 20,33
00C8:  DATA 00,00
*
024E:  TBLRD*+
0250:  MOVF   FF5,F
0252:  BZ    026C
0254:  MOVFF  FF6,1C
0258:  MOVFF  FF7,1D
025C:  MOVFF  FF5,20
0260:  RCALL  0238
0262:  MOVFF  1C,FF6
0266:  MOVFF  1D,FF7
026A:  BRA    024E
026C:  GOTO   035C (RETURN)
0270:  CLRF   00
0272:  CLRF   01
0274:  MOVF   1F,W
0276:  BCF    FD8.0
0278:  BTFSC  20.0
027A:  ADDWF  00,F
027C:  RRCF   00,F
027E:  RRCF   01,F
0280:  BTFSC  20.1
0282:  ADDWF  00,F
0284:  RRCF   00,F
0286:  RRCF   01,F
0288:  BTFSC  20.2
028A:  ADDWF  00,F
028C:  RRCF   00,F
028E:  RRCF   01,F
0290:  BTFSC  20.3
0292:  ADDWF  00,F
0294:  RRCF   00,F
0296:  RRCF   01,F
0298:  BTFSC  20.4
029A:  ADDWF  00,F
029C:  RRCF   00,F
029E:  RRCF   01,F
02A0:  BTFSC  20.5
02A2:  ADDWF  00,F
02A4:  RRCF   00,F
02A6:  RRCF   01,F
02A8:  BTFSC  20.6
02AA:  ADDWF  00,F
02AC:  RRCF   00,F
02AE:  RRCF   01,F
02B0:  BTFSC  20.7
02B2:  ADDWF  00,F
02B4:  RRCF   00,F
02B6:  RRCF   01,F
02B8:  GOTO   02F0 (RETURN)
....................  
.................... #list 
....................  
.................... #DEVICE     ADC=10 
.................... #FUSES      NOWDT,PUT,HS,NOPROTECT,NOLVP,CPUDIV1 
.................... #USE        I2C(MASTER,SLOW,SDA=PIN_B0,SCL=PIN_B1) 
.................... #USE        DELAY(CLOCK=20000000) 
*
01AE:  CLRF   FEA
01B0:  MOVLW  1C
01B2:  MOVWF  FE9
01B4:  MOVF   FEF,W
01B6:  BZ    01D2
01B8:  MOVLW  06
01BA:  MOVWF  01
01BC:  CLRF   00
01BE:  DECFSZ 00,F
01C0:  BRA    01BE
01C2:  DECFSZ 01,F
01C4:  BRA    01BC
01C6:  MOVLW  7B
01C8:  MOVWF  00
01CA:  DECFSZ 00,F
01CC:  BRA    01CA
01CE:  DECFSZ FEF,F
01D0:  BRA    01B8
01D2:  GOTO   020A (RETURN)
.................... //#USE        rs232(baud=9600, xmit=PIN_C6,rcv=PIN_C7) 
.................... //NUT NHAN: 
.................... #DEFINE  BT0     PIN_B5 
.................... #DEFINE  BT1     PIN_B4 
.................... #DEFINE  BT2     PIN_B3 
.................... #DEFINE  BT3     PIN_B2 
....................  
.................... #DEFINE  ON      BT0       //DK LED DON, MOTOR 
.................... #DEFINE  OFF     BT1 
.................... #DEFINE  INV     BT2 
....................  
.................... #DEFINE  UP      BT0    //DK LED DON 
.................... #DEFINE  DW      BT1 
.................... #DEFINE  CLR     BT2 
.................... #DEFINE  MOD     BT3 
....................  
.................... #DEFINE  STOP    BT3 
....................  
.................... #DEFINE  ON1     BT0      
.................... #DEFINE  OFF1    BT1 
.................... #DEFINE  ON2     BT2        
.................... #DEFINE  OFF2    BT3 
....................  
....................  
.................... #DEFINE     TRIGGER      PIN_E2 
.................... #DEFINE     ECHO         PIN_E1 
.................... //   IC74138_A    PIN_B6   //OUTPUT GIAI MA 2 SANG 4 TICH CUC MUC 0 
.................... //   IC74138_B    PIN_B7   //OUTPUT GIAI MA 2 SANG 4 TICH CUC MUC 0 
....................  
.................... //          ENCODER  PIN_C0   //RC0/T13CKI 
....................  
.................... //          CB_KC    PIN_A2   //RA2/AN2 
.................... //          PIR      PIN_A3   //RA3/AN3 
.................... //          CBXUNG   PIN_A4   //RA4/T0CKI 
.................... //          LEDTHU   PIN_A4   //RA4/T0CKI//SW802 
....................  
.................... //          CB_KCSA_TRIGGER  PIN_E2   //RE2/SDO  DUNG CHUNG 
.................... //          CB_KCSA_RCHO     PIN_E1   //RE1 
....................  
.................... //          CB_TCS3200_OUT    PIN_E1   //RE1 //CAM BIEN MAU TCS3200 
.................... //          CB_TCS3200_S0     B12      //LAY TU MBI5026 
.................... //          CB_TCS3200_S1     B13      //LAY TU MBI5026 
.................... //          CB_TCS3200_S2     B14      //LAY TU MBI5026 
.................... //          CB_TCS3200_S3     B15      //LAY TU MBI5026 
....................  
.................... //          CB_POWER  SW803 
.................... //          CB_GAS      AIN3_PCF8591T   //RE1 
.................... //          CB_QUANG    AIN2_PCF8591T    
.................... //          CB_LM35B    AIN1_PCF8591T   //RA1/AN1 
.................... //          CB_LM35A    AIN0_PCF8591T   //RE1/AN0 
....................  
.................... //XXXXXXXXXXXXXXXXXXXXXXXXXXXXXXXXXXXXXXXXXXXXXXXXX 
.................... #DEFINE      ENABLE_573A      PIN_D1         //CS0 CUA A 
.................... #DEFINE      ENABLE_573B      PIN_D0         //CS1 CUA B 
.................... //XXXXXXXXXXXXXXXXXXXXXXXXXXXXXXXXXXXXXXXXXXXXXXXXX 
.................... #DEFINE      SSDO             PIN_E2         //CHUNG TAT CA 
.................... #DEFINE      SSCK             PIN_E0         //CHUNG TAT CA 
.................... //XXXXXXXXXXXXXXXXXXXXXXXXXXXXXXXXXXXXXXXXXXXXXXXXX 
.................... #DEFINE      RCK_4LED7DOAN    PIN_D7         //A - 4 BYTE 
.................... #DEFINE      G_4LED7DOAN      PIN_D6         //A - 4 BYTE 
.................... //XXXXXXXXXXXXXXXXXXXXXXXXXXXXXXXXXXXXXXXXXXXX     
.................... #DEFINE      RCK_MATRANLED    PIN_D7         //B - 3 BYTE DAO 
.................... #DEFINE      G_MATRANLED      PIN_D6         //B - 3 BYTE DAO 
.................... //XXXXXXXXXXXXXXXXXXXXXXXXXXXXXXXXXXXXXXXXXXXXXXXXX 
.................... #DEFINE      RCK_32LED        PIN_D5         //A - 4 BYTE 
.................... #DEFINE      G_32LED          PIN_D4         //A - 4 BYTE 
.................... //XXXXXXXXXXXXXXXXXXXXXXXXXXXXXXXXXXXXXXXXXXXX  
.................... #DEFINE      RCK_8LEDQUET     PIN_D5         //B - 2 BYTE DAO 
.................... #DEFINE      G_8LEDQUET       PIN_D4         //B - 2 BYTE DAO 
.................... //XXXXXXXXXXXXXXXXXXXXXXXXXXXXXXXXXXXXXXXXXXXXXXXXX 
.................... #DEFINE      RCK_LCD20X4      PIN_D3         //A - 2 BYTE DAO 
.................... #DEFINE      G_LCD20X4         PIN_D2         //A - 2 BYTE DAO 
.................... //XXXXXXXXXXXXXXXXXXXXXXXXXXXXXXXXXXXXXXXXXXXX  
.................... #DEFINE      RCK_BUZERELAY    PIN_D3     //B - 1 BYTE  
.................... #DEFINE      G_BUZERELAY      PIN_D2         //B - 1 BYTE  
....................  
.................... VOID XUAT_LCD20X4(UNSIGNED INT8 LCD_SIGNAL,LCD_INS_HTHI); 
....................  
.................... VOID XUAT_BUZZER_RELAY(); 
.................... //XXXXXXXXXXXXXXXXXXXXXXXXXXXXXXXXXXXXXXXXXXXX    
.................... #DEFINE     CHOT_2_IC_74573_A_B  OUTPUT_D(0XFC) 
....................  
.................... UNSIGNED INT8 TIN_HIEU_DK_74573_A; 
.................... #BIT G_4A         = TIN_HIEU_DK_74573_A.6 
.................... #BIT G_32A        = TIN_HIEU_DK_74573_A.4 
.................... #BIT G_LCDA       = TIN_HIEU_DK_74573_A.2 
.................... //XXXXXXXXXXXXXXXXXXXXXXXXXXXXXXXXXXXXXXXXXXXX          
.................... #DEFINE     MO_32_LED_DON        G_32A=0; //OUTPUT_LOW(G_32LED)  
.................... #DEFINE     TAT_32_LED_DON       G_32A=1; //OUTPUT_HIGH(G_32LED)  
.................... //XXXXXXXXXXXXXXXXXXXXXXXXXXXXXXXXXXXXXXXXXXXX          
.................... #DEFINE     MO_4_LED_7DOAN       G_4A=0;  //OUTPUT_LOW(G_4LED7DOAN) 
.................... #DEFINE     TAT_4_LED_7DOAN      G_4A=1;  //OUTPUT_HIGH(G_4LED7DOAN) 
.................... //XXXXXXXXXXXXXXXXXXXXXXXXXXXXXXXXXXXXXXXXXXXX  
.................... #DEFINE     MO_GLCD_LCD           G_LCDA=0;   //OUTPUT_LOW(G_LCD20X4) 
.................... #DEFINE     TAT_GLCD_LCD          G_LCDA=1;   // OUTPUT_LOW(G_LCD20X4) 
....................  
.................... UNSIGNED INT8 TIN_HIEU_DK_74573_B;   
.................... #BIT G_MTB        = TIN_HIEU_DK_74573_B.6 
.................... #BIT G_8B         = TIN_HIEU_DK_74573_B.4 
.................... #BIT G_RBDCB      = TIN_HIEU_DK_74573_B.2 
.................... //XXXXXXXXXXXXXXXXXXXXXXXXXXXXXXXXXXXXXXXXXXXX  
.................... #DEFINE     MO_LED_MATRAN        G_MTB=0; //OUTPUT_LOW(G_MATRANLED) 
.................... #DEFINE     TAT_LED_MATRAN       G_MTB=1; //OUTPUT_LOW(G_MATRANLED) 
.................... //XXXXXXXXXXXXXXXXXXXXXXXXXXXXXXXXXXXXXXXXXXXX        
.................... #DEFINE     MO_8_LED_QUET        G_8B=0;  //OUTPUT_LOW(G_8LEDQUET) 
.................... #DEFINE     TAT_8_LED_QUET       G_8B=1;  //OUTPUT_LOW(G_8LEDQUET) 
.................... //XXXXXXXXXXXXXXXXXXXXXXXXXXXXXXXXXXXXXXXXXXXX          
.................... #DEFINE     MO_RELAY_BUZZER_DC   G_RBDCB=0;  //OUTPUT_LOW(G_BUZERELAY) 
.................... #DEFINE     TAT_RELAY_BUZZER_DC  G_RBDCB=1;  //OUTPUT_LOW(G_BUZERELAY) 
....................  
.................... //XXXXXXXXXXXXXXXXXXXXXXXXXXXXXXXXXXXXXXXXXXXX 
.................... //CHUONG TRINH KIEM TRA PHIM BT1 
.................... //XXXXXXXXXXXXXXXXXXXXXXXXXXXXXXXXXXXXXXXXXXXX 
.................... UNSIGNED INT8 DL_BTN=0; 
.................... INT1 PHIM_BT0(UNSIGNED INT16 DL) 
.................... {   
....................     IF (!INPUT(BT0)) 
....................     {   
....................       DL_BTN++; 
....................        
....................       IF (DL_BTN>= DL) 
....................          { 
....................             DL_BTN =0; 
....................             RETURN(1); 
....................          } 
....................       ELSE RETURN(0); 
....................     } 
....................     ELSE    RETURN(0); 
.................... }  
.................... //XXXXXXXXXXXXXXXXXXXXXXXXXXXXXXXXXXXXXXXXXXXX 
.................... //CHUONG TRINH KIEM TRA PHIM BT1 
.................... //XXXXXXXXXXXXXXXXXXXXXXXXXXXXXXXXXXXXXXXXXXXX 
.................... INT1 PHIM_BT1(UNSIGNED INT16 DL ) 
.................... {   
....................     IF (!INPUT(BT1)) 
....................     {   
....................       DL_BTN++; 
....................        
....................       IF (DL_BTN>= DL) 
....................          { 
....................             DL_BTN =0; 
....................             RETURN(1); 
....................          } 
....................       ELSE RETURN(0); 
....................     } 
....................     ELSE    RETURN(0); 
.................... }  
.................... //XXXXXXXXXXXXXXXXXXXXXXXXXXXXXXXXXXXXXXXXXXXX 
.................... //CHUONG TRINH KIEM TRA PHIM BT2       
.................... //XXXXXXXXXXXXXXXXXXXXXXXXXXXXXXXXXXXXXXXXXXXX                                     
.................... INT1 PHIM_BT2(UNSIGNED INT16 DL ) 
.................... {                                         
....................     IF (!INPUT(BT2)) 
....................     {   
....................       DL_BTN++; 
....................        
....................       IF (DL_BTN>= DL) 
....................          { 
....................             DL_BTN =0; 
....................             RETURN(1); 
....................          } 
....................       ELSE RETURN(0); 
....................     } 
....................     ELSE    RETURN(0); 
....................                                           
.................... }       
....................  
.................... //XXXXXXXXXXXXXXXXXXXXXXXXXXXXXXXXXXXXXXXXXXXX 
.................... //CHUONG TRINH KIEM TRA PHIM BT3 
.................... //XXXXXXXXXXXXXXXXXXXXXXXXXXXXXXXXXXXXXXXXXXXX 
.................... INT1 PHIM_BT3(UNSIGNED INT16 DL,  UNSIGNED INT8 SOLAN  ) 
.................... {   
....................     IF (!INPUT(BT3)) 
....................     {   
....................       DL_BTN++; 
....................       IF(DL_BTN==1) RETURN(1); 
....................       ELSE 
....................       { 
....................          IF (DL_BTN>= DL) 
....................          DL_BTN =SOLAN; 
....................       } 
....................     } 
....................     ELSE    
....................     { 
....................       //DL_BTN =0; 
....................       RETURN(0); 
....................     } 
.................... }  
.................... //XXXXXXXXXXXXXXXXXXXXXXXXXXXXXXXXXXXXXXXXXXXX 
.................... //KHAI BAO DU LIEU 16 BIT CHO MODULE RELAY, TRIAC, BUZZER, DONG CO 
.................... //XXXXXXXXXXXXXXXXXXXXXXXXXXXXXXXXXXXXXXXXXXXX 
.................... UNSIGNED INT16 RBDC; 
.................... #BIT STEP_MOTOR_ENABLE  = RBDC.0    //1=ENA,0=DIS 
.................... #BIT STEP_MOTOR_IN1     = RBDC.1     
.................... #BIT STEP_MOTOR_IN2     = RBDC.2 
.................... #BIT STEP_MOTOR_IN3     = RBDC.3 
.................... #BIT STEP_MOTOR_IN4     = RBDC.4 
.................... #BIT DC_ENABLE          = RBDC.5    //1=ENA,0=DIS 
.................... #BIT PWRKEY             = RBDC.6    //KHOI TAO SIM900 
....................  
.................... #BIT BUZZER             = RBDC.8    //1=ON,0=OFF 
.................... #BIT TRIAC_1            = RBDC.9    //1=ON,0=OFF 
.................... #BIT TRIAC_2            = RBDC.10   //1=ON,0=OFF 
.................... #BIT RELAY_1            = RBDC.11   //0=ON,1=OFF 
.................... #BIT RELAY_2            = RBDC.12   //0=ON,1=OFF 
....................  
.................... //HAM 103 
.................... //XXXXXXXXXXXXXXXXXXXXXXXXXXXXXXXXXXXXXXXXXXXX 
.................... //CHUONG TRINH CON KHOI TAO IC CHOT 
.................... //XXXXXXXXXXXXXXXXXXXXXXXXXXXXXXXXXXXXXXXXXXXX          
.................... #DEFINE     CHO_IC_74573_A_GOI_DU_LIEU     OUTPUT_HIGH(ENABLE_573A) 
.................... #DEFINE     CHOT_IC_74573_A_GOI_DU_LIEU    OUTPUT_LOW(ENABLE_573A) 
....................  
.................... #DEFINE     CHO_IC_74573_B_GOI_DU_LIEU     OUTPUT_HIGH(ENABLE_573B) 
.................... #DEFINE     CHOT_IC_74573_B_GOI_DU_LIEU    OUTPUT_LOW(ENABLE_573B) 
.................... VOID MO_IC_74573_A_THONG_DL(); 
....................  
.................... //XXXXXXXXXXXXXXXXXXXXXXXXXXXXXXXXXXXXXXXXXXXX    
.................... CONST UNSIGNED CHAR MA7DOAN[16]= {0XC0,0XF9,0xA4,0XB0,0X99,0X92,0X82,0XF8, 
.................... 0X80,0X90,0x88, 0x83, 0xC6, 0xA1, 0x86, 0x8E}; 
.................... #DEFINE     MASO0    0XC0 
.................... #DEFINE     MASO1    0XF9 
.................... #DEFINE     MASO2    0XA4 
.................... #DEFINE     MASO3    0XB0 
.................... #DEFINE     MASO4    0X99 
.................... #DEFINE     MASO5    0X92 
.................... #DEFINE     MASO6    0X82 
.................... #DEFINE     MASO7    0XF8 
....................  
.................... //XXXXXXXXXXXXXXXXXXXXXXXXXXXXXXXXXXXXXXXXXXXX  
.................... //HAM 102 
.................... //XXXXXXXXXXXXXXXXXXXXXXXXXXXXXXXXXXXXXXXXXXXX     
.................... //XUAT 1 BYTE RA THANH GHI DICH 
.................... //XXXXXXXXXXXXXXXXXXXXXXXXXXXXXXXXXXXXXXXXXXXX     
.................... VOID XUAT_1BYTE(UNSIGNED INT8 BYTEXUAT) 
.................... { 
....................    UNSIGNED INT8   SB,X;    
....................    #BIT BSERI  = X.7 
....................    X = BYTEXUAT; 
*
00E8:  MOVFF  27,29
....................    FOR (SB=0;SB<8;SB++) 
00EC:  CLRF   28
00EE:  MOVF   28,W
00F0:  SUBLW  07
00F2:  BNC   0110
....................       {                                                  
....................          OUTPUT_BIT(SSDO,BSERI);     
00F4:  BTFSC  29.7
00F6:  BRA    00FC
00F8:  BCF    F8D.2
00FA:  BRA    00FE
00FC:  BSF    F8D.2
00FE:  BCF    F96.2
....................          OUTPUT_LOW(SSCK); OUTPUT_HIGH(SSCK); 
0100:  BCF    F96.0
0102:  BCF    F8D.0
0104:  BCF    F96.0
0106:  BSF    F8D.0
....................          X= X<<1;          
0108:  BCF    FD8.0
010A:  RLCF   29,F
010C:  INCF   28,F
010E:  BRA    00EE
....................      } 
0110:  RETURN 0
.................... } 
.................... //XXXXXXXXXXXXXXXXXXXXXXXXXXXXXXXXXXXXXXXXXXXX  
.................... //HAM 301 
.................... //XXXXXXXXXXXXXXXXXXXXXXXXXXXXXXXXXXXXXXXXXXXX 
.................... //CHUONG TRINH CON XUAT 4 BYTE RA 32 LED DON 
.................... //XXXXXXXXXXXXXXXXXXXXXXXXXXXXXXXXXXXXXXXXXXXX 
.................... VOID XUAT_32LED_DON_4BYTE(UNSIGNED INT8 BLD3,BLD2,BLD1,BLD0) 
.................... {      
....................       XUAT_1BYTE(BLD3);           
....................       XUAT_1BYTE(BLD2); 
....................       XUAT_1BYTE(BLD1);           
....................       XUAT_1BYTE(BLD0);             
....................       MO_32_LED_DON;       
....................       MO_IC_74573_A_THONG_DL();             
....................       OUTPUT_HIGH(RCK_32LED);    OUTPUT_LOW(RCK_32LED); 
....................       CHOT_IC_74573_A_GOI_DU_LIEU;       
.................... } 
.................... //HAM 302 
.................... //XXXXXXXXXXXXXXXXXXXXXXXXXXXXXXXXXXXXXXXXXXXX 
.................... //CHUONG TRINH CON XUAT 2 WORD 16 BITRA 32 LED DON 
.................... //XXXXXXXXXXXXXXXXXXXXXXXXXXXXXXXXXXXXXXXXXXXX 
.................... VOID XUAT_32LED_DON_2WORD(UNSIGNED INT16 WLD1, UNSIGNED INT16 WLD0) 
.................... {      
....................      UNSIGNED INT8  B3,B2,B1,B0; 
....................      B3 = WLD1>>8;  B2 = WLD1;  
....................      B1 = WLD0>>8;  B0 = WLD0; 
....................      XUAT_32LED_DON_4BYTE(B3,B2,B1,B0); 
.................... } 
.................... //HAM 303 
.................... //XXXXXXXXXXXXXXXXXXXXXXXXXXXXXXXXXXXXXXXXXXXX 
.................... //CHUONG TRINH CON XUAT 1 DOUBLE WORD RA 32 LED DON 
.................... //XXXXXXXXXXXXXXXXXXXXXXXXXXXXXXXXXXXXXXXXXXXX 
.................... VOID XUAT_32LED_DON_1DW(UNSIGNED LONG LONG DWLD) 
.................... {      
....................      UNSIGNED INT16  WD1,WD0; 
....................      WD1 = DWLD>>16;  WD0 = DWLD; 
....................      XUAT_32LED_DON_2WORD(WD1,WD0); 
.................... } 
....................  
.................... //HAM 304 
.................... //XXXXXXXXXXXXXXXXXXXXXXXXXXXXXXXXXXXXXXXXXXXX 
.................... //CHUONG TRINH CON MO 32 LED DON SANG 
.................... //XXXXXXXXXXXXXXXXXXXXXXXXXXXXXXXXXXXXXXXXXXXX 
.................... VOID MO_32LED_DON() 
.................... {         
....................      XUAT_32LED_DON_1DW(0XFFFFFFFF); 
.................... } 
.................... //HAM 305 
.................... //XXXXXXXXXXXXXXXXXXXXXXXXXXXXXXXXXXXXXXXXXXXX 
.................... //CHUONG TRINH CON TAT 32 LED DON  
.................... //XXXXXXXXXXXXXXXXXXXXXXXXXXXXXXXXXXXXXXXXXXXX 
.................... VOID TAT_32LED_DON() 
.................... {         
....................      XUAT_32LED_DON_1DW(0); 
.................... } 
.................... //XXXXXXXXXXXXXXXXXXXXXXXXXXXXXXXXXXXXXXXXXXXX     
.................... //XUAT 1 BIT ROI TRA LAI KET QUA SAU KHI DICH DI 1 BIT 
.................... //XXXXXXXXXXXXXXXXXXXXXXXXXXXXXXXXXXXXXXXXXXXX     
.................... UNSIGNED  INT8 XUAT_1BIT(UNSIGNED INT8 BYTEXUAT) 
.................... { 
....................       UNSIGNED INT8   XBITX;    
....................       #BIT BSERIX  = XBITX.0 
....................       XBITX = BYTEXUAT; 
....................                                              
....................       OUTPUT_BIT(SSDO,BSERIX);     
....................       OUTPUT_LOW(SSCK); OUTPUT_HIGH(SSCK); 
....................       XBITX= XBITX>>1;    
....................       RETURN(XBITX);   
.................... } 
.................... //XXXXXXXXXXXXXXXXXXXXXXXXXXXXXXXXXXXXXXXXXXXX  
.................... //HAM 101 
.................... //XXXXXXXXXXXXXXXXXXXXXXXXXXXXXXXXXXXXXXXXXXXX     
.................... //HAM KHOI TAO CAC PORT VA IC CHOT 
.................... //XXXXXXXXXXXXXXXXXXXXXXXXXXXXXXXXXXXXXXXXXXXX     
.................... VOID SET_UP_PORT_IC_CHOT() 
.................... {      
....................       SET_TRIS_D(0x00);     
*
00CA:  MOVLW  00
00CC:  MOVWF  F95
....................       SET_TRIS_E(0X00); 
00CE:  MOVWF  F96
....................       OUTPUT_D(0XFF); 
00D0:  CLRF   F95
00D2:  SETF   F8C
....................       TIN_HIEU_DK_74573_A=0XFF;   
00D4:  SETF   04
....................       TIN_HIEU_DK_74573_B=0XFF;       
00D6:  SETF   05
....................       CHOT_IC_74573_A_GOI_DU_LIEU; 
00D8:  BCF    F95.1
00DA:  BCF    F8C.1
....................       CHOT_IC_74573_B_GOI_DU_LIEU;   
00DC:  BCF    F95.0
00DE:  BCF    F8C.0
....................       RBDC=0; 
00E0:  CLRF   08
00E2:  CLRF   07
00E4:  GOTO   034A (RETURN)
.................... } 
.................... //HAM 104 
.................... //XXXXXXXXXXXXXXXXXXXXXXXXXXXXXXXXXXXXXXXXXXXX     
.................... //XUAT CÁC THIEU DIEU KHIEN  
.................... //GIU NGUYEN CAC TRANG THAI CUA 2 MODULE KHAC 
.................... //XXXXXXXXXXXXXXXXXXXXXXXXXXXXXXXXXXXXXXXXXXXX     
.................... VOID MO_IC_74573_A_THONG_DL() 
.................... {      
....................       OUTPUT_D(0X00); 
*
0112:  CLRF   F95
0114:  CLRF   F8C
....................       OUTPUT_BIT(G_32LED,G_32A); 
0116:  BTFSC  04.4
0118:  BRA    011E
011A:  BCF    F8C.4
011C:  BRA    0120
011E:  BSF    F8C.4
0120:  BCF    F95.4
....................       OUTPUT_BIT(G_4LED7DOAN,G_4A); 
0122:  BTFSC  04.6
0124:  BRA    012A
0126:  BCF    F8C.6
0128:  BRA    012C
012A:  BSF    F8C.6
012C:  BCF    F95.6
....................       OUTPUT_BIT(G_LCD20X4,G_LCDA);   
012E:  BTFSC  04.2
0130:  BRA    0136
0132:  BCF    F8C.2
0134:  BRA    0138
0136:  BSF    F8C.2
0138:  BCF    F95.2
....................       CHO_IC_74573_A_GOI_DU_LIEU; 
013A:  BCF    F95.1
013C:  BSF    F8C.1
013E:  GOTO   015E (RETURN)
.................... } 
.................... VOID MO_IC_74573_B_THONG_DL() 
.................... {      
....................       OUTPUT_D(0X00); 
....................       OUTPUT_BIT(G_MATRANLED,G_MTB); 
....................       OUTPUT_BIT(G_8LEDQUET,G_8B); 
....................       OUTPUT_BIT(G_BUZERELAY,G_RBDCB);  
....................       CHO_IC_74573_B_GOI_DU_LIEU; 
.................... } 
.................... //ham 401 
.................... //XXXXXXXXXXXXXXXXXXXXXXXXXXXXXXXXXXXXXXXXXXXX 
.................... //CHUONG TRINH CON XUAT 4 BYTE RA 4 LED 7 DOAN 
.................... //XXXXXXXXXXXXXXXXXXXXXXXXXXXXXXXXXXXXXXXXXXXX 
.................... VOID XUAT_4LED_7DOAN_4SO(UNSIGNED INT BL743,BL742,BL741,BL740) 
.................... {      
....................       XUAT_1BYTE(BL740);   XUAT_1BYTE(BL741); 
....................       XUAT_1BYTE(BL742);   XUAT_1BYTE(BL743); 
....................        
....................       MO_4_LED_7DOAN; 
....................       MO_IC_74573_A_THONG_DL(); 
....................         
....................       OUTPUT_LOW(RCK_4LED7DOAN);   OUTPUT_HIGH(RCK_4LED7DOAN);  
....................       CHOT_IC_74573_A_GOI_DU_LIEU; 
.................... } 
.................... //ham 404 
.................... VOID XUAT_4LED_7DOAN_3SO(UNSIGNED INT BL742,BL741,BL740) 
.................... {      
....................      XUAT_4LED_7DOAN_4SO(0XFF,BL742,BL741,BL740); 
.................... } 
.................... //ham 403 
.................... VOID XUAT_4LED_7DOAN_2SO(UNSIGNED INT BL741,BL740) 
.................... {      
....................      XUAT_4LED_7DOAN_4SO(0XFF,0XFF,BL741,BL740); 
.................... } 
.................... //ham 402 
.................... VOID XUAT_4LED_7DOAN_1SO(UNSIGNED INT BL740) 
.................... {      
....................      XUAT_4LED_7DOAN_4SO(0XFF,0XFF,0XFF,BL740); 
.................... } 
....................  
.................... //ham 405 
.................... //XXXXXXXXXXXXXXXXXXXXXXXXXXXXXXXXXXXXXXXXXXXXXXXXXXXXXXXXXXXXX 
.................... //CHUONG TRINH CON HIEN THI DU LIEU 16 BIT TREN 4 LED 7 DOAN 
.................... //XXXXXXXXXXXXXXXXXXXXXXXXXXXXXXXXXXXXXXXXXXXXXXXXXXXXXXXXXXXXX 
.................... UNSIGNED CHAR DONVI4,CHUC4,TRAM4,NGAN4; 
.................... VOID  XUAT_4LED_7DOAN_GIAIMA_XOA_SO0 (UNSIGNED INT16 TAM) 
.................... {          
....................       DONVI4 = MA7DOAN[TAM %10];          
....................       CHUC4  = MA7DOAN[TAM/10%10]; 
....................       TRAM4  = MA7DOAN[TAM/100%10];  
....................       NGAN4  = MA7DOAN[TAM/1000%10];        
....................       IF (NGAN4==0XC0) 
....................       { 
....................          NGAN4=0XFF; 
....................          IF (TRAM4==0XC0) 
....................          { 
....................             TRAM4=0XFF; 
....................             IF (CHUC4==0XC0)   CHUC4=0XFF; 
....................          } 
....................       } 
....................       XUAT_4LED_7DOAN_4SO(NGAN4,TRAM4,CHUC4,DONVI4);    
.................... } 
.................... UNSIGNED INT8 LCDDATA=0;  
.................... UNSIGNED INT8 LCDCONTROL=0; 
.................... UNSIGNED INT8 GLCDDATA=0; 
.................... UNSIGNED INT8 GLCDCONTROL=0;  
.................... //HAM 701 
.................... //XXXXXXXXXXXXXXXXXXXXXXXXXXXXXXXXXXXXXXXXXXXXXXXXXXXXXXXXXXXXX 
.................... //CHUONG TRINH CON XUAT DU LIEU 4 BYTE RA GLCD VA LCD 
.................... //XXXXXXXXXXXXXXXXXXXXXXXXXXXXXXXXXXXXXXXXXXXXXXXXXXXXXXXXXXXXX 
.................... VOID XUAT_GLCD_LCD() 
.................... {       
....................     XUAT_1BYTE(GLCDCONTROL);              
0142:  MOVFF  10,27
0146:  RCALL  00E8
....................     XUAT_1BYTE(GLCDDATA); 
0148:  MOVFF  0F,27
014C:  RCALL  00E8
....................     XUAT_1BYTE(LCDCONTROL);        
014E:  MOVFF  0E,27
0152:  RCALL  00E8
....................     XUAT_1BYTE(LCDDATA);       
0154:  MOVFF  0D,27
0158:  RCALL  00E8
....................        
....................     MO_GLCD_LCD; 
015A:  BCF    04.2
....................     MO_IC_74573_A_THONG_DL();             
015C:  BRA    0112
....................     OUTPUT_HIGH(RCK_LCD20X4);      
015E:  BCF    F95.3
0160:  BSF    F8C.3
....................     OUTPUT_LOW(RCK_LCD20X4); 
0162:  BCF    F95.3
0164:  BCF    F8C.3
....................     CHOT_IC_74573_A_GOI_DU_LIEU; 
0166:  BCF    F95.1
0168:  BCF    F8C.1
016A:  GOTO   017C (RETURN)
.................... } 
.................... //HAM 702 
.................... VOID XUAT_LCD20X4(UNSIGNED INT8 LCD_SIGNAL,LCD_INS_HTHI) 
.................... {      
....................     LCDCONTROL = ~LCD_SIGNAL; 
016E:  MOVF   25,W
0170:  MOVWF  0E
0172:  COMF   0E,F
....................     LCDDATA    = ~LCD_INS_HTHI;       
0174:  MOVFF  26,0D
0178:  COMF   0D,F
....................     XUAT_GLCD_LCD(); 
017A:  BRA    0142
017C:  RETURN 0
.................... } 
.................... //HAM 703 
.................... VOID XUAT_GLCD128X64(UNSIGNED INT8 GLCD_SIGNAL,GLCD_INS_HTHI) 
.................... {      
....................     GLCDCONTROL = ~GLCD_SIGNAL; 
....................     GLCDDATA    = ~GLCD_INS_HTHI;      
....................     XUAT_GLCD_LCD(); 
.................... } 
.................... //HAM 501 
.................... //XXXXXXXXXXXXXXXXXXXXXXXXXXXXXXXXXXXXXXXXXXXX 
.................... //CHUONG TRINH CON XUAT 2 BYTE RA DK 1 LED QUET SANG 
.................... //XXXXXXXXXXXXXXXXXXXXXXXXXXXXXXXXXXXXXXXXXXXX 
.................... VOID XUAT_8LED_7DOAN_QUET_1(UNSIGNED INT MA,SO_HTHI) 
.................... {      
....................       XUAT_1BYTE(~MA);   XUAT_1BYTE(~SO_HTHI); 
....................        
....................       MO_8_LED_QUET; 
....................       MO_IC_74573_B_THONG_DL(); 
....................        
....................       OUTPUT_HIGH(RCK_8LEDQUET); OUTPUT_LOW(RCK_8LEDQUET); 
....................       CHOT_IC_74573_B_GOI_DU_LIEU; 
.................... } 
.................... //HAM 502 
.................... //XXXXXXXXXXXXXXXXXXXXXXXXXXXXXXXXXXXXXXXXXXXX 
.................... //CHUONG TRINH CON XUAT 2 BYTE RA TAT 8 LED QUET 
.................... //XXXXXXXXXXXXXXXXXXXXXXXXXXXXXXXXXXXXXXXXXXXX 
.................... VOID XUAT_8LED_7DOAN_QUET_TAT_LED() 
.................... { 
....................    XUAT_8LED_7DOAN_QUET_1(0XFF,0XFF); 
.................... } 
.................... //HAM 503 
.................... //XXXXXXXXXXXXXXXXXXXXXXXXXXXXXXXXXXXXXXXXXXXX 
.................... //CHUONG TRINH CON HIEN THI LED THEO THU TU 
.................... //XXXXXXXXXXXXXXXXXXXXXXXXXXXXXXXXXXXXXXXXXXXX 
.................... CONST UNSIGNED CHAR TTLEDQUET[8]= {0x7F,0xBF,0xDF,0xEF,0xF7,0xFB,0xFD,0xFE}; 
.................... VOID XUAT_8LED_7DOAN_QUET_2(UNSIGNED INT THUTULED,SO_HTHI) 
.................... {          
....................       XUAT_1BYTE(~ (TTLEDQUET[THUTULED]));   XUAT_1BYTE(~SO_HTHI);      
....................       MO_8_LED_QUET; 
....................       MO_IC_74573_B_THONG_DL(); 
....................       OUTPUT_HIGH(RCK_8LEDQUET); OUTPUT_LOW(RCK_8LEDQUET); 
....................       CHOT_IC_74573_B_GOI_DU_LIEU; 
.................... } 
.................... //HAM 504 
.................... //XXXXXXXXXXXXXXXXXXXXXXXXXXXXXXXXXXXXXXXXXXXX 
.................... //CHUONG TRINH CON HIEN THI 8 SO TREN 8 LED QUET - CO KIEM TRA 
.................... //XXXXXXXXXXXXXXXXXXXXXXXXXXXXXXXXXXXXXXXXXXXX 
.................... UNSIGNED INT8 LED_7DQ[8]={0XFF,0XFF,0XFF,0XFF,0XFF,0XFF,0XFF,0XFF}; 
.................... UNSIGNED INT8 TT8LED=0; 
.................... VOID HIEN_THI_8LED_7DOAN_QUET() 
.................... {      
....................       FOR(TT8LED=0;TT8LED<8;TT8LED++) 
....................          IF (LED_7DQ[TT8LED]!=0XFF) 
....................          {            
....................             XUAT_8LED_7DOAN_QUET_2(TT8LED, LED_7DQ[TT8LED]); 
....................             DELAY_US(100); 
....................             XUAT_8LED_7DOAN_QUET_TAT_LED();            
....................             } 
.................... } 
.................... //HAM 505 
.................... //XXXXXXXXXXXXXXXXXXXXXXXXXXXXXXXXXXXXXXXXXXXX 
.................... //CHUONG TRINH CON HIEN THI 8 SO TREN 8 LED QUET - KHONG KIEM TRA 
.................... //XXXXXXXXXXXXXXXXXXXXXXXXXXXXXXXXXXXXXXXXXXXX 
.................... VOID HIEN_THI_8LED_7DOAN_QUET_ALL() 
.................... {      
....................       FOR(TT8LED=0;TT8LED<8;TT8LED++)          
....................          {            
....................             XUAT_8LED_7DOAN_QUET_2(TT8LED, LED_7DQ[TT8LED]); 
....................             DELAY_US(100); 
....................             XUAT_8LED_7DOAN_QUET_TAT_LED();            
....................             } 
.................... } 
....................  
.................... VOID DELAY_QUET_8LED(UNSIGNED INT16 DL) 
.................... {  
....................       UNSIGNED INT8 I; 
....................       FOR (I=0; I<DL;I++) 
....................       HIEN_THI_8LED_7DOAN_QUET_ALL(); 
.................... }  
....................  
.................... VOID GIAI_MA_GAN_CHO_8LED_QUET_16_XOA(UNSIGNED INT16 X) 
.................... {      
....................       LED_7DQ[0]= MA7DOAN [X %10];     
....................       LED_7DQ[1]= MA7DOAN [X/10%10]; 
....................       LED_7DQ[2]= MA7DOAN [X/100%10];     
....................       LED_7DQ[3]= MA7DOAN [X/1000%10]; 
....................       LED_7DQ[4]= MA7DOAN [X/10000%10]; 
....................       IF (LED_7DQ[4]==MASO0)  
....................       { 
....................             LED_7DQ[4]=0XFF; 
....................             IF (LED_7DQ[3]==MASO0)  
....................             { 
....................                LED_7DQ[3]=0XFF; 
....................                IF (LED_7DQ[2]==MASO0)  
....................                { 
....................                   LED_7DQ[2]=0XFF; 
....................                   IF (LED_7DQ[1]==MASO0)  
....................                   { 
....................                      LED_7DQ[1]=0XFF; 
....................                   } 
....................                } 
....................             } 
....................       } 
....................              
.................... } 
.................... //XXXXXXXXXXXXXXXXXXXXXXXXXXXXXXXXXXXXXXXXXXXX          
.................... VOID XUAT_2BYTE(UNSIGNED INT16 BYTE2XUAT) 
.................... { 
....................    INT8 SBB; 
....................    UNSIGNED INT16   XX;   //SHORT  BSERI; 
....................    #BIT BSERIX  = XX.15 
....................    XX = BYTE2XUAT; 
....................    FOR (SBB=0;SBB<16;SBB++) 
....................       {                                                  
....................          OUTPUT_BIT(SSDO,BSERIX);     
....................          OUTPUT_LOW(SSCK);          
....................          OUTPUT_HIGH(SSCK); 
....................          XX= XX<<1;          
....................      } 
.................... } 
.................... //XXXXXXXXXXXXXXXXXXXXXXXXXXXXXXXXXXXXXXXXXXXX 
.................... //CHUONG TRINH CON XUAT RA LED MA TRAN 
.................... //XXXXXXXXXXXXXXXXXXXXXXXXXXXXXXXXXXXXXXXXXXXX 
.................... VOID XUAT_MATRANLED(UNSIGNED INT16 MAHANG,UNSIGNED INT16 MACOT1, 
.................... UNSIGNED INT16 MACOT2,UNSIGNED INT16 MACOT3) 
.................... {       
....................       XUAT_2BYTE(MACOT3); 
....................       XUAT_2BYTE(MACOT2); 
....................       XUAT_2BYTE(MACOT1); 
....................       XUAT_2BYTE(MAHANG); 
....................        
....................       MO_LED_MATRAN; 
....................       MO_IC_74573_B_THONG_DL(); 
....................        
....................       OUTPUT_HIGH(RCK_MATRANLED); OUTPUT_LOW(RCK_MATRANLED);  
....................       CHOT_IC_74573_B_GOI_DU_LIEU; 
.................... } 
.................... //XXXXXXXXXXXXXXXXXXXXXXXXXXXXXXXXXXXXXXXXXXXX 
.................... //CHUONG TRINH CON XUAT RA LED MA TRAN 
.................... //XXXXXXXXXXXXXXXXXXXXXXXXXXXXXXXXXXXXXXXXXXXX 
.................... VOID TAT_MATRANLED() 
.................... {       
....................       XUAT_2BYTE(0); 
....................       XUAT_2BYTE(0); 
....................       XUAT_2BYTE(0); 
....................       XUAT_2BYTE(0);            
....................       OUTPUT_HIGH(RCK_MATRANLED);  
....................       OUTPUT_LOW(RCK_MATRANLED); 
.................... } 
.................... UNSIGNED  INT8 HIEU_CHINH_4BIT_CAO(UNSIGNED INT8 XZY) 
.................... { 
....................       INT1  BTG; 
....................       UNSIGNED INT8   BX;    
....................       #BIT BIT4  = BX.4 
....................       #BIT BIT5  = BX.5 
....................       #BIT BIT6  = BX.6 
....................       #BIT BIT7  = BX.7 
....................       BX=XZY; 
....................       BTG=BIT4;   BIT4=BIT7;  BIT7=BTG; 
....................       BTG=BIT5;   BIT5=BIT6;  BIT6=BTG;       
....................       RETURN(BX);   
.................... } 
.................... //HAM 601 
.................... //XXXXXXXXXXXXXXXXXXXXXXXXXXXXXXXXXXXXXXXXXXXXXXXXXXXX 
.................... //MODULE DIEU KHIEN RELAY,TRIAC, BUZZER, DONG CO, SIM 
.................... //XXXXXXXXXXXXXXXXXXXXXXXXXXXXXXXXXXXXXXXXXXXXXXXXXXXX 
.................... VOID XUAT_BUZZER_RELAY() 
.................... {      
....................    UNSIGNED INT8 RBDC1,RBDC2; 
....................       RBDC1=RBDC; RBDC2=RBDC>>8;       
....................       XUAT_1BYTE(RBDC2);       
....................       XUAT_1BYTE(RBDC1); 
....................       MO_RELAY_BUZZER_DC; 
....................       MO_IC_74573_B_THONG_DL(); 
....................        
....................       OUTPUT_HIGH(RCK_BUZERELAY);   OUTPUT_LOW(RCK_BUZERELAY); 
....................       CHOT_IC_74573_B_GOI_DU_LIEU; 
.................... } 
.................... //HAM 602 
.................... //XXXXXXXXXXXXXXXXXXXXXXXXXXXXXXXXXXXXXXXXXXXXXXXXXXXX 
.................... VOID BUZZER_ON() 
.................... {     
....................       BUZZER=1; 
....................       XUAT_BUZZER_RELAY();          
.................... } 
.................... //HAM 603 
.................... //XXXXXXXXXXXXXXXXXXXXXXXXXXXXXXXXXXXXXXXXXXXXXXXXXXXX 
.................... VOID BUZZER_OFF() 
.................... {      
....................       BUZZER=0; 
....................       XUAT_BUZZER_RELAY(); 
.................... } 
.................... //HAM 604 
.................... //XXXXXXXXXXXXXXXXXXXXXXXXXXXXXXXXXXXXXXXXXXXXXXXXXXXX 
.................... VOID RELAY_1_ON() 
.................... {     
....................       RELAY_1=1; 
....................       XUAT_BUZZER_RELAY();          
.................... } 
.................... //HAM 603 
.................... //XXXXXXXXXXXXXXXXXXXXXXXXXXXXXXXXXXXXXXXXXXXXXXXXXXXX 
.................... VOID RELAY_1_OFF() 
.................... {     
....................       RELAY_1=0; 
....................       XUAT_BUZZER_RELAY();          
.................... } 
.................... //HAM 604 
.................... //XXXXXXXXXXXXXXXXXXXXXXXXXXXXXXXXXXXXXXXXXXXXXXXXXXXX 
.................... VOID RELAY_2_ON() 
.................... {     
....................       RELAY_2=1; 
....................       XUAT_BUZZER_RELAY();          
.................... } 
.................... //HAM 607 
.................... //XXXXXXXXXXXXXXXXXXXXXXXXXXXXXXXXXXXXXXXXXXXXXXXXXXXX 
.................... VOID RELAY_2_OFF() 
.................... {     
....................       RELAY_2=0; 
....................       XUAT_BUZZER_RELAY();          
.................... } 
.................... //HAM 608 
.................... //XXXXXXXXXXXXXXXXXXXXXXXXXXXXXXXXXXXXXXXXXXXXXXXXXXXX 
.................... VOID RELAY_1_RELAY_2_ON() 
.................... {     
....................       RELAY_1=1;  RELAY_2=1; 
....................       XUAT_BUZZER_RELAY();          
.................... } 
.................... //HAM 609 
.................... //XXXXXXXXXXXXXXXXXXXXXXXXXXXXXXXXXXXXXXXXXXXXXXXXXXXX 
.................... VOID RELAY_1_RELAY_2_OFF() 
.................... {     
....................       RELAY_1=0;  RELAY_2=0; 
....................       XUAT_BUZZER_RELAY();          
.................... } 
.................... //HAM 610 
.................... //XXXXXXXXXXXXXXXXXXXXXXXXXXXXXXXXXXXXXXXXXXXXXXXXXXXX 
.................... VOID TRIAC_1_ON() 
.................... {     
....................       TRIAC_1=1; 
....................       XUAT_BUZZER_RELAY();          
.................... } 
.................... //HAM 611 
.................... //XXXXXXXXXXXXXXXXXXXXXXXXXXXXXXXXXXXXXXXXXXXXXXXXXXXX 
.................... VOID TRIAC_1_OFF() 
.................... {     
....................       TRIAC_1=0; 
....................       XUAT_BUZZER_RELAY();          
.................... } 
.................... //HAM 612 
.................... //XXXXXXXXXXXXXXXXXXXXXXXXXXXXXXXXXXXXXXXXXXXXXXXXXXXX 
.................... VOID TRIAC_2_ON() 
.................... {     
....................       TRIAC_2=1; 
....................       XUAT_BUZZER_RELAY();          
.................... } 
.................... //HAM 613 
.................... //XXXXXXXXXXXXXXXXXXXXXXXXXXXXXXXXXXXXXXXXXXXXXXXXXXXX 
.................... VOID TRIAC_2_OFF() 
.................... {     
....................       TRIAC_2=0; 
....................       XUAT_BUZZER_RELAY();          
.................... } 
.................... //XXXXXXXXXXXXXXXXXXXXXXXXXXXXXXXXXXXXXXXXXXXX 
....................  
....................  
....................  
.................... #INCLUDE <TV_PICKIT2_SHIFT_LCD.c> 
.................... UNSIGNED INT8 LCD_CONTROL;   
.................... #bit LCD_P = LCD_CONTROL.3 
.................... #bit LCD_RS = LCD_CONTROL.2 
.................... #bit LCD_RW = LCD_CONTROL.1 
.................... #bit LCD_E  = LCD_CONTROL.0 
....................  
.................... #DEFINE LCD_FUNCTION_SET       0X38 
.................... #DEFINE LCD_DISPLAY_CONTROL    0X0C 
.................... #DEFINE LCD_CLEAR_DISPLAY      0X01 
.................... #DEFINE LCD_ENTRY_MODE         0X06 
.................... #DEFINE LCD_SHIFT_LEFT         0X18 
.................... #DEFINE LCD_SHIFT_RIGHT        0X1C 
....................  
.................... #DEFINE LCD_ADDR_LINE1         0X80 
.................... #DEFINE LCD_ADDR_LINE2         0XC0 
.................... #DEFINE LCD_ADDR_LINE3         0X94 
.................... #DEFINE LCD_ADDR_LINE4         0XD4 
....................  
.................... VOID LCD_XUAT_8BIT(INT8 LCD_DATA_X) 
.................... { 
....................       LCD_E=1; XUAT_LCD20X4(LCD_CONTROL,LCD_DATA_X);      
017E:  BSF    1A.0
0180:  MOVFF  1A,25
0184:  MOVFF  24,26
0188:  RCALL  016E
....................       LCD_E=0; XUAT_LCD20X4(LCD_CONTROL,LCD_DATA_X);  
018A:  BCF    1A.0
018C:  MOVFF  1A,25
0190:  MOVFF  24,26
0194:  RCALL  016E
0196:  RETURN 0
.................... } 
.................... void LCD_COMMAND(INT8 LCD_DATA_X)    
....................   { 
....................       LCD_RS = 0; 
0198:  BCF    1A.2
....................       LCD_XUAT_8BIT(LCD_DATA_X); 
019A:  MOVFF  23,24
019E:  RCALL  017E
....................       DELAY_US(20); 
01A0:  MOVLW  20
01A2:  MOVWF  00
01A4:  DECFSZ 00,F
01A6:  BRA    01A4
01A8:  BRA    01AA
01AA:  NOP   
01AC:  RETURN 0
....................   } 
.................... void LCD_DATA(INT8 LCD_DATA_X)        
....................   { 
....................       LCD_RS = 1;      
*
0238:  BSF    1A.2
....................       LCD_XUAT_8BIT(LCD_DATA_X); 
023A:  MOVFF  20,24
023E:  RCALL  017E
....................       DELAY_US(20); 
0240:  MOVLW  20
0242:  MOVWF  00
0244:  DECFSZ 00,F
0246:  BRA    0244
0248:  BRA    024A
024A:  NOP   
024C:  RETURN 0
....................   } 
....................    
.................... VOID SETUP_LCD () 
.................... {                      
....................          LCD_E  = 0;  
*
01D6:  BCF    1A.0
....................          LCD_RW = 0;  
01D8:  BCF    1A.1
....................          LCD_RS = 1;  
01DA:  BSF    1A.2
....................          LCD_P =0; 
01DC:  BCF    1A.3
....................          LCD_COMMAND(LCD_FUNCTION_SET);          
01DE:  MOVLW  38
01E0:  MOVWF  23
01E2:  RCALL  0198
....................          DELAY_US(40); 
01E4:  MOVLW  42
01E6:  MOVWF  00
01E8:  DECFSZ 00,F
01EA:  BRA    01E8
01EC:  NOP   
....................          LCD_COMMAND(LCD_DISPLAY_CONTROL);    
01EE:  MOVLW  0C
01F0:  MOVWF  23
01F2:  RCALL  0198
....................          DELAY_US(40); 
01F4:  MOVLW  42
01F6:  MOVWF  00
01F8:  DECFSZ 00,F
01FA:  BRA    01F8
01FC:  NOP   
....................          LCD_COMMAND(LCD_CLEAR_DISPLAY);       
01FE:  MOVLW  01
0200:  MOVWF  23
0202:  RCALL  0198
....................          DELAY_MS(2); 
0204:  MOVLW  02
0206:  MOVWF  1C
0208:  BRA    01AE
....................          LCD_COMMAND(LCD_ENTRY_MODE);        
020A:  MOVLW  06
020C:  MOVWF  23
020E:  RCALL  0198
....................          DELAY_US(40);                 
0210:  MOVLW  42
0212:  MOVWF  00
0214:  DECFSZ 00,F
0216:  BRA    0214
0218:  NOP   
021A:  GOTO   034C (RETURN)
.................... } 
....................  
.................... CONST UNSIGNED CHAR LCD_SO_X[10][6] ={ 
....................                   0,1,2,5,3,4,               // SO 0 
....................                   1,2,32,3,7,3,              // SO 1 
....................                   6,6,2,5,3,3,               // SO 2 
....................                   6,6,2,3,3,4,               // SO 3 
....................                   7,3,7,32,32,7,             // SO 4 
....................                   7,6,6,3,3,4,               // SO 5 
....................                   0,6,6,5,3,4,               // SO 6 
....................                   1,1,7,32,32,7,             // SO 7 
....................                   0,6,2,5,3,4,               // SO 8 
....................                   0,6,2,3,3,4};             // SO 9 
....................                    
.................... CONST UNSIGNED CHAR LCD_MA_8DOAN[] = { 
....................    0x07,0x0F,0x1F,0x1F,0x1F,0x1F,0x1F,0x1F,  //DOAN F - 0 
....................    0x1F,0x1F,0x1F,0X00,0X00,0X00,0X00,0X00,  //DOAN A - 1 
....................    0x1C,0x1E,0x1F,0x1F,0x1F,0x1F,0x1F,0x1F,  //DOAN B - 2 
....................    0X00,0X00,0X00,0X00,0X00,0x1F,0x1F,0x1F,  //DOAN D - 3 
....................    0x1F,0x1F,0x1F,0x1F,0x1F,0x1F,0x1E,0x1C,  //DOAN C - 4 
....................    0x1F,0x1F,0x1F,0x1F,0x1F,0x1F,0x0F,0x07,  //DOAN E - 5 
....................    0x1F,0x1F,0x1F,0X00,0X00,0X00,0x1F,0x1F,  //DOAN G+D-6  
....................    0x1F,0x1F,0x1F,0x1F,0x1F,0x1F,0x1F,0x1F}; //DOAN I  -7 
....................     
.................... VOID LCD_GOTO_XY(SIGNED INT8 X, SIGNED INT8 Y) 
.................... {  
....................    CONST UNSIGNED INT8 LCD_VITRI[]={0x80,0xC0,0x94,0xD4}; 
....................    LCD_COMMAND(LCD_VITRI[X]+Y); 
021E:  CLRF   03
0220:  MOVF   20,W
0222:  MOVFF  FF2,22
0226:  BCF    FF2.7
0228:  RCALL  00A0
022A:  BTFSC  22.7
022C:  BSF    FF2.7
022E:  ADDWF  21,W
0230:  MOVWF  22
0232:  MOVWF  23
0234:  RCALL  0198
0236:  RETURN 0
.................... } 
....................  
.................... VOID XXX() 
.................... {  
....................    SIGNED INT8 X; 
....................    X= LCD_SO_X[0][0]; 
....................    X= LCD_MA_8DOAN[0]; 
.................... } 
....................  
.................... SIGNED INT8 I; 
.................... VOID LCD_HIENTHI_SO_Z_TOADO_XY (SIGNED INT8 LCD_SO, SIGNED INT8 X1, SIGNED INT8 Y1) 
.................... { 
....................    LCD_GOTO_XY(X1,Y1); 
*
02BC:  MOVFF  1D,20
02C0:  MOVFF  1E,21
02C4:  RCALL  021E
....................    FOR (I=0;I<6;I++) 
02C6:  CLRF   1B
02C8:  BTFSC  1B.7
02CA:  BRA    02D2
02CC:  MOVF   1B,W
02CE:  SUBLW  05
02D0:  BNC   031A
....................    { 
....................       IF (I==3) LCD_GOTO_XY(X1+1,Y1); 
02D2:  MOVF   1B,W
02D4:  SUBLW  03
02D6:  BNZ   02E6
02D8:  MOVLW  01
02DA:  ADDWF  1D,W
02DC:  MOVWF  1F
02DE:  MOVWF  20
02E0:  MOVFF  1E,21
02E4:  RCALL  021E
....................       LCD_DATA(LCD_SO_X[LCD_SO][I]); 
02E6:  MOVFF  1C,1F
02EA:  MOVLW  06
02EC:  MOVWF  20
02EE:  BRA    0270
02F0:  MOVF   01,W
02F2:  CLRF   20
02F4:  MOVWF  1F
02F6:  CLRF   03
02F8:  MOVF   1B,W
02FA:  ADDWF  1F,W
02FC:  MOVWF  01
02FE:  MOVF   20,W
0300:  ADDWFC 03,F
0302:  MOVF   01,W
0304:  MOVFF  FF2,1F
0308:  BCF    FF2.7
030A:  RCALL  0004
030C:  BTFSC  1F.7
030E:  BSF    FF2.7
0310:  MOVWF  1F
0312:  MOVWF  20
0314:  RCALL  0238
0316:  INCF   1B,F
0318:  BRA    02C8
....................    } 
031A:  RETURN 0
.................... } 
.................... VOID MAIN () 
031C:  CLRF   FF8
031E:  BCF    FD0.7
0320:  CLRF   06
0322:  CLRF   0D
0324:  CLRF   0E
0326:  CLRF   0F
0328:  CLRF   10
032A:  CLRF   19
032C:  MOVF   FC1,W
032E:  ANDLW  C0
0330:  IORLW  0F
0332:  MOVWF  FC1
0334:  MOVLW  07
0336:  MOVWF  FB4
0338:  SETF   11
033A:  SETF   12
033C:  SETF   13
033E:  SETF   14
0340:  SETF   15
0342:  SETF   16
0344:  SETF   17
0346:  SETF   18
.................... { 
....................    SET_UP_PORT_IC_CHOT(); 
0348:  BRA    00CA
....................    SETUP_LCD(); 
034A:  BRA    01D6
....................     
....................    LCD_GOTO_XY(0,0); 
034C:  CLRF   20
034E:  CLRF   21
0350:  RCALL  021E
....................    LCD_DATA("HIEN THI SO 0 HANG 3"); 
0352:  MOVLW  B4
0354:  MOVWF  FF6
0356:  MOVLW  00
0358:  MOVWF  FF7
035A:  BRA    024E
....................    LCD_COMMAND(0x40); 
035C:  MOVLW  40
035E:  MOVWF  23
0360:  RCALL  0198
....................    DELAY_US(20); 
0362:  MOVLW  20
0364:  MOVWF  00
0366:  DECFSZ 00,F
0368:  BRA    0366
036A:  BRA    036C
036C:  NOP   
....................    FOR (I=0;I<64;I++) 
036E:  CLRF   1B
0370:  BTFSC  1B.7
0372:  BRA    037A
0374:  MOVF   1B,W
0376:  SUBLW  3F
0378:  BNC   0394
....................      { LCD_DATA(LCD_MA_8DOAN[I]); } 
037A:  CLRF   03
037C:  MOVF   1B,W
037E:  MOVFF  FF2,1C
0382:  BCF    FF2.7
0384:  RCALL  0050
0386:  BTFSC  1C.7
0388:  BSF    FF2.7
038A:  MOVWF  1C
038C:  MOVWF  20
038E:  RCALL  0238
0390:  INCF   1B,F
0392:  BRA    0370
....................     
....................    LCD_HIENTHI_SO_Z_TOADO_XY(0,2,0); 
0394:  CLRF   1C
0396:  MOVLW  02
0398:  MOVWF  1D
039A:  CLRF   1E
039C:  RCALL  02BC
....................    LCD_HIENTHI_SO_Z_TOADO_XY(1,2,4); 
039E:  MOVLW  01
03A0:  MOVWF  1C
03A2:  MOVLW  02
03A4:  MOVWF  1D
03A6:  MOVLW  04
03A8:  MOVWF  1E
03AA:  RCALL  02BC
....................    LCD_HIENTHI_SO_Z_TOADO_XY(2,2,8); 
03AC:  MOVLW  02
03AE:  MOVWF  1C
03B0:  MOVWF  1D
03B2:  MOVLW  08
03B4:  MOVWF  1E
03B6:  RCALL  02BC
....................    LCD_HIENTHI_SO_Z_TOADO_XY(3,2,12); 
03B8:  MOVLW  03
03BA:  MOVWF  1C
03BC:  MOVLW  02
03BE:  MOVWF  1D
03C0:  MOVLW  0C
03C2:  MOVWF  1E
03C4:  RCALL  02BC
....................    WHILE (TRUE) 
....................    {   } 
03C6:  BRA    03C6
.................... } 
03C8:  SLEEP 

Configuration Fuses:
   Word  1: CC27   PLL12 CPUDIV1 USBDIV HS FCMEN IESO
   Word  2: 1E3E   PUT BROWNOUT BORV21 VREGEN NOWDT WDT32768
   Word  3: 8700   CCP2C1 PBADEN LPT1OSC MCLR
   Word  4: 00A1   STVREN NOLVP ICSP2 NOXINST NODEBUG
   Word  5: C00F   NOPROTECT NOCPB NOCPD
   Word  6: E00F   NOWRT NOWRTC NOWRTB NOWRTD
   Word  7: 400F   NOEBTR NOEBTRB
