
ROM used:   2442/32768 (7%)
            2442/32768 (7%) including unused fragments

            1.0 Average locations per line
            4.5 Average locations per statement

RAM used:   1062/2048 (52%) at main() level
            1099/2048 (54%) worst case

Stack used: 7 worst case (7 in main + 0 for interrupts)
Stack size: 31

Lines Stmts  %   Files
----- ----- ---  -----
   90    44   8  BAI_664_GLCD_DEM_SP_T0_HIENTHI_COT_v2.c
  702   244  45  TV_PICKIT2_SHIFT_1.C
  837     0   0  ..\..\..\..\..\Program Files (x86)\PICC\Devices\18F4550.H
  240    88  16  TV_PICKIT2_SHIFT_GLCD128X64.C
  540   163  30  ..\..\..\..\..\Program Files (x86)\PICC\Drivers\GRAPHICS.C
----- -----
 2409   539 Total

Page ROM  %  RAM   Vol Diff  Functions:
---- --- --- ---   --- ----  ----------
0     42   1    1             @delay_ms1
0     32   1    0             @const686
0     46   1    3   271  4.3  XUAT_1BYTE
0     30   1    0   152  1.8  SET_UP_PORT_IC_CHOT
0     46   1    0   119  1.7  MO_IC_74573_A_THONG_DL
0     44   1    4   231  2.3  XUAT_4LED_7DOAN_4SO
0    346   7    5   465  4.8  XUAT_4LED_7DOAN_GIAIMA_XOA_SO0
0     70   1    5             @DIV1616
0     44   1    0   172  1.8  XUAT_GLCD_LCD
0     20   0    2    80  2.7  XUAT_GLCD128X64
0     26   1    1   102  2.1  GLCD_XUAT_8BIT
0     10   0    1    43  1.5  GLCD_COMMAND
0     10   0    1    43  1.5  GLCD_DATA
0     88   2    1   292  1.7  SETUP_GLCD
0    124   3    7   338  5.1  GLCD_MAU_NEN
0     34   1    5             @MUL1616
0    268   5    6   510  8.0  glcd_pixel
0    228   5    3   447  5.2  GDRAM_VDK_TO_GDRAM_GLCD_ALL
0    310   6   17  1519  9.2  glcd_line
0    194   4    6  1071  6.1  glcd_rect
0     44   1    3             @DIV88
0    208   4    1   527  3.8  HIENTHI_GLCD_T0_IMAGE
0    174   4    0   467  4.3  MAIN
 Inline         0             @cinit1

Program metrics:
    Functions               18
    Statements              539
    Comments                579
    Volume (V)              11428
    Difficulty (D)          68.7
    Effort to implement (E) 784966
    Time to implement (T)   12 hours, 7 minutes
    Est Delivered Bugs (B)  3
    Cyclomatic Complexity   26
    Maintainability (MI)    112

 Segment     Used  Free
-----------  ----  ----
00000-00002     4  0  
00004-07FFE  2438  30326  



