
ROM used:   1200/32768 (4%)
            1200/32768 (4%) including unused fragments

            0.7 Average locations per line
            4.0 Average locations per statement

RAM used:   34/2048 (2%) at main() level
            44/2048 (2%) worst case

Stack used: 7 worst case (7 in main + 0 for interrupts)
Stack size: 31

Lines Stmts  %   Files
----- ----- ---  -----
   66    33  11  BAI_616_LCD_4LED_DEM_SP_T0_XOA_0_VN.c
  702   244  81  TV_PICKIT2_SHIFT_1.C
  837     0   0  ..\..\..\..\..\Program Files (x86)\PICC\Devices\18F4550.H
   87    25   8  TV_PICKIT2_SHIFT_LCD.C
----- -----
 1692   302 Total

Page ROM  %  RAM   Vol Diff  Functions:
---- --- --- ---   --- ----  ----------
0     40   2    1             @delay_ms1
0     32   1    0             @const686
0     42   2    3   271  4.3  XUAT_1BYTE
0     30   1    0   152  1.8  SET_UP_PORT_IC_CHOT
0     46   2    0   119  1.7  MO_IC_74573_A_THONG_DL
0     44   2    4   231  2.3  XUAT_4LED_7DOAN_4SO
0    294  12    5   465  4.8  XUAT_4LED_7DOAN_GIAIMA_XOA_SO0
0     66   3    5             @DIV1616
0     44   2    0   172  1.8  XUAT_GLCD_LCD
0     16   1    2    80  2.7  XUAT_LCD20X4
0     26   1    1   102  2.1  LCD_XUAT_8BIT
0     22   1    1    61  1.6  LCD_COMMAND
0     22   1    1    61  1.6  LCD_DATA
0     72   3    0   245  1.8  SETUP_LCD
0     20   1    0  1030  6.7  @const823
0     26   1    3   147  3.7  LCD_GOTO_XY
0    150   6    4   390  4.6  HIENTHI_LCD
0    156   6    0   417  4.6  MAIN
0     14   1    0   980  6.7  @const839
0     34   1    2    78  1.6  @PSTRINGC_810
 Inline         0   245  2.6  @cinit1

Program metrics:
    Functions               18
    Statements              302
    Comments                347
    Volume (V)              8977
    Difficulty (D)          56.9
    Effort to implement (E) 510893
    Time to implement (T)   7 hours, 53 minutes
    Est Delivered Bugs (B)  2
    Cyclomatic Complexity   23
    Maintainability (MI)    118

 Segment     Used  Free
-----------  ----  ----
00000-00002     4  0  
00004-07FFE  1196  31568  



