
ROM used:   1516/32768 (5%)
            1516/32768 (5%) including unused fragments

            1.0 Average locations per line
            5.6 Average locations per statement

RAM used:   31/2048 (2%) at main() level
            45/2048 (2%) worst case

Stack used: 4 worst case (4 in main + 0 for interrupts)
Stack size: 31

Lines Stmts  %   Files
----- ----- ---  -----
   52    27  10  BAI_703_LM35A_BUZZ_AUTO.c
  702   244  90  tv_pickit2_shift_1.c
  837     0   0  ..\..\..\..\..\Program Files (x86)\PICC\Devices\18F4550.H
----- -----
 1591   271 Total

Page ROM  %  RAM   Vol Diff  Functions:
---- --- --- ---   --- ----  ----------
0     40   1    1             @delay_ms1
0     32   1    0             @const686
0     42   1    3   271  4.3  XUAT_1BYTE
0     42   1    4   231  2.3  XUAT_32LED_DON_4BYTE
0     30   1    0   152  1.8  SET_UP_PORT_IC_CHOT
0     46   2    0   119  1.7  MO_IC_74573_A_THONG_DL
0     48   2    0   119  1.7  MO_IC_74573_B_THONG_DL
0     44   1    4   231  2.3  XUAT_4LED_7DOAN_4SO
0    296  10    5   465  4.8  XUAT_4LED_7DOAN_GIAIMA_XOA_SO0
0     66   2    5             @DIV1616
0     38   1    2   226  2.8  XUAT_BUZZER_RELAY
0      8   0    0    29  1.2  TRIAC_2_ON
0      8   0    0    31  0.9  TRIAC_2_OFF
0     78   3    1   391  5.1  so_sanh_dk_buzzer
0    232   8    0   409  5.0  MAIN
0     56   2    2    43  1.5  @ITOF
0    348  11   14    61  1.6  @DIVFF
0     58   2    4   292  1.7  @SFTOI
 Inline         0   338  5.1  @cinit1

Program metrics:
    Functions               16
    Statements              271
    Comments                331
    Volume (V)              5962
    Difficulty (D)          44.3
    Effort to implement (E) 264245
    Time to implement (T)   4 hours, 5 minutes
    Est Delivered Bugs (B)  1
    Cyclomatic Complexity   11
    Maintainability (MI)    129

 Segment     Used  Free
-----------  ----  ----
00000-00002     4  0  
00004-07FFE  1512  31252  



