CCS PCH C Compiler, Version 5.015, 5967               22-Jun-20 15:45

               Filename:   C:\Users\tsqua\OneDrive - student.mtsac.edu\Desktop\BAI_TAP_VXL_NEW_3\BAI_644_LCD_DEM_SP_KiThuLon_v2.lst

               ROM used:   1442 bytes (4%)
                           Largest free fragment is 31326
               RAM used:   38 (2%) at main() level
                           52 (3%) worst case
               Stack used: 8 locations
               Stack size: 31

*
0000:  GOTO   0506
.................... // Hieu chinh bai 616: Hien thi so LCD kich thuoc lon 
....................  
.................... #INCLUDE <TV_PICKIT2_SHIFT_1.C> 
.................... #INCLUDE    <18F4550.H> 
.................... //////////// Standard Header file for the PIC18F4550 device //////////////// 
.................... /////////////////////////////////////////////////////////////////////////// 
.................... ////        (C) Copyright 1996, 2013 Custom Computer Services          //// 
.................... //// This source code may only be used by licensed users of the CCS C  //// 
.................... //// compiler.  This source code may only be distributed to other      //// 
.................... //// licensed users of the CCS C compiler.  No other use, reproduction //// 
.................... //// or distribution is permitted without written permission.          //// 
.................... //// Derivative programs created using this software in object code    //// 
.................... //// form are not restricted in any way.                               //// 
.................... /////////////////////////////////////////////////////////////////////////// 
.................... #device PIC18F4550 
0004:  CLRF   FF7
0006:  ADDLW  14
0008:  MOVWF  FF6
000A:  MOVLW  00
000C:  ADDWFC FF7,F
000E:  TBLRD*+
0010:  MOVF   FF5,W
0012:  RETURN 0
0014:  DATA C0,F9
0016:  DATA A4,B0
0018:  DATA 99,92
001A:  DATA 82,F8
001C:  DATA 80,90
001E:  DATA 88,83
0020:  DATA C6,A1
0022:  DATA 86,8E
0024:  CLRF   FF7
0026:  ADDLW  34
0028:  MOVWF  FF6
002A:  MOVLW  00
002C:  ADDWFC FF7,F
002E:  TBLRD*+
0030:  MOVF   FF5,W
0032:  RETURN 0
0034:  DATA 00,01
0036:  DATA 02,05
0038:  DATA 03,04
003A:  DATA 01,02
003C:  DATA 20,03
003E:  DATA 07,03
0040:  DATA 06,06
0042:  DATA 02,05
0044:  DATA 03,03
0046:  DATA 06,06
0048:  DATA 02,03
004A:  DATA 03,04
004C:  DATA 07,03
004E:  DATA 07,20
0050:  DATA 20,07
0052:  DATA 07,06
0054:  DATA 06,03
0056:  DATA 03,04
0058:  DATA 00,06
005A:  DATA 06,05
005C:  DATA 03,04
005E:  DATA 01,01
0060:  DATA 07,20
0062:  DATA 20,07
0064:  DATA 00,06
0066:  DATA 02,05
0068:  DATA 03,04
006A:  DATA 00,06
006C:  DATA 02,03
006E:  DATA 03,04
0070:  DATA 20,20
0072:  DATA 20,20
0074:  DATA 20,20
0076:  CLRF   FF7
0078:  ADDLW  86
007A:  MOVWF  FF6
007C:  MOVLW  00
007E:  ADDWFC FF7,F
0080:  TBLRD*+
0082:  MOVF   FF5,W
0084:  RETURN 0
0086:  DATA 80,C0
0088:  DATA 94,D4
008A:  DATA 44,45
008C:  DATA 4D,20
008E:  DATA 53,41
0090:  DATA 4E,20
0092:  DATA 50,48
0094:  DATA 41,4D
0096:  DATA 3A,00
*
021A:  TBLRD*+
021C:  MOVF   FF5,F
021E:  BZ    0238
0220:  MOVFF  FF6,26
0224:  MOVFF  FF7,27
0228:  MOVFF  FF5,2A
022C:  RCALL  0204
022E:  MOVFF  26,FF6
0232:  MOVFF  27,FF7
0236:  BRA    021A
0238:  GOTO   0546 (RETURN)
023C:  CLRF   01
023E:  CLRF   02
0240:  CLRF   00
0242:  CLRF   03
0244:  MOVF   2D,W
0246:  BNZ   024C
0248:  MOVF   2C,W
024A:  BZ    027C
024C:  MOVLW  10
024E:  MOVWF  2E
0250:  BCF    FD8.0
0252:  RLCF   2A,F
0254:  RLCF   2B,F
0256:  RLCF   00,F
0258:  RLCF   03,F
025A:  MOVF   2D,W
025C:  SUBWF  03,W
025E:  BNZ   0264
0260:  MOVF   2C,W
0262:  SUBWF  00,W
0264:  BNC   0274
0266:  MOVF   2C,W
0268:  SUBWF  00,F
026A:  BTFSS  FD8.0
026C:  DECF   03,F
026E:  MOVF   2D,W
0270:  SUBWF  03,F
0272:  BSF    FD8.0
0274:  RLCF   01,F
0276:  RLCF   02,F
0278:  DECFSZ 2E,F
027A:  BRA    0250
027C:  RETURN 0
027E:  CLRF   00
0280:  CLRF   01
0282:  MOVF   29,W
0284:  BCF    FD8.0
0286:  BTFSC  2A.0
0288:  ADDWF  00,F
028A:  RRCF   00,F
028C:  RRCF   01,F
028E:  BTFSC  2A.1
0290:  ADDWF  00,F
0292:  RRCF   00,F
0294:  RRCF   01,F
0296:  BTFSC  2A.2
0298:  ADDWF  00,F
029A:  RRCF   00,F
029C:  RRCF   01,F
029E:  BTFSC  2A.3
02A0:  ADDWF  00,F
02A2:  RRCF   00,F
02A4:  RRCF   01,F
02A6:  BTFSC  2A.4
02A8:  ADDWF  00,F
02AA:  RRCF   00,F
02AC:  RRCF   01,F
02AE:  BTFSC  2A.5
02B0:  ADDWF  00,F
02B2:  RRCF   00,F
02B4:  RRCF   01,F
02B6:  BTFSC  2A.6
02B8:  ADDWF  00,F
02BA:  RRCF   00,F
02BC:  RRCF   01,F
02BE:  BTFSC  2A.7
02C0:  ADDWF  00,F
02C2:  RRCF   00,F
02C4:  RRCF   01,F
02C6:  GOTO   02FA (RETURN)
....................  
.................... #list 
....................  
.................... #DEVICE     ADC=10 
.................... #FUSES      NOWDT,PUT,HS,NOPROTECT,NOLVP,CPUDIV1 
.................... #USE        I2C(MASTER,SLOW,SDA=PIN_B0,SCL=PIN_B1) 
.................... #USE        DELAY(CLOCK=20000000) 
*
017A:  CLRF   FEA
017C:  MOVLW  26
017E:  MOVWF  FE9
0180:  MOVF   FEF,W
0182:  BZ    019E
0184:  MOVLW  06
0186:  MOVWF  01
0188:  CLRF   00
018A:  DECFSZ 00,F
018C:  BRA    018A
018E:  DECFSZ 01,F
0190:  BRA    0188
0192:  MOVLW  7B
0194:  MOVWF  00
0196:  DECFSZ 00,F
0198:  BRA    0196
019A:  DECFSZ FEF,F
019C:  BRA    0184
019E:  GOTO   01D6 (RETURN)
.................... //#USE        rs232(baud=9600, xmit=PIN_C6,rcv=PIN_C7) 
.................... //NUT NHAN: 
.................... #DEFINE  BT0     PIN_B5 
.................... #DEFINE  BT1     PIN_B4 
.................... #DEFINE  BT2     PIN_B3 
.................... #DEFINE  BT3     PIN_B2 
....................  
.................... #DEFINE  ON      BT0       //DK LED DON, MOTOR 
.................... #DEFINE  OFF     BT1 
.................... #DEFINE  INV     BT2 
....................  
.................... #DEFINE  UP      BT0    //DK LED DON 
.................... #DEFINE  DW      BT1 
.................... #DEFINE  CLR     BT2 
.................... #DEFINE  MOD     BT3 
....................  
.................... #DEFINE  STOP    BT3 
....................  
.................... #DEFINE  ON1     BT0      
.................... #DEFINE  OFF1    BT1 
.................... #DEFINE  ON2     BT2        
.................... #DEFINE  OFF2    BT3 
....................  
....................  
.................... #DEFINE     TRIGGER      PIN_E2 
.................... #DEFINE     ECHO         PIN_E1 
.................... //   IC74138_A    PIN_B6   //OUTPUT GIAI MA 2 SANG 4 TICH CUC MUC 0 
.................... //   IC74138_B    PIN_B7   //OUTPUT GIAI MA 2 SANG 4 TICH CUC MUC 0 
....................  
.................... //          ENCODER  PIN_C0   //RC0/T13CKI 
....................  
.................... //          CB_KC    PIN_A2   //RA2/AN2 
.................... //          PIR      PIN_A3   //RA3/AN3 
.................... //          CBXUNG   PIN_A4   //RA4/T0CKI 
.................... //          LEDTHU   PIN_A4   //RA4/T0CKI//SW802 
....................  
.................... //          CB_KCSA_TRIGGER  PIN_E2   //RE2/SDO  DUNG CHUNG 
.................... //          CB_KCSA_RCHO     PIN_E1   //RE1 
....................  
.................... //          CB_TCS3200_OUT    PIN_E1   //RE1 //CAM BIEN MAU TCS3200 
.................... //          CB_TCS3200_S0     B12      //LAY TU MBI5026 
.................... //          CB_TCS3200_S1     B13      //LAY TU MBI5026 
.................... //          CB_TCS3200_S2     B14      //LAY TU MBI5026 
.................... //          CB_TCS3200_S3     B15      //LAY TU MBI5026 
....................  
.................... //          CB_POWER  SW803 
.................... //          CB_GAS      AIN3_PCF8591T   //RE1 
.................... //          CB_QUANG    AIN2_PCF8591T    
.................... //          CB_LM35B    AIN1_PCF8591T   //RA1/AN1 
.................... //          CB_LM35A    AIN0_PCF8591T   //RE1/AN0 
....................  
.................... //XXXXXXXXXXXXXXXXXXXXXXXXXXXXXXXXXXXXXXXXXXXXXXXXX 
.................... #DEFINE      ENABLE_573A      PIN_D1         //CS0 CUA A 
.................... #DEFINE      ENABLE_573B      PIN_D0         //CS1 CUA B 
.................... //XXXXXXXXXXXXXXXXXXXXXXXXXXXXXXXXXXXXXXXXXXXXXXXXX 
.................... #DEFINE      SSDO             PIN_E2         //CHUNG TAT CA 
.................... #DEFINE      SSCK             PIN_E0         //CHUNG TAT CA 
.................... //XXXXXXXXXXXXXXXXXXXXXXXXXXXXXXXXXXXXXXXXXXXXXXXXX 
.................... #DEFINE      RCK_4LED7DOAN    PIN_D7         //A - 4 BYTE 
.................... #DEFINE      G_4LED7DOAN      PIN_D6         //A - 4 BYTE 
.................... //XXXXXXXXXXXXXXXXXXXXXXXXXXXXXXXXXXXXXXXXXXXX     
.................... #DEFINE      RCK_MATRANLED    PIN_D7         //B - 3 BYTE DAO 
.................... #DEFINE      G_MATRANLED      PIN_D6         //B - 3 BYTE DAO 
.................... //XXXXXXXXXXXXXXXXXXXXXXXXXXXXXXXXXXXXXXXXXXXXXXXXX 
.................... #DEFINE      RCK_32LED        PIN_D5         //A - 4 BYTE 
.................... #DEFINE      G_32LED          PIN_D4         //A - 4 BYTE 
.................... //XXXXXXXXXXXXXXXXXXXXXXXXXXXXXXXXXXXXXXXXXXXX  
.................... #DEFINE      RCK_8LEDQUET     PIN_D5         //B - 2 BYTE DAO 
.................... #DEFINE      G_8LEDQUET       PIN_D4         //B - 2 BYTE DAO 
.................... //XXXXXXXXXXXXXXXXXXXXXXXXXXXXXXXXXXXXXXXXXXXXXXXXX 
.................... #DEFINE      RCK_LCD20X4      PIN_D3         //A - 2 BYTE DAO 
.................... #DEFINE      G_LCD20X4         PIN_D2         //A - 2 BYTE DAO 
.................... //XXXXXXXXXXXXXXXXXXXXXXXXXXXXXXXXXXXXXXXXXXXX  
.................... #DEFINE      RCK_BUZERELAY    PIN_D3     //B - 1 BYTE  
.................... #DEFINE      G_BUZERELAY      PIN_D2         //B - 1 BYTE  
....................  
.................... VOID XUAT_LCD20X4(UNSIGNED INT8 LCD_SIGNAL,LCD_INS_HTHI); 
....................  
.................... VOID XUAT_BUZZER_RELAY(); 
.................... //XXXXXXXXXXXXXXXXXXXXXXXXXXXXXXXXXXXXXXXXXXXX    
.................... #DEFINE     CHOT_2_IC_74573_A_B  OUTPUT_D(0XFC) 
....................  
.................... UNSIGNED INT8 TIN_HIEU_DK_74573_A; 
.................... #BIT G_4A         = TIN_HIEU_DK_74573_A.6 
.................... #BIT G_32A        = TIN_HIEU_DK_74573_A.4 
.................... #BIT G_LCDA       = TIN_HIEU_DK_74573_A.2 
.................... //XXXXXXXXXXXXXXXXXXXXXXXXXXXXXXXXXXXXXXXXXXXX          
.................... #DEFINE     MO_32_LED_DON        G_32A=0; //OUTPUT_LOW(G_32LED)  
.................... #DEFINE     TAT_32_LED_DON       G_32A=1; //OUTPUT_HIGH(G_32LED)  
.................... //XXXXXXXXXXXXXXXXXXXXXXXXXXXXXXXXXXXXXXXXXXXX          
.................... #DEFINE     MO_4_LED_7DOAN       G_4A=0;  //OUTPUT_LOW(G_4LED7DOAN) 
.................... #DEFINE     TAT_4_LED_7DOAN      G_4A=1;  //OUTPUT_HIGH(G_4LED7DOAN) 
.................... //XXXXXXXXXXXXXXXXXXXXXXXXXXXXXXXXXXXXXXXXXXXX  
.................... #DEFINE     MO_GLCD_LCD           G_LCDA=0;   //OUTPUT_LOW(G_LCD20X4) 
.................... #DEFINE     TAT_GLCD_LCD          G_LCDA=1;   // OUTPUT_LOW(G_LCD20X4) 
....................  
.................... UNSIGNED INT8 TIN_HIEU_DK_74573_B;   
.................... #BIT G_MTB        = TIN_HIEU_DK_74573_B.6 
.................... #BIT G_8B         = TIN_HIEU_DK_74573_B.4 
.................... #BIT G_RBDCB      = TIN_HIEU_DK_74573_B.2 
.................... //XXXXXXXXXXXXXXXXXXXXXXXXXXXXXXXXXXXXXXXXXXXX  
.................... #DEFINE     MO_LED_MATRAN        G_MTB=0; //OUTPUT_LOW(G_MATRANLED) 
.................... #DEFINE     TAT_LED_MATRAN       G_MTB=1; //OUTPUT_LOW(G_MATRANLED) 
.................... //XXXXXXXXXXXXXXXXXXXXXXXXXXXXXXXXXXXXXXXXXXXX        
.................... #DEFINE     MO_8_LED_QUET        G_8B=0;  //OUTPUT_LOW(G_8LEDQUET) 
.................... #DEFINE     TAT_8_LED_QUET       G_8B=1;  //OUTPUT_LOW(G_8LEDQUET) 
.................... //XXXXXXXXXXXXXXXXXXXXXXXXXXXXXXXXXXXXXXXXXXXX          
.................... #DEFINE     MO_RELAY_BUZZER_DC   G_RBDCB=0;  //OUTPUT_LOW(G_BUZERELAY) 
.................... #DEFINE     TAT_RELAY_BUZZER_DC  G_RBDCB=1;  //OUTPUT_LOW(G_BUZERELAY) 
....................  
.................... //XXXXXXXXXXXXXXXXXXXXXXXXXXXXXXXXXXXXXXXXXXXX 
.................... //CHUONG TRINH KIEM TRA PHIM BT1 
.................... //XXXXXXXXXXXXXXXXXXXXXXXXXXXXXXXXXXXXXXXXXXXX 
.................... UNSIGNED INT8 DL_BTN=0; 
.................... INT1 PHIM_BT0(UNSIGNED INT16 DL) 
.................... {   
....................     IF (!INPUT(BT0)) 
....................     {   
....................       DL_BTN++; 
....................        
....................       IF (DL_BTN>= DL) 
....................          { 
....................             DL_BTN =0; 
....................             RETURN(1); 
....................          } 
....................       ELSE RETURN(0); 
....................     } 
....................     ELSE    RETURN(0); 
.................... }  
.................... //XXXXXXXXXXXXXXXXXXXXXXXXXXXXXXXXXXXXXXXXXXXX 
.................... //CHUONG TRINH KIEM TRA PHIM BT1 
.................... //XXXXXXXXXXXXXXXXXXXXXXXXXXXXXXXXXXXXXXXXXXXX 
.................... INT1 PHIM_BT1(UNSIGNED INT16 DL ) 
.................... {   
....................     IF (!INPUT(BT1)) 
....................     {   
....................       DL_BTN++; 
....................        
....................       IF (DL_BTN>= DL) 
....................          { 
....................             DL_BTN =0; 
....................             RETURN(1); 
....................          } 
....................       ELSE RETURN(0); 
....................     } 
....................     ELSE    RETURN(0); 
.................... }  
.................... //XXXXXXXXXXXXXXXXXXXXXXXXXXXXXXXXXXXXXXXXXXXX 
.................... //CHUONG TRINH KIEM TRA PHIM BT2       
.................... //XXXXXXXXXXXXXXXXXXXXXXXXXXXXXXXXXXXXXXXXXXXX                                     
.................... INT1 PHIM_BT2(UNSIGNED INT16 DL ) 
.................... {                                         
....................     IF (!INPUT(BT2)) 
....................     {   
....................       DL_BTN++; 
....................        
....................       IF (DL_BTN>= DL) 
....................          { 
....................             DL_BTN =0; 
....................             RETURN(1); 
....................          } 
....................       ELSE RETURN(0); 
....................     } 
....................     ELSE    RETURN(0); 
....................                                           
.................... }       
....................  
.................... //XXXXXXXXXXXXXXXXXXXXXXXXXXXXXXXXXXXXXXXXXXXX 
.................... //CHUONG TRINH KIEM TRA PHIM BT3 
.................... //XXXXXXXXXXXXXXXXXXXXXXXXXXXXXXXXXXXXXXXXXXXX 
.................... INT1 PHIM_BT3(UNSIGNED INT16 DL,  UNSIGNED INT8 SOLAN  ) 
.................... {   
....................     IF (!INPUT(BT3)) 
....................     {   
....................       DL_BTN++; 
....................       IF(DL_BTN==1) RETURN(1); 
....................       ELSE 
....................       { 
....................          IF (DL_BTN>= DL) 
....................          DL_BTN =SOLAN; 
....................       } 
....................     } 
....................     ELSE    
....................     { 
....................       //DL_BTN =0; 
....................       RETURN(0); 
....................     } 
.................... }  
.................... //XXXXXXXXXXXXXXXXXXXXXXXXXXXXXXXXXXXXXXXXXXXX 
.................... //KHAI BAO DU LIEU 16 BIT CHO MODULE RELAY, TRIAC, BUZZER, DONG CO 
.................... //XXXXXXXXXXXXXXXXXXXXXXXXXXXXXXXXXXXXXXXXXXXX 
.................... UNSIGNED INT16 RBDC; 
.................... #BIT STEP_MOTOR_ENABLE  = RBDC.0    //1=ENA,0=DIS 
.................... #BIT STEP_MOTOR_IN1     = RBDC.1     
.................... #BIT STEP_MOTOR_IN2     = RBDC.2 
.................... #BIT STEP_MOTOR_IN3     = RBDC.3 
.................... #BIT STEP_MOTOR_IN4     = RBDC.4 
.................... #BIT DC_ENABLE          = RBDC.5    //1=ENA,0=DIS 
.................... #BIT PWRKEY             = RBDC.6    //KHOI TAO SIM900 
....................  
.................... #BIT BUZZER             = RBDC.8    //1=ON,0=OFF 
.................... #BIT TRIAC_1            = RBDC.9    //1=ON,0=OFF 
.................... #BIT TRIAC_2            = RBDC.10   //1=ON,0=OFF 
.................... #BIT RELAY_1            = RBDC.11   //0=ON,1=OFF 
.................... #BIT RELAY_2            = RBDC.12   //0=ON,1=OFF 
....................  
.................... //HAM 103 
.................... //XXXXXXXXXXXXXXXXXXXXXXXXXXXXXXXXXXXXXXXXXXXX 
.................... //CHUONG TRINH CON KHOI TAO IC CHOT 
.................... //XXXXXXXXXXXXXXXXXXXXXXXXXXXXXXXXXXXXXXXXXXXX          
.................... #DEFINE     CHO_IC_74573_A_GOI_DU_LIEU     OUTPUT_HIGH(ENABLE_573A) 
.................... #DEFINE     CHOT_IC_74573_A_GOI_DU_LIEU    OUTPUT_LOW(ENABLE_573A) 
....................  
.................... #DEFINE     CHO_IC_74573_B_GOI_DU_LIEU     OUTPUT_HIGH(ENABLE_573B) 
.................... #DEFINE     CHOT_IC_74573_B_GOI_DU_LIEU    OUTPUT_LOW(ENABLE_573B) 
.................... VOID MO_IC_74573_A_THONG_DL(); 
....................  
.................... //XXXXXXXXXXXXXXXXXXXXXXXXXXXXXXXXXXXXXXXXXXXX    
.................... CONST UNSIGNED CHAR MA7DOAN[16]= {0XC0,0XF9,0xA4,0XB0,0X99,0X92,0X82,0XF8, 
.................... 0X80,0X90,0x88, 0x83, 0xC6, 0xA1, 0x86, 0x8E}; 
.................... #DEFINE     MASO0    0XC0 
.................... #DEFINE     MASO1    0XF9 
.................... #DEFINE     MASO2    0XA4 
.................... #DEFINE     MASO3    0XB0 
.................... #DEFINE     MASO4    0X99 
.................... #DEFINE     MASO5    0X92 
.................... #DEFINE     MASO6    0X82 
.................... #DEFINE     MASO7    0XF8 
....................  
.................... //XXXXXXXXXXXXXXXXXXXXXXXXXXXXXXXXXXXXXXXXXXXX  
.................... //HAM 102 
.................... //XXXXXXXXXXXXXXXXXXXXXXXXXXXXXXXXXXXXXXXXXXXX     
.................... //XUAT 1 BYTE RA THANH GHI DICH 
.................... //XXXXXXXXXXXXXXXXXXXXXXXXXXXXXXXXXXXXXXXXXXXX     
.................... VOID XUAT_1BYTE(UNSIGNED INT8 BYTEXUAT) 
.................... { 
....................    UNSIGNED INT8   SB,X;    
....................    #BIT BSERI  = X.7 
....................    X = BYTEXUAT; 
*
00B6:  MOVFF  31,33
....................    FOR (SB=0;SB<8;SB++) 
00BA:  CLRF   32
00BC:  MOVF   32,W
00BE:  SUBLW  07
00C0:  BNC   00DE
....................       {                                                  
....................          OUTPUT_BIT(SSDO,BSERI);     
00C2:  BTFSC  33.7
00C4:  BRA    00CA
00C6:  BCF    F8D.2
00C8:  BRA    00CC
00CA:  BSF    F8D.2
00CC:  BCF    F96.2
....................          OUTPUT_LOW(SSCK); OUTPUT_HIGH(SSCK); 
00CE:  BCF    F96.0
00D0:  BCF    F8D.0
00D2:  BCF    F96.0
00D4:  BSF    F8D.0
....................          X= X<<1;          
00D6:  BCF    FD8.0
00D8:  RLCF   33,F
00DA:  INCF   32,F
00DC:  BRA    00BC
....................      } 
00DE:  RETURN 0
.................... } 
.................... //XXXXXXXXXXXXXXXXXXXXXXXXXXXXXXXXXXXXXXXXXXXX  
.................... //HAM 301 
.................... //XXXXXXXXXXXXXXXXXXXXXXXXXXXXXXXXXXXXXXXXXXXX 
.................... //CHUONG TRINH CON XUAT 4 BYTE RA 32 LED DON 
.................... //XXXXXXXXXXXXXXXXXXXXXXXXXXXXXXXXXXXXXXXXXXXX 
.................... VOID XUAT_32LED_DON_4BYTE(UNSIGNED INT8 BLD3,BLD2,BLD1,BLD0) 
.................... {      
....................       XUAT_1BYTE(BLD3);           
....................       XUAT_1BYTE(BLD2); 
....................       XUAT_1BYTE(BLD1);           
....................       XUAT_1BYTE(BLD0);             
....................       MO_32_LED_DON;       
....................       MO_IC_74573_A_THONG_DL();             
....................       OUTPUT_HIGH(RCK_32LED);    OUTPUT_LOW(RCK_32LED); 
....................       CHOT_IC_74573_A_GOI_DU_LIEU;       
.................... } 
.................... //HAM 302 
.................... //XXXXXXXXXXXXXXXXXXXXXXXXXXXXXXXXXXXXXXXXXXXX 
.................... //CHUONG TRINH CON XUAT 2 WORD 16 BITRA 32 LED DON 
.................... //XXXXXXXXXXXXXXXXXXXXXXXXXXXXXXXXXXXXXXXXXXXX 
.................... VOID XUAT_32LED_DON_2WORD(UNSIGNED INT16 WLD1, UNSIGNED INT16 WLD0) 
.................... {      
....................      UNSIGNED INT8  B3,B2,B1,B0; 
....................      B3 = WLD1>>8;  B2 = WLD1;  
....................      B1 = WLD0>>8;  B0 = WLD0; 
....................      XUAT_32LED_DON_4BYTE(B3,B2,B1,B0); 
.................... } 
.................... //HAM 303 
.................... //XXXXXXXXXXXXXXXXXXXXXXXXXXXXXXXXXXXXXXXXXXXX 
.................... //CHUONG TRINH CON XUAT 1 DOUBLE WORD RA 32 LED DON 
.................... //XXXXXXXXXXXXXXXXXXXXXXXXXXXXXXXXXXXXXXXXXXXX 
.................... VOID XUAT_32LED_DON_1DW(UNSIGNED LONG LONG DWLD) 
.................... {      
....................      UNSIGNED INT16  WD1,WD0; 
....................      WD1 = DWLD>>16;  WD0 = DWLD; 
....................      XUAT_32LED_DON_2WORD(WD1,WD0); 
.................... } 
....................  
.................... //HAM 304 
.................... //XXXXXXXXXXXXXXXXXXXXXXXXXXXXXXXXXXXXXXXXXXXX 
.................... //CHUONG TRINH CON MO 32 LED DON SANG 
.................... //XXXXXXXXXXXXXXXXXXXXXXXXXXXXXXXXXXXXXXXXXXXX 
.................... VOID MO_32LED_DON() 
.................... {         
....................      XUAT_32LED_DON_1DW(0XFFFFFFFF); 
.................... } 
.................... //HAM 305 
.................... //XXXXXXXXXXXXXXXXXXXXXXXXXXXXXXXXXXXXXXXXXXXX 
.................... //CHUONG TRINH CON TAT 32 LED DON  
.................... //XXXXXXXXXXXXXXXXXXXXXXXXXXXXXXXXXXXXXXXXXXXX 
.................... VOID TAT_32LED_DON() 
.................... {         
....................      XUAT_32LED_DON_1DW(0); 
.................... } 
.................... //XXXXXXXXXXXXXXXXXXXXXXXXXXXXXXXXXXXXXXXXXXXX     
.................... //XUAT 1 BIT ROI TRA LAI KET QUA SAU KHI DICH DI 1 BIT 
.................... //XXXXXXXXXXXXXXXXXXXXXXXXXXXXXXXXXXXXXXXXXXXX     
.................... UNSIGNED  INT8 XUAT_1BIT(UNSIGNED INT8 BYTEXUAT) 
.................... { 
....................       UNSIGNED INT8   XBITX;    
....................       #BIT BSERIX  = XBITX.0 
....................       XBITX = BYTEXUAT; 
....................                                              
....................       OUTPUT_BIT(SSDO,BSERIX);     
....................       OUTPUT_LOW(SSCK); OUTPUT_HIGH(SSCK); 
....................       XBITX= XBITX>>1;    
....................       RETURN(XBITX);   
.................... } 
.................... //XXXXXXXXXXXXXXXXXXXXXXXXXXXXXXXXXXXXXXXXXXXX  
.................... //HAM 101 
.................... //XXXXXXXXXXXXXXXXXXXXXXXXXXXXXXXXXXXXXXXXXXXX     
.................... //HAM KHOI TAO CAC PORT VA IC CHOT 
.................... //XXXXXXXXXXXXXXXXXXXXXXXXXXXXXXXXXXXXXXXXXXXX     
.................... VOID SET_UP_PORT_IC_CHOT() 
.................... {      
....................       SET_TRIS_D(0x00);     
*
0098:  MOVLW  00
009A:  MOVWF  F95
....................       SET_TRIS_E(0X00); 
009C:  MOVWF  F96
....................       OUTPUT_D(0XFF); 
009E:  CLRF   F95
00A0:  SETF   F8C
....................       TIN_HIEU_DK_74573_A=0XFF;   
00A2:  SETF   04
....................       TIN_HIEU_DK_74573_B=0XFF;       
00A4:  SETF   05
....................       CHOT_IC_74573_A_GOI_DU_LIEU; 
00A6:  BCF    F95.1
00A8:  BCF    F8C.1
....................       CHOT_IC_74573_B_GOI_DU_LIEU;   
00AA:  BCF    F95.0
00AC:  BCF    F8C.0
....................       RBDC=0; 
00AE:  CLRF   08
00B0:  CLRF   07
00B2:  GOTO   0534 (RETURN)
.................... } 
.................... //HAM 104 
.................... //XXXXXXXXXXXXXXXXXXXXXXXXXXXXXXXXXXXXXXXXXXXX     
.................... //XUAT CÁC THIEU DIEU KHIEN  
.................... //GIU NGUYEN CAC TRANG THAI CUA 2 MODULE KHAC 
.................... //XXXXXXXXXXXXXXXXXXXXXXXXXXXXXXXXXXXXXXXXXXXX     
.................... VOID MO_IC_74573_A_THONG_DL() 
.................... {      
....................       OUTPUT_D(0X00); 
*
00E0:  CLRF   F95
00E2:  CLRF   F8C
....................       OUTPUT_BIT(G_32LED,G_32A); 
00E4:  BTFSC  04.4
00E6:  BRA    00EC
00E8:  BCF    F8C.4
00EA:  BRA    00EE
00EC:  BSF    F8C.4
00EE:  BCF    F95.4
....................       OUTPUT_BIT(G_4LED7DOAN,G_4A); 
00F0:  BTFSC  04.6
00F2:  BRA    00F8
00F4:  BCF    F8C.6
00F6:  BRA    00FA
00F8:  BSF    F8C.6
00FA:  BCF    F95.6
....................       OUTPUT_BIT(G_LCD20X4,G_LCDA);   
00FC:  BTFSC  04.2
00FE:  BRA    0104
0100:  BCF    F8C.2
0102:  BRA    0106
0104:  BSF    F8C.2
0106:  BCF    F95.2
....................       CHO_IC_74573_A_GOI_DU_LIEU; 
0108:  BCF    F95.1
010A:  BSF    F8C.1
010C:  RETURN 0
.................... } 
.................... VOID MO_IC_74573_B_THONG_DL() 
.................... {      
....................       OUTPUT_D(0X00); 
....................       OUTPUT_BIT(G_MATRANLED,G_MTB); 
....................       OUTPUT_BIT(G_8LEDQUET,G_8B); 
....................       OUTPUT_BIT(G_BUZERELAY,G_RBDCB);  
....................       CHO_IC_74573_B_GOI_DU_LIEU; 
.................... } 
.................... //ham 401 
.................... //XXXXXXXXXXXXXXXXXXXXXXXXXXXXXXXXXXXXXXXXXXXX 
.................... //CHUONG TRINH CON XUAT 4 BYTE RA 4 LED 7 DOAN 
.................... //XXXXXXXXXXXXXXXXXXXXXXXXXXXXXXXXXXXXXXXXXXXX 
.................... VOID XUAT_4LED_7DOAN_4SO(UNSIGNED INT BL743,BL742,BL741,BL740) 
.................... {      
....................       XUAT_1BYTE(BL740);   XUAT_1BYTE(BL741); 
*
03B4:  MOVFF  2B,31
03B8:  RCALL  00B6
03BA:  MOVFF  2A,31
03BE:  RCALL  00B6
....................       XUAT_1BYTE(BL742);   XUAT_1BYTE(BL743); 
03C0:  MOVFF  29,31
03C4:  RCALL  00B6
03C6:  MOVFF  28,31
03CA:  RCALL  00B6
....................        
....................       MO_4_LED_7DOAN; 
03CC:  BCF    04.6
....................       MO_IC_74573_A_THONG_DL(); 
03CE:  RCALL  00E0
....................         
....................       OUTPUT_LOW(RCK_4LED7DOAN);   OUTPUT_HIGH(RCK_4LED7DOAN);  
03D0:  BCF    F95.7
03D2:  BCF    F8C.7
03D4:  BCF    F95.7
03D6:  BSF    F8C.7
....................       CHOT_IC_74573_A_GOI_DU_LIEU; 
03D8:  BCF    F95.1
03DA:  BCF    F8C.1
03DC:  GOTO   0504 (RETURN)
.................... } 
.................... //ham 404 
.................... VOID XUAT_4LED_7DOAN_3SO(UNSIGNED INT BL742,BL741,BL740) 
.................... {      
....................      XUAT_4LED_7DOAN_4SO(0XFF,BL742,BL741,BL740); 
.................... } 
.................... //ham 403 
.................... VOID XUAT_4LED_7DOAN_2SO(UNSIGNED INT BL741,BL740) 
.................... {      
....................      XUAT_4LED_7DOAN_4SO(0XFF,0XFF,BL741,BL740); 
.................... } 
.................... //ham 402 
.................... VOID XUAT_4LED_7DOAN_1SO(UNSIGNED INT BL740) 
.................... {      
....................      XUAT_4LED_7DOAN_4SO(0XFF,0XFF,0XFF,BL740); 
.................... } 
....................  
.................... //ham 405 
.................... //XXXXXXXXXXXXXXXXXXXXXXXXXXXXXXXXXXXXXXXXXXXXXXXXXXXXXXXXXXXXX 
.................... //CHUONG TRINH CON HIEN THI DU LIEU 16 BIT TREN 4 LED 7 DOAN 
.................... //XXXXXXXXXXXXXXXXXXXXXXXXXXXXXXXXXXXXXXXXXXXXXXXXXXXXXXXXXXXXX 
.................... UNSIGNED CHAR DONVI4,CHUC4,TRAM4,NGAN4; 
.................... VOID  XUAT_4LED_7DOAN_GIAIMA_XOA_SO0 (UNSIGNED INT16 TAM) 
.................... {          
....................       DONVI4 = MA7DOAN[TAM %10];          
03E0:  MOVFF  27,2B
03E4:  MOVFF  26,2A
03E8:  CLRF   2D
03EA:  MOVLW  0A
03EC:  MOVWF  2C
03EE:  RCALL  023C
03F0:  MOVFF  00,28
03F4:  MOVFF  03,29
03F8:  MOVFF  03,03
03FC:  MOVF   00,W
03FE:  MOVFF  FF2,2A
0402:  BCF    FF2.7
0404:  RCALL  0004
0406:  BTFSC  2A.7
0408:  BSF    FF2.7
040A:  MOVWF  09
....................       CHUC4  = MA7DOAN[TAM/10%10]; 
040C:  MOVFF  27,2B
0410:  MOVFF  26,2A
0414:  CLRF   2D
0416:  MOVLW  0A
0418:  MOVWF  2C
041A:  RCALL  023C
041C:  MOVFF  02,29
0420:  MOVFF  01,28
0424:  MOVFF  02,2B
0428:  MOVFF  01,2A
042C:  CLRF   2D
042E:  MOVLW  0A
0430:  MOVWF  2C
0432:  RCALL  023C
0434:  MOVFF  00,28
0438:  MOVFF  03,29
043C:  MOVFF  03,03
0440:  MOVF   00,W
0442:  MOVFF  FF2,2A
0446:  BCF    FF2.7
0448:  RCALL  0004
044A:  BTFSC  2A.7
044C:  BSF    FF2.7
044E:  MOVWF  0A
....................       TRAM4  = MA7DOAN[TAM/100%10];  
0450:  MOVFF  27,2B
0454:  MOVFF  26,2A
0458:  CLRF   2D
045A:  MOVLW  64
045C:  MOVWF  2C
045E:  RCALL  023C
0460:  MOVFF  02,29
0464:  MOVFF  01,28
0468:  MOVFF  02,2B
046C:  MOVFF  01,2A
0470:  CLRF   2D
0472:  MOVLW  0A
0474:  MOVWF  2C
0476:  RCALL  023C
0478:  MOVFF  00,28
047C:  MOVFF  03,29
0480:  MOVFF  03,03
0484:  MOVF   00,W
0486:  MOVFF  FF2,2A
048A:  BCF    FF2.7
048C:  RCALL  0004
048E:  BTFSC  2A.7
0490:  BSF    FF2.7
0492:  MOVWF  0B
....................       NGAN4  = MA7DOAN[TAM/1000%10];        
0494:  MOVFF  27,2B
0498:  MOVFF  26,2A
049C:  MOVLW  03
049E:  MOVWF  2D
04A0:  MOVLW  E8
04A2:  MOVWF  2C
04A4:  RCALL  023C
04A6:  MOVFF  02,29
04AA:  MOVFF  01,28
04AE:  MOVFF  02,2B
04B2:  MOVFF  01,2A
04B6:  CLRF   2D
04B8:  MOVLW  0A
04BA:  MOVWF  2C
04BC:  RCALL  023C
04BE:  MOVFF  00,28
04C2:  MOVFF  03,29
04C6:  MOVFF  03,03
04CA:  MOVF   00,W
04CC:  MOVFF  FF2,2A
04D0:  BCF    FF2.7
04D2:  RCALL  0004
04D4:  BTFSC  2A.7
04D6:  BSF    FF2.7
04D8:  MOVWF  0C
....................       IF (NGAN4==0XC0) 
04DA:  MOVF   0C,W
04DC:  SUBLW  C0
04DE:  BNZ   04F2
....................       { 
....................          NGAN4=0XFF; 
04E0:  SETF   0C
....................          IF (TRAM4==0XC0) 
04E2:  MOVF   0B,W
04E4:  SUBLW  C0
04E6:  BNZ   04F2
....................          { 
....................             TRAM4=0XFF; 
04E8:  SETF   0B
....................             IF (CHUC4==0XC0)   CHUC4=0XFF; 
04EA:  MOVF   0A,W
04EC:  SUBLW  C0
04EE:  BNZ   04F2
04F0:  SETF   0A
....................          } 
....................       } 
....................       XUAT_4LED_7DOAN_4SO(NGAN4,TRAM4,CHUC4,DONVI4);    
04F2:  MOVFF  0C,28
04F6:  MOVFF  0B,29
04FA:  MOVFF  0A,2A
04FE:  MOVFF  09,2B
0502:  BRA    03B4
0504:  RETURN 0
.................... } 
.................... UNSIGNED INT8 LCDDATA=0;  
.................... UNSIGNED INT8 LCDCONTROL=0; 
.................... UNSIGNED INT8 GLCDDATA=0; 
.................... UNSIGNED INT8 GLCDCONTROL=0;  
.................... //HAM 701 
.................... //XXXXXXXXXXXXXXXXXXXXXXXXXXXXXXXXXXXXXXXXXXXXXXXXXXXXXXXXXXXXX 
.................... //CHUONG TRINH CON XUAT DU LIEU 4 BYTE RA GLCD VA LCD 
.................... //XXXXXXXXXXXXXXXXXXXXXXXXXXXXXXXXXXXXXXXXXXXXXXXXXXXXXXXXXXXXX 
.................... VOID XUAT_GLCD_LCD() 
.................... {       
....................     XUAT_1BYTE(GLCDCONTROL);              
*
010E:  MOVFF  10,31
0112:  RCALL  00B6
....................     XUAT_1BYTE(GLCDDATA); 
0114:  MOVFF  0F,31
0118:  RCALL  00B6
....................     XUAT_1BYTE(LCDCONTROL);        
011A:  MOVFF  0E,31
011E:  RCALL  00B6
....................     XUAT_1BYTE(LCDDATA);       
0120:  MOVFF  0D,31
0124:  RCALL  00B6
....................        
....................     MO_GLCD_LCD; 
0126:  BCF    04.2
....................     MO_IC_74573_A_THONG_DL();             
0128:  RCALL  00E0
....................     OUTPUT_HIGH(RCK_LCD20X4);      
012A:  BCF    F95.3
012C:  BSF    F8C.3
....................     OUTPUT_LOW(RCK_LCD20X4); 
012E:  BCF    F95.3
0130:  BCF    F8C.3
....................     CHOT_IC_74573_A_GOI_DU_LIEU; 
0132:  BCF    F95.1
0134:  BCF    F8C.1
0136:  GOTO   0148 (RETURN)
.................... } 
.................... //HAM 702 
.................... VOID XUAT_LCD20X4(UNSIGNED INT8 LCD_SIGNAL,LCD_INS_HTHI) 
.................... {      
....................     LCDCONTROL = ~LCD_SIGNAL; 
013A:  MOVF   2F,W
013C:  MOVWF  0E
013E:  COMF   0E,F
....................     LCDDATA    = ~LCD_INS_HTHI;       
0140:  MOVFF  30,0D
0144:  COMF   0D,F
....................     XUAT_GLCD_LCD(); 
0146:  BRA    010E
0148:  RETURN 0
.................... } 
.................... //HAM 703 
.................... VOID XUAT_GLCD128X64(UNSIGNED INT8 GLCD_SIGNAL,GLCD_INS_HTHI) 
.................... {      
....................     GLCDCONTROL = ~GLCD_SIGNAL; 
....................     GLCDDATA    = ~GLCD_INS_HTHI;      
....................     XUAT_GLCD_LCD(); 
.................... } 
.................... //HAM 501 
.................... //XXXXXXXXXXXXXXXXXXXXXXXXXXXXXXXXXXXXXXXXXXXX 
.................... //CHUONG TRINH CON XUAT 2 BYTE RA DK 1 LED QUET SANG 
.................... //XXXXXXXXXXXXXXXXXXXXXXXXXXXXXXXXXXXXXXXXXXXX 
.................... VOID XUAT_8LED_7DOAN_QUET_1(UNSIGNED INT MA,SO_HTHI) 
.................... {      
....................       XUAT_1BYTE(~MA);   XUAT_1BYTE(~SO_HTHI); 
....................        
....................       MO_8_LED_QUET; 
....................       MO_IC_74573_B_THONG_DL(); 
....................        
....................       OUTPUT_HIGH(RCK_8LEDQUET); OUTPUT_LOW(RCK_8LEDQUET); 
....................       CHOT_IC_74573_B_GOI_DU_LIEU; 
.................... } 
.................... //HAM 502 
.................... //XXXXXXXXXXXXXXXXXXXXXXXXXXXXXXXXXXXXXXXXXXXX 
.................... //CHUONG TRINH CON XUAT 2 BYTE RA TAT 8 LED QUET 
.................... //XXXXXXXXXXXXXXXXXXXXXXXXXXXXXXXXXXXXXXXXXXXX 
.................... VOID XUAT_8LED_7DOAN_QUET_TAT_LED() 
.................... { 
....................    XUAT_8LED_7DOAN_QUET_1(0XFF,0XFF); 
.................... } 
.................... //HAM 503 
.................... //XXXXXXXXXXXXXXXXXXXXXXXXXXXXXXXXXXXXXXXXXXXX 
.................... //CHUONG TRINH CON HIEN THI LED THEO THU TU 
.................... //XXXXXXXXXXXXXXXXXXXXXXXXXXXXXXXXXXXXXXXXXXXX 
.................... CONST UNSIGNED CHAR TTLEDQUET[8]= {0x7F,0xBF,0xDF,0xEF,0xF7,0xFB,0xFD,0xFE}; 
.................... VOID XUAT_8LED_7DOAN_QUET_2(UNSIGNED INT THUTULED,SO_HTHI) 
.................... {          
....................       XUAT_1BYTE(~ (TTLEDQUET[THUTULED]));   XUAT_1BYTE(~SO_HTHI);      
....................       MO_8_LED_QUET; 
....................       MO_IC_74573_B_THONG_DL(); 
....................       OUTPUT_HIGH(RCK_8LEDQUET); OUTPUT_LOW(RCK_8LEDQUET); 
....................       CHOT_IC_74573_B_GOI_DU_LIEU; 
.................... } 
.................... //HAM 504 
.................... //XXXXXXXXXXXXXXXXXXXXXXXXXXXXXXXXXXXXXXXXXXXX 
.................... //CHUONG TRINH CON HIEN THI 8 SO TREN 8 LED QUET - CO KIEM TRA 
.................... //XXXXXXXXXXXXXXXXXXXXXXXXXXXXXXXXXXXXXXXXXXXX 
.................... UNSIGNED INT8 LED_7DQ[8]={0XFF,0XFF,0XFF,0XFF,0XFF,0XFF,0XFF,0XFF}; 
.................... UNSIGNED INT8 TT8LED=0; 
.................... VOID HIEN_THI_8LED_7DOAN_QUET() 
.................... {      
....................       FOR(TT8LED=0;TT8LED<8;TT8LED++) 
....................          IF (LED_7DQ[TT8LED]!=0XFF) 
....................          {            
....................             XUAT_8LED_7DOAN_QUET_2(TT8LED, LED_7DQ[TT8LED]); 
....................             DELAY_US(100); 
....................             XUAT_8LED_7DOAN_QUET_TAT_LED();            
....................             } 
.................... } 
.................... //HAM 505 
.................... //XXXXXXXXXXXXXXXXXXXXXXXXXXXXXXXXXXXXXXXXXXXX 
.................... //CHUONG TRINH CON HIEN THI 8 SO TREN 8 LED QUET - KHONG KIEM TRA 
.................... //XXXXXXXXXXXXXXXXXXXXXXXXXXXXXXXXXXXXXXXXXXXX 
.................... VOID HIEN_THI_8LED_7DOAN_QUET_ALL() 
.................... {      
....................       FOR(TT8LED=0;TT8LED<8;TT8LED++)          
....................          {            
....................             XUAT_8LED_7DOAN_QUET_2(TT8LED, LED_7DQ[TT8LED]); 
....................             DELAY_US(100); 
....................             XUAT_8LED_7DOAN_QUET_TAT_LED();            
....................             } 
.................... } 
....................  
.................... VOID DELAY_QUET_8LED(UNSIGNED INT16 DL) 
.................... {  
....................       UNSIGNED INT8 I; 
....................       FOR (I=0; I<DL;I++) 
....................       HIEN_THI_8LED_7DOAN_QUET_ALL(); 
.................... }  
....................  
.................... VOID GIAI_MA_GAN_CHO_8LED_QUET_16_XOA(UNSIGNED INT16 X) 
.................... {      
....................       LED_7DQ[0]= MA7DOAN [X %10];     
....................       LED_7DQ[1]= MA7DOAN [X/10%10]; 
....................       LED_7DQ[2]= MA7DOAN [X/100%10];     
....................       LED_7DQ[3]= MA7DOAN [X/1000%10]; 
....................       LED_7DQ[4]= MA7DOAN [X/10000%10]; 
....................       IF (LED_7DQ[4]==MASO0)  
....................       { 
....................             LED_7DQ[4]=0XFF; 
....................             IF (LED_7DQ[3]==MASO0)  
....................             { 
....................                LED_7DQ[3]=0XFF; 
....................                IF (LED_7DQ[2]==MASO0)  
....................                { 
....................                   LED_7DQ[2]=0XFF; 
....................                   IF (LED_7DQ[1]==MASO0)  
....................                   { 
....................                      LED_7DQ[1]=0XFF; 
....................                   } 
....................                } 
....................             } 
....................       } 
....................              
.................... } 
.................... //XXXXXXXXXXXXXXXXXXXXXXXXXXXXXXXXXXXXXXXXXXXX          
.................... VOID XUAT_2BYTE(UNSIGNED INT16 BYTE2XUAT) 
.................... { 
....................    INT8 SBB; 
....................    UNSIGNED INT16   XX;   //SHORT  BSERI; 
....................    #BIT BSERIX  = XX.15 
....................    XX = BYTE2XUAT; 
....................    FOR (SBB=0;SBB<16;SBB++) 
....................       {                                                  
....................          OUTPUT_BIT(SSDO,BSERIX);     
....................          OUTPUT_LOW(SSCK);          
....................          OUTPUT_HIGH(SSCK); 
....................          XX= XX<<1;          
....................      } 
.................... } 
.................... //XXXXXXXXXXXXXXXXXXXXXXXXXXXXXXXXXXXXXXXXXXXX 
.................... //CHUONG TRINH CON XUAT RA LED MA TRAN 
.................... //XXXXXXXXXXXXXXXXXXXXXXXXXXXXXXXXXXXXXXXXXXXX 
.................... VOID XUAT_MATRANLED(UNSIGNED INT16 MAHANG,UNSIGNED INT16 MACOT1, 
.................... UNSIGNED INT16 MACOT2,UNSIGNED INT16 MACOT3) 
.................... {       
....................       XUAT_2BYTE(MACOT3); 
....................       XUAT_2BYTE(MACOT2); 
....................       XUAT_2BYTE(MACOT1); 
....................       XUAT_2BYTE(MAHANG); 
....................        
....................       MO_LED_MATRAN; 
....................       MO_IC_74573_B_THONG_DL(); 
....................        
....................       OUTPUT_HIGH(RCK_MATRANLED); OUTPUT_LOW(RCK_MATRANLED);  
....................       CHOT_IC_74573_B_GOI_DU_LIEU; 
.................... } 
.................... //XXXXXXXXXXXXXXXXXXXXXXXXXXXXXXXXXXXXXXXXXXXX 
.................... //CHUONG TRINH CON XUAT RA LED MA TRAN 
.................... //XXXXXXXXXXXXXXXXXXXXXXXXXXXXXXXXXXXXXXXXXXXX 
.................... VOID TAT_MATRANLED() 
.................... {       
....................       XUAT_2BYTE(0); 
....................       XUAT_2BYTE(0); 
....................       XUAT_2BYTE(0); 
....................       XUAT_2BYTE(0);            
....................       OUTPUT_HIGH(RCK_MATRANLED);  
....................       OUTPUT_LOW(RCK_MATRANLED); 
.................... } 
.................... UNSIGNED  INT8 HIEU_CHINH_4BIT_CAO(UNSIGNED INT8 XZY) 
.................... { 
....................       INT1  BTG; 
....................       UNSIGNED INT8   BX;    
....................       #BIT BIT4  = BX.4 
....................       #BIT BIT5  = BX.5 
....................       #BIT BIT6  = BX.6 
....................       #BIT BIT7  = BX.7 
....................       BX=XZY; 
....................       BTG=BIT4;   BIT4=BIT7;  BIT7=BTG; 
....................       BTG=BIT5;   BIT5=BIT6;  BIT6=BTG;       
....................       RETURN(BX);   
.................... } 
.................... //HAM 601 
.................... //XXXXXXXXXXXXXXXXXXXXXXXXXXXXXXXXXXXXXXXXXXXXXXXXXXXX 
.................... //MODULE DIEU KHIEN RELAY,TRIAC, BUZZER, DONG CO, SIM 
.................... //XXXXXXXXXXXXXXXXXXXXXXXXXXXXXXXXXXXXXXXXXXXXXXXXXXXX 
.................... VOID XUAT_BUZZER_RELAY() 
.................... {      
....................    UNSIGNED INT8 RBDC1,RBDC2; 
....................       RBDC1=RBDC; RBDC2=RBDC>>8;       
....................       XUAT_1BYTE(RBDC2);       
....................       XUAT_1BYTE(RBDC1); 
....................       MO_RELAY_BUZZER_DC; 
....................       MO_IC_74573_B_THONG_DL(); 
....................        
....................       OUTPUT_HIGH(RCK_BUZERELAY);   OUTPUT_LOW(RCK_BUZERELAY); 
....................       CHOT_IC_74573_B_GOI_DU_LIEU; 
.................... } 
.................... //HAM 602 
.................... //XXXXXXXXXXXXXXXXXXXXXXXXXXXXXXXXXXXXXXXXXXXXXXXXXXXX 
.................... VOID BUZZER_ON() 
.................... {     
....................       BUZZER=1; 
....................       XUAT_BUZZER_RELAY();          
.................... } 
.................... //HAM 603 
.................... //XXXXXXXXXXXXXXXXXXXXXXXXXXXXXXXXXXXXXXXXXXXXXXXXXXXX 
.................... VOID BUZZER_OFF() 
.................... {      
....................       BUZZER=0; 
....................       XUAT_BUZZER_RELAY(); 
.................... } 
.................... //HAM 604 
.................... //XXXXXXXXXXXXXXXXXXXXXXXXXXXXXXXXXXXXXXXXXXXXXXXXXXXX 
.................... VOID RELAY_1_ON() 
.................... {     
....................       RELAY_1=1; 
....................       XUAT_BUZZER_RELAY();          
.................... } 
.................... //HAM 603 
.................... //XXXXXXXXXXXXXXXXXXXXXXXXXXXXXXXXXXXXXXXXXXXXXXXXXXXX 
.................... VOID RELAY_1_OFF() 
.................... {     
....................       RELAY_1=0; 
....................       XUAT_BUZZER_RELAY();          
.................... } 
.................... //HAM 604 
.................... //XXXXXXXXXXXXXXXXXXXXXXXXXXXXXXXXXXXXXXXXXXXXXXXXXXXX 
.................... VOID RELAY_2_ON() 
.................... {     
....................       RELAY_2=1; 
....................       XUAT_BUZZER_RELAY();          
.................... } 
.................... //HAM 607 
.................... //XXXXXXXXXXXXXXXXXXXXXXXXXXXXXXXXXXXXXXXXXXXXXXXXXXXX 
.................... VOID RELAY_2_OFF() 
.................... {     
....................       RELAY_2=0; 
....................       XUAT_BUZZER_RELAY();          
.................... } 
.................... //HAM 608 
.................... //XXXXXXXXXXXXXXXXXXXXXXXXXXXXXXXXXXXXXXXXXXXXXXXXXXXX 
.................... VOID RELAY_1_RELAY_2_ON() 
.................... {     
....................       RELAY_1=1;  RELAY_2=1; 
....................       XUAT_BUZZER_RELAY();          
.................... } 
.................... //HAM 609 
.................... //XXXXXXXXXXXXXXXXXXXXXXXXXXXXXXXXXXXXXXXXXXXXXXXXXXXX 
.................... VOID RELAY_1_RELAY_2_OFF() 
.................... {     
....................       RELAY_1=0;  RELAY_2=0; 
....................       XUAT_BUZZER_RELAY();          
.................... } 
.................... //HAM 610 
.................... //XXXXXXXXXXXXXXXXXXXXXXXXXXXXXXXXXXXXXXXXXXXXXXXXXXXX 
.................... VOID TRIAC_1_ON() 
.................... {     
....................       TRIAC_1=1; 
....................       XUAT_BUZZER_RELAY();          
.................... } 
.................... //HAM 611 
.................... //XXXXXXXXXXXXXXXXXXXXXXXXXXXXXXXXXXXXXXXXXXXXXXXXXXXX 
.................... VOID TRIAC_1_OFF() 
.................... {     
....................       TRIAC_1=0; 
....................       XUAT_BUZZER_RELAY();          
.................... } 
.................... //HAM 612 
.................... //XXXXXXXXXXXXXXXXXXXXXXXXXXXXXXXXXXXXXXXXXXXXXXXXXXXX 
.................... VOID TRIAC_2_ON() 
.................... {     
....................       TRIAC_2=1; 
....................       XUAT_BUZZER_RELAY();          
.................... } 
.................... //HAM 613 
.................... //XXXXXXXXXXXXXXXXXXXXXXXXXXXXXXXXXXXXXXXXXXXXXXXXXXXX 
.................... VOID TRIAC_2_OFF() 
.................... {     
....................       TRIAC_2=0; 
....................       XUAT_BUZZER_RELAY();          
.................... } 
.................... //XXXXXXXXXXXXXXXXXXXXXXXXXXXXXXXXXXXXXXXXXXXX 
....................  
....................  
....................  
.................... #INCLUDE <TV_PICKIT2_SHIFT_LCD.C> 
.................... UNSIGNED INT8 LCD_CONTROL;   
.................... #bit LCD_P = LCD_CONTROL.3 
.................... #bit LCD_RS = LCD_CONTROL.2 
.................... #bit LCD_RW = LCD_CONTROL.1 
.................... #bit LCD_E  = LCD_CONTROL.0 
....................  
.................... #DEFINE LCD_FUNCTION_SET       0X38 
.................... #DEFINE LCD_DISPLAY_CONTROL    0X0C 
.................... #DEFINE LCD_CLEAR_DISPLAY      0X01 
.................... #DEFINE LCD_ENTRY_MODE         0X06 
.................... #DEFINE LCD_SHIFT_LEFT         0X18 
.................... #DEFINE LCD_SHIFT_RIGHT        0X1C 
....................  
.................... #DEFINE LCD_ADDR_LINE1         0X80 
.................... #DEFINE LCD_ADDR_LINE2         0XC0 
.................... #DEFINE LCD_ADDR_LINE3         0X94 
.................... #DEFINE LCD_ADDR_LINE4         0XD4 
....................  
.................... VOID LCD_XUAT_8BIT(INT8 LCD_DATA_X) 
.................... { 
....................       LCD_E=1; XUAT_LCD20X4(LCD_CONTROL,LCD_DATA_X);      
014A:  BSF    1A.0
014C:  MOVFF  1A,2F
0150:  MOVFF  2E,30
0154:  RCALL  013A
....................       LCD_E=0; XUAT_LCD20X4(LCD_CONTROL,LCD_DATA_X);  
0156:  BCF    1A.0
0158:  MOVFF  1A,2F
015C:  MOVFF  2E,30
0160:  RCALL  013A
0162:  RETURN 0
.................... } 
.................... void LCD_COMMAND(INT8 LCD_DATA_X)    
....................   { 
....................       LCD_RS = 0; 
0164:  BCF    1A.2
....................       LCD_XUAT_8BIT(LCD_DATA_X); 
0166:  MOVFF  2D,2E
016A:  RCALL  014A
....................       DELAY_US(20); 
016C:  MOVLW  20
016E:  MOVWF  00
0170:  DECFSZ 00,F
0172:  BRA    0170
0174:  BRA    0176
0176:  NOP   
0178:  RETURN 0
....................   } 
.................... void LCD_DATA(INT8 LCD_DATA_X)        
....................   { 
....................       LCD_RS = 1;      
*
0204:  BSF    1A.2
....................       LCD_XUAT_8BIT(LCD_DATA_X); 
0206:  MOVFF  2A,2E
020A:  RCALL  014A
....................       DELAY_US(20); 
020C:  MOVLW  20
020E:  MOVWF  00
0210:  DECFSZ 00,F
0212:  BRA    0210
0214:  BRA    0216
0216:  NOP   
0218:  RETURN 0
....................   } 
....................    
.................... VOID SETUP_LCD () 
.................... {                      
....................          LCD_E  = 0;  
*
01A2:  BCF    1A.0
....................          LCD_RW = 0;  
01A4:  BCF    1A.1
....................          LCD_RS = 1;  
01A6:  BSF    1A.2
....................          LCD_P =0; 
01A8:  BCF    1A.3
....................          LCD_COMMAND(LCD_FUNCTION_SET);          
01AA:  MOVLW  38
01AC:  MOVWF  2D
01AE:  RCALL  0164
....................          DELAY_US(40); 
01B0:  MOVLW  42
01B2:  MOVWF  00
01B4:  DECFSZ 00,F
01B6:  BRA    01B4
01B8:  NOP   
....................          LCD_COMMAND(LCD_DISPLAY_CONTROL);    
01BA:  MOVLW  0C
01BC:  MOVWF  2D
01BE:  RCALL  0164
....................          DELAY_US(40); 
01C0:  MOVLW  42
01C2:  MOVWF  00
01C4:  DECFSZ 00,F
01C6:  BRA    01C4
01C8:  NOP   
....................          LCD_COMMAND(LCD_CLEAR_DISPLAY);       
01CA:  MOVLW  01
01CC:  MOVWF  2D
01CE:  RCALL  0164
....................          DELAY_MS(2); 
01D0:  MOVLW  02
01D2:  MOVWF  26
01D4:  BRA    017A
....................          LCD_COMMAND(LCD_ENTRY_MODE);        
01D6:  MOVLW  06
01D8:  MOVWF  2D
01DA:  RCALL  0164
....................          DELAY_US(40);                 
01DC:  MOVLW  42
01DE:  MOVWF  00
01E0:  DECFSZ 00,F
01E2:  BRA    01E0
01E4:  NOP   
01E6:  GOTO   0536 (RETURN)
.................... } 
....................  
.................... CONST UNSIGNED CHAR LCD_SO_X[10+1][6] ={ 
....................                   0,1,2,5,3,4,               // SO 0 
....................                   1,2,32,3,7,3,              // SO 1 
....................                   6,6,2,5,3,3,               // SO 2 
....................                   6,6,2,3,3,4,               // SO 3 
....................                   7,3,7,32,32,7,             // SO 4 
....................                   7,6,6,3,3,4,               // SO 5 
....................                   0,6,6,5,3,4,               // SO 6 
....................                   1,1,7,32,32,7,             // SO 7 
....................                   0,6,2,5,3,4,               // SO 8 
....................                   0,6,2,3,3,4,                // SO 9 
....................                   32,32,32,32,32,32          // KHOANG TRANG 
....................                   }; 
....................                    
....................                    
.................... CONST UNSIGNED CHAR LCD_MA_8DOAN[] = { 
....................    0x07,0x0F,0x1F,0x1F,0x1F,0x1F,0x1F,0x1F,  //DOAN F - 0 
....................    0x1F,0x1F,0x1F,0X00,0X00,0X00,0X00,0X00,  //DOAN A - 1 
....................    0x1C,0x1E,0x1F,0x1F,0x1F,0x1F,0x1F,0x1F,  //DOAN B - 2 
....................    0X00,0X00,0X00,0X00,0X00,0x1F,0x1F,0x1F,  //DOAN D - 3 
....................    0x1F,0x1F,0x1F,0x1F,0x1F,0x1F,0x1E,0x1C,  //DOAN C - 4 
....................    0x1F,0x1F,0x1F,0x1F,0x1F,0x1F,0x0F,0x07,  //DOAN E - 5 
....................    0x1F,0x1F,0x1F,0X00,0X00,0X00,0x1F,0x1F,  //DOAN G+D-6  
....................    0x1F,0x1F,0x1F,0x1F,0x1F,0x1F,0x1F,0x1F}; //DOAN I  -7 
....................     
.................... VOID LCD_GOTO_XY(SIGNED INT8 X, SIGNED INT8 Y) 
.................... {  
....................    CONST UNSIGNED INT8 LCD_VITRI[]={0x80,0xC0,0x94,0xD4}; 
....................    LCD_COMMAND(LCD_VITRI[X]+Y); 
01EA:  CLRF   03
01EC:  MOVF   2A,W
01EE:  MOVFF  FF2,2C
01F2:  BCF    FF2.7
01F4:  RCALL  0076
01F6:  BTFSC  2C.7
01F8:  BSF    FF2.7
01FA:  ADDWF  2B,W
01FC:  MOVWF  2C
01FE:  MOVWF  2D
0200:  RCALL  0164
0202:  RETURN 0
.................... } 
....................  
.................... VOID XXX() 
.................... {  
....................    SIGNED INT8 X; 
....................    X= LCD_SO_X[0][0]; 
....................    X= LCD_MA_8DOAN[0]; 
.................... } 
....................  
....................  
.................... UNSIGNED INT16 T0,T0_TAM; 
.................... UNSIGNED INT8 CH, TR, DV; 
.................... UNSIGNED INT8 CH_KTL, TR_KTL, DV_KTL; 
.................... unsigned int i; 
....................  
.................... void lcd_hienthi_so_z_toado_xy(SIGNED int8 lcd_so, x1, y1) 
.................... { 
....................    lcd_GOTO_xy(x1,y1); 
*
02CA:  MOVFF  27,2A
02CE:  MOVFF  28,2B
02D2:  RCALL  01EA
....................    FOR (i=0;i<6;i++) 
02D4:  CLRF   25
02D6:  MOVF   25,W
02D8:  SUBLW  05
02DA:  BNC   0324
....................    { 
....................       IF (i==3) lcd_goto_xy(x1+1,y1); 
02DC:  MOVF   25,W
02DE:  SUBLW  03
02E0:  BNZ   02F0
02E2:  MOVLW  01
02E4:  ADDWF  27,W
02E6:  MOVWF  29
02E8:  MOVWF  2A
02EA:  MOVFF  28,2B
02EE:  RCALL  01EA
....................       lcd_data(lcd_so_x[lcd_so][i]); 
02F0:  MOVFF  26,29
02F4:  MOVLW  06
02F6:  MOVWF  2A
02F8:  BRA    027E
02FA:  MOVF   01,W
02FC:  CLRF   2A
02FE:  MOVWF  29
0300:  CLRF   03
0302:  MOVF   25,W
0304:  ADDWF  29,W
0306:  MOVWF  01
0308:  MOVF   2A,W
030A:  ADDWFC 03,F
030C:  MOVF   01,W
030E:  MOVFF  FF2,29
0312:  BCF    FF2.7
0314:  RCALL  0024
0316:  BTFSC  29.7
0318:  BSF    FF2.7
031A:  MOVWF  29
031C:  MOVWF  2A
031E:  RCALL  0204
0320:  INCF   25,F
0322:  BRA    02D6
....................    } 
0324:  RETURN 0
.................... } 
....................  
.................... VOID HIENTHI_LCD() 
.................... { 
....................    LCD_GOTO_XY (0, 17) ; 
....................    DELAY_US (20) ; 
....................     
....................    TR = T0 / 100 + 0x30 ; 
....................     
....................    CH = (T0 / 10 %10) + 0x30 ; 
....................     
....................    DV = T0 % 10 + 0x30 ; 
....................     
....................    if(TR==0x30) 
....................    { 
....................       TR = " "; 
....................       if (CH==0x30) 
....................       { 
....................          CH=" "; 
....................       } 
....................    } 
....................    LCD_DATA(TR); 
....................    LCD_DATA(CH); 
....................    LCD_DATA(DV); 
.................... } 
....................  
.................... VOID HIENTHI_LCD_KichThuocLon() 
.................... { 
....................    TR_KTL = T0/100; 
0326:  MOVFF  1C,2B
032A:  MOVFF  1B,2A
032E:  CLRF   2D
0330:  MOVLW  64
0332:  MOVWF  2C
0334:  RCALL  023C
0336:  MOVFF  01,23
....................    CH_KTL = T0/10%10; 
033A:  MOVFF  1C,2B
033E:  MOVFF  1B,2A
0342:  CLRF   2D
0344:  MOVLW  0A
0346:  MOVWF  2C
0348:  RCALL  023C
034A:  MOVFF  02,27
034E:  MOVFF  01,26
0352:  MOVFF  02,2B
0356:  MOVFF  01,2A
035A:  CLRF   2D
035C:  MOVLW  0A
035E:  MOVWF  2C
0360:  RCALL  023C
0362:  MOVFF  00,22
....................    DV_KTL = T0%10; 
0366:  MOVFF  1C,2B
036A:  MOVFF  1B,2A
036E:  CLRF   2D
0370:  MOVLW  0A
0372:  MOVWF  2C
0374:  RCALL  023C
0376:  MOVFF  00,24
....................     
....................    if (TR_KTL == 0) 
037A:  MOVF   23,F
037C:  BNZ   038A
....................    {  
....................       TR_KTL = 10; 
037E:  MOVLW  0A
0380:  MOVWF  23
....................       if (CH_KTL == 0) CH_KTL = 10; 
0382:  MOVF   22,F
0384:  BNZ   038A
0386:  MOVLW  0A
0388:  MOVWF  22
....................    } 
....................     
....................    lcd_hienthi_so_z_toado_xy(TR_KTL,2,0); 
038A:  MOVFF  23,26
038E:  MOVLW  02
0390:  MOVWF  27
0392:  CLRF   28
0394:  RCALL  02CA
....................    lcd_hienthi_so_z_toado_xy(CH_KTL,2,3); 
0396:  MOVFF  22,26
039A:  MOVLW  02
039C:  MOVWF  27
039E:  MOVLW  03
03A0:  MOVWF  28
03A2:  RCALL  02CA
....................    lcd_hienthi_so_z_toado_xy(DV_KTL,2,6); 
03A4:  MOVFF  24,26
03A8:  MOVLW  02
03AA:  MOVWF  27
03AC:  MOVLW  06
03AE:  MOVWF  28
03B0:  RCALL  02CA
03B2:  RETURN 0
.................... } 
....................  
....................  
.................... VOID MAIN() 
*
0506:  CLRF   FF8
0508:  BCF    FD0.7
050A:  CLRF   06
050C:  CLRF   0D
050E:  CLRF   0E
0510:  CLRF   0F
0512:  CLRF   10
0514:  CLRF   19
0516:  MOVF   FC1,W
0518:  ANDLW  C0
051A:  IORLW  0F
051C:  MOVWF  FC1
051E:  MOVLW  07
0520:  MOVWF  FB4
0522:  SETF   11
0524:  SETF   12
0526:  SETF   13
0528:  SETF   14
052A:  SETF   15
052C:  SETF   16
052E:  SETF   17
0530:  SETF   18
.................... { 
....................    SET_UP_PORT_IC_CHOT () ; 
0532:  BRA    0098
....................    SETUP_LCD () ; 
0534:  BRA    01A2
....................    LCD_GOTO_XY (0, 0) ; 
0536:  CLRF   2A
0538:  CLRF   2B
053A:  RCALL  01EA
....................    LCD_DATA ("DEM SAN PHAM:") ; 
053C:  MOVLW  8A
053E:  MOVWF  FF6
0540:  MOVLW  00
0542:  MOVWF  FF7
0544:  BRA    021A
....................     
....................    SETUP_TIMER_0 (T0_EXT_L_TO_H|T0_DIV_1) ; 
0546:  MOVLW  A8
0548:  MOVWF  FD5
....................    SET_TIMER0 (0) ; 
054A:  CLRF   FD7
054C:  CLRF   FD6
....................    T0 = T0_TAM = 0; 
054E:  CLRF   1E
0550:  CLRF   1D
0552:  MOVFF  1E,1C
0556:  MOVFF  1D,1B
....................    HIENTHI_LCD_KichThuocLon(); 
055A:  RCALL  0326
....................    XUAT_4LED_7DOAN_GIAIMA_XOA_SO0 (T0) ; 
055C:  MOVFF  1C,27
0560:  MOVFF  1B,26
0564:  RCALL  03E0
....................     
....................    WHILE (TRUE) 
....................    { 
....................        
....................        
....................       T0 = GET_TIMER0 () ; 
0566:  MOVF   FD6,W
0568:  MOVWF  1B
056A:  MOVFF  FD7,1C
....................  
....................       IF (T0 != T0_TAM) 
056E:  MOVF   1D,W
0570:  SUBWF  1B,W
0572:  BNZ   057A
0574:  MOVF   1E,W
0576:  SUBWF  1C,W
0578:  BZ    058E
....................       { 
....................          T0_TAM = T0; 
057A:  MOVFF  1C,1E
057E:  MOVFF  1B,1D
....................          HIENTHI_LCD_KichThuocLon(); 
0582:  RCALL  0326
....................          XUAT_4LED_7DOAN_GIAIMA_XOA_SO0 (T0) ; 
0584:  MOVFF  1C,27
0588:  MOVFF  1B,26
058C:  RCALL  03E0
....................       } 
....................  
....................        
....................       IF (T0 >= 101) SET_TIMER0 (1); 
058E:  MOVF   1C,F
0590:  BNZ   0598
0592:  MOVF   1B,W
0594:  SUBLW  64
0596:  BC    059E
0598:  CLRF   FD7
059A:  MOVLW  01
059C:  MOVWF  FD6
059E:  BRA    0566
....................    } 
.................... } 
....................  
05A0:  SLEEP 
....................  

Configuration Fuses:
   Word  1: CC27   PLL12 CPUDIV1 USBDIV HS FCMEN IESO
   Word  2: 1E3E   PUT BROWNOUT BORV21 VREGEN NOWDT WDT32768
   Word  3: 8700   CCP2C1 PBADEN LPT1OSC MCLR
   Word  4: 00A1   STVREN NOLVP ICSP2 NOXINST NODEBUG
   Word  5: C00F   NOPROTECT NOCPB NOCPD
   Word  6: E00F   NOWRT NOWRTC NOWRTB NOWRTD
   Word  7: 400F   NOEBTR NOEBTRB
