
ROM used:   898/32768 (3%)
            898/32768 (3%) including unused fragments

            0.5 Average locations per line
            2.7 Average locations per statement

RAM used:   30/2048 (1%) at main() level
            40/2048 (2%) worst case

Stack used: 7 worst case (7 in main + 0 for interrupts)
Stack size: 31

Lines Stmts  %   Files
----- ----- ---  -----
   28    14   4  BAI_621_LCD_KEY4X4.c
  702   244  73  TV_PICKIT2_SHIFT_1.c
  837     0   0  ..\..\..\..\..\Program Files (x86)\PICC\Devices\18F4550.H
   87    25   8  TV_PICKIT2_SHIFT_LCD.c
   60    50  15  TV_PICKIT2_SHIFT_KEY4X4_138.c
----- -----
 1714   333 Total

Page ROM  %  RAM   Vol Diff  Functions:
---- --- --- ---   --- ----  ----------
0     38   2    1             @delay_ms1
0     42   2    3   271  4.3  XUAT_1BYTE
0     30   2    0   152  1.8  SET_UP_PORT_IC_CHOT
0     48   3    0   119  1.7  MO_IC_74573_A_THONG_DL
0     44   2    0   172  1.8  XUAT_GLCD_LCD
0     16   1    2    80  2.7  XUAT_LCD20X4
0     26   1    1   102  2.1  LCD_XUAT_8BIT
0     22   1    1    61  1.6  LCD_COMMAND
0     22   1    1    61  1.6  LCD_DATA
0     72   4    0   245  1.8  SETUP_LCD
0     20   1    0  1030  6.7  @const823
0     26   1    3   147  3.7  LCD_GOTO_XY
0     20   1    0    29  1.2  @const828
0    122   7    4   627  8.1  KEY_NHAN
0     76   4    2   669  4.7  @MUL88
0     80   4    0   354  4.6  KEY_4X4_UP
0     56   3    1   136  3.5  HIENTHI_LCD
0     86   5    0   174  3.3  MAIN
0     14   1    0   980  6.7  @const847
0     34   2    2   980  6.7  @PSTRINGC_810
 Inline         0   980  6.7  @cinit1

Program metrics:
    Functions               20
    Statements              333
    Comments                350
    Volume (V)              12443
    Difficulty (D)          76.2
    Effort to implement (E) 947537
    Time to implement (T)   14 hours, 37 minutes
    Est Delivered Bugs (B)  3
    Cyclomatic Complexity   38
    Maintainability (MI)    101

 Segment     Used  Free
-----------  ----  ----
00000-00002     4  0  
00004-07FFE   894  31870  



