CCS PCH C Compiler, Version 5.015, 5967               22-Jun-20 14:07

               Filename:   C:\Users\tsqua\OneDrive - student.mtsac.edu\Desktop\BAI_TAP_VXL_NEW_3\BAI_651_GLTD_HIEN_THI_CHUOI.lst

               ROM used:   604 bytes (2%)
                           Largest free fragment is 32164
               RAM used:   1054 (51%) at main() level
                           1063 (52%) worst case
               Stack used: 6 locations
               Stack size: 31

*
0000:  GOTO   01D0
.................... #INCLUDE  <TV_PICKIT2_SHIFT_1.C> 
.................... #INCLUDE    <18F4550.H> 
.................... //////////// Standard Header file for the PIC18F4550 device //////////////// 
.................... /////////////////////////////////////////////////////////////////////////// 
.................... ////        (C) Copyright 1996, 2013 Custom Computer Services          //// 
.................... //// This source code may only be used by licensed users of the CCS C  //// 
.................... //// compiler.  This source code may only be distributed to other      //// 
.................... //// licensed users of the CCS C compiler.  No other use, reproduction //// 
.................... //// or distribution is permitted without written permission.          //// 
.................... //// Derivative programs created using this software in object code    //// 
.................... //// form are not restricted in any way.                               //// 
.................... /////////////////////////////////////////////////////////////////////////// 
.................... #device PIC18F4550 
0004:  DATA 44,48
0006:  DATA 53,55
0008:  DATA 2D,50
000A:  DATA 48,41
000C:  DATA 4D,20
000E:  DATA 4B,54
0010:  DATA 20,48
0012:  DATA 43,4D
0014:  DATA 00,00
0016:  DATA 42,4F
0018:  DATA 20,4D
001A:  DATA 4F,4E
001C:  DATA 20,44
001E:  DATA 49,45
0020:  DATA 4E,20
0022:  DATA 54,55
0024:  DATA 00,00
0026:  DATA 43,4F
0028:  DATA 4E,47
002A:  DATA 20,4E
002C:  DATA 47,48
002E:  DATA 49,45
0030:  DATA 50,00
0032:  DATA 54,48
0034:  DATA 55,43
0036:  DATA 20,48
0038:  DATA 41,4E
003A:  DATA 48,20
003C:  DATA 56,44
003E:  DATA 4B,00
*
01B0:  TBLRD*+
01B2:  MOVF   FF5,F
01B4:  BZ    01CE
01B6:  MOVFF  FF6,41E
01BA:  MOVFF  FF7,41F
01BE:  MOVFF  FF5,420
01C2:  BRA    01A4
01C4:  MOVFF  41E,FF6
01C8:  MOVFF  41F,FF7
01CC:  BRA    01B0
01CE:  RETURN 0
....................  
.................... #list 
....................  
.................... #DEVICE     ADC=10 
.................... #FUSES      NOWDT,PUT,HS,NOPROTECT,NOLVP,CPUDIV1 
.................... #USE        I2C(MASTER,SLOW,SDA=PIN_B0,SCL=PIN_B1) 
.................... #USE        DELAY(CLOCK=20000000) 
*
0120:  MOVLW  04
0122:  MOVWF  FEA
0124:  MOVLW  1F
0126:  MOVWF  FE9
0128:  MOVF   FEF,W
012A:  BZ    0146
012C:  MOVLW  06
012E:  MOVWF  01
0130:  CLRF   00
0132:  DECFSZ 00,F
0134:  BRA    0132
0136:  DECFSZ 01,F
0138:  BRA    0130
013A:  MOVLW  7B
013C:  MOVWF  00
013E:  DECFSZ 00,F
0140:  BRA    013E
0142:  DECFSZ FEF,F
0144:  BRA    012C
0146:  GOTO   018C (RETURN)
.................... //#USE        rs232(baud=9600, xmit=PIN_C6,rcv=PIN_C7) 
.................... //NUT NHAN: 
.................... #DEFINE  BT0     PIN_B5 
.................... #DEFINE  BT1     PIN_B4 
.................... #DEFINE  BT2     PIN_B3 
.................... #DEFINE  BT3     PIN_B2 
....................  
.................... #DEFINE  ON      BT0       //DK LED DON, MOTOR 
.................... #DEFINE  OFF     BT1 
.................... #DEFINE  INV     BT2 
....................  
.................... #DEFINE  UP      BT0    //DK LED DON 
.................... #DEFINE  DW      BT1 
.................... #DEFINE  CLR     BT2 
.................... #DEFINE  MOD     BT3 
....................  
.................... #DEFINE  STOP    BT3 
....................  
.................... #DEFINE  ON1     BT0      
.................... #DEFINE  OFF1    BT1 
.................... #DEFINE  ON2     BT2        
.................... #DEFINE  OFF2    BT3 
....................  
....................  
.................... #DEFINE     TRIGGER      PIN_E2 
.................... #DEFINE     ECHO         PIN_E1 
.................... //   IC74138_A    PIN_B6   //OUTPUT GIAI MA 2 SANG 4 TICH CUC MUC 0 
.................... //   IC74138_B    PIN_B7   //OUTPUT GIAI MA 2 SANG 4 TICH CUC MUC 0 
....................  
.................... //          ENCODER  PIN_C0   //RC0/T13CKI 
....................  
.................... //          CB_KC    PIN_A2   //RA2/AN2 
.................... //          PIR      PIN_A3   //RA3/AN3 
.................... //          CBXUNG   PIN_A4   //RA4/T0CKI 
.................... //          LEDTHU   PIN_A4   //RA4/T0CKI//SW802 
....................  
.................... //          CB_KCSA_TRIGGER  PIN_E2   //RE2/SDO  DUNG CHUNG 
.................... //          CB_KCSA_RCHO     PIN_E1   //RE1 
....................  
.................... //          CB_TCS3200_OUT    PIN_E1   //RE1 //CAM BIEN MAU TCS3200 
.................... //          CB_TCS3200_S0     B12      //LAY TU MBI5026 
.................... //          CB_TCS3200_S1     B13      //LAY TU MBI5026 
.................... //          CB_TCS3200_S2     B14      //LAY TU MBI5026 
.................... //          CB_TCS3200_S3     B15      //LAY TU MBI5026 
....................  
.................... //          CB_POWER  SW803 
.................... //          CB_GAS      AIN3_PCF8591T   //RE1 
.................... //          CB_QUANG    AIN2_PCF8591T    
.................... //          CB_LM35B    AIN1_PCF8591T   //RA1/AN1 
.................... //          CB_LM35A    AIN0_PCF8591T   //RE1/AN0 
....................  
.................... //XXXXXXXXXXXXXXXXXXXXXXXXXXXXXXXXXXXXXXXXXXXXXXXXX 
.................... #DEFINE      ENABLE_573A      PIN_D1         //CS0 CUA A 
.................... #DEFINE      ENABLE_573B      PIN_D0         //CS1 CUA B 
.................... //XXXXXXXXXXXXXXXXXXXXXXXXXXXXXXXXXXXXXXXXXXXXXXXXX 
.................... #DEFINE      SSDO             PIN_E2         //CHUNG TAT CA 
.................... #DEFINE      SSCK             PIN_E0         //CHUNG TAT CA 
.................... //XXXXXXXXXXXXXXXXXXXXXXXXXXXXXXXXXXXXXXXXXXXXXXXXX 
.................... #DEFINE      RCK_4LED7DOAN    PIN_D7         //A - 4 BYTE 
.................... #DEFINE      G_4LED7DOAN      PIN_D6         //A - 4 BYTE 
.................... //XXXXXXXXXXXXXXXXXXXXXXXXXXXXXXXXXXXXXXXXXXXX     
.................... #DEFINE      RCK_MATRANLED    PIN_D7         //B - 3 BYTE DAO 
.................... #DEFINE      G_MATRANLED      PIN_D6         //B - 3 BYTE DAO 
.................... //XXXXXXXXXXXXXXXXXXXXXXXXXXXXXXXXXXXXXXXXXXXXXXXXX 
.................... #DEFINE      RCK_32LED        PIN_D5         //A - 4 BYTE 
.................... #DEFINE      G_32LED          PIN_D4         //A - 4 BYTE 
.................... //XXXXXXXXXXXXXXXXXXXXXXXXXXXXXXXXXXXXXXXXXXXX  
.................... #DEFINE      RCK_8LEDQUET     PIN_D5         //B - 2 BYTE DAO 
.................... #DEFINE      G_8LEDQUET       PIN_D4         //B - 2 BYTE DAO 
.................... //XXXXXXXXXXXXXXXXXXXXXXXXXXXXXXXXXXXXXXXXXXXXXXXXX 
.................... #DEFINE      RCK_LCD20X4      PIN_D3         //A - 2 BYTE DAO 
.................... #DEFINE      G_LCD20X4         PIN_D2         //A - 2 BYTE DAO 
.................... //XXXXXXXXXXXXXXXXXXXXXXXXXXXXXXXXXXXXXXXXXXXX  
.................... #DEFINE      RCK_BUZERELAY    PIN_D3     //B - 1 BYTE  
.................... #DEFINE      G_BUZERELAY      PIN_D2         //B - 1 BYTE  
....................  
.................... VOID XUAT_LCD20X4(UNSIGNED INT8 LCD_SIGNAL,LCD_INS_HTHI); 
....................  
.................... VOID XUAT_BUZZER_RELAY(); 
.................... //XXXXXXXXXXXXXXXXXXXXXXXXXXXXXXXXXXXXXXXXXXXX    
.................... #DEFINE     CHOT_2_IC_74573_A_B  OUTPUT_D(0XFC) 
....................  
.................... UNSIGNED INT8 TIN_HIEU_DK_74573_A; 
.................... #BIT G_4A         = TIN_HIEU_DK_74573_A.6 
.................... #BIT G_32A        = TIN_HIEU_DK_74573_A.4 
.................... #BIT G_LCDA       = TIN_HIEU_DK_74573_A.2 
.................... //XXXXXXXXXXXXXXXXXXXXXXXXXXXXXXXXXXXXXXXXXXXX          
.................... #DEFINE     MO_32_LED_DON        G_32A=0; //OUTPUT_LOW(G_32LED)  
.................... #DEFINE     TAT_32_LED_DON       G_32A=1; //OUTPUT_HIGH(G_32LED)  
.................... //XXXXXXXXXXXXXXXXXXXXXXXXXXXXXXXXXXXXXXXXXXXX          
.................... #DEFINE     MO_4_LED_7DOAN       G_4A=0;  //OUTPUT_LOW(G_4LED7DOAN) 
.................... #DEFINE     TAT_4_LED_7DOAN      G_4A=1;  //OUTPUT_HIGH(G_4LED7DOAN) 
.................... //XXXXXXXXXXXXXXXXXXXXXXXXXXXXXXXXXXXXXXXXXXXX  
.................... #DEFINE     MO_GLCD_LCD           G_LCDA=0;   //OUTPUT_LOW(G_LCD20X4) 
.................... #DEFINE     TAT_GLCD_LCD          G_LCDA=1;   // OUTPUT_LOW(G_LCD20X4) 
....................  
.................... UNSIGNED INT8 TIN_HIEU_DK_74573_B;   
.................... #BIT G_MTB        = TIN_HIEU_DK_74573_B.6 
.................... #BIT G_8B         = TIN_HIEU_DK_74573_B.4 
.................... #BIT G_RBDCB      = TIN_HIEU_DK_74573_B.2 
.................... //XXXXXXXXXXXXXXXXXXXXXXXXXXXXXXXXXXXXXXXXXXXX  
.................... #DEFINE     MO_LED_MATRAN        G_MTB=0; //OUTPUT_LOW(G_MATRANLED) 
.................... #DEFINE     TAT_LED_MATRAN       G_MTB=1; //OUTPUT_LOW(G_MATRANLED) 
.................... //XXXXXXXXXXXXXXXXXXXXXXXXXXXXXXXXXXXXXXXXXXXX        
.................... #DEFINE     MO_8_LED_QUET        G_8B=0;  //OUTPUT_LOW(G_8LEDQUET) 
.................... #DEFINE     TAT_8_LED_QUET       G_8B=1;  //OUTPUT_LOW(G_8LEDQUET) 
.................... //XXXXXXXXXXXXXXXXXXXXXXXXXXXXXXXXXXXXXXXXXXXX          
.................... #DEFINE     MO_RELAY_BUZZER_DC   G_RBDCB=0;  //OUTPUT_LOW(G_BUZERELAY) 
.................... #DEFINE     TAT_RELAY_BUZZER_DC  G_RBDCB=1;  //OUTPUT_LOW(G_BUZERELAY) 
....................  
.................... //XXXXXXXXXXXXXXXXXXXXXXXXXXXXXXXXXXXXXXXXXXXX 
.................... //CHUONG TRINH KIEM TRA PHIM BT1 
.................... //XXXXXXXXXXXXXXXXXXXXXXXXXXXXXXXXXXXXXXXXXXXX 
.................... UNSIGNED INT8 DL_BTN=0; 
.................... INT1 PHIM_BT0(UNSIGNED INT16 DL) 
.................... {   
....................     IF (!INPUT(BT0)) 
....................     {   
....................       DL_BTN++; 
....................        
....................       IF (DL_BTN>= DL) 
....................          { 
....................             DL_BTN =0; 
....................             RETURN(1); 
....................          } 
....................       ELSE RETURN(0); 
....................     } 
....................     ELSE    RETURN(0); 
.................... }  
.................... //XXXXXXXXXXXXXXXXXXXXXXXXXXXXXXXXXXXXXXXXXXXX 
.................... //CHUONG TRINH KIEM TRA PHIM BT1 
.................... //XXXXXXXXXXXXXXXXXXXXXXXXXXXXXXXXXXXXXXXXXXXX 
.................... INT1 PHIM_BT1(UNSIGNED INT16 DL ) 
.................... {   
....................     IF (!INPUT(BT1)) 
....................     {   
....................       DL_BTN++; 
....................        
....................       IF (DL_BTN>= DL) 
....................          { 
....................             DL_BTN =0; 
....................             RETURN(1); 
....................          } 
....................       ELSE RETURN(0); 
....................     } 
....................     ELSE    RETURN(0); 
.................... }  
.................... //XXXXXXXXXXXXXXXXXXXXXXXXXXXXXXXXXXXXXXXXXXXX 
.................... //CHUONG TRINH KIEM TRA PHIM BT2       
.................... //XXXXXXXXXXXXXXXXXXXXXXXXXXXXXXXXXXXXXXXXXXXX                                     
.................... INT1 PHIM_BT2(UNSIGNED INT16 DL ) 
.................... {                                         
....................     IF (!INPUT(BT2)) 
....................     {   
....................       DL_BTN++; 
....................        
....................       IF (DL_BTN>= DL) 
....................          { 
....................             DL_BTN =0; 
....................             RETURN(1); 
....................          } 
....................       ELSE RETURN(0); 
....................     } 
....................     ELSE    RETURN(0); 
....................                                           
.................... }       
....................  
.................... //XXXXXXXXXXXXXXXXXXXXXXXXXXXXXXXXXXXXXXXXXXXX 
.................... //CHUONG TRINH KIEM TRA PHIM BT3 
.................... //XXXXXXXXXXXXXXXXXXXXXXXXXXXXXXXXXXXXXXXXXXXX 
.................... INT1 PHIM_BT3(UNSIGNED INT16 DL,  UNSIGNED INT8 SOLAN  ) 
.................... {   
....................     IF (!INPUT(BT3)) 
....................     {   
....................       DL_BTN++; 
....................       IF(DL_BTN==1) RETURN(1); 
....................       ELSE 
....................       { 
....................          IF (DL_BTN>= DL) 
....................          DL_BTN =SOLAN; 
....................       } 
....................     } 
....................     ELSE    
....................     { 
....................       //DL_BTN =0; 
....................       RETURN(0); 
....................     } 
.................... }  
.................... //XXXXXXXXXXXXXXXXXXXXXXXXXXXXXXXXXXXXXXXXXXXX 
.................... //KHAI BAO DU LIEU 16 BIT CHO MODULE RELAY, TRIAC, BUZZER, DONG CO 
.................... //XXXXXXXXXXXXXXXXXXXXXXXXXXXXXXXXXXXXXXXXXXXX 
.................... UNSIGNED INT16 RBDC; 
.................... #BIT STEP_MOTOR_ENABLE  = RBDC.0    //1=ENA,0=DIS 
.................... #BIT STEP_MOTOR_IN1     = RBDC.1     
.................... #BIT STEP_MOTOR_IN2     = RBDC.2 
.................... #BIT STEP_MOTOR_IN3     = RBDC.3 
.................... #BIT STEP_MOTOR_IN4     = RBDC.4 
.................... #BIT DC_ENABLE          = RBDC.5    //1=ENA,0=DIS 
.................... #BIT PWRKEY             = RBDC.6    //KHOI TAO SIM900 
....................  
.................... #BIT BUZZER             = RBDC.8    //1=ON,0=OFF 
.................... #BIT TRIAC_1            = RBDC.9    //1=ON,0=OFF 
.................... #BIT TRIAC_2            = RBDC.10   //1=ON,0=OFF 
.................... #BIT RELAY_1            = RBDC.11   //0=ON,1=OFF 
.................... #BIT RELAY_2            = RBDC.12   //0=ON,1=OFF 
....................  
.................... //HAM 103 
.................... //XXXXXXXXXXXXXXXXXXXXXXXXXXXXXXXXXXXXXXXXXXXX 
.................... //CHUONG TRINH CON KHOI TAO IC CHOT 
.................... //XXXXXXXXXXXXXXXXXXXXXXXXXXXXXXXXXXXXXXXXXXXX          
.................... #DEFINE     CHO_IC_74573_A_GOI_DU_LIEU     OUTPUT_HIGH(ENABLE_573A) 
.................... #DEFINE     CHOT_IC_74573_A_GOI_DU_LIEU    OUTPUT_LOW(ENABLE_573A) 
....................  
.................... #DEFINE     CHO_IC_74573_B_GOI_DU_LIEU     OUTPUT_HIGH(ENABLE_573B) 
.................... #DEFINE     CHOT_IC_74573_B_GOI_DU_LIEU    OUTPUT_LOW(ENABLE_573B) 
.................... VOID MO_IC_74573_A_THONG_DL(); 
....................  
.................... //XXXXXXXXXXXXXXXXXXXXXXXXXXXXXXXXXXXXXXXXXXXX    
.................... CONST UNSIGNED CHAR MA7DOAN[16]= {0XC0,0XF9,0xA4,0XB0,0X99,0X92,0X82,0XF8, 
.................... 0X80,0X90,0x88, 0x83, 0xC6, 0xA1, 0x86, 0x8E}; 
.................... #DEFINE     MASO0    0XC0 
.................... #DEFINE     MASO1    0XF9 
.................... #DEFINE     MASO2    0XA4 
.................... #DEFINE     MASO3    0XB0 
.................... #DEFINE     MASO4    0X99 
.................... #DEFINE     MASO5    0X92 
.................... #DEFINE     MASO6    0X82 
.................... #DEFINE     MASO7    0XF8 
....................  
.................... //XXXXXXXXXXXXXXXXXXXXXXXXXXXXXXXXXXXXXXXXXXXX  
.................... //HAM 102 
.................... //XXXXXXXXXXXXXXXXXXXXXXXXXXXXXXXXXXXXXXXXXXXX     
.................... //XUAT 1 BYTE RA THANH GHI DICH 
.................... //XXXXXXXXXXXXXXXXXXXXXXXXXXXXXXXXXXXXXXXXXXXX     
.................... VOID XUAT_1BYTE(UNSIGNED INT8 BYTEXUAT) 
.................... { 
....................    UNSIGNED INT8   SB,X;    
....................    #BIT BSERI  = X.7 
....................    X = BYTEXUAT; 
*
005E:  MOVFF  424,426
....................    FOR (SB=0;SB<8;SB++) 
0062:  MOVLB  4
0064:  CLRF   x25
0066:  MOVF   x25,W
0068:  SUBLW  07
006A:  BNC   0088
....................       {                                                  
....................          OUTPUT_BIT(SSDO,BSERI);     
006C:  BTFSC  x26.7
006E:  BRA    0074
0070:  BCF    F8D.2
0072:  BRA    0076
0074:  BSF    F8D.2
0076:  BCF    F96.2
....................          OUTPUT_LOW(SSCK); OUTPUT_HIGH(SSCK); 
0078:  BCF    F96.0
007A:  BCF    F8D.0
007C:  BCF    F96.0
007E:  BSF    F8D.0
....................          X= X<<1;          
0080:  BCF    FD8.0
0082:  RLCF   x26,F
0084:  INCF   x25,F
0086:  BRA    0066
....................      } 
0088:  MOVLB  0
008A:  RETURN 0
.................... } 
.................... //XXXXXXXXXXXXXXXXXXXXXXXXXXXXXXXXXXXXXXXXXXXX  
.................... //HAM 301 
.................... //XXXXXXXXXXXXXXXXXXXXXXXXXXXXXXXXXXXXXXXXXXXX 
.................... //CHUONG TRINH CON XUAT 4 BYTE RA 32 LED DON 
.................... //XXXXXXXXXXXXXXXXXXXXXXXXXXXXXXXXXXXXXXXXXXXX 
.................... VOID XUAT_32LED_DON_4BYTE(UNSIGNED INT8 BLD3,BLD2,BLD1,BLD0) 
.................... {      
....................       XUAT_1BYTE(BLD3);           
....................       XUAT_1BYTE(BLD2); 
....................       XUAT_1BYTE(BLD1);           
....................       XUAT_1BYTE(BLD0);             
....................       MO_32_LED_DON;       
....................       MO_IC_74573_A_THONG_DL();             
....................       OUTPUT_HIGH(RCK_32LED);    OUTPUT_LOW(RCK_32LED); 
....................       CHOT_IC_74573_A_GOI_DU_LIEU;       
.................... } 
.................... //HAM 302 
.................... //XXXXXXXXXXXXXXXXXXXXXXXXXXXXXXXXXXXXXXXXXXXX 
.................... //CHUONG TRINH CON XUAT 2 WORD 16 BITRA 32 LED DON 
.................... //XXXXXXXXXXXXXXXXXXXXXXXXXXXXXXXXXXXXXXXXXXXX 
.................... VOID XUAT_32LED_DON_2WORD(UNSIGNED INT16 WLD1, UNSIGNED INT16 WLD0) 
.................... {      
....................      UNSIGNED INT8  B3,B2,B1,B0; 
....................      B3 = WLD1>>8;  B2 = WLD1;  
....................      B1 = WLD0>>8;  B0 = WLD0; 
....................      XUAT_32LED_DON_4BYTE(B3,B2,B1,B0); 
.................... } 
.................... //HAM 303 
.................... //XXXXXXXXXXXXXXXXXXXXXXXXXXXXXXXXXXXXXXXXXXXX 
.................... //CHUONG TRINH CON XUAT 1 DOUBLE WORD RA 32 LED DON 
.................... //XXXXXXXXXXXXXXXXXXXXXXXXXXXXXXXXXXXXXXXXXXXX 
.................... VOID XUAT_32LED_DON_1DW(UNSIGNED LONG LONG DWLD) 
.................... {      
....................      UNSIGNED INT16  WD1,WD0; 
....................      WD1 = DWLD>>16;  WD0 = DWLD; 
....................      XUAT_32LED_DON_2WORD(WD1,WD0); 
.................... } 
....................  
.................... //HAM 304 
.................... //XXXXXXXXXXXXXXXXXXXXXXXXXXXXXXXXXXXXXXXXXXXX 
.................... //CHUONG TRINH CON MO 32 LED DON SANG 
.................... //XXXXXXXXXXXXXXXXXXXXXXXXXXXXXXXXXXXXXXXXXXXX 
.................... VOID MO_32LED_DON() 
.................... {         
....................      XUAT_32LED_DON_1DW(0XFFFFFFFF); 
.................... } 
.................... //HAM 305 
.................... //XXXXXXXXXXXXXXXXXXXXXXXXXXXXXXXXXXXXXXXXXXXX 
.................... //CHUONG TRINH CON TAT 32 LED DON  
.................... //XXXXXXXXXXXXXXXXXXXXXXXXXXXXXXXXXXXXXXXXXXXX 
.................... VOID TAT_32LED_DON() 
.................... {         
....................      XUAT_32LED_DON_1DW(0); 
.................... } 
.................... //XXXXXXXXXXXXXXXXXXXXXXXXXXXXXXXXXXXXXXXXXXXX     
.................... //XUAT 1 BIT ROI TRA LAI KET QUA SAU KHI DICH DI 1 BIT 
.................... //XXXXXXXXXXXXXXXXXXXXXXXXXXXXXXXXXXXXXXXXXXXX     
.................... UNSIGNED  INT8 XUAT_1BIT(UNSIGNED INT8 BYTEXUAT) 
.................... { 
....................       UNSIGNED INT8   XBITX;    
....................       #BIT BSERIX  = XBITX.0 
....................       XBITX = BYTEXUAT; 
....................                                              
....................       OUTPUT_BIT(SSDO,BSERIX);     
....................       OUTPUT_LOW(SSCK); OUTPUT_HIGH(SSCK); 
....................       XBITX= XBITX>>1;    
....................       RETURN(XBITX);   
.................... } 
.................... //XXXXXXXXXXXXXXXXXXXXXXXXXXXXXXXXXXXXXXXXXXXX  
.................... //HAM 101 
.................... //XXXXXXXXXXXXXXXXXXXXXXXXXXXXXXXXXXXXXXXXXXXX     
.................... //HAM KHOI TAO CAC PORT VA IC CHOT 
.................... //XXXXXXXXXXXXXXXXXXXXXXXXXXXXXXXXXXXXXXXXXXXX     
.................... VOID SET_UP_PORT_IC_CHOT() 
.................... {      
....................       SET_TRIS_D(0x00);     
*
0040:  MOVLW  00
0042:  MOVWF  F95
....................       SET_TRIS_E(0X00); 
0044:  MOVWF  F96
....................       OUTPUT_D(0XFF); 
0046:  CLRF   F95
0048:  SETF   F8C
....................       TIN_HIEU_DK_74573_A=0XFF;   
004A:  SETF   04
....................       TIN_HIEU_DK_74573_B=0XFF;       
004C:  SETF   05
....................       CHOT_IC_74573_A_GOI_DU_LIEU; 
004E:  BCF    F95.1
0050:  BCF    F8C.1
....................       CHOT_IC_74573_B_GOI_DU_LIEU;   
0052:  BCF    F95.0
0054:  BCF    F8C.0
....................       RBDC=0; 
0056:  CLRF   08
0058:  CLRF   07
005A:  GOTO   01FE (RETURN)
.................... } 
.................... //HAM 104 
.................... //XXXXXXXXXXXXXXXXXXXXXXXXXXXXXXXXXXXXXXXXXXXX     
.................... //XUAT CÁC THIEU DIEU KHIEN  
.................... //GIU NGUYEN CAC TRANG THAI CUA 2 MODULE KHAC 
.................... //XXXXXXXXXXXXXXXXXXXXXXXXXXXXXXXXXXXXXXXXXXXX     
.................... VOID MO_IC_74573_A_THONG_DL() 
.................... {      
....................       OUTPUT_D(0X00); 
*
008C:  CLRF   F95
008E:  CLRF   F8C
....................       OUTPUT_BIT(G_32LED,G_32A); 
0090:  BTFSC  04.4
0092:  BRA    0098
0094:  BCF    F8C.4
0096:  BRA    009A
0098:  BSF    F8C.4
009A:  BCF    F95.4
....................       OUTPUT_BIT(G_4LED7DOAN,G_4A); 
009C:  BTFSC  04.6
009E:  BRA    00A4
00A0:  BCF    F8C.6
00A2:  BRA    00A6
00A4:  BSF    F8C.6
00A6:  BCF    F95.6
....................       OUTPUT_BIT(G_LCD20X4,G_LCDA);   
00A8:  BTFSC  04.2
00AA:  BRA    00B0
00AC:  BCF    F8C.2
00AE:  BRA    00B2
00B0:  BSF    F8C.2
00B2:  BCF    F95.2
....................       CHO_IC_74573_A_GOI_DU_LIEU; 
00B4:  BCF    F95.1
00B6:  BSF    F8C.1
00B8:  GOTO   00D8 (RETURN)
.................... } 
.................... VOID MO_IC_74573_B_THONG_DL() 
.................... {      
....................       OUTPUT_D(0X00); 
....................       OUTPUT_BIT(G_MATRANLED,G_MTB); 
....................       OUTPUT_BIT(G_8LEDQUET,G_8B); 
....................       OUTPUT_BIT(G_BUZERELAY,G_RBDCB);  
....................       CHO_IC_74573_B_GOI_DU_LIEU; 
.................... } 
.................... //ham 401 
.................... //XXXXXXXXXXXXXXXXXXXXXXXXXXXXXXXXXXXXXXXXXXXX 
.................... //CHUONG TRINH CON XUAT 4 BYTE RA 4 LED 7 DOAN 
.................... //XXXXXXXXXXXXXXXXXXXXXXXXXXXXXXXXXXXXXXXXXXXX 
.................... VOID XUAT_4LED_7DOAN_4SO(UNSIGNED INT BL743,BL742,BL741,BL740) 
.................... {      
....................       XUAT_1BYTE(BL740);   XUAT_1BYTE(BL741); 
....................       XUAT_1BYTE(BL742);   XUAT_1BYTE(BL743); 
....................        
....................       MO_4_LED_7DOAN; 
....................       MO_IC_74573_A_THONG_DL(); 
....................         
....................       OUTPUT_LOW(RCK_4LED7DOAN);   OUTPUT_HIGH(RCK_4LED7DOAN);  
....................       CHOT_IC_74573_A_GOI_DU_LIEU; 
.................... } 
.................... //ham 404 
.................... VOID XUAT_4LED_7DOAN_3SO(UNSIGNED INT BL742,BL741,BL740) 
.................... {      
....................      XUAT_4LED_7DOAN_4SO(0XFF,BL742,BL741,BL740); 
.................... } 
.................... //ham 403 
.................... VOID XUAT_4LED_7DOAN_2SO(UNSIGNED INT BL741,BL740) 
.................... {      
....................      XUAT_4LED_7DOAN_4SO(0XFF,0XFF,BL741,BL740); 
.................... } 
.................... //ham 402 
.................... VOID XUAT_4LED_7DOAN_1SO(UNSIGNED INT BL740) 
.................... {      
....................      XUAT_4LED_7DOAN_4SO(0XFF,0XFF,0XFF,BL740); 
.................... } 
....................  
.................... //ham 405 
.................... //XXXXXXXXXXXXXXXXXXXXXXXXXXXXXXXXXXXXXXXXXXXXXXXXXXXXXXXXXXXXX 
.................... //CHUONG TRINH CON HIEN THI DU LIEU 16 BIT TREN 4 LED 7 DOAN 
.................... //XXXXXXXXXXXXXXXXXXXXXXXXXXXXXXXXXXXXXXXXXXXXXXXXXXXXXXXXXXXXX 
.................... UNSIGNED CHAR DONVI4,CHUC4,TRAM4,NGAN4; 
.................... VOID  XUAT_4LED_7DOAN_GIAIMA_XOA_SO0 (UNSIGNED INT16 TAM) 
.................... {          
....................       DONVI4 = MA7DOAN[TAM %10];          
....................       CHUC4  = MA7DOAN[TAM/10%10]; 
....................       TRAM4  = MA7DOAN[TAM/100%10];  
....................       NGAN4  = MA7DOAN[TAM/1000%10];        
....................       IF (NGAN4==0XC0) 
....................       { 
....................          NGAN4=0XFF; 
....................          IF (TRAM4==0XC0) 
....................          { 
....................             TRAM4=0XFF; 
....................             IF (CHUC4==0XC0)   CHUC4=0XFF; 
....................          } 
....................       } 
....................       XUAT_4LED_7DOAN_4SO(NGAN4,TRAM4,CHUC4,DONVI4);    
.................... } 
.................... UNSIGNED INT8 LCDDATA=0;  
.................... UNSIGNED INT8 LCDCONTROL=0; 
.................... UNSIGNED INT8 GLCDDATA=0; 
.................... UNSIGNED INT8 GLCDCONTROL=0;  
.................... //HAM 701 
.................... //XXXXXXXXXXXXXXXXXXXXXXXXXXXXXXXXXXXXXXXXXXXXXXXXXXXXXXXXXXXXX 
.................... //CHUONG TRINH CON XUAT DU LIEU 4 BYTE RA GLCD VA LCD 
.................... //XXXXXXXXXXXXXXXXXXXXXXXXXXXXXXXXXXXXXXXXXXXXXXXXXXXXXXXXXXXXX 
.................... VOID XUAT_GLCD_LCD() 
.................... {       
....................     XUAT_1BYTE(GLCDCONTROL);              
00BC:  MOVFF  10,424
00C0:  RCALL  005E
....................     XUAT_1BYTE(GLCDDATA); 
00C2:  MOVFF  0F,424
00C6:  RCALL  005E
....................     XUAT_1BYTE(LCDCONTROL);        
00C8:  MOVFF  0E,424
00CC:  RCALL  005E
....................     XUAT_1BYTE(LCDDATA);       
00CE:  MOVFF  0D,424
00D2:  RCALL  005E
....................        
....................     MO_GLCD_LCD; 
00D4:  BCF    04.2
....................     MO_IC_74573_A_THONG_DL();             
00D6:  BRA    008C
....................     OUTPUT_HIGH(RCK_LCD20X4);      
00D8:  BCF    F95.3
00DA:  BSF    F8C.3
....................     OUTPUT_LOW(RCK_LCD20X4); 
00DC:  BCF    F95.3
00DE:  BCF    F8C.3
....................     CHOT_IC_74573_A_GOI_DU_LIEU; 
00E0:  BCF    F95.1
00E2:  BCF    F8C.1
00E4:  GOTO   00FA (RETURN)
.................... } 
.................... //HAM 702 
.................... VOID XUAT_LCD20X4(UNSIGNED INT8 LCD_SIGNAL,LCD_INS_HTHI) 
.................... {      
....................     LCDCONTROL = ~LCD_SIGNAL; 
....................     LCDDATA    = ~LCD_INS_HTHI;       
....................     XUAT_GLCD_LCD(); 
.................... } 
.................... //HAM 703 
.................... VOID XUAT_GLCD128X64(UNSIGNED INT8 GLCD_SIGNAL,GLCD_INS_HTHI) 
.................... {      
....................     GLCDCONTROL = ~GLCD_SIGNAL; 
00E8:  MOVLB  4
00EA:  MOVFF  422,10
00EE:  COMF   10,F
....................     GLCDDATA    = ~GLCD_INS_HTHI;      
00F0:  MOVFF  423,0F
00F4:  COMF   0F,F
....................     XUAT_GLCD_LCD(); 
00F6:  MOVLB  0
00F8:  BRA    00BC
00FA:  RETURN 0
.................... } 
.................... //HAM 501 
.................... //XXXXXXXXXXXXXXXXXXXXXXXXXXXXXXXXXXXXXXXXXXXX 
.................... //CHUONG TRINH CON XUAT 2 BYTE RA DK 1 LED QUET SANG 
.................... //XXXXXXXXXXXXXXXXXXXXXXXXXXXXXXXXXXXXXXXXXXXX 
.................... VOID XUAT_8LED_7DOAN_QUET_1(UNSIGNED INT MA,SO_HTHI) 
.................... {      
....................       XUAT_1BYTE(~MA);   XUAT_1BYTE(~SO_HTHI); 
....................        
....................       MO_8_LED_QUET; 
....................       MO_IC_74573_B_THONG_DL(); 
....................        
....................       OUTPUT_HIGH(RCK_8LEDQUET); OUTPUT_LOW(RCK_8LEDQUET); 
....................       CHOT_IC_74573_B_GOI_DU_LIEU; 
.................... } 
.................... //HAM 502 
.................... //XXXXXXXXXXXXXXXXXXXXXXXXXXXXXXXXXXXXXXXXXXXX 
.................... //CHUONG TRINH CON XUAT 2 BYTE RA TAT 8 LED QUET 
.................... //XXXXXXXXXXXXXXXXXXXXXXXXXXXXXXXXXXXXXXXXXXXX 
.................... VOID XUAT_8LED_7DOAN_QUET_TAT_LED() 
.................... { 
....................    XUAT_8LED_7DOAN_QUET_1(0XFF,0XFF); 
.................... } 
.................... //HAM 503 
.................... //XXXXXXXXXXXXXXXXXXXXXXXXXXXXXXXXXXXXXXXXXXXX 
.................... //CHUONG TRINH CON HIEN THI LED THEO THU TU 
.................... //XXXXXXXXXXXXXXXXXXXXXXXXXXXXXXXXXXXXXXXXXXXX 
.................... CONST UNSIGNED CHAR TTLEDQUET[8]= {0x7F,0xBF,0xDF,0xEF,0xF7,0xFB,0xFD,0xFE}; 
.................... VOID XUAT_8LED_7DOAN_QUET_2(UNSIGNED INT THUTULED,SO_HTHI) 
.................... {          
....................       XUAT_1BYTE(~ (TTLEDQUET[THUTULED]));   XUAT_1BYTE(~SO_HTHI);      
....................       MO_8_LED_QUET; 
....................       MO_IC_74573_B_THONG_DL(); 
....................       OUTPUT_HIGH(RCK_8LEDQUET); OUTPUT_LOW(RCK_8LEDQUET); 
....................       CHOT_IC_74573_B_GOI_DU_LIEU; 
.................... } 
.................... //HAM 504 
.................... //XXXXXXXXXXXXXXXXXXXXXXXXXXXXXXXXXXXXXXXXXXXX 
.................... //CHUONG TRINH CON HIEN THI 8 SO TREN 8 LED QUET - CO KIEM TRA 
.................... //XXXXXXXXXXXXXXXXXXXXXXXXXXXXXXXXXXXXXXXXXXXX 
.................... UNSIGNED INT8 LED_7DQ[8]={0XFF,0XFF,0XFF,0XFF,0XFF,0XFF,0XFF,0XFF}; 
.................... UNSIGNED INT8 TT8LED=0; 
.................... VOID HIEN_THI_8LED_7DOAN_QUET() 
.................... {      
....................       FOR(TT8LED=0;TT8LED<8;TT8LED++) 
....................          IF (LED_7DQ[TT8LED]!=0XFF) 
....................          {            
....................             XUAT_8LED_7DOAN_QUET_2(TT8LED, LED_7DQ[TT8LED]); 
....................             DELAY_US(100); 
....................             XUAT_8LED_7DOAN_QUET_TAT_LED();            
....................             } 
.................... } 
.................... //HAM 505 
.................... //XXXXXXXXXXXXXXXXXXXXXXXXXXXXXXXXXXXXXXXXXXXX 
.................... //CHUONG TRINH CON HIEN THI 8 SO TREN 8 LED QUET - KHONG KIEM TRA 
.................... //XXXXXXXXXXXXXXXXXXXXXXXXXXXXXXXXXXXXXXXXXXXX 
.................... VOID HIEN_THI_8LED_7DOAN_QUET_ALL() 
.................... {      
....................       FOR(TT8LED=0;TT8LED<8;TT8LED++)          
....................          {            
....................             XUAT_8LED_7DOAN_QUET_2(TT8LED, LED_7DQ[TT8LED]); 
....................             DELAY_US(100); 
....................             XUAT_8LED_7DOAN_QUET_TAT_LED();            
....................             } 
.................... } 
....................  
.................... VOID DELAY_QUET_8LED(UNSIGNED INT16 DL) 
.................... {  
....................       UNSIGNED INT8 I; 
....................       FOR (I=0; I<DL;I++) 
....................       HIEN_THI_8LED_7DOAN_QUET_ALL(); 
.................... }  
....................  
.................... VOID GIAI_MA_GAN_CHO_8LED_QUET_16_XOA(UNSIGNED INT16 X) 
.................... {      
....................       LED_7DQ[0]= MA7DOAN [X %10];     
....................       LED_7DQ[1]= MA7DOAN [X/10%10]; 
....................       LED_7DQ[2]= MA7DOAN [X/100%10];     
....................       LED_7DQ[3]= MA7DOAN [X/1000%10]; 
....................       LED_7DQ[4]= MA7DOAN [X/10000%10]; 
....................       IF (LED_7DQ[4]==MASO0)  
....................       { 
....................             LED_7DQ[4]=0XFF; 
....................             IF (LED_7DQ[3]==MASO0)  
....................             { 
....................                LED_7DQ[3]=0XFF; 
....................                IF (LED_7DQ[2]==MASO0)  
....................                { 
....................                   LED_7DQ[2]=0XFF; 
....................                   IF (LED_7DQ[1]==MASO0)  
....................                   { 
....................                      LED_7DQ[1]=0XFF; 
....................                   } 
....................                } 
....................             } 
....................       } 
....................              
.................... } 
.................... //XXXXXXXXXXXXXXXXXXXXXXXXXXXXXXXXXXXXXXXXXXXX          
.................... VOID XUAT_2BYTE(UNSIGNED INT16 BYTE2XUAT) 
.................... { 
....................    INT8 SBB; 
....................    UNSIGNED INT16   XX;   //SHORT  BSERI; 
....................    #BIT BSERIX  = XX.15 
....................    XX = BYTE2XUAT; 
....................    FOR (SBB=0;SBB<16;SBB++) 
....................       {                                                  
....................          OUTPUT_BIT(SSDO,BSERIX);     
....................          OUTPUT_LOW(SSCK);          
....................          OUTPUT_HIGH(SSCK); 
....................          XX= XX<<1;          
....................      } 
.................... } 
.................... //XXXXXXXXXXXXXXXXXXXXXXXXXXXXXXXXXXXXXXXXXXXX 
.................... //CHUONG TRINH CON XUAT RA LED MA TRAN 
.................... //XXXXXXXXXXXXXXXXXXXXXXXXXXXXXXXXXXXXXXXXXXXX 
.................... VOID XUAT_MATRANLED(UNSIGNED INT16 MAHANG,UNSIGNED INT16 MACOT1, 
.................... UNSIGNED INT16 MACOT2,UNSIGNED INT16 MACOT3) 
.................... {       
....................       XUAT_2BYTE(MACOT3); 
....................       XUAT_2BYTE(MACOT2); 
....................       XUAT_2BYTE(MACOT1); 
....................       XUAT_2BYTE(MAHANG); 
....................        
....................       MO_LED_MATRAN; 
....................       MO_IC_74573_B_THONG_DL(); 
....................        
....................       OUTPUT_HIGH(RCK_MATRANLED); OUTPUT_LOW(RCK_MATRANLED);  
....................       CHOT_IC_74573_B_GOI_DU_LIEU; 
.................... } 
.................... //XXXXXXXXXXXXXXXXXXXXXXXXXXXXXXXXXXXXXXXXXXXX 
.................... //CHUONG TRINH CON XUAT RA LED MA TRAN 
.................... //XXXXXXXXXXXXXXXXXXXXXXXXXXXXXXXXXXXXXXXXXXXX 
.................... VOID TAT_MATRANLED() 
.................... {       
....................       XUAT_2BYTE(0); 
....................       XUAT_2BYTE(0); 
....................       XUAT_2BYTE(0); 
....................       XUAT_2BYTE(0);            
....................       OUTPUT_HIGH(RCK_MATRANLED);  
....................       OUTPUT_LOW(RCK_MATRANLED); 
.................... } 
.................... UNSIGNED  INT8 HIEU_CHINH_4BIT_CAO(UNSIGNED INT8 XZY) 
.................... { 
....................       INT1  BTG; 
....................       UNSIGNED INT8   BX;    
....................       #BIT BIT4  = BX.4 
....................       #BIT BIT5  = BX.5 
....................       #BIT BIT6  = BX.6 
....................       #BIT BIT7  = BX.7 
....................       BX=XZY; 
....................       BTG=BIT4;   BIT4=BIT7;  BIT7=BTG; 
....................       BTG=BIT5;   BIT5=BIT6;  BIT6=BTG;       
....................       RETURN(BX);   
.................... } 
.................... //HAM 601 
.................... //XXXXXXXXXXXXXXXXXXXXXXXXXXXXXXXXXXXXXXXXXXXXXXXXXXXX 
.................... //MODULE DIEU KHIEN RELAY,TRIAC, BUZZER, DONG CO, SIM 
.................... //XXXXXXXXXXXXXXXXXXXXXXXXXXXXXXXXXXXXXXXXXXXXXXXXXXXX 
.................... VOID XUAT_BUZZER_RELAY() 
.................... {      
....................    UNSIGNED INT8 RBDC1,RBDC2; 
....................       RBDC1=RBDC; RBDC2=RBDC>>8;       
....................       XUAT_1BYTE(RBDC2);       
....................       XUAT_1BYTE(RBDC1); 
....................       MO_RELAY_BUZZER_DC; 
....................       MO_IC_74573_B_THONG_DL(); 
....................        
....................       OUTPUT_HIGH(RCK_BUZERELAY);   OUTPUT_LOW(RCK_BUZERELAY); 
....................       CHOT_IC_74573_B_GOI_DU_LIEU; 
.................... } 
.................... //HAM 602 
.................... //XXXXXXXXXXXXXXXXXXXXXXXXXXXXXXXXXXXXXXXXXXXXXXXXXXXX 
.................... VOID BUZZER_ON() 
.................... {     
....................       BUZZER=1; 
....................       XUAT_BUZZER_RELAY();          
.................... } 
.................... //HAM 603 
.................... //XXXXXXXXXXXXXXXXXXXXXXXXXXXXXXXXXXXXXXXXXXXXXXXXXXXX 
.................... VOID BUZZER_OFF() 
.................... {      
....................       BUZZER=0; 
....................       XUAT_BUZZER_RELAY(); 
.................... } 
.................... //HAM 604 
.................... //XXXXXXXXXXXXXXXXXXXXXXXXXXXXXXXXXXXXXXXXXXXXXXXXXXXX 
.................... VOID RELAY_1_ON() 
.................... {     
....................       RELAY_1=1; 
....................       XUAT_BUZZER_RELAY();          
.................... } 
.................... //HAM 603 
.................... //XXXXXXXXXXXXXXXXXXXXXXXXXXXXXXXXXXXXXXXXXXXXXXXXXXXX 
.................... VOID RELAY_1_OFF() 
.................... {     
....................       RELAY_1=0; 
....................       XUAT_BUZZER_RELAY();          
.................... } 
.................... //HAM 604 
.................... //XXXXXXXXXXXXXXXXXXXXXXXXXXXXXXXXXXXXXXXXXXXXXXXXXXXX 
.................... VOID RELAY_2_ON() 
.................... {     
....................       RELAY_2=1; 
....................       XUAT_BUZZER_RELAY();          
.................... } 
.................... //HAM 607 
.................... //XXXXXXXXXXXXXXXXXXXXXXXXXXXXXXXXXXXXXXXXXXXXXXXXXXXX 
.................... VOID RELAY_2_OFF() 
.................... {     
....................       RELAY_2=0; 
....................       XUAT_BUZZER_RELAY();          
.................... } 
.................... //HAM 608 
.................... //XXXXXXXXXXXXXXXXXXXXXXXXXXXXXXXXXXXXXXXXXXXXXXXXXXXX 
.................... VOID RELAY_1_RELAY_2_ON() 
.................... {     
....................       RELAY_1=1;  RELAY_2=1; 
....................       XUAT_BUZZER_RELAY();          
.................... } 
.................... //HAM 609 
.................... //XXXXXXXXXXXXXXXXXXXXXXXXXXXXXXXXXXXXXXXXXXXXXXXXXXXX 
.................... VOID RELAY_1_RELAY_2_OFF() 
.................... {     
....................       RELAY_1=0;  RELAY_2=0; 
....................       XUAT_BUZZER_RELAY();          
.................... } 
.................... //HAM 610 
.................... //XXXXXXXXXXXXXXXXXXXXXXXXXXXXXXXXXXXXXXXXXXXXXXXXXXXX 
.................... VOID TRIAC_1_ON() 
.................... {     
....................       TRIAC_1=1; 
....................       XUAT_BUZZER_RELAY();          
.................... } 
.................... //HAM 611 
.................... //XXXXXXXXXXXXXXXXXXXXXXXXXXXXXXXXXXXXXXXXXXXXXXXXXXXX 
.................... VOID TRIAC_1_OFF() 
.................... {     
....................       TRIAC_1=0; 
....................       XUAT_BUZZER_RELAY();          
.................... } 
.................... //HAM 612 
.................... //XXXXXXXXXXXXXXXXXXXXXXXXXXXXXXXXXXXXXXXXXXXXXXXXXXXX 
.................... VOID TRIAC_2_ON() 
.................... {     
....................       TRIAC_2=1; 
....................       XUAT_BUZZER_RELAY();          
.................... } 
.................... //HAM 613 
.................... //XXXXXXXXXXXXXXXXXXXXXXXXXXXXXXXXXXXXXXXXXXXXXXXXXXXX 
.................... VOID TRIAC_2_OFF() 
.................... {     
....................       TRIAC_2=0; 
....................       XUAT_BUZZER_RELAY();          
.................... } 
.................... //XXXXXXXXXXXXXXXXXXXXXXXXXXXXXXXXXXXXXXXXXXXX 
....................  
....................  
....................  
.................... #INCLUDE  <TV_PICKIT2_SHIFT_GLCD128X64.C> 
.................... UNSIGNED INT8 GLCD_CONTROL;   
.................... #bit GLCD_P    = GLCD_CONTROL.5 
.................... #bit GLCD_RS   = GLCD_CONTROL.4 
.................... #bit GLCD_RW   = GLCD_CONTROL.3 
.................... #bit GLCD_E    = GLCD_CONTROL.2 
.................... #bit GLCD_CS2  = GLCD_CONTROL.1 
.................... #bit GLCD_CS1  = GLCD_CONTROL.0 
....................  
.................... //#DEFINE GLCD_FUNCTION_SET       0X30 
.................... #DEFINE GLCD_TEXT_MODE          0x30 
.................... #DEFINE GLCD_GRAPHIC_MODE       0x36  
....................  
.................... #DEFINE GLCD_CLEAR_DISPLAY      0X01 
.................... #DEFINE GLCD_CURSOR_DISPLAY     0X0C 
.................... #DEFINE GLCD_ENTRY_MODE         0X06 
....................  
....................  
.................... #DEFINE GLCD_ADDR_LINE1         0X80 
.................... #DEFINE GLCD_ADDR_LINE2         0X90 
.................... #DEFINE GLCD_ADDR_LINE3         0X88 
.................... #DEFINE GLCD_ADDR_LINE4         0X98 
....................  
.................... VOID GLCD_XUAT_8BIT(INT8 GLCD_DATA1) 
.................... { 
....................       GLCD_E=1; XUAT_GLCD128X64(GLCD_CONTROL,GLCD_DATA1);      
00FC:  BSF    1A.2
00FE:  MOVFF  1A,422
0102:  MOVFF  421,423
0106:  RCALL  00E8
....................       GLCD_E=0; XUAT_GLCD128X64(GLCD_CONTROL,GLCD_DATA1);  
0108:  BCF    1A.2
010A:  MOVFF  1A,422
010E:  MOVFF  421,423
0112:  RCALL  00E8
0114:  RETURN 0
.................... } 
....................  
.................... void GLCD_COMMAND(INT8 GLCD_DATA2)    
....................   { 
....................       GLCD_RS = 0; 
0116:  BCF    1A.4
....................       GLCD_XUAT_8BIT(GLCD_DATA2);       
0118:  MOVFF  41F,421
011C:  RCALL  00FC
011E:  RETURN 0
....................   } 
.................... void GLCD_DATA(INT8 GLCD_DATA3)        
....................   { 
....................       GLCD_RS = 1;      
*
01A4:  BSF    1A.4
....................       GLCD_XUAT_8BIT(GLCD_DATA3);      
01A6:  MOVFF  420,421
01AA:  RCALL  00FC
01AC:  GOTO   01C4 (RETURN)
....................   } 
....................    
....................   VOID GLCD_DATA_X(INT8 GLCD_DATA3) 
.................... { 
....................       GLCD_RS = 1;      
....................       GLCD_XUAT_8BIT(0XA1); 
....................       GLCD_XUAT_8BIT(0X40);   
.................... } 
.................... VOID SETUP_GLCD (INT8 GLCD_FUNCTION_SET_MODE) 
.................... {                      
....................          GLCD_CS1 = 1; 
*
014A:  BSF    1A.0
....................          GLCD_CS2 = 1; 
014C:  BSF    1A.1
....................          GLCD_E  = 0; 
014E:  BCF    1A.2
....................          GLCD_RW = 0;           
0150:  BCF    1A.3
....................          GLCD_P =0;          
0152:  BCF    1A.5
....................          GLCD_COMMAND(GLCD_FUNCTION_SET_MODE);          
0154:  MOVFF  41E,41F
0158:  RCALL  0116
....................          DELAY_US(10); 
015A:  MOVLW  10
015C:  MOVWF  00
015E:  DECFSZ 00,F
0160:  BRA    015E
0162:  NOP   
....................          GLCD_COMMAND(GLCD_CURSOR_DISPLAY);        
0164:  MOVLW  0C
0166:  MOVLB  4
0168:  MOVWF  x1F
016A:  MOVLB  0
016C:  RCALL  0116
....................          DELAY_US(10);     
016E:  MOVLW  10
0170:  MOVWF  00
0172:  DECFSZ 00,F
0174:  BRA    0172
0176:  NOP   
....................          GLCD_COMMAND(GLCD_CLEAR_DISPLAY);       
0178:  MOVLW  01
017A:  MOVLB  4
017C:  MOVWF  x1F
017E:  MOVLB  0
0180:  RCALL  0116
....................          DELAY_MS(2); 
0182:  MOVLW  02
0184:  MOVLB  4
0186:  MOVWF  x1F
0188:  MOVLB  0
018A:  BRA    0120
....................          GLCD_COMMAND(GLCD_ENTRY_MODE);       
018C:  MOVLW  06
018E:  MOVLB  4
0190:  MOVWF  x1F
0192:  MOVLB  0
0194:  RCALL  0116
....................          DELAY_US(10);                           
0196:  MOVLW  10
0198:  MOVWF  00
019A:  DECFSZ 00,F
019C:  BRA    019A
019E:  NOP   
01A0:  GOTO   0208 (RETURN)
.................... } 
....................  
.................... #DEFINE GLCD_NGANG     16 //256 PIXEL 
.................... #DEFINE GLCD_DOC       32 //32 HANG 
.................... #DEFINE GLCD_WIDTH     128 //DANH CHO THU VIEN GRAPHIC.C 
.................... int8 DOC, NGANG; 
....................  
.................... typedef union  
.................... {  
....................   unsigned int16 word;  
....................   unsigned int8 nbyte[2];  
.................... } Dots;  
....................  
.................... typedef struct  
.................... {  
....................   int1 refresh;  
....................   Dots PIXEL[GLCD_DOC][GLCD_NGANG];     
....................   } GD_RAM;     
....................  
.................... GD_RAM gdram_vdk;  
....................  
....................  
.................... void GLCD_MAU_NEN(int1 GLCD_COLOR)  
.................... {   
....................   int16 d;  
....................   if(GLCD_COLOR)  d=0xffff; else d=0; 
....................   for (DOC=0; DOC < GLCD_DOC; DOC++)  
....................   {  
....................     for (NGANG=0; NGANG < GLCD_NGANG; NGANG++)  
....................     {  
....................       gdram_vdk.PIXEL[DOC][NGANG].word = d;  
....................     }  
....................   }  
....................   gdram_vdk.refresh = TRUE;  
.................... }  
....................  
.................... void glcd_pixel(int8 x, int8 y, int1 color)  
.................... {  
....................   int8  b;  
....................   if(y>31){x += 128; y-= 32;};  
....................   DOC = y;  
....................   NGANG = x/16;  
....................   b = 15 - (x % 16);  
....................    
....................   if (color == 1) bit_set (gdram_vdk.PIXEL[DOC][NGANG].word, b);  
....................   else bit_clear (gdram_vdk.PIXEL[DOC][NGANG].word, b);  
....................   gdram_vdk.refresh = TRUE;  
.................... }  
....................  
....................  
.................... void GDRAM_VDK_TO_GDRAM_GLCD_ALL()  
.................... {  
....................   if (gdram_vdk.refresh)  
....................   {  
....................     for (DOC = 0; DOC <GLCD_DOC; DOC++)  
....................     {  
....................       GLCD_COMMAND( 0x80 | DOC);   // Set Vertical Address.  
....................       GLCD_COMMAND( 0x80 | 0);   // Set Horizontal Address.  
....................  
....................       for (NGANG=0; NGANG <GLCD_NGANG; NGANG++)  
....................       {  
....................         GLCD_DATA( gdram_vdk.PIXEL[DOC][NGANG].nbyte[1]);   // Write High Byte.  
....................         GLCD_DATA( gdram_vdk.PIXEL[DOC][NGANG].nbyte[0]);   // Write Low Byte.  
....................       }  
....................     }  
....................     gdram_vdk.refresh = FALSE;  
....................   }  
.................... }  
....................  
.................... void GDRAM_VDK_TO_GDRAM_GLCD_AREA (int8 x,int8 y,int8 rong, int8 cao) 
.................... { 
....................   int8 hesox,hesoy;  
....................   if (gdram_vdk.refresh)  
....................   {  
....................       if((x/16)!=(x + rong)/16) 
....................             rong=((rong+15)/16)+1; 
....................       else rong=((rong+15)/16);  
....................        
....................       x = x/16; 
....................       for (DOC = y; DOC <(y+cao); DOC++)  
....................       {  
....................          if(DOC>31) 
....................             {   
....................                hesox = 8+x; 
....................                hesoy = DOC-32; 
....................                } 
....................          else {hesox = x; hesoy = DOC;} 
....................          GLCD_COMMAND( 0x80 |hesoy);    
....................          GLCD_COMMAND( 0x80 |hesox);   
....................        
....................          for (NGANG=hesox; NGANG <(hesox+rong); NGANG++)  
....................          {  
....................             GLCD_DATA( gdram_vdk.PIXEL[hesoy][NGANG].nbyte[1]);   // Write High Byte.  
....................             GLCD_DATA( gdram_vdk.PIXEL[hesoy][NGANG].nbyte[0]);   // Write Low Byte.  
....................          }  
....................        }  
....................     gdram_vdk.refresh = FALSE;  
....................   }       
.................... } 
....................  
....................  
.................... //!const unsigned char Logo_DHSPKTTP []= { 0X00,0X01,0X2E,0X00,0X39,0X00, 
.................... //!0X00,0X00,0X00,0X00,0X00,0X00,0X00,0X00,0X00,0X00,0X00,0X00,0X00,0X00,0X00,0X00, 
.................... //!0X00,0X00,0X00,0X00,0X00,0X00,0X00,0X00,0X00,0X00,0X00,0X00,0X00,0X00,0X00,0X00, 
.................... //!0X00,0X00,0X00,0X00,0X00,0X00,0X00,0X00,0X00,0X00,0X00,0X00,0X02,0X00,0X00,0X00, 
.................... //!0X00,0X00,0X02,0X00,0X00,0X00,0X00,0X00,0X02,0X04,0X00,0X00,0X00,0X01,0X02,0X0C, 
.................... //!0X00,0X00,0X00,0X01,0X82,0X0C,0X00,0X00,0X00,0X00,0X80,0X08,0X00,0X00,0X00,0X00, 
.................... //!0X80,0X00,0X00,0X00,0X00,0X00,0X0F,0X80,0X00,0X00,0X00,0X00,0X3F,0XC0,0X00,0X00, 
.................... //!0X00,0X70,0X70,0X70,0X70,0X00,0X00,0X38,0XC8,0X18,0XE0,0X00,0X00,0X18,0XD8,0X18, 
.................... //!0XC0,0X00,0X00,0X01,0XB0,0X0C,0X00,0X00,0X00,0X01,0XA0,0X0C,0X00,0X00,0X00,0X01, 
.................... //!0X60,0X0C,0X00,0X00,0X00,0X01,0X00,0X04,0X00,0X00,0X00,0X01,0X00,0X04,0X00,0X00, 
.................... //!0X00,0X31,0X00,0X04,0X00,0X00,0X00,0X79,0X80,0X0C,0XF0,0X00,0X00,0X71,0X80,0X0C, 
.................... //!0X70,0X00,0X00,0X01,0X80,0X0C,0X00,0X00,0X00,0X00,0XC0,0X18,0X00,0X00,0X00,0X00, 
.................... //!0XC0,0X18,0X00,0X00,0X00,0X00,0X60,0X30,0X00,0X00,0X00,0X00,0X60,0X30,0X00,0X00, 
.................... //!0X00,0X00,0X20,0X20,0X00,0X00,0X00,0X00,0X30,0X60,0X00,0X00,0X00,0X00,0X30,0X60, 
.................... //!0X00,0X00,0X00,0X00,0X3F,0XE0,0X00,0X00,0X00,0X00,0X3F,0XE0,0X00,0X00,0X00,0X00, 
.................... //!0X3F,0XE0,0X00,0X00,0X00,0X00,0X3F,0XE0,0X00,0X00,0X00,0X00,0X1F,0X80,0X00,0X00, 
.................... //!0X00,0X00,0X3E,0X60,0X00,0X00,0X00,0X00,0X39,0XE0,0X00,0X00,0X00,0X00,0X07,0XE0, 
.................... //!0X00,0X00,0X00,0X00,0X1F,0X80,0X00,0X00,0X00,0X00,0X3E,0X60,0X00,0X00,0X00,0X00, 
.................... //!0X3D,0XE0,0X00,0X00,0X00,0X00,0X3F,0XE0,0X00,0X00,0X00,0X00,0X1F,0XC0,0X00,0X00, 
.................... //!0X00,0X00,0X0F,0X80,0X00,0X00,0X00,0X00,0X02,0X00,0X00,0X00,0X00,0X00,0X00,0X00, 
.................... //!0X00,0X00,0X00,0X00,0X00,0X00,0X00,0X00,0X00,0X00,0X00,0X00,0X00,0X00,0X00,0X00, 
.................... //!0X00,0X00,0X00,0X00,0X00,0X00,0X00,0X00,0X00,0X00,0X00,0X00,0X00,0X00,0X00,0X00, 
.................... //!0X00,0X00,0X00,0X00,0X00,0X00,}; 
.................... //! 
.................... const unsigned char Logo_DHSPKTTP [] = { 
.................... 0x00, 0x00, 0x00, 0x00, 0x00, 0x00, 0x00, 0x00, 0x00, 0x00, 0x00, 0x00, 0x00, 0x00, 0x00, 0x00, 
.................... 0x00, 0x00, 0x00, 0x00, 0x00, 0x00, 0x00, 0x00, 0x00, 0x00, 0x00, 0x01, 0x80, 0x00, 0x00, 0x00, 
.................... 0x00, 0x00, 0x00, 0x01, 0x80, 0x00, 0x00, 0x00, 0x00, 0x00, 0x00, 0x01, 0x80, 0x00, 0x00, 0x00, 
.................... 0x00, 0x00, 0x00, 0x07, 0xE0, 0x00, 0x00, 0x00, 0x00, 0x00, 0x00, 0x07, 0xA0, 0x00, 0x00, 0x00, 
.................... 0x00, 0x00, 0x00, 0x03, 0x20, 0x00, 0x00, 0x00, 0x00, 0x00, 0x00, 0x03, 0x20, 0x00, 0x00, 0x00, 
.................... 0x00, 0x00, 0x00, 0x02, 0x20, 0x00, 0x00, 0x00, 0x00, 0x00, 0x00, 0x02, 0x30, 0x00, 0x00, 0x00, 
.................... 0x00, 0x00, 0x00, 0x02, 0x30, 0x00, 0x00, 0x00, 0x00, 0x7F, 0x00, 0x00, 0x30, 0x00, 0x7E, 0x00, 
.................... 0x00, 0xFE, 0x00, 0x07, 0xE0, 0x00, 0x3F, 0x00, 0x01, 0xF8, 0x00, 0x03, 0xE0, 0x00, 0x1F, 0x80, 
.................... 0x03, 0xF0, 0x00, 0x01, 0xC0, 0x00, 0x0F, 0xC0, 0x03, 0xE0, 0x00, 0x01, 0xC0, 0x00, 0x07, 0xE0, 
.................... 0x07, 0xC0, 0x00, 0x03, 0xC0, 0x00, 0x03, 0xF0, 0x0F, 0xC0, 0x00, 0x17, 0xF4, 0x00, 0x01, 0xF0, 
.................... 0x0F, 0x80, 0x00, 0x1D, 0x98, 0x00, 0x00, 0xF8, 0x1F, 0x00, 0x00, 0x11, 0x8C, 0x00, 0x00, 0xF8, 
.................... 0x1F, 0x01, 0x00, 0x31, 0x84, 0x00, 0x80, 0x7C, 0x3E, 0x06, 0x00, 0x31, 0x86, 0x00, 0x20, 0x7C, 
.................... 0x3E, 0x18, 0x00, 0x71, 0x86, 0x00, 0x1C, 0x3E, 0x3C, 0x43, 0x00, 0x31, 0x84, 0x00, 0xC3, 0x3E, 
.................... 0x7C, 0x0C, 0x00, 0x11, 0x8C, 0x00, 0x38, 0x1E, 0x7C, 0x31, 0x00, 0x1D, 0x98, 0x00, 0x86, 0x1F, 
.................... 0x78, 0xC6, 0x00, 0x1F, 0xFC, 0x00, 0x63, 0x1F, 0x78, 0x18, 0x00, 0x03, 0xC0, 0x00, 0x0C, 0x1F, 
.................... 0xF8, 0x63, 0x80, 0x01, 0x80, 0x00, 0xC7, 0x0F, 0xF9, 0x8E, 0x00, 0x00, 0x00, 0x00, 0x38, 0x8F, 
.................... 0xF8, 0x38, 0x80, 0x00, 0x00, 0x01, 0x0C, 0x0F, 0xF8, 0xC3, 0x80, 0x00, 0x00, 0x00, 0xE3, 0x8F, 
.................... 0xF9, 0x8E, 0x00, 0x00, 0x00, 0x00, 0x30, 0xCF, 0xF8, 0x38, 0xF8, 0x00, 0x00, 0x1F, 0x9E, 0x0F, 
.................... 0xF8, 0xE3, 0xFE, 0x00, 0x00, 0x7F, 0xE3, 0x8F, 0xF9, 0x9F, 0xFF, 0xC0, 0x03, 0xFF, 0xF9, 0xCF, 
.................... 0x78, 0xFF, 0xFF, 0xE0, 0x07, 0xFF, 0xFF, 0x0F, 0x78, 0x1F, 0xFF, 0xE0, 0x07, 0xFF, 0xFC, 0x1F, 
.................... 0x7C, 0x07, 0xFF, 0xE0, 0x07, 0xFF, 0xE0, 0x1F, 0x7C, 0x00, 0xFF, 0xE0, 0x07, 0xFF, 0x80, 0x1E, 
.................... 0x7C, 0x00, 0x1F, 0xE0, 0x07, 0xFC, 0x00, 0x3E, 0x3E, 0x01, 0xCF, 0xE0, 0x07, 0xF3, 0x80, 0x3E, 
.................... 0x3E, 0x01, 0xFF, 0xE0, 0x03, 0xFF, 0x80, 0x7C, 0x1F, 0x01, 0xFF, 0xE0, 0x03, 0xFF, 0xC0, 0x7C, 
.................... 0x1F, 0x01, 0xFF, 0xC0, 0x03, 0xFF, 0xC0, 0xF8, 0x0F, 0x83, 0xFF, 0xC0, 0x01, 0xFF, 0xC0, 0xF8, 
.................... 0x0F, 0x83, 0xFF, 0xC0, 0x01, 0xFF, 0xC1, 0xF0, 0x07, 0xC3, 0xFF, 0x80, 0x01, 0xFF, 0xE3, 0xF0, 
.................... 0x03, 0xE3, 0xFF, 0x80, 0x01, 0xFF, 0xE7, 0xE0, 0x03, 0xF7, 0xFF, 0x80, 0x00, 0xFF, 0xEF, 0xC0, 
.................... 0x01, 0xFF, 0xFF, 0x80, 0x00, 0xFF, 0xFF, 0x80, 0x00, 0xFF, 0xFF, 0x00, 0x00, 0xFF, 0xFF, 0x80, 
.................... 0x00, 0x7F, 0xFF, 0x00, 0x00, 0xFF, 0xFF, 0x00, 0x00, 0x3F, 0xFF, 0x00, 0x00, 0xFF, 0xFE, 0x00, 
.................... 0x00, 0x1F, 0xFF, 0x00, 0x00, 0x7F, 0xF8, 0x00, 0x00, 0x0F, 0xFE, 0x00, 0x00, 0x7F, 0xF0, 0x00, 
.................... 0x00, 0x03, 0xFF, 0x00, 0x00, 0x7F, 0xE0, 0x00, 0x00, 0x00, 0xFF, 0xFC, 0x1F, 0xFF, 0x80, 0x00, 
.................... 0x00, 0x00, 0x7F, 0xFF, 0xFF, 0xFE, 0x00, 0x00, 0x00, 0x00, 0x0F, 0xFF, 0xFF, 0xF8, 0x00, 0x00, 
.................... 0x00, 0x00, 0x01, 0xFF, 0xFF, 0xC0, 0x00, 0x00, 0x00, 0x00, 0x00, 0x0F, 0xF0, 0x00, 0x00, 0x00 
.................... }; 
....................  
....................  
.................... void GLCD_XUAT_ANH(int width,int height,int x,int y)  
.................... {  
....................    unsigned int i=0, j=0, k=0;  
....................    unsigned int16 count=0;  
....................    for(j=0;j<height;j++)  
....................       {     
....................          for(;i<width;)  
....................          {  
....................             for(k=8;k>0;k--) 
....................             { 
....................                glcd_pixel(i+x,j+y,bit_test(Logo_DHSPKTTP[count],(k-1)));  
....................                i++;  
....................             }  
....................             count++;  
....................          }  
....................       i=0;  
....................       }  
.................... }  
....................  
....................  
.................... VOID MAIN () 
*
01D0:  CLRF   FF8
01D2:  BCF    FD0.7
01D4:  CLRF   06
01D6:  CLRF   0D
01D8:  CLRF   0E
01DA:  CLRF   0F
01DC:  CLRF   10
01DE:  CLRF   19
01E0:  MOVF   FC1,W
01E2:  ANDLW  C0
01E4:  IORLW  0F
01E6:  MOVWF  FC1
01E8:  MOVLW  07
01EA:  MOVWF  FB4
01EC:  SETF   11
01EE:  SETF   12
01F0:  SETF   13
01F2:  SETF   14
01F4:  SETF   15
01F6:  SETF   16
01F8:  SETF   17
01FA:  SETF   18
.................... { 
....................       SET_UP_PORT_IC_CHOT(); 
01FC:  BRA    0040
....................       SETUP_GLCD(GLCD_TEXT_MODE); 
01FE:  MOVLW  30
0200:  MOVLB  4
0202:  MOVWF  x1E
0204:  MOVLB  0
0206:  BRA    014A
....................        
....................       GLCD_COMMAND(GLCD_ADDR_LINE1); 
0208:  MOVLW  80
020A:  MOVLB  4
020C:  MOVWF  x1F
020E:  MOVLB  0
0210:  RCALL  0116
....................       GLCD_DATA("DHSU-PHAM KT HCM"); 
0212:  MOVLW  04
0214:  MOVWF  FF6
0216:  MOVLW  00
0218:  MOVWF  FF7
021A:  RCALL  01B0
....................        
....................       GLCD_COMMAND(GLCD_ADDR_LINE2); 
021C:  MOVLW  90
021E:  MOVLB  4
0220:  MOVWF  x1F
0222:  MOVLB  0
0224:  RCALL  0116
....................       GLCD_DATA("BO MON DIEN TU"); 
0226:  MOVLW  16
0228:  MOVWF  FF6
022A:  MOVLW  00
022C:  MOVWF  FF7
022E:  RCALL  01B0
....................        
....................       GLCD_COMMAND(GLCD_ADDR_LINE3); 
0230:  MOVLW  88
0232:  MOVLB  4
0234:  MOVWF  x1F
0236:  MOVLB  0
0238:  RCALL  0116
....................       GLCD_DATA("CONG NGHIEP"); 
023A:  MOVLW  26
023C:  MOVWF  FF6
023E:  MOVLW  00
0240:  MOVWF  FF7
0242:  RCALL  01B0
....................        
....................       GLCD_COMMAND(GLCD_ADDR_LINE4); 
0244:  MOVLW  98
0246:  MOVLB  4
0248:  MOVWF  x1F
024A:  MOVLB  0
024C:  RCALL  0116
....................       GLCD_DATA("THUC HANH VDK"); 
024E:  MOVLW  32
0250:  MOVWF  FF6
0252:  MOVLW  00
0254:  MOVWF  FF7
0256:  RCALL  01B0
....................        
....................       WHILE(TRUE) {} 
0258:  BRA    0258
.................... } 
025A:  SLEEP 

Configuration Fuses:
   Word  1: CC27   PLL12 CPUDIV1 USBDIV HS FCMEN IESO
   Word  2: 1E3E   PUT BROWNOUT BORV21 VREGEN NOWDT WDT32768
   Word  3: 8700   CCP2C1 PBADEN LPT1OSC MCLR
   Word  4: 00A1   STVREN NOLVP ICSP2 NOXINST NODEBUG
   Word  5: C00F   NOPROTECT NOCPB NOCPD
   Word  6: E00F   NOWRT NOWRTC NOWRTB NOWRTD
   Word  7: 400F   NOEBTR NOEBTRB
