
ROM used:   498/32768 (2%)
            498/32768 (2%) including unused fragments

            0.3 Average locations per line
            1.9 Average locations per statement

RAM used:   29/2048 (1%) at main() level
            34/2048 (2%) worst case

Stack used: 2 worst case (2 in main + 0 for interrupts)
Stack size: 31

Lines Stmts  %   Files
----- ----- ---  -----
   37    18   7  BAI_501_HIENTHI_8SO.c
  702   244  93  TV_PICKIT2_SHIFT_1.C
  837     0   0  ..\..\..\..\..\Program Files (x86)\PICC\Devices\18F4550.H
----- -----
 1576   262 Total

Page ROM  %  RAM   Vol Diff  Functions:
---- --- --- ---   --- ----  ----------
0     38   4    1             @delay_ms1
0     42   4    3   271  4.3  XUAT_1BYTE
0     30   3    0   152  1.8  SET_UP_PORT_IC_CHOT
0     48   5    0   119  1.7  MO_IC_74573_B_THONG_DL
0     42   4    3   172  2.7  XUAT_8LED_7DOAN_QUET_1
0    294  30    1   461  2.9  MAIN
 Inline         0   117  3.5  @cinit1

Program metrics:
    Functions               6
    Statements              262
    Comments                338
    Volume (V)              1936
    Difficulty (D)          16.7
    Effort to implement (E) 32268
    Time to implement (T)   30 minutes
    Est Delivered Bugs (B)  0
    Cyclomatic Complexity   2
    Maintainability (MI)    39

 Segment     Used  Free
-----------  ----  ----
00000-00002     4  0  
00004-07FFE   494  32270  



