CCS PCH C Compiler, Version 5.015, 5967               01-Jun-20 16:05

               Filename:   C:\Users\tsqua\OneDrive - student.mtsac.edu\Desktop\BAI_TAP_VXL_NEW_3\BAI_515_GIO_PHUT_GIAY_KEY.lst

               ROM used:   1138 bytes (3%)
                           Largest free fragment is 31626
               RAM used:   49 (2%) at main() level
                           56 (3%) worst case
               Stack used: 6 locations (5 in main + 1 for interrupts)
               Stack size: 31

*
0000:  GOTO   03EE
*
0008:  MOVWF  04
000A:  MOVFF  FD8,05
000E:  MOVFF  FE0,06
0012:  MOVLB  0
0014:  MOVFF  FE9,0C
0018:  MOVFF  FEA,07
001C:  MOVFF  FE1,08
0020:  MOVFF  FE2,09
0024:  MOVFF  FD9,0A
0028:  MOVFF  FDA,0B
002C:  MOVFF  FF3,12
0030:  MOVFF  FF4,13
0034:  MOVFF  FFA,14
0038:  MOVFF  00,0E
003C:  MOVFF  01,0F
0040:  MOVFF  02,10
0044:  MOVFF  03,11
0048:  BTFSS  F9D.0
004A:  GOTO   0054
004E:  BTFSC  F9E.0
0050:  GOTO   00E2
0054:  MOVFF  0E,00
0058:  MOVFF  0F,01
005C:  MOVFF  10,02
0060:  MOVFF  11,03
0064:  MOVFF  0C,FE9
0068:  MOVFF  07,FEA
006C:  BSF    07.7
006E:  MOVFF  08,FE1
0072:  MOVFF  09,FE2
0076:  MOVFF  0A,FD9
007A:  MOVFF  0B,FDA
007E:  MOVFF  12,FF3
0082:  MOVFF  13,FF4
0086:  MOVFF  14,FFA
008A:  MOVF   04,W
008C:  MOVFF  06,FE0
0090:  MOVFF  05,FD8
0094:  RETFIE 0
.................... #INCLUDE <TV_PICKIT2_SHIFT_1.C> 
.................... #INCLUDE    <18F4550.H> 
.................... //////////// Standard Header file for the PIC18F4550 device //////////////// 
.................... /////////////////////////////////////////////////////////////////////////// 
.................... ////        (C) Copyright 1996, 2013 Custom Computer Services          //// 
.................... //// This source code may only be used by licensed users of the CCS C  //// 
.................... //// compiler.  This source code may only be distributed to other      //// 
.................... //// licensed users of the CCS C compiler.  No other use, reproduction //// 
.................... //// or distribution is permitted without written permission.          //// 
.................... //// Derivative programs created using this software in object code    //// 
.................... //// form are not restricted in any way.                               //// 
.................... /////////////////////////////////////////////////////////////////////////// 
.................... #device PIC18F4550 
0096:  MOVFF  FF2,0D
009A:  BCF    FF2.7
009C:  CLRF   FF7
009E:  ADDLW  B0
00A0:  MOVWF  FF6
00A2:  MOVLW  00
00A4:  ADDWFC FF7,F
00A6:  TBLRD*+
00A8:  MOVF   FF5,W
00AA:  BTFSC  0D.7
00AC:  BSF    FF2.7
00AE:  RETURN 0
00B0:  DATA C0,F9
00B2:  DATA A4,B0
00B4:  DATA 99,92
00B6:  DATA 82,F8
00B8:  DATA 80,90
00BA:  DATA 88,83
00BC:  DATA C6,A1
00BE:  DATA 86,8E
00C0:  MOVFF  FF2,0D
00C4:  BCF    FF2.7
00C6:  CLRF   FF7
00C8:  ADDLW  DA
00CA:  MOVWF  FF6
00CC:  MOVLW  00
00CE:  ADDWFC FF7,F
00D0:  TBLRD*+
00D2:  MOVF   FF5,W
00D4:  BTFSC  0D.7
00D6:  BSF    FF2.7
00D8:  RETURN 0
00DA:  DATA 7F,BF
00DC:  DATA DF,EF
00DE:  DATA F7,FB
00E0:  DATA FD,FE
*
0110:  MOVF   31,W
0112:  XORWF  32,W
0114:  ANDLW  80
0116:  MOVWF  34
0118:  BTFSS  31.7
011A:  BRA    0120
011C:  COMF   31,F
011E:  INCF   31,F
0120:  BTFSS  32.7
0122:  BRA    0128
0124:  COMF   32,F
0126:  INCF   32,F
0128:  MOVF   32,W
012A:  CLRF   01
012C:  SUBWF  31,W
012E:  BC    0136
0130:  MOVFF  31,00
0134:  BRA    014E
0136:  CLRF   00
0138:  MOVLW  08
013A:  MOVWF  33
013C:  RLCF   31,F
013E:  RLCF   00,F
0140:  MOVF   32,W
0142:  SUBWF  00,W
0144:  BTFSC  FD8.0
0146:  MOVWF  00
0148:  RLCF   01,F
014A:  DECFSZ 33,F
014C:  BRA    013C
014E:  BTFSS  34.7
0150:  BRA    0156
0152:  COMF   01,F
0154:  INCF   01,F
0156:  RETURN 0
....................  
.................... #list 
....................  
.................... #DEVICE     ADC=10 
.................... #FUSES      NOWDT,PUT,HS,NOPROTECT,NOLVP,CPUDIV1 
.................... #USE        I2C(MASTER,SLOW,SDA=PIN_B0,SCL=PIN_B1) 
.................... #USE        DELAY(CLOCK=20000000) 
.................... //#USE        rs232(baud=9600, xmit=PIN_C6,rcv=PIN_C7) 
.................... //NUT NHAN: 
.................... #DEFINE  BT0     PIN_B5 
.................... #DEFINE  BT1     PIN_B4 
.................... #DEFINE  BT2     PIN_B3 
.................... #DEFINE  BT3     PIN_B2 
....................  
.................... #DEFINE  ON      BT0       //DK LED DON, MOTOR 
.................... #DEFINE  OFF     BT1 
.................... #DEFINE  INV     BT2 
....................  
.................... #DEFINE  UP      BT0    //DK LED DON 
.................... #DEFINE  DW      BT1 
.................... #DEFINE  CLR     BT2 
.................... #DEFINE  MOD     BT3 
....................  
.................... #DEFINE  STOP    BT3 
....................  
.................... #DEFINE  ON1     BT0      
.................... #DEFINE  OFF1    BT1 
.................... #DEFINE  ON2     BT2        
.................... #DEFINE  OFF2    BT3 
....................  
....................  
.................... #DEFINE     TRIGGER      PIN_E2 
.................... #DEFINE     ECHO         PIN_E1 
.................... //   IC74138_A    PIN_B6   //OUTPUT GIAI MA 2 SANG 4 TICH CUC MUC 0 
.................... //   IC74138_B    PIN_B7   //OUTPUT GIAI MA 2 SANG 4 TICH CUC MUC 0 
....................  
.................... //          ENCODER  PIN_C0   //RC0/T13CKI 
....................  
.................... //          CB_KC    PIN_A2   //RA2/AN2 
.................... //          PIR      PIN_A3   //RA3/AN3 
.................... //          CBXUNG   PIN_A4   //RA4/T0CKI 
.................... //          LEDTHU   PIN_A4   //RA4/T0CKI//SW802 
....................  
.................... //          CB_KCSA_TRIGGER  PIN_E2   //RE2/SDO  DUNG CHUNG 
.................... //          CB_KCSA_RCHO     PIN_E1   //RE1 
....................  
.................... //          CB_TCS3200_OUT    PIN_E1   //RE1 //CAM BIEN MAU TCS3200 
.................... //          CB_TCS3200_S0     B12      //LAY TU MBI5026 
.................... //          CB_TCS3200_S1     B13      //LAY TU MBI5026 
.................... //          CB_TCS3200_S2     B14      //LAY TU MBI5026 
.................... //          CB_TCS3200_S3     B15      //LAY TU MBI5026 
....................  
.................... //          CB_POWER  SW803 
.................... //          CB_GAS      AIN3_PCF8591T   //RE1 
.................... //          CB_QUANG    AIN2_PCF8591T    
.................... //          CB_LM35B    AIN1_PCF8591T   //RA1/AN1 
.................... //          CB_LM35A    AIN0_PCF8591T   //RE1/AN0 
....................  
.................... //XXXXXXXXXXXXXXXXXXXXXXXXXXXXXXXXXXXXXXXXXXXXXXXXX 
.................... #DEFINE      ENABLE_573A      PIN_D1         //CS0 CUA A 
.................... #DEFINE      ENABLE_573B      PIN_D0         //CS1 CUA B 
.................... //XXXXXXXXXXXXXXXXXXXXXXXXXXXXXXXXXXXXXXXXXXXXXXXXX 
.................... #DEFINE      SSDO             PIN_E2         //CHUNG TAT CA 
.................... #DEFINE      SSCK             PIN_E0         //CHUNG TAT CA 
.................... //XXXXXXXXXXXXXXXXXXXXXXXXXXXXXXXXXXXXXXXXXXXXXXXXX 
.................... #DEFINE      RCK_4LED7DOAN    PIN_D7         //A - 4 BYTE 
.................... #DEFINE      G_4LED7DOAN      PIN_D6         //A - 4 BYTE 
.................... //XXXXXXXXXXXXXXXXXXXXXXXXXXXXXXXXXXXXXXXXXXXX     
.................... #DEFINE      RCK_MATRANLED    PIN_D7         //B - 3 BYTE DAO 
.................... #DEFINE      G_MATRANLED      PIN_D6         //B - 3 BYTE DAO 
.................... //XXXXXXXXXXXXXXXXXXXXXXXXXXXXXXXXXXXXXXXXXXXXXXXXX 
.................... #DEFINE      RCK_32LED        PIN_D5         //A - 4 BYTE 
.................... #DEFINE      G_32LED          PIN_D4         //A - 4 BYTE 
.................... //XXXXXXXXXXXXXXXXXXXXXXXXXXXXXXXXXXXXXXXXXXXX  
.................... #DEFINE      RCK_8LEDQUET     PIN_D5         //B - 2 BYTE DAO 
.................... #DEFINE      G_8LEDQUET       PIN_D4         //B - 2 BYTE DAO 
.................... //XXXXXXXXXXXXXXXXXXXXXXXXXXXXXXXXXXXXXXXXXXXXXXXXX 
.................... #DEFINE      RCK_LCD20X4      PIN_D3         //A - 2 BYTE DAO 
.................... #DEFINE      G_LCD20X4         PIN_D2         //A - 2 BYTE DAO 
.................... //XXXXXXXXXXXXXXXXXXXXXXXXXXXXXXXXXXXXXXXXXXXX  
.................... #DEFINE      RCK_BUZERELAY    PIN_D3     //B - 1 BYTE  
.................... #DEFINE      G_BUZERELAY      PIN_D2         //B - 1 BYTE  
....................  
.................... VOID XUAT_LCD20X4(UNSIGNED INT8 LCD_SIGNAL,LCD_INS_HTHI); 
....................  
.................... VOID XUAT_BUZZER_RELAY(); 
.................... //XXXXXXXXXXXXXXXXXXXXXXXXXXXXXXXXXXXXXXXXXXXX    
.................... #DEFINE     CHOT_2_IC_74573_A_B  OUTPUT_D(0XFC) 
....................  
.................... UNSIGNED INT8 TIN_HIEU_DK_74573_A; 
.................... #BIT G_4A         = TIN_HIEU_DK_74573_A.6 
.................... #BIT G_32A        = TIN_HIEU_DK_74573_A.4 
.................... #BIT G_LCDA       = TIN_HIEU_DK_74573_A.2 
.................... //XXXXXXXXXXXXXXXXXXXXXXXXXXXXXXXXXXXXXXXXXXXX          
.................... #DEFINE     MO_32_LED_DON        G_32A=0; //OUTPUT_LOW(G_32LED)  
.................... #DEFINE     TAT_32_LED_DON       G_32A=1; //OUTPUT_HIGH(G_32LED)  
.................... //XXXXXXXXXXXXXXXXXXXXXXXXXXXXXXXXXXXXXXXXXXXX          
.................... #DEFINE     MO_4_LED_7DOAN       G_4A=0;  //OUTPUT_LOW(G_4LED7DOAN) 
.................... #DEFINE     TAT_4_LED_7DOAN      G_4A=1;  //OUTPUT_HIGH(G_4LED7DOAN) 
.................... //XXXXXXXXXXXXXXXXXXXXXXXXXXXXXXXXXXXXXXXXXXXX  
.................... #DEFINE     MO_GLCD_LCD           G_LCDA=0;   //OUTPUT_LOW(G_LCD20X4) 
.................... #DEFINE     TAT_GLCD_LCD          G_LCDA=1;   // OUTPUT_LOW(G_LCD20X4) 
....................  
.................... UNSIGNED INT8 TIN_HIEU_DK_74573_B;   
.................... #BIT G_MTB        = TIN_HIEU_DK_74573_B.6 
.................... #BIT G_8B         = TIN_HIEU_DK_74573_B.4 
.................... #BIT G_RBDCB      = TIN_HIEU_DK_74573_B.2 
.................... //XXXXXXXXXXXXXXXXXXXXXXXXXXXXXXXXXXXXXXXXXXXX  
.................... #DEFINE     MO_LED_MATRAN        G_MTB=0; //OUTPUT_LOW(G_MATRANLED) 
.................... #DEFINE     TAT_LED_MATRAN       G_MTB=1; //OUTPUT_LOW(G_MATRANLED) 
.................... //XXXXXXXXXXXXXXXXXXXXXXXXXXXXXXXXXXXXXXXXXXXX        
.................... #DEFINE     MO_8_LED_QUET        G_8B=0;  //OUTPUT_LOW(G_8LEDQUET) 
.................... #DEFINE     TAT_8_LED_QUET       G_8B=1;  //OUTPUT_LOW(G_8LEDQUET) 
.................... //XXXXXXXXXXXXXXXXXXXXXXXXXXXXXXXXXXXXXXXXXXXX          
.................... #DEFINE     MO_RELAY_BUZZER_DC   G_RBDCB=0;  //OUTPUT_LOW(G_BUZERELAY) 
.................... #DEFINE     TAT_RELAY_BUZZER_DC  G_RBDCB=1;  //OUTPUT_LOW(G_BUZERELAY) 
....................  
.................... //XXXXXXXXXXXXXXXXXXXXXXXXXXXXXXXXXXXXXXXXXXXX 
.................... //CHUONG TRINH KIEM TRA PHIM BT1 
.................... //XXXXXXXXXXXXXXXXXXXXXXXXXXXXXXXXXXXXXXXXXXXX 
.................... UNSIGNED INT8 DL_BTN=0; 
.................... INT1 PHIM_BT0(UNSIGNED INT16 DL) 
.................... {   
....................     IF (!INPUT(BT0)) 
....................     {   
....................       DL_BTN++; 
....................        
....................       IF (DL_BTN>= DL) 
....................          { 
....................             DL_BTN =0; 
....................             RETURN(1); 
....................          } 
....................       ELSE RETURN(0); 
....................     } 
....................     ELSE    RETURN(0); 
.................... }  
.................... //XXXXXXXXXXXXXXXXXXXXXXXXXXXXXXXXXXXXXXXXXXXX 
.................... //CHUONG TRINH KIEM TRA PHIM BT1 
.................... //XXXXXXXXXXXXXXXXXXXXXXXXXXXXXXXXXXXXXXXXXXXX 
.................... INT1 PHIM_BT1(UNSIGNED INT16 DL ) 
.................... {   
....................     IF (!INPUT(BT1)) 
....................     {   
....................       DL_BTN++; 
....................        
....................       IF (DL_BTN>= DL) 
....................          { 
....................             DL_BTN =0; 
....................             RETURN(1); 
....................          } 
....................       ELSE RETURN(0); 
....................     } 
....................     ELSE    RETURN(0); 
.................... }  
.................... //XXXXXXXXXXXXXXXXXXXXXXXXXXXXXXXXXXXXXXXXXXXX 
.................... //CHUONG TRINH KIEM TRA PHIM BT2       
.................... //XXXXXXXXXXXXXXXXXXXXXXXXXXXXXXXXXXXXXXXXXXXX                                     
.................... INT1 PHIM_BT2(UNSIGNED INT16 DL ) 
.................... {                                         
....................     IF (!INPUT(BT2)) 
....................     {   
....................       DL_BTN++; 
....................        
....................       IF (DL_BTN>= DL) 
....................          { 
....................             DL_BTN =0; 
....................             RETURN(1); 
....................          } 
....................       ELSE RETURN(0); 
....................     } 
....................     ELSE    RETURN(0); 
....................                                           
.................... }       
....................  
.................... //XXXXXXXXXXXXXXXXXXXXXXXXXXXXXXXXXXXXXXXXXXXX 
.................... //CHUONG TRINH KIEM TRA PHIM BT3 
.................... //XXXXXXXXXXXXXXXXXXXXXXXXXXXXXXXXXXXXXXXXXXXX 
.................... INT1 PHIM_BT3(UNSIGNED INT16 DL,  UNSIGNED INT8 SOLAN  ) 
.................... {   
....................     IF (!INPUT(BT3)) 
....................     {   
....................       DL_BTN++; 
....................       IF(DL_BTN==1) RETURN(1); 
....................       ELSE 
....................       { 
....................          IF (DL_BTN>= DL) 
....................          DL_BTN =SOLAN; 
....................       } 
....................     } 
....................     ELSE    
....................     { 
....................       //DL_BTN =0; 
....................       RETURN(0); 
....................     } 
.................... }  
.................... //XXXXXXXXXXXXXXXXXXXXXXXXXXXXXXXXXXXXXXXXXXXX 
.................... //KHAI BAO DU LIEU 16 BIT CHO MODULE RELAY, TRIAC, BUZZER, DONG CO 
.................... //XXXXXXXXXXXXXXXXXXXXXXXXXXXXXXXXXXXXXXXXXXXX 
.................... UNSIGNED INT16 RBDC; 
.................... #BIT STEP_MOTOR_ENABLE  = RBDC.0    //1=ENA,0=DIS 
.................... #BIT STEP_MOTOR_IN1     = RBDC.1     
.................... #BIT STEP_MOTOR_IN2     = RBDC.2 
.................... #BIT STEP_MOTOR_IN3     = RBDC.3 
.................... #BIT STEP_MOTOR_IN4     = RBDC.4 
.................... #BIT DC_ENABLE          = RBDC.5    //1=ENA,0=DIS 
.................... #BIT PWRKEY             = RBDC.6    //KHOI TAO SIM900 
....................  
.................... #BIT BUZZER             = RBDC.8    //1=ON,0=OFF 
.................... #BIT TRIAC_1            = RBDC.9    //1=ON,0=OFF 
.................... #BIT TRIAC_2            = RBDC.10   //1=ON,0=OFF 
.................... #BIT RELAY_1            = RBDC.11   //0=ON,1=OFF 
.................... #BIT RELAY_2            = RBDC.12   //0=ON,1=OFF 
....................  
.................... //HAM 103 
.................... //XXXXXXXXXXXXXXXXXXXXXXXXXXXXXXXXXXXXXXXXXXXX 
.................... //CHUONG TRINH CON KHOI TAO IC CHOT 
.................... //XXXXXXXXXXXXXXXXXXXXXXXXXXXXXXXXXXXXXXXXXXXX          
.................... #DEFINE     CHO_IC_74573_A_GOI_DU_LIEU     OUTPUT_HIGH(ENABLE_573A) 
.................... #DEFINE     CHOT_IC_74573_A_GOI_DU_LIEU    OUTPUT_LOW(ENABLE_573A) 
....................  
.................... #DEFINE     CHO_IC_74573_B_GOI_DU_LIEU     OUTPUT_HIGH(ENABLE_573B) 
.................... #DEFINE     CHOT_IC_74573_B_GOI_DU_LIEU    OUTPUT_LOW(ENABLE_573B) 
.................... VOID MO_IC_74573_A_THONG_DL(); 
....................  
.................... //XXXXXXXXXXXXXXXXXXXXXXXXXXXXXXXXXXXXXXXXXXXX    
.................... CONST UNSIGNED CHAR MA7DOAN[16]= {0XC0,0XF9,0xA4,0XB0,0X99,0X92,0X82,0XF8, 
.................... 0X80,0X90,0x88, 0x83, 0xC6, 0xA1, 0x86, 0x8E}; 
.................... #DEFINE     MASO0    0XC0 
.................... #DEFINE     MASO1    0XF9 
.................... #DEFINE     MASO2    0XA4 
.................... #DEFINE     MASO3    0XB0 
.................... #DEFINE     MASO4    0X99 
.................... #DEFINE     MASO5    0X92 
.................... #DEFINE     MASO6    0X82 
.................... #DEFINE     MASO7    0XF8 
....................  
.................... //XXXXXXXXXXXXXXXXXXXXXXXXXXXXXXXXXXXXXXXXXXXX  
.................... //HAM 102 
.................... //XXXXXXXXXXXXXXXXXXXXXXXXXXXXXXXXXXXXXXXXXXXX     
.................... //XUAT 1 BYTE RA THANH GHI DICH 
.................... //XXXXXXXXXXXXXXXXXXXXXXXXXXXXXXXXXXXXXXXXXXXX     
.................... VOID XUAT_1BYTE(UNSIGNED INT8 BYTEXUAT) 
.................... { 
....................    UNSIGNED INT8   SB,X;    
....................    #BIT BSERI  = X.7 
....................    X = BYTEXUAT; 
*
0220:  MOVFF  35,37
....................    FOR (SB=0;SB<8;SB++) 
0224:  CLRF   36
0226:  MOVF   36,W
0228:  SUBLW  07
022A:  BNC   0248
....................       {                                                  
....................          OUTPUT_BIT(SSDO,BSERI);     
022C:  BTFSC  37.7
022E:  BRA    0234
0230:  BCF    F8D.2
0232:  BRA    0236
0234:  BSF    F8D.2
0236:  BCF    F96.2
....................          OUTPUT_LOW(SSCK); OUTPUT_HIGH(SSCK); 
0238:  BCF    F96.0
023A:  BCF    F8D.0
023C:  BCF    F96.0
023E:  BSF    F8D.0
....................          X= X<<1;          
0240:  BCF    FD8.0
0242:  RLCF   37,F
0244:  INCF   36,F
0246:  BRA    0226
....................      } 
0248:  RETURN 0
.................... } 
.................... //XXXXXXXXXXXXXXXXXXXXXXXXXXXXXXXXXXXXXXXXXXXX  
.................... //HAM 301 
.................... //XXXXXXXXXXXXXXXXXXXXXXXXXXXXXXXXXXXXXXXXXXXX 
.................... //CHUONG TRINH CON XUAT 4 BYTE RA 32 LED DON 
.................... //XXXXXXXXXXXXXXXXXXXXXXXXXXXXXXXXXXXXXXXXXXXX 
.................... VOID XUAT_32LED_DON_4BYTE(UNSIGNED INT8 BLD3,BLD2,BLD1,BLD0) 
.................... {      
....................       XUAT_1BYTE(BLD3);           
....................       XUAT_1BYTE(BLD2); 
....................       XUAT_1BYTE(BLD1);           
....................       XUAT_1BYTE(BLD0);             
....................       MO_32_LED_DON;       
....................       MO_IC_74573_A_THONG_DL();             
....................       OUTPUT_HIGH(RCK_32LED);    OUTPUT_LOW(RCK_32LED); 
....................       CHOT_IC_74573_A_GOI_DU_LIEU;       
.................... } 
.................... //HAM 302 
.................... //XXXXXXXXXXXXXXXXXXXXXXXXXXXXXXXXXXXXXXXXXXXX 
.................... //CHUONG TRINH CON XUAT 2 WORD 16 BITRA 32 LED DON 
.................... //XXXXXXXXXXXXXXXXXXXXXXXXXXXXXXXXXXXXXXXXXXXX 
.................... VOID XUAT_32LED_DON_2WORD(UNSIGNED INT16 WLD1, UNSIGNED INT16 WLD0) 
.................... {      
....................      UNSIGNED INT8  B3,B2,B1,B0; 
....................      B3 = WLD1>>8;  B2 = WLD1;  
....................      B1 = WLD0>>8;  B0 = WLD0; 
....................      XUAT_32LED_DON_4BYTE(B3,B2,B1,B0); 
.................... } 
.................... //HAM 303 
.................... //XXXXXXXXXXXXXXXXXXXXXXXXXXXXXXXXXXXXXXXXXXXX 
.................... //CHUONG TRINH CON XUAT 1 DOUBLE WORD RA 32 LED DON 
.................... //XXXXXXXXXXXXXXXXXXXXXXXXXXXXXXXXXXXXXXXXXXXX 
.................... VOID XUAT_32LED_DON_1DW(UNSIGNED LONG LONG DWLD) 
.................... {      
....................      UNSIGNED INT16  WD1,WD0; 
....................      WD1 = DWLD>>16;  WD0 = DWLD; 
....................      XUAT_32LED_DON_2WORD(WD1,WD0); 
.................... } 
....................  
.................... //HAM 304 
.................... //XXXXXXXXXXXXXXXXXXXXXXXXXXXXXXXXXXXXXXXXXXXX 
.................... //CHUONG TRINH CON MO 32 LED DON SANG 
.................... //XXXXXXXXXXXXXXXXXXXXXXXXXXXXXXXXXXXXXXXXXXXX 
.................... VOID MO_32LED_DON() 
.................... {         
....................      XUAT_32LED_DON_1DW(0XFFFFFFFF); 
.................... } 
.................... //HAM 305 
.................... //XXXXXXXXXXXXXXXXXXXXXXXXXXXXXXXXXXXXXXXXXXXX 
.................... //CHUONG TRINH CON TAT 32 LED DON  
.................... //XXXXXXXXXXXXXXXXXXXXXXXXXXXXXXXXXXXXXXXXXXXX 
.................... VOID TAT_32LED_DON() 
.................... {         
....................      XUAT_32LED_DON_1DW(0); 
.................... } 
.................... //XXXXXXXXXXXXXXXXXXXXXXXXXXXXXXXXXXXXXXXXXXXX     
.................... //XUAT 1 BIT ROI TRA LAI KET QUA SAU KHI DICH DI 1 BIT 
.................... //XXXXXXXXXXXXXXXXXXXXXXXXXXXXXXXXXXXXXXXXXXXX     
.................... UNSIGNED  INT8 XUAT_1BIT(UNSIGNED INT8 BYTEXUAT) 
.................... { 
....................       UNSIGNED INT8   XBITX;    
....................       #BIT BSERIX  = XBITX.0 
....................       XBITX = BYTEXUAT; 
....................                                              
....................       OUTPUT_BIT(SSDO,BSERIX);     
....................       OUTPUT_LOW(SSCK); OUTPUT_HIGH(SSCK); 
....................       XBITX= XBITX>>1;    
....................       RETURN(XBITX);   
.................... } 
.................... //XXXXXXXXXXXXXXXXXXXXXXXXXXXXXXXXXXXXXXXXXXXX  
.................... //HAM 101 
.................... //XXXXXXXXXXXXXXXXXXXXXXXXXXXXXXXXXXXXXXXXXXXX     
.................... //HAM KHOI TAO CAC PORT VA IC CHOT 
.................... //XXXXXXXXXXXXXXXXXXXXXXXXXXXXXXXXXXXXXXXXXXXX     
.................... VOID SET_UP_PORT_IC_CHOT() 
.................... {      
....................       SET_TRIS_D(0x00);     
*
00F2:  MOVLW  00
00F4:  MOVWF  F95
....................       SET_TRIS_E(0X00); 
00F6:  MOVWF  F96
....................       OUTPUT_D(0XFF); 
00F8:  CLRF   F95
00FA:  SETF   F8C
....................       TIN_HIEU_DK_74573_A=0XFF;   
00FC:  SETF   16
....................       TIN_HIEU_DK_74573_B=0XFF;       
00FE:  SETF   17
....................       CHOT_IC_74573_A_GOI_DU_LIEU; 
0100:  BCF    F95.1
0102:  BCF    F8C.1
....................       CHOT_IC_74573_B_GOI_DU_LIEU;   
0104:  BCF    F95.0
0106:  BCF    F8C.0
....................       RBDC=0; 
0108:  CLRF   1A
010A:  CLRF   19
010C:  GOTO   041E (RETURN)
.................... } 
.................... //HAM 104 
.................... //XXXXXXXXXXXXXXXXXXXXXXXXXXXXXXXXXXXXXXXXXXXX     
.................... //XUAT CÁC THIEU DIEU KHIEN  
.................... //GIU NGUYEN CAC TRANG THAI CUA 2 MODULE KHAC 
.................... //XXXXXXXXXXXXXXXXXXXXXXXXXXXXXXXXXXXXXXXXXXXX     
.................... VOID MO_IC_74573_A_THONG_DL() 
.................... {      
....................       OUTPUT_D(0X00); 
....................       OUTPUT_BIT(G_32LED,G_32A); 
....................       OUTPUT_BIT(G_4LED7DOAN,G_4A); 
....................       OUTPUT_BIT(G_LCD20X4,G_LCDA);   
....................       CHO_IC_74573_A_GOI_DU_LIEU; 
.................... } 
.................... VOID MO_IC_74573_B_THONG_DL() 
.................... {      
....................       OUTPUT_D(0X00); 
*
024A:  CLRF   F95
024C:  CLRF   F8C
....................       OUTPUT_BIT(G_MATRANLED,G_MTB); 
024E:  BTFSC  17.6
0250:  BRA    0256
0252:  BCF    F8C.6
0254:  BRA    0258
0256:  BSF    F8C.6
0258:  BCF    F95.6
....................       OUTPUT_BIT(G_8LEDQUET,G_8B); 
025A:  BTFSC  17.4
025C:  BRA    0262
025E:  BCF    F8C.4
0260:  BRA    0264
0262:  BSF    F8C.4
0264:  BCF    F95.4
....................       OUTPUT_BIT(G_BUZERELAY,G_RBDCB);  
0266:  BTFSC  17.2
0268:  BRA    026E
026A:  BCF    F8C.2
026C:  BRA    0270
026E:  BSF    F8C.2
0270:  BCF    F95.2
....................       CHO_IC_74573_B_GOI_DU_LIEU; 
0272:  BCF    F95.0
0274:  BSF    F8C.0
0276:  RETURN 0
.................... } 
.................... //ham 401 
.................... //XXXXXXXXXXXXXXXXXXXXXXXXXXXXXXXXXXXXXXXXXXXX 
.................... //CHUONG TRINH CON XUAT 4 BYTE RA 4 LED 7 DOAN 
.................... //XXXXXXXXXXXXXXXXXXXXXXXXXXXXXXXXXXXXXXXXXXXX 
.................... VOID XUAT_4LED_7DOAN_4SO(UNSIGNED INT BL743,BL742,BL741,BL740) 
.................... {      
....................       XUAT_1BYTE(BL740);   XUAT_1BYTE(BL741); 
....................       XUAT_1BYTE(BL742);   XUAT_1BYTE(BL743); 
....................        
....................       MO_4_LED_7DOAN; 
....................       MO_IC_74573_A_THONG_DL(); 
....................         
....................       OUTPUT_LOW(RCK_4LED7DOAN);   OUTPUT_HIGH(RCK_4LED7DOAN);  
....................       CHOT_IC_74573_A_GOI_DU_LIEU; 
.................... } 
.................... //ham 404 
.................... VOID XUAT_4LED_7DOAN_3SO(UNSIGNED INT BL742,BL741,BL740) 
.................... {      
....................      XUAT_4LED_7DOAN_4SO(0XFF,BL742,BL741,BL740); 
.................... } 
.................... //ham 403 
.................... VOID XUAT_4LED_7DOAN_2SO(UNSIGNED INT BL741,BL740) 
.................... {      
....................      XUAT_4LED_7DOAN_4SO(0XFF,0XFF,BL741,BL740); 
.................... } 
.................... //ham 402 
.................... VOID XUAT_4LED_7DOAN_1SO(UNSIGNED INT BL740) 
.................... {      
....................      XUAT_4LED_7DOAN_4SO(0XFF,0XFF,0XFF,BL740); 
.................... } 
....................  
.................... //ham 405 
.................... //XXXXXXXXXXXXXXXXXXXXXXXXXXXXXXXXXXXXXXXXXXXXXXXXXXXXXXXXXXXXX 
.................... //CHUONG TRINH CON HIEN THI DU LIEU 16 BIT TREN 4 LED 7 DOAN 
.................... //XXXXXXXXXXXXXXXXXXXXXXXXXXXXXXXXXXXXXXXXXXXXXXXXXXXXXXXXXXXXX 
.................... UNSIGNED CHAR DONVI4,CHUC4,TRAM4,NGAN4; 
.................... VOID  XUAT_4LED_7DOAN_GIAIMA_XOA_SO0 (UNSIGNED INT16 TAM) 
.................... {          
....................       DONVI4 = MA7DOAN[TAM %10];          
....................       CHUC4  = MA7DOAN[TAM/10%10]; 
....................       TRAM4  = MA7DOAN[TAM/100%10];  
....................       NGAN4  = MA7DOAN[TAM/1000%10];        
....................       IF (NGAN4==0XC0) 
....................       { 
....................          NGAN4=0XFF; 
....................          IF (TRAM4==0XC0) 
....................          { 
....................             TRAM4=0XFF; 
....................             IF (CHUC4==0XC0)   CHUC4=0XFF; 
....................          } 
....................       } 
....................       XUAT_4LED_7DOAN_4SO(NGAN4,TRAM4,CHUC4,DONVI4);    
.................... } 
.................... UNSIGNED INT8 LCDDATA=0;  
.................... UNSIGNED INT8 LCDCONTROL=0; 
.................... UNSIGNED INT8 GLCDDATA=0; 
.................... UNSIGNED INT8 GLCDCONTROL=0;  
.................... //HAM 701 
.................... //XXXXXXXXXXXXXXXXXXXXXXXXXXXXXXXXXXXXXXXXXXXXXXXXXXXXXXXXXXXXX 
.................... //CHUONG TRINH CON XUAT DU LIEU 4 BYTE RA GLCD VA LCD 
.................... //XXXXXXXXXXXXXXXXXXXXXXXXXXXXXXXXXXXXXXXXXXXXXXXXXXXXXXXXXXXXX 
.................... VOID XUAT_GLCD_LCD() 
.................... {       
....................     XUAT_1BYTE(GLCDCONTROL);              
....................     XUAT_1BYTE(GLCDDATA); 
....................     XUAT_1BYTE(LCDCONTROL);        
....................     XUAT_1BYTE(LCDDATA);       
....................        
....................     MO_GLCD_LCD; 
....................     MO_IC_74573_A_THONG_DL();             
....................     OUTPUT_HIGH(RCK_LCD20X4);      
....................     OUTPUT_LOW(RCK_LCD20X4); 
....................     CHOT_IC_74573_A_GOI_DU_LIEU; 
.................... } 
.................... //HAM 702 
.................... VOID XUAT_LCD20X4(UNSIGNED INT8 LCD_SIGNAL,LCD_INS_HTHI) 
.................... {      
....................     LCDCONTROL = ~LCD_SIGNAL; 
....................     LCDDATA    = ~LCD_INS_HTHI;       
....................     XUAT_GLCD_LCD(); 
.................... } 
.................... //HAM 703 
.................... VOID XUAT_GLCD128X64(UNSIGNED INT8 GLCD_SIGNAL,GLCD_INS_HTHI) 
.................... {      
....................     GLCDCONTROL = ~GLCD_SIGNAL; 
....................     GLCDDATA    = ~GLCD_INS_HTHI;      
....................     XUAT_GLCD_LCD(); 
.................... } 
.................... //HAM 501 
.................... //XXXXXXXXXXXXXXXXXXXXXXXXXXXXXXXXXXXXXXXXXXXX 
.................... //CHUONG TRINH CON XUAT 2 BYTE RA DK 1 LED QUET SANG 
.................... //XXXXXXXXXXXXXXXXXXXXXXXXXXXXXXXXXXXXXXXXXXXX 
.................... VOID XUAT_8LED_7DOAN_QUET_1(UNSIGNED INT MA,SO_HTHI) 
.................... {      
....................       XUAT_1BYTE(~MA);   XUAT_1BYTE(~SO_HTHI); 
*
02B4:  MOVF   31,W
02B6:  MOVWF  33
02B8:  COMF   33,F
02BA:  MOVFF  33,35
02BE:  RCALL  0220
02C0:  MOVFF  32,33
02C4:  COMF   33,F
02C6:  MOVFF  33,35
02CA:  RCALL  0220
....................        
....................       MO_8_LED_QUET; 
02CC:  BCF    17.4
....................       MO_IC_74573_B_THONG_DL(); 
02CE:  RCALL  024A
....................        
....................       OUTPUT_HIGH(RCK_8LEDQUET); OUTPUT_LOW(RCK_8LEDQUET); 
02D0:  BCF    F95.5
02D2:  BSF    F8C.5
02D4:  BCF    F95.5
02D6:  BCF    F8C.5
....................       CHOT_IC_74573_B_GOI_DU_LIEU; 
02D8:  BCF    F95.0
02DA:  BCF    F8C.0
02DC:  GOTO   02E6 (RETURN)
.................... } 
.................... //HAM 502 
.................... //XXXXXXXXXXXXXXXXXXXXXXXXXXXXXXXXXXXXXXXXXXXX 
.................... //CHUONG TRINH CON XUAT 2 BYTE RA TAT 8 LED QUET 
.................... //XXXXXXXXXXXXXXXXXXXXXXXXXXXXXXXXXXXXXXXXXXXX 
.................... VOID XUAT_8LED_7DOAN_QUET_TAT_LED() 
.................... { 
....................    XUAT_8LED_7DOAN_QUET_1(0XFF,0XFF); 
02E0:  SETF   31
02E2:  SETF   32
02E4:  BRA    02B4
02E6:  GOTO   032E (RETURN)
.................... } 
.................... //HAM 503 
.................... //XXXXXXXXXXXXXXXXXXXXXXXXXXXXXXXXXXXXXXXXXXXX 
.................... //CHUONG TRINH CON HIEN THI LED THEO THU TU 
.................... //XXXXXXXXXXXXXXXXXXXXXXXXXXXXXXXXXXXXXXXXXXXX 
.................... CONST UNSIGNED CHAR TTLEDQUET[8]= {0x7F,0xBF,0xDF,0xEF,0xF7,0xFB,0xFD,0xFE}; 
.................... VOID XUAT_8LED_7DOAN_QUET_2(UNSIGNED INT THUTULED,SO_HTHI) 
.................... {          
....................       XUAT_1BYTE(~ (TTLEDQUET[THUTULED]));   XUAT_1BYTE(~SO_HTHI);      
*
0278:  CLRF   03
027A:  MOVF   32,W
027C:  MOVFF  FF2,34
0280:  BCF    FF2.7
0282:  RCALL  00C0
0284:  BTFSC  34.7
0286:  BSF    FF2.7
0288:  MOVWF  01
028A:  MOVWF  34
028C:  COMF   34,F
028E:  MOVFF  34,35
0292:  RCALL  0220
0294:  MOVFF  33,34
0298:  COMF   34,F
029A:  MOVFF  34,35
029E:  RCALL  0220
....................       MO_8_LED_QUET; 
02A0:  BCF    17.4
....................       MO_IC_74573_B_THONG_DL(); 
02A2:  RCALL  024A
....................       OUTPUT_HIGH(RCK_8LEDQUET); OUTPUT_LOW(RCK_8LEDQUET); 
02A4:  BCF    F95.5
02A6:  BSF    F8C.5
02A8:  BCF    F95.5
02AA:  BCF    F8C.5
....................       CHOT_IC_74573_B_GOI_DU_LIEU; 
02AC:  BCF    F95.0
02AE:  BCF    F8C.0
02B0:  GOTO   0322 (RETURN)
.................... } 
.................... //HAM 504 
.................... //XXXXXXXXXXXXXXXXXXXXXXXXXXXXXXXXXXXXXXXXXXXX 
.................... //CHUONG TRINH CON HIEN THI 8 SO TREN 8 LED QUET - CO KIEM TRA 
.................... //XXXXXXXXXXXXXXXXXXXXXXXXXXXXXXXXXXXXXXXXXXXX 
.................... UNSIGNED INT8 LED_7DQ[8]={0XFF,0XFF,0XFF,0XFF,0XFF,0XFF,0XFF,0XFF}; 
.................... UNSIGNED INT8 TT8LED=0; 
.................... VOID HIEN_THI_8LED_7DOAN_QUET() 
.................... {      
....................       FOR(TT8LED=0;TT8LED<8;TT8LED++) 
*
02EA:  CLRF   2B
02EC:  MOVF   2B,W
02EE:  SUBLW  07
02F0:  BNC   0332
....................          IF (LED_7DQ[TT8LED]!=0XFF) 
02F2:  CLRF   03
02F4:  MOVF   2B,W
02F6:  ADDLW  23
02F8:  MOVWF  FE9
02FA:  MOVLW  00
02FC:  ADDWFC 03,W
02FE:  MOVWF  FEA
0300:  INCFSZ FEF,W
0302:  BRA    0306
0304:  BRA    032E
....................          {            
....................             XUAT_8LED_7DOAN_QUET_2(TT8LED, LED_7DQ[TT8LED]); 
0306:  CLRF   03
0308:  MOVF   2B,W
030A:  ADDLW  23
030C:  MOVWF  FE9
030E:  MOVLW  00
0310:  ADDWFC 03,W
0312:  MOVWF  FEA
0314:  MOVFF  FEF,31
0318:  MOVFF  2B,32
031C:  MOVFF  31,33
0320:  BRA    0278
....................             DELAY_US(100); 
0322:  MOVLW  A6
0324:  MOVWF  00
0326:  DECFSZ 00,F
0328:  BRA    0326
032A:  NOP   
....................             XUAT_8LED_7DOAN_QUET_TAT_LED();            
032C:  BRA    02E0
032E:  INCF   2B,F
0330:  BRA    02EC
....................             } 
0332:  RETURN 0
.................... } 
.................... //HAM 505 
.................... //XXXXXXXXXXXXXXXXXXXXXXXXXXXXXXXXXXXXXXXXXXXX 
.................... //CHUONG TRINH CON HIEN THI 8 SO TREN 8 LED QUET - KHONG KIEM TRA 
.................... //XXXXXXXXXXXXXXXXXXXXXXXXXXXXXXXXXXXXXXXXXXXX 
.................... VOID HIEN_THI_8LED_7DOAN_QUET_ALL() 
.................... {      
....................       FOR(TT8LED=0;TT8LED<8;TT8LED++)          
....................          {            
....................             XUAT_8LED_7DOAN_QUET_2(TT8LED, LED_7DQ[TT8LED]); 
....................             DELAY_US(100); 
....................             XUAT_8LED_7DOAN_QUET_TAT_LED();            
....................             } 
.................... } 
....................  
.................... VOID DELAY_QUET_8LED(UNSIGNED INT16 DL) 
.................... {  
....................       UNSIGNED INT8 I; 
....................       FOR (I=0; I<DL;I++) 
....................       HIEN_THI_8LED_7DOAN_QUET_ALL(); 
.................... }  
....................  
.................... VOID GIAI_MA_GAN_CHO_8LED_QUET_16_XOA(UNSIGNED INT16 X) 
.................... {      
....................       LED_7DQ[0]= MA7DOAN [X %10];     
....................       LED_7DQ[1]= MA7DOAN [X/10%10]; 
....................       LED_7DQ[2]= MA7DOAN [X/100%10];     
....................       LED_7DQ[3]= MA7DOAN [X/1000%10]; 
....................       LED_7DQ[4]= MA7DOAN [X/10000%10]; 
....................       IF (LED_7DQ[4]==MASO0)  
....................       { 
....................             LED_7DQ[4]=0XFF; 
....................             IF (LED_7DQ[3]==MASO0)  
....................             { 
....................                LED_7DQ[3]=0XFF; 
....................                IF (LED_7DQ[2]==MASO0)  
....................                { 
....................                   LED_7DQ[2]=0XFF; 
....................                   IF (LED_7DQ[1]==MASO0)  
....................                   { 
....................                      LED_7DQ[1]=0XFF; 
....................                   } 
....................                } 
....................             } 
....................       } 
....................              
.................... } 
.................... //XXXXXXXXXXXXXXXXXXXXXXXXXXXXXXXXXXXXXXXXXXXX          
.................... VOID XUAT_2BYTE(UNSIGNED INT16 BYTE2XUAT) 
.................... { 
....................    INT8 SBB; 
....................    UNSIGNED INT16   XX;   //SHORT  BSERI; 
....................    #BIT BSERIX  = XX.15 
....................    XX = BYTE2XUAT; 
....................    FOR (SBB=0;SBB<16;SBB++) 
....................       {                                                  
....................          OUTPUT_BIT(SSDO,BSERIX);     
....................          OUTPUT_LOW(SSCK);          
....................          OUTPUT_HIGH(SSCK); 
....................          XX= XX<<1;          
....................      } 
.................... } 
.................... //XXXXXXXXXXXXXXXXXXXXXXXXXXXXXXXXXXXXXXXXXXXX 
.................... //CHUONG TRINH CON XUAT RA LED MA TRAN 
.................... //XXXXXXXXXXXXXXXXXXXXXXXXXXXXXXXXXXXXXXXXXXXX 
.................... VOID XUAT_MATRANLED(UNSIGNED INT16 MAHANG,UNSIGNED INT16 MACOT1, 
.................... UNSIGNED INT16 MACOT2,UNSIGNED INT16 MACOT3) 
.................... {       
....................       XUAT_2BYTE(MACOT3); 
....................       XUAT_2BYTE(MACOT2); 
....................       XUAT_2BYTE(MACOT1); 
....................       XUAT_2BYTE(MAHANG); 
....................        
....................       MO_LED_MATRAN; 
....................       MO_IC_74573_B_THONG_DL(); 
....................        
....................       OUTPUT_HIGH(RCK_MATRANLED); OUTPUT_LOW(RCK_MATRANLED);  
....................       CHOT_IC_74573_B_GOI_DU_LIEU; 
.................... } 
.................... //XXXXXXXXXXXXXXXXXXXXXXXXXXXXXXXXXXXXXXXXXXXX 
.................... //CHUONG TRINH CON XUAT RA LED MA TRAN 
.................... //XXXXXXXXXXXXXXXXXXXXXXXXXXXXXXXXXXXXXXXXXXXX 
.................... VOID TAT_MATRANLED() 
.................... {       
....................       XUAT_2BYTE(0); 
....................       XUAT_2BYTE(0); 
....................       XUAT_2BYTE(0); 
....................       XUAT_2BYTE(0);            
....................       OUTPUT_HIGH(RCK_MATRANLED);  
....................       OUTPUT_LOW(RCK_MATRANLED); 
.................... } 
.................... UNSIGNED  INT8 HIEU_CHINH_4BIT_CAO(UNSIGNED INT8 XZY) 
.................... { 
....................       INT1  BTG; 
....................       UNSIGNED INT8   BX;    
....................       #BIT BIT4  = BX.4 
....................       #BIT BIT5  = BX.5 
....................       #BIT BIT6  = BX.6 
....................       #BIT BIT7  = BX.7 
....................       BX=XZY; 
....................       BTG=BIT4;   BIT4=BIT7;  BIT7=BTG; 
....................       BTG=BIT5;   BIT5=BIT6;  BIT6=BTG;       
....................       RETURN(BX);   
.................... } 
.................... //HAM 601 
.................... //XXXXXXXXXXXXXXXXXXXXXXXXXXXXXXXXXXXXXXXXXXXXXXXXXXXX 
.................... //MODULE DIEU KHIEN RELAY,TRIAC, BUZZER, DONG CO, SIM 
.................... //XXXXXXXXXXXXXXXXXXXXXXXXXXXXXXXXXXXXXXXXXXXXXXXXXXXX 
.................... VOID XUAT_BUZZER_RELAY() 
.................... {      
....................    UNSIGNED INT8 RBDC1,RBDC2; 
....................       RBDC1=RBDC; RBDC2=RBDC>>8;       
....................       XUAT_1BYTE(RBDC2);       
....................       XUAT_1BYTE(RBDC1); 
....................       MO_RELAY_BUZZER_DC; 
....................       MO_IC_74573_B_THONG_DL(); 
....................        
....................       OUTPUT_HIGH(RCK_BUZERELAY);   OUTPUT_LOW(RCK_BUZERELAY); 
....................       CHOT_IC_74573_B_GOI_DU_LIEU; 
.................... } 
.................... //HAM 602 
.................... //XXXXXXXXXXXXXXXXXXXXXXXXXXXXXXXXXXXXXXXXXXXXXXXXXXXX 
.................... VOID BUZZER_ON() 
.................... {     
....................       BUZZER=1; 
....................       XUAT_BUZZER_RELAY();          
.................... } 
.................... //HAM 603 
.................... //XXXXXXXXXXXXXXXXXXXXXXXXXXXXXXXXXXXXXXXXXXXXXXXXXXXX 
.................... VOID BUZZER_OFF() 
.................... {      
....................       BUZZER=0; 
....................       XUAT_BUZZER_RELAY(); 
.................... } 
.................... //HAM 604 
.................... //XXXXXXXXXXXXXXXXXXXXXXXXXXXXXXXXXXXXXXXXXXXXXXXXXXXX 
.................... VOID RELAY_1_ON() 
.................... {     
....................       RELAY_1=1; 
....................       XUAT_BUZZER_RELAY();          
.................... } 
.................... //HAM 603 
.................... //XXXXXXXXXXXXXXXXXXXXXXXXXXXXXXXXXXXXXXXXXXXXXXXXXXXX 
.................... VOID RELAY_1_OFF() 
.................... {     
....................       RELAY_1=0; 
....................       XUAT_BUZZER_RELAY();          
.................... } 
.................... //HAM 604 
.................... //XXXXXXXXXXXXXXXXXXXXXXXXXXXXXXXXXXXXXXXXXXXXXXXXXXXX 
.................... VOID RELAY_2_ON() 
.................... {     
....................       RELAY_2=1; 
....................       XUAT_BUZZER_RELAY();          
.................... } 
.................... //HAM 607 
.................... //XXXXXXXXXXXXXXXXXXXXXXXXXXXXXXXXXXXXXXXXXXXXXXXXXXXX 
.................... VOID RELAY_2_OFF() 
.................... {     
....................       RELAY_2=0; 
....................       XUAT_BUZZER_RELAY();          
.................... } 
.................... //HAM 608 
.................... //XXXXXXXXXXXXXXXXXXXXXXXXXXXXXXXXXXXXXXXXXXXXXXXXXXXX 
.................... VOID RELAY_1_RELAY_2_ON() 
.................... {     
....................       RELAY_1=1;  RELAY_2=1; 
....................       XUAT_BUZZER_RELAY();          
.................... } 
.................... //HAM 609 
.................... //XXXXXXXXXXXXXXXXXXXXXXXXXXXXXXXXXXXXXXXXXXXXXXXXXXXX 
.................... VOID RELAY_1_RELAY_2_OFF() 
.................... {     
....................       RELAY_1=0;  RELAY_2=0; 
....................       XUAT_BUZZER_RELAY();          
.................... } 
.................... //HAM 610 
.................... //XXXXXXXXXXXXXXXXXXXXXXXXXXXXXXXXXXXXXXXXXXXXXXXXXXXX 
.................... VOID TRIAC_1_ON() 
.................... {     
....................       TRIAC_1=1; 
....................       XUAT_BUZZER_RELAY();          
.................... } 
.................... //HAM 611 
.................... //XXXXXXXXXXXXXXXXXXXXXXXXXXXXXXXXXXXXXXXXXXXXXXXXXXXX 
.................... VOID TRIAC_1_OFF() 
.................... {     
....................       TRIAC_1=0; 
....................       XUAT_BUZZER_RELAY();          
.................... } 
.................... //HAM 612 
.................... //XXXXXXXXXXXXXXXXXXXXXXXXXXXXXXXXXXXXXXXXXXXXXXXXXXXX 
.................... VOID TRIAC_2_ON() 
.................... {     
....................       TRIAC_2=1; 
....................       XUAT_BUZZER_RELAY();          
.................... } 
.................... //HAM 613 
.................... //XXXXXXXXXXXXXXXXXXXXXXXXXXXXXXXXXXXXXXXXXXXXXXXXXXXX 
.................... VOID TRIAC_2_OFF() 
.................... {     
....................       TRIAC_2=0; 
....................       XUAT_BUZZER_RELAY();          
.................... } 
.................... //XXXXXXXXXXXXXXXXXXXXXXXXXXXXXXXXXXXXXXXXXXXX 
....................  
....................  
....................  
.................... SIGNED INT8 GIO, PHUT, GIAY, BDN; 
.................... UNSIGNED CHAR GIA_TRI_MOD; 
....................  
.................... #INT_TIMER1 
.................... VOID INTERRUPT_TIMER1() 
.................... { 
....................    BDN++;SET_TIMER1(3036); 
*
00E2:  INCF   2F,F
00E4:  MOVLW  0B
00E6:  MOVWF  FCF
00E8:  MOVLW  DC
00EA:  MOVWF  FCE
00EC:  BCF    F9E.0
00EE:  GOTO   0054
.................... } 
.................... VOID GIAI_MA_GAN_CHO_8LED_QUET() 
.................... { 
....................    LED_7DQ[0]=MA7DOAN [GIAY%10]; 
*
0158:  MOVFF  2E,31
015C:  MOVLW  0A
015E:  MOVWF  32
0160:  RCALL  0110
0162:  CLRF   03
0164:  MOVF   00,W
0166:  MOVFF  FF2,31
016A:  BCF    FF2.7
016C:  RCALL  0096
016E:  BTFSC  31.7
0170:  BSF    FF2.7
0172:  MOVWF  23
....................    LED_7DQ[1]=MA7DOAN [GIAY/10] & 0x7F; 
0174:  MOVFF  2E,31
0178:  MOVLW  0A
017A:  MOVWF  32
017C:  RCALL  0110
017E:  CLRF   03
0180:  MOVF   01,W
0182:  MOVFF  FF2,31
0186:  BCF    FF2.7
0188:  RCALL  0096
018A:  BTFSC  31.7
018C:  BSF    FF2.7
018E:  ANDLW  7F
0190:  MOVWF  24
....................    LED_7DQ[3]=MA7DOAN [PHUT%10]; 
0192:  MOVFF  2D,31
0196:  MOVLW  0A
0198:  MOVWF  32
019A:  RCALL  0110
019C:  CLRF   03
019E:  MOVF   00,W
01A0:  MOVFF  FF2,31
01A4:  BCF    FF2.7
01A6:  RCALL  0096
01A8:  BTFSC  31.7
01AA:  BSF    FF2.7
01AC:  MOVWF  26
....................    LED_7DQ[4]=MA7DOAN [PHUT/10]& 0x7F; 
01AE:  MOVFF  2D,31
01B2:  MOVLW  0A
01B4:  MOVWF  32
01B6:  RCALL  0110
01B8:  CLRF   03
01BA:  MOVF   01,W
01BC:  MOVFF  FF2,31
01C0:  BCF    FF2.7
01C2:  RCALL  0096
01C4:  BTFSC  31.7
01C6:  BSF    FF2.7
01C8:  ANDLW  7F
01CA:  MOVWF  27
....................    LED_7DQ[6]=MA7DOAN [GIO%10]; 
01CC:  MOVFF  2C,31
01D0:  MOVLW  0A
01D2:  MOVWF  32
01D4:  RCALL  0110
01D6:  CLRF   03
01D8:  MOVF   00,W
01DA:  MOVFF  FF2,31
01DE:  BCF    FF2.7
01E0:  RCALL  0096
01E2:  BTFSC  31.7
01E4:  BSF    FF2.7
01E6:  MOVWF  29
....................    LED_7DQ[7]=MA7DOAN [GIO/10]; 
01E8:  MOVFF  2C,31
01EC:  MOVLW  0A
01EE:  MOVWF  32
01F0:  RCALL  0110
01F2:  CLRF   03
01F4:  MOVF   01,W
01F6:  MOVFF  FF2,31
01FA:  BCF    FF2.7
01FC:  RCALL  0096
01FE:  BTFSC  31.7
0200:  BSF    FF2.7
0202:  MOVWF  2A
....................     
....................    IF (GIA_TRI_MOD==1) LED_7DQ[6]=LED_7DQ[6]&0X7F; 
0204:  DECFSZ 30,W
0206:  BRA    020C
0208:  BCF    29.7
020A:  BRA    021E
....................    ELSE IF (GIA_TRI_MOD==2) LED_7DQ[3]=LED_7DQ[3]&0X7F; 
020C:  MOVF   30,W
020E:  SUBLW  02
0210:  BNZ   0216
0212:  BCF    26.7
0214:  BRA    021E
....................    ELSE IF (GIA_TRI_MOD==3) LED_7DQ[0]=LED_7DQ[0]&0X7F; 
0216:  MOVF   30,W
0218:  SUBLW  03
021A:  BNZ   021E
021C:  BCF    23.7
021E:  RETURN 0
.................... } 
.................... //XXXXXXXXXXXXXXXXXXXXXXXXXXXXXXXXX 
.................... VOID PHIM_MOD() 
.................... { 
....................    IF(!INPUT(MOD)) 
*
0334:  BSF    F93.2
0336:  BTFSC  F81.2
0338:  BRA    034E
....................    { 
....................       GIA_TRI_MOD++; 
033A:  INCF   30,F
....................       IF(GIA_TRI_MOD>=4) GIA_TRI_MOD=0; 
033C:  MOVF   30,W
033E:  SUBLW  03
0340:  BC    0344
0342:  CLRF   30
....................       GIAI_MA_GAN_CHO_8LED_QUET(); 
0344:  RCALL  0158
....................       DO{HIEN_THI_8LED_7DOAN_QUET();} 
0346:  RCALL  02EA
....................       WHILE(!INPUT(MOD)); 
0348:  BSF    F93.2
034A:  BTFSS  F81.2
034C:  BRA    0346
....................    } 
034E:  GOTO   044A (RETURN)
.................... } 
.................... //XXXXXXXXXXXXXXXXXXXXXXXXXXXXX 
.................... VOID PHIM_UP() 
.................... { 
....................    IF(!INPUT(UP)) 
0352:  BSF    F93.5
0354:  BTFSC  F81.5
0356:  BRA    039C
....................    { 
....................       SWITCH (GIA_TRI_MOD) 
0358:  MOVF   30,W
035A:  XORLW  01
035C:  BZ    0368
035E:  XORLW  03
0360:  BZ    0376
0362:  XORLW  01
0364:  BZ    0384
0366:  BRA    0392
....................          { 
....................             CASE 1: IF (GIO==23) GIO=0; 
0368:  MOVF   2C,W
036A:  SUBLW  17
036C:  BNZ   0372
036E:  CLRF   2C
0370:  BRA    0374
....................                     ELSE GIO++; 
0372:  INCF   2C,F
....................                     BREAK; 
0374:  BRA    0392
....................             CASE 2: IF (PHUT==59) PHUT=0; 
0376:  MOVF   2D,W
0378:  SUBLW  3B
037A:  BNZ   0380
037C:  CLRF   2D
037E:  BRA    0382
....................                     ELSE PHUT++; 
0380:  INCF   2D,F
....................                     BREAK;  
0382:  BRA    0392
....................             CASE 3: IF (GIAY==59) GIAY=0; 
0384:  MOVF   2E,W
0386:  SUBLW  3B
0388:  BNZ   038E
038A:  CLRF   2E
038C:  BRA    0390
....................                     ELSE GIAY++; 
038E:  INCF   2E,F
....................                     BREAK; 
0390:  BRA    0392
....................             DEFAULT: BREAK; 
....................          } 
....................          GIAI_MA_GAN_CHO_8LED_QUET(); 
0392:  RCALL  0158
....................          DO{ HIEN_THI_8LED_7DOAN_QUET(); } 
0394:  RCALL  02EA
....................          WHILE(!INPUT(UP)); 
0396:  BSF    F93.5
0398:  BTFSS  F81.5
039A:  BRA    0394
....................    } 
039C:  GOTO   044C (RETURN)
.................... } 
.................... //XXXXXXXXXXXXXXXXXXXXXXXXXXXXXXXXXXXX 
.................... VOID PHIM_DW() 
.................... { 
....................    IF(!INPUT(DW)) 
03A0:  BSF    F93.4
03A2:  BTFSC  F81.4
03A4:  BRA    03EA
....................    { 
....................       SWITCH (GIA_TRI_MOD) 
03A6:  MOVF   30,W
03A8:  XORLW  01
03AA:  BZ    03B6
03AC:  XORLW  03
03AE:  BZ    03C4
03B0:  XORLW  01
03B2:  BZ    03D2
03B4:  BRA    03E0
....................          { 
....................             CASE 1: IF (GIO==0) GIO=23; 
03B6:  MOVF   2C,F
03B8:  BNZ   03C0
03BA:  MOVLW  17
03BC:  MOVWF  2C
03BE:  BRA    03C2
....................                     ELSE GIO--; 
03C0:  DECF   2C,F
....................                     BREAK; 
03C2:  BRA    03E0
....................             CASE 2: IF (PHUT==0) PHUT=59; 
03C4:  MOVF   2D,F
03C6:  BNZ   03CE
03C8:  MOVLW  3B
03CA:  MOVWF  2D
03CC:  BRA    03D0
....................                     ELSE PHUT--; 
03CE:  DECF   2D,F
....................                     BREAK;  
03D0:  BRA    03E0
....................             CASE 3: IF (GIAY==0) GIAY=59; 
03D2:  MOVF   2E,F
03D4:  BNZ   03DC
03D6:  MOVLW  3B
03D8:  MOVWF  2E
03DA:  BRA    03DE
....................                     ELSE GIAY--; 
03DC:  DECF   2E,F
....................                     BREAK; 
03DE:  BRA    03E0
....................             DEFAULT: BREAK; 
....................          } 
....................          GIAI_MA_GAN_CHO_8LED_QUET(); 
03E0:  RCALL  0158
....................          DO{ HIEN_THI_8LED_7DOAN_QUET(); } 
03E2:  RCALL  02EA
....................          WHILE(!INPUT(DW)); 
03E4:  BSF    F93.4
03E6:  BTFSS  F81.4
03E8:  BRA    03E2
....................    } 
03EA:  GOTO   044E (RETURN)
.................... } 
.................... //XXXXXXXXXXXXXXXXXXXXXXXXXXXXX 
.................... VOID MAIN() 
03EE:  CLRF   FF8
03F0:  BCF    FD0.7
03F2:  BSF    07.7
03F4:  CLRF   18
03F6:  CLRF   1F
03F8:  CLRF   20
03FA:  CLRF   21
03FC:  CLRF   22
03FE:  CLRF   2B
0400:  MOVF   FC1,W
0402:  ANDLW  C0
0404:  IORLW  0F
0406:  MOVWF  FC1
0408:  MOVLW  07
040A:  MOVWF  FB4
040C:  SETF   23
040E:  SETF   24
0410:  SETF   25
0412:  SETF   26
0414:  SETF   27
0416:  SETF   28
0418:  SETF   29
041A:  SETF   2A
.................... { 
....................    SET_UP_PORT_IC_CHOT(); 
041C:  BRA    00F2
....................    SETUP_TIMER_1(T1_INTERNAL | T1_DIV_BY_8); 
041E:  MOVLW  B5
0420:  MOVWF  FCD
....................    SET_TIMER1(3036); 
0422:  MOVLW  0B
0424:  MOVWF  FCF
0426:  MOVLW  DC
0428:  MOVWF  FCE
....................    ENABLE_INTERRUPTS(GLOBAL); 
042A:  MOVLW  C0
042C:  IORWF  FF2,F
....................    ENABLE_INTERRUPTS(INT_TIMER1);; 
042E:  BSF    F9D.0
....................    BDN=0; GIAY=0;PHUT=0; GIO=0; GIA_TRI_MOD=0; 
0430:  CLRF   2F
0432:  CLRF   2E
0434:  CLRF   2D
0436:  CLRF   2C
0438:  CLRF   30
....................    WHILE(TRUE) 
....................    { 
....................       GIAI_MA_GAN_CHO_8LED_QUET(); 
043A:  RCALL  0158
....................       IF (BDN<10) 
043C:  BTFSC  2F.7
043E:  BRA    0446
0440:  MOVF   2F,W
0442:  SUBLW  09
0444:  BNC   0450
....................          { 
....................             HIEN_THI_8LED_7DOAN_QUET(); 
0446:  RCALL  02EA
....................             PHIM_MOD(); PHIM_UP(); PHIM_DW(); 
0448:  BRA    0334
044A:  BRA    0352
044C:  BRA    03A0
....................          } 
044E:  BRA    0472
....................       ELSE 
....................          { 
....................             BDN=BDN-10; 
0450:  MOVLW  0A
0452:  SUBWF  2F,F
....................             GIAY++; 
0454:  INCF   2E,F
....................             IF(GIAY==60) 
0456:  MOVF   2E,W
0458:  SUBLW  3C
045A:  BNZ   0472
....................             { 
....................                GIAY=0; 
045C:  CLRF   2E
....................                PHUT++; 
045E:  INCF   2D,F
....................                IF (PHUT==60) 
0460:  MOVF   2D,W
0462:  SUBLW  3C
0464:  BNZ   0472
....................                { 
....................                   PHUT=0; 
0466:  CLRF   2D
....................                   GIO++; 
0468:  INCF   2C,F
....................                   IF (GIO==24) GIO=0;                   
046A:  MOVF   2C,W
046C:  SUBLW  18
046E:  BNZ   0472
0470:  CLRF   2C
....................                } 
....................             } 
....................          } 
0472:  BRA    043A
....................    } 
.................... } 
....................  
0474:  SLEEP 

Configuration Fuses:
   Word  1: CC27   PLL12 CPUDIV1 USBDIV HS FCMEN IESO
   Word  2: 1E3E   PUT BROWNOUT BORV21 VREGEN NOWDT WDT32768
   Word  3: 8700   CCP2C1 PBADEN LPT1OSC MCLR
   Word  4: 00A1   STVREN NOLVP ICSP2 NOXINST NODEBUG
   Word  5: C00F   NOPROTECT NOCPB NOCPD
   Word  6: E00F   NOWRT NOWRTC NOWRTB NOWRTD
   Word  7: 400F   NOEBTR NOEBTRB
