
ROM used:   1368/32768 (4%)
            1368/32768 (4%) including unused fragments

            0.7 Average locations per line
            4.1 Average locations per statement

RAM used:   38/2048 (2%) at main() level
            46/2048 (2%) worst case

Stack used: 3 worst case (3 in main + 0 for interrupts)
Stack size: 31

Lines Stmts  %   Files
----- ----- ---  -----
   29    17   5  BAI_731_DS18B20A.c
  702   244  73  tv_pickit2_shift_1.c
  837     0   0  ..\..\..\..\..\Program Files (x86)\PICC\Devices\18F4550.H
   44    19   6  tv_pickit2_shift_ds18b20.c
  230    54  16  ..\..\..\..\..\Program Files (x86)\PICC\Drivers\TOUCH.c
----- -----
 1842   334 Total

Page ROM  %  RAM   Vol Diff  Functions:
---- --- --- ---   --- ----  ----------
0     26   1    1             @delay_us1
0     32   1    0             @const686
0     42   2    3   271  4.3  XUAT_1BYTE
0     30   1    0   152  1.8  SET_UP_PORT_IC_CHOT
0     48   2    0   119  1.7  MO_IC_74573_A_THONG_DL
0     42   2    4   231  2.3  XUAT_4LED_7DOAN_4SO
0    296  11    5   465  4.8  XUAT_4LED_7DOAN_GIAIMA_XOA_SO0
0     66   2    5             @DIV1616
0     60   2    1   176  2.3  touch_read_bit
0     34   1    2   149  4.3  touch_read_byte
0    112   4    1   450  3.3  touch_write_bit
0     46   2    3   185  5.6  touch_write_byte
0     78   3    2   260  3.2  touch_present
0     46   2    0   158  1.3  KHOI_TAO_DS18B20
0    124   5    2   290  4.2  DOC_GIATRI_DS18B20
0     32   1    5    92  1.3  @MUL1616
0    210   8    1   460  5.7  MAIN
0     40   1    3   460  5.7  @DIV88
 Inline         0   450  3.3  @cinit1

Program metrics:
    Functions               16
    Statements              334
    Comments                450
    Volume (V)              7656
    Difficulty (D)          54.8
    Effort to implement (E) 419193
    Time to implement (T)   6 hours, 28 minutes
    Est Delivered Bugs (B)  2
    Cyclomatic Complexity   18
    Maintainability (MI)    136

 Segment     Used  Free
-----------  ----  ----
00000-00002     4  0  
00004-07FFE  1364  31400  



