
ROM used:   782/32768 (2%)
            782/32768 (2%) including unused fragments

            0.5 Average locations per line
            3.0 Average locations per statement

RAM used:   46/2048 (2%) at main() level
            53/2048 (3%) worst case

Stack used: 5 worst case (4 in main + 1 for interrupts)
Stack size: 31

Lines Stmts  %   Files
----- ----- ---  -----
   39    21   8  BAI_512_DEM_GIAY_CX.c
  702   244  92  TV_PICKIT2_SHIFT_1.C
  837     0   0  ..\..\..\..\..\Program Files (x86)\PICC\Devices\18F4550.H
----- -----
 1578   265 Total

Page ROM  %  RAM   Vol Diff  Functions:
---- --- --- ---   --- ----  ----------
0     42   3    0             @const686
0     42   3    3   271  4.3  XUAT_1BYTE
0     30   2    0   152  1.8  SET_UP_PORT_IC_CHOT
0     46   3    0   119  1.7  MO_IC_74573_B_THONG_DL
0     44   3    3   172  2.7  XUAT_8LED_7DOAN_QUET_1
0     10   1    0    25  1.2  XUAT_8LED_7DOAN_QUET_TAT_LED
0     34   2    0             @const753
0     60   4    3   190  3.1  XUAT_8LED_7DOAN_QUET_2
0     76   5    1   178  4.9  HIEN_THI_8LED_7DOAN_QUET
0     16   1    0    29  1.2  INTERRUPT_TIMER1
0     60   4    1    93  2.9  GIAI_MA_GAN_CHO_8LED_QUET
0     72   5    4   104  3.2  @DIVS88
0    104   7    0   354  5.6  MAIN
 Inline         0   413  6.6  @cinit1

Program metrics:
    Functions               12
    Statements              265
    Comments                330
    Volume (V)              3563
    Difficulty (D)          39.7
    Effort to implement (E) 141608
    Time to implement (T)   2 hours, 11 minutes
    Est Delivered Bugs (B)  1
    Cyclomatic Complexity   8
    Maintainability (MI)    139

 Segment     Used  Free
-----------  ----  ----
00000-00002     4  0  
00004-00006     0  4  
00008-00094   142  0  
00096-07FFE   636  31982  



