
ROM used:   1432/32768 (4%)
            1432/32768 (4%) including unused fragments

            0.8 Average locations per line
            4.6 Average locations per statement

RAM used:   35/2048 (2%) at main() level
            51/2048 (2%) worst case

Stack used: 8 worst case (8 in main + 0 for interrupts)
Stack size: 31

Lines Stmts  %   Files
----- ----- ---  -----
   96    42  14  BAI_644_LCD_DEM_SP_KiThuLon.c
  702   244  78  TV_PICKIT2_SHIFT_1.C
  837     0   0  ..\..\..\..\..\Program Files (x86)\PICC\Devices\18F4550.H
   87    25   8  TV_PICKIT2_SHIFT_LCD.C
----- -----
 1722   311 Total

Page ROM  %  RAM   Vol Diff  Functions:
---- --- --- ---   --- ----  ----------
0     40   1    1             @delay_ms1
0     32   1    0             @const686
0     42   1    3   271  4.3  XUAT_1BYTE
0     30   1    0   152  1.8  SET_UP_PORT_IC_CHOT
0     46   2    0   119  1.7  MO_IC_74573_A_THONG_DL
0     44   2    4   231  2.3  XUAT_4LED_7DOAN_4SO
0    294  10    5   465  4.8  XUAT_4LED_7DOAN_GIAIMA_XOA_SO0
0     66   2    5             @DIV1616
0     44   2    0   172  1.8  XUAT_GLCD_LCD
0     16   1    2    80  2.7  XUAT_LCD20X4
0     26   1    1   102  2.1  LCD_XUAT_8BIT
0     22   1    1    61  1.6  LCD_COMMAND
0     22   1    1    61  1.6  LCD_DATA
0     72   3    0   245  1.8  SETUP_LCD
0     76   3    0   183  2.2  @const813
0     20   1    0             @const823
0     26   1    3   147  3.7  LCD_GOTO_XY
0     92   3    5   255  5.5  lcd_hienthi_so_z_toado_xy
0     76   3    2    43  1.5  @MUL88
0    138   5    2   156  2.7  HIENTHI_LCD_KichThuocLon
0    156   5    0   417  4.6  MAIN
0     14   0    0   510  8.0  @const848
0     34   1    2   447  5.2  @PSTRINGC_810
 Inline         0  1125  9.2  @cinit1

Program metrics:
    Functions               20
    Statements              311
    Comments                362
    Volume (V)              9228
    Difficulty (D)          68.9
    Effort to implement (E) 636081
    Time to implement (T)   9 hours, 49 minutes
    Est Delivered Bugs (B)  2
    Cyclomatic Complexity   18
    Maintainability (MI)    110

 Segment     Used  Free
-----------  ----  ----
00000-00002     4  0  
00004-07FFE  1428  31336  



