
ROM used:   604/32768 (2%)
            604/32768 (2%) including unused fragments

            0.3 Average locations per line
            1.8 Average locations per statement

RAM used:   1054/2048 (51%) at main() level
            1063/2048 (52%) worst case

Stack used: 6 worst case (6 in main + 0 for interrupts)
Stack size: 31

Lines Stmts  %   Files
----- ----- ---  -----
   23    12   3  BAI_651_GLTD_HIEN_THI_CHUOI.c
  702   244  71  TV_PICKIT2_SHIFT_1.C
  837     0   0  ..\..\..\..\..\Program Files (x86)\PICC\Devices\18F4550.H
  240    88  26  TV_PICKIT2_SHIFT_GLCD128X64.C
----- -----
 1802   344 Total

Page ROM  %  RAM   Vol Diff  Functions:
---- --- --- ---   --- ----  ----------
0     42   3    1             @delay_ms1
0     46   4    3   271  4.3  XUAT_1BYTE
0     30   2    0   152  1.8  SET_UP_PORT_IC_CHOT
0     48   4    0   119  1.7  MO_IC_74573_A_THONG_DL
0     44   4    0   172  1.8  XUAT_GLCD_LCD
0     20   2    2    80  2.7  XUAT_GLCD128X64
0     26   2    1   102  2.1  GLCD_XUAT_8BIT
0     10   1    1    43  1.5  GLCD_COMMAND
0     12   1    1    43  1.5  GLCD_DATA
0     90   7    1   292  1.7  SETUP_GLCD
0    140  12    0   214  1.7  MAIN
0     18   1    0             @const864
0     32   3    2   156  2.7  @PSTRINGC_812
0     16   1    0   417  4.6  @const866
0     12   1    0             @const867
0     14   1    0             @const868
 Inline         0             @cinit1

Program metrics:
    Functions               12
    Statements              344
    Comments                360
    Volume (V)              3542
    Difficulty (D)          27.6
    Effort to implement (E) 97857
    Time to implement (T)   1 hours, 31 minutes
    Est Delivered Bugs (B)  1
    Cyclomatic Complexity   3
    Maintainability (MI)    127

 Segment     Used  Free
-----------  ----  ----
00000-00002     4  0  
00004-07FFE   600  32164  



