
ROM used:   1290/32768 (4%)
            1290/32768 (4%) including unused fragments

            0.8 Average locations per line
            5.0 Average locations per statement

RAM used:   30/2048 (1%) at main() level
            44/2048 (2%) worst case

Stack used: 3 worst case (3 in main + 0 for interrupts)
Stack size: 31

Lines Stmts  %   Files
----- ----- ---  -----
   28    14   5  BAI_701_LM35A.c
  702   244  95  tv_pickit2_shift_1.c
  837     0   0  ..\..\..\..\..\Program Files (x86)\PICC\Devices\18F4550.H
----- -----
 1567   258 Total

Page ROM  %  RAM   Vol Diff  Functions:
---- --- --- ---   --- ----  ----------
0     40   2    1             @delay_ms1
0     32   1    0             @const686
0     42   2    3   271  4.3  XUAT_1BYTE
0     30   1    0   152  1.8  SET_UP_PORT_IC_CHOT
0     48   2    0   119  1.7  MO_IC_74573_A_THONG_DL
0     44   2    4   231  2.3  XUAT_4LED_7DOAN_4SO
0    296  11    5   465  4.8  XUAT_4LED_7DOAN_GIAIMA_XOA_SO0
0     66   3    5             @DIV1616
0    226   9    0   364  5.0  MAIN
0     56   2    2    43  1.5  @ITOF
0    348  13   14    43  1.5  @DIVFF
0     58   2    4    61  1.6  @SFTOI
 Inline         0   292  1.7  @cinit1

Program metrics:
    Functions               10
    Statements              258
    Comments                329
    Volume (V)              3300
    Difficulty (D)          26.0
    Effort to implement (E) 85910
    Time to implement (T)   1 hours, 20 minutes
    Est Delivered Bugs (B)  1
    Cyclomatic Complexity   5
    Maintainability (MI)    114

 Segment     Used  Free
-----------  ----  ----
00000-00002     4  0  
00004-07FFE  1286  31478  



