
ROM used:   2286/32768 (7%)
            2286/32768 (7%) including unused fragments

            1.3 Average locations per line
            7.3 Average locations per statement

RAM used:   37/2048 (2%) at main() level
            51/2048 (2%) worst case

Stack used: 8 worst case (8 in main + 0 for interrupts)
Stack size: 31

Lines Stmts  %   Files
----- ----- ---  -----
   88    46  15  BAI_704_LM35A_BUZZ_AUTO_LCD_FONT_TO.c
  702   244  77  tv_pickit2_shift_1.c
  837     0   0  ..\..\..\..\..\Program Files (x86)\PICC\Devices\18F4550.H
   92    25   8  tv_pickit2_shift_lcd.c
----- -----
 1719   315 Total

Page ROM  %  RAM   Vol Diff  Functions:
---- --- --- ---   --- ----  ----------
0     38   1    1             @delay_ms1
0     32   1    0             @const686
0     42   1    3   271  4.3  XUAT_1BYTE
0     42   1    4   231  2.3  XUAT_32LED_DON_4BYTE
0     30   1    0   152  1.8  SET_UP_PORT_IC_CHOT
0     46   1    0   119  1.7  MO_IC_74573_A_THONG_DL
0     48   1    0   119  1.7  MO_IC_74573_B_THONG_DL
0     44   1    4   231  2.3  XUAT_4LED_7DOAN_4SO
0    296   6    5   465  4.8  XUAT_4LED_7DOAN_GIAIMA_XOA_SO0
0     66   1    5             @DIV1616
0     44   1    0   172  1.8  XUAT_GLCD_LCD
0     16   0    2    80  2.7  XUAT_LCD20X4
0     38   1    2   226  2.8  XUAT_BUZZER_RELAY
0      8   0    0    29  1.2  TRIAC_2_ON
0      8   0    0    29  1.2  TRIAC_2_OFF
0     26   1    1   102  2.1  LCD_XUAT_8BIT
0     22   0    1    61  1.6  LCD_COMMAND
0     22   0    1    61  1.6  LCD_DATA
0     72   2    0   245  1.8  SETUP_LCD
0     94   2    0   292  1.7  @const813
0     80   2    0   338  5.1  @const817
0     20   0    0             @const823
0     26   1    3   147  3.7  LCD_GOTO_XY
0     78   2    1   391  5.1  so_sanh_dk_buzzer
0     96   2    5   276  6.5  LCD_HIENTHI_SO_Z_TOADO_XY
0     76   2    2   569  7.0  @MUL88
0    174   4    2   376  6.1  HIENTHI_LCD_KichThuocLon
0    236   5    0   447  5.1  MAIN
0     56   1    2    61  1.6  @ITOF
0    348   8   14   245  1.8  @DIVFF
0     58   1    4  2563 10.9  @SFTOI
 Inline         0             @cinit1

Program metrics:
    Functions               27
    Statements              315
    Comments                353
    Volume (V)              14592
    Difficulty (D)          92.2
    Effort to implement (E) 1345441
    Time to implement (T)   20 hours, 46 minutes
    Est Delivered Bugs (B)  4
    Cyclomatic Complexity   27
    Maintainability (MI)    67

 Segment     Used  Free
-----------  ----  ----
00000-00002     4  0  
00004-07FFE  2282  30482  



