
ROM used:   504/32768 (2%)
            504/32768 (2%) including unused fragments

            0.3 Average locations per line
            2.0 Average locations per statement

RAM used:   33/2048 (2%) at main() level
            40/2048 (2%) worst case

Stack used: 2 worst case (2 in main + 0 for interrupts)
Stack size: 31

Lines Stmts  %   Files
----- ----- ---  -----
   28    11   4  BAI_409_DEM_PHUT_GIAY.c
  702   244  96  TV_PICKIT2_SHIFT_1.C
  837     0   0  ..\..\..\..\..\Program Files (x86)\PICC\Devices\18F4550.H
----- -----
 1567   255 Total

Page ROM  %  RAM   Vol Diff  Functions:
---- --- --- ---   --- ----  ----------
0     40   4    1             @delay_ms1
0     32   3    0             @const686
0     42   4    3   271  4.3  XUAT_1BYTE
0     30   3    0   152  1.8  SET_UP_PORT_IC_CHOT
0     48   5    0   119  1.7  MO_IC_74573_A_THONG_DL
0     42   4    4   231  2.3  XUAT_4LED_7DOAN_4SO
0    226  22    4   351  5.6  MAIN
0     40   4    3             @DIV88
 Inline         0             @cinit1

Program metrics:
    Functions               5
    Statements              255
    Comments                329
    Volume (V)              1642
    Difficulty (D)          15.2
    Effort to implement (E) 24894
    Time to implement (T)   23 minutes
    Est Delivered Bugs (B)  0
    Cyclomatic Complexity   2
    Maintainability (MI)    77

 Segment     Used  Free
-----------  ----  ----
00000-00002     4  0  
00004-07FFE   500  32264  



