CCS PCH C Compiler, Version 5.015, 5967               25-May-20 15:58

               Filename:   C:\Users\tsqua\OneDrive - student.mtsac.edu\Desktop\BAI_TAP_VXL_NEW_3\BAI_337_TONGHOP_UP_DN_CLR.lst

               ROM used:   2358 bytes (7%)
                           Largest free fragment is 30410
               RAM used:   97 (5%) at main() level
                           121 (6%) worst case
               Stack used: 7 locations
               Stack size: 31

*
0000:  GOTO   07B0
....................  
.................... #include <tv_pickit2_shift_1.c>                                                
.................... #INCLUDE    <18F4550.H> 
.................... //////////// Standard Header file for the PIC18F4550 device //////////////// 
.................... /////////////////////////////////////////////////////////////////////////// 
.................... ////        (C) Copyright 1996, 2013 Custom Computer Services          //// 
.................... //// This source code may only be used by licensed users of the CCS C  //// 
.................... //// compiler.  This source code may only be distributed to other      //// 
.................... //// licensed users of the CCS C compiler.  No other use, reproduction //// 
.................... //// or distribution is permitted without written permission.          //// 
.................... //// Derivative programs created using this software in object code    //// 
.................... //// form are not restricted in any way.                               //// 
.................... /////////////////////////////////////////////////////////////////////////// 
.................... #device PIC18F4550 
0004:  CLRF   FF7
0006:  ADDLW  14
0008:  MOVWF  FF6
000A:  MOVLW  00
000C:  ADDWFC FF7,F
000E:  TBLRD*+
0010:  MOVF   FF5,W
0012:  RETURN 0
0014:  DATA C0,F9
0016:  DATA A4,B0
0018:  DATA 99,92
001A:  DATA 82,F8
001C:  DATA 80,90
001E:  DATA 88,83
0020:  DATA C6,A1
0022:  DATA 86,8E
0024:  CLRF   FF7
0026:  ADDLW  34
0028:  MOVWF  FF6
002A:  MOVLW  00
002C:  ADDWFC FF7,F
002E:  TBLRD*+
0030:  MOVF   FF5,W
0032:  RETURN 0
0034:  DATA 7F,BF
0036:  DATA DF,EF
0038:  DATA F7,FB
003A:  DATA FD,FE
*
06C6:  MOVF   x61,W
06C8:  ANDLW  07
06CA:  MOVWF  00
06CC:  RRCF   x61,W
06CE:  MOVWF  01
06D0:  RRCF   01,F
06D2:  RRCF   01,F
06D4:  MOVLW  1F
06D6:  ANDWF  01,F
06D8:  MOVF   01,W
06DA:  ADDWF  x63,W
06DC:  MOVWF  FE9
06DE:  MOVLW  00
06E0:  ADDWFC x64,W
06E2:  MOVWF  FEA
06E4:  CLRF   01
06E6:  INCF   01,F
06E8:  INCF   00,F
06EA:  BRA    06EE
06EC:  RLCF   01,F
06EE:  DECFSZ 00,F
06F0:  BRA    06EC
06F2:  MOVF   x62,F
06F4:  BZ    06FC
06F6:  MOVF   01,W
06F8:  IORWF  FEF,F
06FA:  BRA    0702
06FC:  COMF   01,F
06FE:  MOVF   01,W
0700:  ANDWF  FEF,F
0702:  RETURN 0
0704:  MOVF   x61,W
0706:  ANDLW  07
0708:  MOVWF  00
070A:  RRCF   x61,W
070C:  MOVWF  01
070E:  RRCF   01,F
0710:  RRCF   01,F
0712:  MOVLW  1F
0714:  ANDWF  01,F
0716:  MOVF   01,W
0718:  ADDWF  x62,W
071A:  MOVWF  FE9
071C:  MOVLW  00
071E:  ADDWFC x63,W
0720:  MOVWF  FEA
0722:  MOVFF  FEF,01
0726:  INCF   00,F
0728:  BRA    072C
072A:  RRCF   01,F
072C:  DECFSZ 00,F
072E:  BRA    072A
0730:  RETURN 0
....................  
.................... #list 
....................  
.................... #DEVICE     ADC=10 
.................... #FUSES      NOWDT,PUT,HS,NOPROTECT,NOLVP,CPUDIV1 
.................... #USE        I2C(MASTER,SLOW,SDA=PIN_B0,SCL=PIN_B1) 
.................... #USE        DELAY(CLOCK=20000000) 
*
017E:  CLRF   FEA
0180:  MOVLW  65
0182:  MOVWF  FE9
0184:  MOVF   FEF,W
0186:  BZ    01A2
0188:  MOVLW  06
018A:  MOVWF  01
018C:  CLRF   00
018E:  DECFSZ 00,F
0190:  BRA    018E
0192:  DECFSZ 01,F
0194:  BRA    018C
0196:  MOVLW  7B
0198:  MOVWF  00
019A:  DECFSZ 00,F
019C:  BRA    019A
019E:  DECFSZ FEF,F
01A0:  BRA    0188
01A2:  RETURN 0
.................... //#USE        rs232(baud=9600, xmit=PIN_C6,rcv=PIN_C7) 
.................... //NUT NHAN: 
.................... #DEFINE  BT0     PIN_B5 
.................... #DEFINE  BT1     PIN_B4 
.................... #DEFINE  BT2     PIN_B3 
.................... #DEFINE  BT3     PIN_B2 
....................  
.................... #DEFINE  ON      BT0       //DK LED DON, MOTOR 
.................... #DEFINE  OFF     BT1 
.................... #DEFINE  INV     BT2 
....................  
.................... #DEFINE  UP      BT0    //DK LED DON 
.................... #DEFINE  DW      BT1 
.................... #DEFINE  CLR     BT2 
.................... #DEFINE  MOD     BT3 
....................  
.................... #DEFINE  STOP    BT3 
....................  
.................... #DEFINE  ON1     BT0      
.................... #DEFINE  OFF1    BT1 
.................... #DEFINE  ON2     BT2        
.................... #DEFINE  OFF2    BT3 
....................  
....................  
.................... #DEFINE     TRIGGER      PIN_E2 
.................... #DEFINE     ECHO         PIN_E1 
.................... //   IC74138_A    PIN_B6   //OUTPUT GIAI MA 2 SANG 4 TICH CUC MUC 0 
.................... //   IC74138_B    PIN_B7   //OUTPUT GIAI MA 2 SANG 4 TICH CUC MUC 0 
....................  
.................... //          ENCODER  PIN_C0   //RC0/T13CKI 
....................  
.................... //          CB_KC    PIN_A2   //RA2/AN2 
.................... //          PIR      PIN_A3   //RA3/AN3 
.................... //          CBXUNG   PIN_A4   //RA4/T0CKI 
.................... //          LEDTHU   PIN_A4   //RA4/T0CKI//SW802 
....................  
.................... //          CB_KCSA_TRIGGER  PIN_E2   //RE2/SDO  DUNG CHUNG 
.................... //          CB_KCSA_RCHO     PIN_E1   //RE1 
....................  
.................... //          CB_TCS3200_OUT    PIN_E1   //RE1 //CAM BIEN MAU TCS3200 
.................... //          CB_TCS3200_S0     B12      //LAY TU MBI5026 
.................... //          CB_TCS3200_S1     B13      //LAY TU MBI5026 
.................... //          CB_TCS3200_S2     B14      //LAY TU MBI5026 
.................... //          CB_TCS3200_S3     B15      //LAY TU MBI5026 
....................  
.................... //          CB_POWER  SW803 
.................... //          CB_GAS      AIN3_PCF8591T   //RE1 
.................... //          CB_QUANG    AIN2_PCF8591T    
.................... //          CB_LM35B    AIN1_PCF8591T   //RA1/AN1 
.................... //          CB_LM35A    AIN0_PCF8591T   //RE1/AN0 
....................  
.................... //XXXXXXXXXXXXXXXXXXXXXXXXXXXXXXXXXXXXXXXXXXXXXXXXX 
.................... #DEFINE      ENABLE_573A      PIN_D1         //CS0 CUA A 
.................... #DEFINE      ENABLE_573B      PIN_D0         //CS1 CUA B 
.................... //XXXXXXXXXXXXXXXXXXXXXXXXXXXXXXXXXXXXXXXXXXXXXXXXX 
.................... #DEFINE      SSDO             PIN_E2         //CHUNG TAT CA 
.................... #DEFINE      SSCK             PIN_E0         //CHUNG TAT CA 
.................... //XXXXXXXXXXXXXXXXXXXXXXXXXXXXXXXXXXXXXXXXXXXXXXXXX 
.................... #DEFINE      RCK_4LED7DOAN    PIN_D7         //A - 4 BYTE 
.................... #DEFINE      G_4LED7DOAN      PIN_D6         //A - 4 BYTE 
.................... //XXXXXXXXXXXXXXXXXXXXXXXXXXXXXXXXXXXXXXXXXXXX     
.................... #DEFINE      RCK_MATRANLED    PIN_D7         //B - 3 BYTE DAO 
.................... #DEFINE      G_MATRANLED      PIN_D6         //B - 3 BYTE DAO 
.................... //XXXXXXXXXXXXXXXXXXXXXXXXXXXXXXXXXXXXXXXXXXXXXXXXX 
.................... #DEFINE      RCK_32LED        PIN_D5         //A - 4 BYTE 
.................... #DEFINE      G_32LED          PIN_D4         //A - 4 BYTE 
.................... //XXXXXXXXXXXXXXXXXXXXXXXXXXXXXXXXXXXXXXXXXXXX  
.................... #DEFINE      RCK_8LEDQUET     PIN_D5         //B - 2 BYTE DAO 
.................... #DEFINE      G_8LEDQUET       PIN_D4         //B - 2 BYTE DAO 
.................... //XXXXXXXXXXXXXXXXXXXXXXXXXXXXXXXXXXXXXXXXXXXXXXXXX 
.................... #DEFINE      RCK_LCD20X4      PIN_D3         //A - 2 BYTE DAO 
.................... #DEFINE      G_LCD20X4         PIN_D2         //A - 2 BYTE DAO 
.................... //XXXXXXXXXXXXXXXXXXXXXXXXXXXXXXXXXXXXXXXXXXXX  
.................... #DEFINE      RCK_BUZERELAY    PIN_D3     //B - 1 BYTE  
.................... #DEFINE      G_BUZERELAY      PIN_D2         //B - 1 BYTE  
....................  
.................... VOID XUAT_LCD20X4(UNSIGNED INT8 LCD_SIGNAL,LCD_INS_HTHI); 
....................  
.................... VOID XUAT_BUZZER_RELAY(); 
.................... //XXXXXXXXXXXXXXXXXXXXXXXXXXXXXXXXXXXXXXXXXXXX    
.................... #DEFINE     CHOT_2_IC_74573_A_B  OUTPUT_D(0XFC) 
....................  
.................... UNSIGNED INT8 TIN_HIEU_DK_74573_A; 
.................... #BIT G_4A         = TIN_HIEU_DK_74573_A.6 
.................... #BIT G_32A        = TIN_HIEU_DK_74573_A.4 
.................... #BIT G_LCDA       = TIN_HIEU_DK_74573_A.2 
.................... //XXXXXXXXXXXXXXXXXXXXXXXXXXXXXXXXXXXXXXXXXXXX          
.................... #DEFINE     MO_32_LED_DON        G_32A=0; //OUTPUT_LOW(G_32LED)  
.................... #DEFINE     TAT_32_LED_DON       G_32A=1; //OUTPUT_HIGH(G_32LED)  
.................... //XXXXXXXXXXXXXXXXXXXXXXXXXXXXXXXXXXXXXXXXXXXX          
.................... #DEFINE     MO_4_LED_7DOAN       G_4A=0;  //OUTPUT_LOW(G_4LED7DOAN) 
.................... #DEFINE     TAT_4_LED_7DOAN      G_4A=1;  //OUTPUT_HIGH(G_4LED7DOAN) 
.................... //XXXXXXXXXXXXXXXXXXXXXXXXXXXXXXXXXXXXXXXXXXXX  
.................... #DEFINE     MO_GLCD_LCD           G_LCDA=0;   //OUTPUT_LOW(G_LCD20X4) 
.................... #DEFINE     TAT_GLCD_LCD          G_LCDA=1;   // OUTPUT_LOW(G_LCD20X4) 
....................  
.................... UNSIGNED INT8 TIN_HIEU_DK_74573_B;   
.................... #BIT G_MTB        = TIN_HIEU_DK_74573_B.6 
.................... #BIT G_8B         = TIN_HIEU_DK_74573_B.4 
.................... #BIT G_RBDCB      = TIN_HIEU_DK_74573_B.2 
.................... //XXXXXXXXXXXXXXXXXXXXXXXXXXXXXXXXXXXXXXXXXXXX  
.................... #DEFINE     MO_LED_MATRAN        G_MTB=0; //OUTPUT_LOW(G_MATRANLED) 
.................... #DEFINE     TAT_LED_MATRAN       G_MTB=1; //OUTPUT_LOW(G_MATRANLED) 
.................... //XXXXXXXXXXXXXXXXXXXXXXXXXXXXXXXXXXXXXXXXXXXX        
.................... #DEFINE     MO_8_LED_QUET        G_8B=0;  //OUTPUT_LOW(G_8LEDQUET) 
.................... #DEFINE     TAT_8_LED_QUET       G_8B=1;  //OUTPUT_LOW(G_8LEDQUET) 
.................... //XXXXXXXXXXXXXXXXXXXXXXXXXXXXXXXXXXXXXXXXXXXX          
.................... #DEFINE     MO_RELAY_BUZZER_DC   G_RBDCB=0;  //OUTPUT_LOW(G_BUZERELAY) 
.................... #DEFINE     TAT_RELAY_BUZZER_DC  G_RBDCB=1;  //OUTPUT_LOW(G_BUZERELAY) 
....................  
.................... //XXXXXXXXXXXXXXXXXXXXXXXXXXXXXXXXXXXXXXXXXXXX 
.................... //CHUONG TRINH KIEM TRA PHIM BT1 
.................... //XXXXXXXXXXXXXXXXXXXXXXXXXXXXXXXXXXXXXXXXXXXX 
.................... UNSIGNED INT8 DL_BTN=0; 
.................... INT1 PHIM_BT0(UNSIGNED INT16 DL) 
.................... {   
....................     IF (!INPUT(BT0)) 
....................     {   
....................       DL_BTN++; 
....................        
....................       IF (DL_BTN>= DL) 
....................          { 
....................             DL_BTN =0; 
....................             RETURN(1); 
....................          } 
....................       ELSE RETURN(0); 
....................     } 
....................     ELSE    RETURN(0); 
.................... }  
.................... //XXXXXXXXXXXXXXXXXXXXXXXXXXXXXXXXXXXXXXXXXXXX 
.................... //CHUONG TRINH KIEM TRA PHIM BT1 
.................... //XXXXXXXXXXXXXXXXXXXXXXXXXXXXXXXXXXXXXXXXXXXX 
.................... INT1 PHIM_BT1(UNSIGNED INT16 DL ) 
.................... {   
....................     IF (!INPUT(BT1)) 
....................     {   
....................       DL_BTN++; 
....................        
....................       IF (DL_BTN>= DL) 
....................          { 
....................             DL_BTN =0; 
....................             RETURN(1); 
....................          } 
....................       ELSE RETURN(0); 
....................     } 
....................     ELSE    RETURN(0); 
.................... }  
.................... //XXXXXXXXXXXXXXXXXXXXXXXXXXXXXXXXXXXXXXXXXXXX 
.................... //CHUONG TRINH KIEM TRA PHIM BT2       
.................... //XXXXXXXXXXXXXXXXXXXXXXXXXXXXXXXXXXXXXXXXXXXX                                     
.................... INT1 PHIM_BT2(UNSIGNED INT16 DL ) 
.................... {                                         
....................     IF (!INPUT(BT2)) 
....................     {   
....................       DL_BTN++; 
....................        
....................       IF (DL_BTN>= DL) 
....................          { 
....................             DL_BTN =0; 
....................             RETURN(1); 
....................          } 
....................       ELSE RETURN(0); 
....................     } 
....................     ELSE    RETURN(0); 
....................                                           
.................... }       
....................  
.................... //XXXXXXXXXXXXXXXXXXXXXXXXXXXXXXXXXXXXXXXXXXXX 
.................... //CHUONG TRINH KIEM TRA PHIM BT3 
.................... //XXXXXXXXXXXXXXXXXXXXXXXXXXXXXXXXXXXXXXXXXXXX 
.................... INT1 PHIM_BT3(UNSIGNED INT16 DL,  UNSIGNED INT8 SOLAN  ) 
.................... {   
....................     IF (!INPUT(BT3)) 
....................     {   
....................       DL_BTN++; 
....................       IF(DL_BTN==1) RETURN(1); 
....................       ELSE 
....................       { 
....................          IF (DL_BTN>= DL) 
....................          DL_BTN =SOLAN; 
....................       } 
....................     } 
....................     ELSE    
....................     { 
....................       //DL_BTN =0; 
....................       RETURN(0); 
....................     } 
.................... }  
.................... //XXXXXXXXXXXXXXXXXXXXXXXXXXXXXXXXXXXXXXXXXXXX 
.................... //KHAI BAO DU LIEU 16 BIT CHO MODULE RELAY, TRIAC, BUZZER, DONG CO 
.................... //XXXXXXXXXXXXXXXXXXXXXXXXXXXXXXXXXXXXXXXXXXXX 
.................... UNSIGNED INT16 RBDC; 
.................... #BIT STEP_MOTOR_ENABLE  = RBDC.0    //1=ENA,0=DIS 
.................... #BIT STEP_MOTOR_IN1     = RBDC.1     
.................... #BIT STEP_MOTOR_IN2     = RBDC.2 
.................... #BIT STEP_MOTOR_IN3     = RBDC.3 
.................... #BIT STEP_MOTOR_IN4     = RBDC.4 
.................... #BIT DC_ENABLE          = RBDC.5    //1=ENA,0=DIS 
.................... #BIT PWRKEY             = RBDC.6    //KHOI TAO SIM900 
....................  
.................... #BIT BUZZER             = RBDC.8    //1=ON,0=OFF 
.................... #BIT TRIAC_1            = RBDC.9    //1=ON,0=OFF 
.................... #BIT TRIAC_2            = RBDC.10   //1=ON,0=OFF 
.................... #BIT RELAY_1            = RBDC.11   //0=ON,1=OFF 
.................... #BIT RELAY_2            = RBDC.12   //0=ON,1=OFF 
....................  
.................... //HAM 103 
.................... //XXXXXXXXXXXXXXXXXXXXXXXXXXXXXXXXXXXXXXXXXXXX 
.................... //CHUONG TRINH CON KHOI TAO IC CHOT 
.................... //XXXXXXXXXXXXXXXXXXXXXXXXXXXXXXXXXXXXXXXXXXXX          
.................... #DEFINE     CHO_IC_74573_A_GOI_DU_LIEU     OUTPUT_HIGH(ENABLE_573A) 
.................... #DEFINE     CHOT_IC_74573_A_GOI_DU_LIEU    OUTPUT_LOW(ENABLE_573A) 
....................  
.................... #DEFINE     CHO_IC_74573_B_GOI_DU_LIEU     OUTPUT_HIGH(ENABLE_573B) 
.................... #DEFINE     CHOT_IC_74573_B_GOI_DU_LIEU    OUTPUT_LOW(ENABLE_573B) 
.................... VOID MO_IC_74573_A_THONG_DL(); 
....................  
.................... //XXXXXXXXXXXXXXXXXXXXXXXXXXXXXXXXXXXXXXXXXXXX    
.................... CONST UNSIGNED CHAR MA7DOAN[16]= {0XC0,0XF9,0xA4,0XB0,0X99,0X92,0X82,0XF8, 
.................... 0X80,0X90,0x88, 0x83, 0xC6, 0xA1, 0x86, 0x8E}; 
.................... #DEFINE     MASO0    0XC0 
.................... #DEFINE     MASO1    0XF9 
.................... #DEFINE     MASO2    0XA4 
.................... #DEFINE     MASO3    0XB0 
.................... #DEFINE     MASO4    0X99 
.................... #DEFINE     MASO5    0X92 
.................... #DEFINE     MASO6    0X82 
.................... #DEFINE     MASO7    0XF8 
....................  
.................... //XXXXXXXXXXXXXXXXXXXXXXXXXXXXXXXXXXXXXXXXXXXX  
.................... //HAM 102 
.................... //XXXXXXXXXXXXXXXXXXXXXXXXXXXXXXXXXXXXXXXXXXXX     
.................... //XUAT 1 BYTE RA THANH GHI DICH 
.................... //XXXXXXXXXXXXXXXXXXXXXXXXXXXXXXXXXXXXXXXXXXXX     
.................... VOID XUAT_1BYTE(UNSIGNED INT8 BYTEXUAT) 
.................... { 
....................    UNSIGNED INT8   SB,X;    
....................    #BIT BSERI  = X.7 
....................    X = BYTEXUAT; 
*
005A:  MOVFF  76,78
....................    FOR (SB=0;SB<8;SB++) 
005E:  CLRF   x77
0060:  MOVF   x77,W
0062:  SUBLW  07
0064:  BNC   0082
....................       {                                                  
....................          OUTPUT_BIT(SSDO,BSERI);     
0066:  BTFSC  x78.7
0068:  BRA    006E
006A:  BCF    F8D.2
006C:  BRA    0070
006E:  BSF    F8D.2
0070:  BCF    F96.2
....................          OUTPUT_LOW(SSCK); OUTPUT_HIGH(SSCK); 
0072:  BCF    F96.0
0074:  BCF    F8D.0
0076:  BCF    F96.0
0078:  BSF    F8D.0
....................          X= X<<1;          
007A:  BCF    FD8.0
007C:  RLCF   x78,F
007E:  INCF   x77,F
0080:  BRA    0060
....................      } 
0082:  RETURN 0
.................... } 
.................... //XXXXXXXXXXXXXXXXXXXXXXXXXXXXXXXXXXXXXXXXXXXX  
.................... //HAM 301 
.................... //XXXXXXXXXXXXXXXXXXXXXXXXXXXXXXXXXXXXXXXXXXXX 
.................... //CHUONG TRINH CON XUAT 4 BYTE RA 32 LED DON 
.................... //XXXXXXXXXXXXXXXXXXXXXXXXXXXXXXXXXXXXXXXXXXXX 
.................... VOID XUAT_32LED_DON_4BYTE(UNSIGNED INT8 BLD3,BLD2,BLD1,BLD0) 
.................... {      
....................       XUAT_1BYTE(BLD3);           
*
00EE:  MOVFF  72,76
00F2:  RCALL  005A
....................       XUAT_1BYTE(BLD2); 
00F4:  MOVFF  73,76
00F8:  RCALL  005A
....................       XUAT_1BYTE(BLD1);           
00FA:  MOVFF  74,76
00FE:  RCALL  005A
....................       XUAT_1BYTE(BLD0);             
0100:  MOVFF  75,76
0104:  RCALL  005A
....................       MO_32_LED_DON;       
0106:  BCF    04.4
....................       MO_IC_74573_A_THONG_DL();             
0108:  RCALL  0084
....................       OUTPUT_HIGH(RCK_32LED);    OUTPUT_LOW(RCK_32LED); 
010A:  BCF    F95.5
010C:  BSF    F8C.5
010E:  BCF    F95.5
0110:  BCF    F8C.5
....................       CHOT_IC_74573_A_GOI_DU_LIEU;       
0112:  BCF    F95.1
0114:  BCF    F8C.1
0116:  GOTO   013C (RETURN)
.................... } 
.................... //HAM 302 
.................... //XXXXXXXXXXXXXXXXXXXXXXXXXXXXXXXXXXXXXXXXXXXX 
.................... //CHUONG TRINH CON XUAT 2 WORD 16 BITRA 32 LED DON 
.................... //XXXXXXXXXXXXXXXXXXXXXXXXXXXXXXXXXXXXXXXXXXXX 
.................... VOID XUAT_32LED_DON_2WORD(UNSIGNED INT16 WLD1, UNSIGNED INT16 WLD0) 
.................... {      
....................      UNSIGNED INT8  B3,B2,B1,B0; 
....................      B3 = WLD1>>8;  B2 = WLD1;  
011A:  MOVFF  6B,6E
011E:  MOVFF  6A,6F
....................      B1 = WLD0>>8;  B0 = WLD0; 
0122:  MOVFF  6D,70
0126:  MOVFF  6C,71
....................      XUAT_32LED_DON_4BYTE(B3,B2,B1,B0); 
012A:  MOVFF  6E,72
012E:  MOVFF  6F,73
0132:  MOVFF  70,74
0136:  MOVFF  71,75
013A:  BRA    00EE
013C:  RETURN 0
.................... } 
.................... //HAM 303 
.................... //XXXXXXXXXXXXXXXXXXXXXXXXXXXXXXXXXXXXXXXXXXXX 
.................... //CHUONG TRINH CON XUAT 1 DOUBLE WORD RA 32 LED DON 
.................... //XXXXXXXXXXXXXXXXXXXXXXXXXXXXXXXXXXXXXXXXXXXX 
.................... VOID XUAT_32LED_DON_1DW(UNSIGNED LONG LONG DWLD) 
.................... {      
....................      UNSIGNED INT16  WD1,WD0; 
....................      WD1 = DWLD>>16;  WD0 = DWLD; 
013E:  MOVFF  64,66
0142:  MOVFF  65,67
0146:  MOVFF  63,69
014A:  MOVFF  62,68
....................      XUAT_32LED_DON_2WORD(WD1,WD0); 
014E:  MOVFF  67,6B
0152:  MOVFF  66,6A
0156:  MOVFF  69,6D
015A:  MOVFF  68,6C
015E:  RCALL  011A
0160:  RETURN 0
.................... } 
....................  
.................... //HAM 304 
.................... //XXXXXXXXXXXXXXXXXXXXXXXXXXXXXXXXXXXXXXXXXXXX 
.................... //CHUONG TRINH CON MO 32 LED DON SANG 
.................... //XXXXXXXXXXXXXXXXXXXXXXXXXXXXXXXXXXXXXXXXXXXX 
.................... VOID MO_32LED_DON() 
.................... {         
....................      XUAT_32LED_DON_1DW(0XFFFFFFFF); 
.................... } 
.................... //HAM 305 
.................... //XXXXXXXXXXXXXXXXXXXXXXXXXXXXXXXXXXXXXXXXXXXX 
.................... //CHUONG TRINH CON TAT 32 LED DON  
.................... //XXXXXXXXXXXXXXXXXXXXXXXXXXXXXXXXXXXXXXXXXXXX 
.................... VOID TAT_32LED_DON() 
.................... {         
....................      XUAT_32LED_DON_1DW(0); 
.................... } 
.................... //XXXXXXXXXXXXXXXXXXXXXXXXXXXXXXXXXXXXXXXXXXXX     
.................... //XUAT 1 BIT ROI TRA LAI KET QUA SAU KHI DICH DI 1 BIT 
.................... //XXXXXXXXXXXXXXXXXXXXXXXXXXXXXXXXXXXXXXXXXXXX     
.................... UNSIGNED  INT8 XUAT_1BIT(UNSIGNED INT8 BYTEXUAT) 
.................... { 
....................       UNSIGNED INT8   XBITX;    
....................       #BIT BSERIX  = XBITX.0 
....................       XBITX = BYTEXUAT; 
....................                                              
....................       OUTPUT_BIT(SSDO,BSERIX);     
....................       OUTPUT_LOW(SSCK); OUTPUT_HIGH(SSCK); 
....................       XBITX= XBITX>>1;    
....................       RETURN(XBITX);   
.................... } 
.................... //XXXXXXXXXXXXXXXXXXXXXXXXXXXXXXXXXXXXXXXXXXXX  
.................... //HAM 101 
.................... //XXXXXXXXXXXXXXXXXXXXXXXXXXXXXXXXXXXXXXXXXXXX     
.................... //HAM KHOI TAO CAC PORT VA IC CHOT 
.................... //XXXXXXXXXXXXXXXXXXXXXXXXXXXXXXXXXXXXXXXXXXXX     
.................... VOID SET_UP_PORT_IC_CHOT() 
.................... {      
....................       SET_TRIS_D(0x00);     
*
003C:  MOVLW  00
003E:  MOVWF  F95
....................       SET_TRIS_E(0X00); 
0040:  MOVWF  F96
....................       OUTPUT_D(0XFF); 
0042:  CLRF   F95
0044:  SETF   F8C
....................       TIN_HIEU_DK_74573_A=0XFF;   
0046:  SETF   04
....................       TIN_HIEU_DK_74573_B=0XFF;       
0048:  SETF   05
....................       CHOT_IC_74573_A_GOI_DU_LIEU; 
004A:  BCF    F95.1
004C:  BCF    F8C.1
....................       CHOT_IC_74573_B_GOI_DU_LIEU;   
004E:  BCF    F95.0
0050:  BCF    F8C.0
....................       RBDC=0; 
0052:  CLRF   08
0054:  CLRF   07
0056:  GOTO   087C (RETURN)
.................... } 
.................... //HAM 104 
.................... //XXXXXXXXXXXXXXXXXXXXXXXXXXXXXXXXXXXXXXXXXXXX     
.................... //XUAT CÁC THIEU DIEU KHIEN  
.................... //GIU NGUYEN CAC TRANG THAI CUA 2 MODULE KHAC 
.................... //XXXXXXXXXXXXXXXXXXXXXXXXXXXXXXXXXXXXXXXXXXXX     
.................... VOID MO_IC_74573_A_THONG_DL() 
.................... {      
....................       OUTPUT_D(0X00); 
*
0084:  CLRF   F95
0086:  CLRF   F8C
....................       OUTPUT_BIT(G_32LED,G_32A); 
0088:  BTFSC  04.4
008A:  BRA    0090
008C:  BCF    F8C.4
008E:  BRA    0092
0090:  BSF    F8C.4
0092:  BCF    F95.4
....................       OUTPUT_BIT(G_4LED7DOAN,G_4A); 
0094:  BTFSC  04.6
0096:  BRA    009C
0098:  BCF    F8C.6
009A:  BRA    009E
009C:  BSF    F8C.6
009E:  BCF    F95.6
....................       OUTPUT_BIT(G_LCD20X4,G_LCDA);   
00A0:  BTFSC  04.2
00A2:  BRA    00A8
00A4:  BCF    F8C.2
00A6:  BRA    00AA
00A8:  BSF    F8C.2
00AA:  BCF    F95.2
....................       CHO_IC_74573_A_GOI_DU_LIEU; 
00AC:  BCF    F95.1
00AE:  BSF    F8C.1
00B0:  RETURN 0
.................... } 
.................... VOID MO_IC_74573_B_THONG_DL() 
.................... {      
....................       OUTPUT_D(0X00); 
*
01B4:  CLRF   F95
01B6:  CLRF   F8C
....................       OUTPUT_BIT(G_MATRANLED,G_MTB); 
01B8:  BTFSC  05.6
01BA:  BRA    01C0
01BC:  BCF    F8C.6
01BE:  BRA    01C2
01C0:  BSF    F8C.6
01C2:  BCF    F95.6
....................       OUTPUT_BIT(G_8LEDQUET,G_8B); 
01C4:  BTFSC  05.4
01C6:  BRA    01CC
01C8:  BCF    F8C.4
01CA:  BRA    01CE
01CC:  BSF    F8C.4
01CE:  BCF    F95.4
....................       OUTPUT_BIT(G_BUZERELAY,G_RBDCB);  
01D0:  BTFSC  05.2
01D2:  BRA    01D8
01D4:  BCF    F8C.2
01D6:  BRA    01DA
01D8:  BSF    F8C.2
01DA:  BCF    F95.2
....................       CHO_IC_74573_B_GOI_DU_LIEU; 
01DC:  BCF    F95.0
01DE:  BSF    F8C.0
01E0:  RETURN 0
.................... } 
.................... //ham 401 
.................... //XXXXXXXXXXXXXXXXXXXXXXXXXXXXXXXXXXXXXXXXXXXX 
.................... //CHUONG TRINH CON XUAT 4 BYTE RA 4 LED 7 DOAN 
.................... //XXXXXXXXXXXXXXXXXXXXXXXXXXXXXXXXXXXXXXXXXXXX 
.................... VOID XUAT_4LED_7DOAN_4SO(UNSIGNED INT BL743,BL742,BL741,BL740) 
.................... {      
....................       XUAT_1BYTE(BL740);   XUAT_1BYTE(BL741); 
*
00B2:  MOVFF  65,76
00B6:  RCALL  005A
00B8:  MOVFF  64,76
00BC:  RCALL  005A
....................       XUAT_1BYTE(BL742);   XUAT_1BYTE(BL743); 
00BE:  MOVFF  63,76
00C2:  RCALL  005A
00C4:  MOVFF  62,76
00C8:  RCALL  005A
....................        
....................       MO_4_LED_7DOAN; 
00CA:  BCF    04.6
....................       MO_IC_74573_A_THONG_DL(); 
00CC:  RCALL  0084
....................         
....................       OUTPUT_LOW(RCK_4LED7DOAN);   OUTPUT_HIGH(RCK_4LED7DOAN);  
00CE:  BCF    F95.7
00D0:  BCF    F8C.7
00D2:  BCF    F95.7
00D4:  BSF    F8C.7
....................       CHOT_IC_74573_A_GOI_DU_LIEU; 
00D6:  BCF    F95.1
00D8:  BCF    F8C.1
00DA:  GOTO   00EA (RETURN)
.................... } 
.................... //ham 404 
.................... VOID XUAT_4LED_7DOAN_3SO(UNSIGNED INT BL742,BL741,BL740) 
.................... {      
....................      XUAT_4LED_7DOAN_4SO(0XFF,BL742,BL741,BL740); 
.................... } 
.................... //ham 403 
.................... VOID XUAT_4LED_7DOAN_2SO(UNSIGNED INT BL741,BL740) 
.................... {      
....................      XUAT_4LED_7DOAN_4SO(0XFF,0XFF,BL741,BL740); 
.................... } 
.................... //ham 402 
.................... VOID XUAT_4LED_7DOAN_1SO(UNSIGNED INT BL740) 
.................... {      
....................      XUAT_4LED_7DOAN_4SO(0XFF,0XFF,0XFF,BL740); 
00DE:  SETF   x62
00E0:  SETF   x63
00E2:  SETF   x64
00E4:  MOVFF  61,65
00E8:  BRA    00B2
00EA:  GOTO   0898 (RETURN)
.................... } 
....................  
.................... //ham 405 
.................... //XXXXXXXXXXXXXXXXXXXXXXXXXXXXXXXXXXXXXXXXXXXXXXXXXXXXXXXXXXXXX 
.................... //CHUONG TRINH CON HIEN THI DU LIEU 16 BIT TREN 4 LED 7 DOAN 
.................... //XXXXXXXXXXXXXXXXXXXXXXXXXXXXXXXXXXXXXXXXXXXXXXXXXXXXXXXXXXXXX 
.................... UNSIGNED CHAR DONVI4,CHUC4,TRAM4,NGAN4; 
.................... VOID  XUAT_4LED_7DOAN_GIAIMA_XOA_SO0 (UNSIGNED INT16 TAM) 
.................... {          
....................       DONVI4 = MA7DOAN[TAM %10];          
....................       CHUC4  = MA7DOAN[TAM/10%10]; 
....................       TRAM4  = MA7DOAN[TAM/100%10];  
....................       NGAN4  = MA7DOAN[TAM/1000%10];        
....................       IF (NGAN4==0XC0) 
....................       { 
....................          NGAN4=0XFF; 
....................          IF (TRAM4==0XC0) 
....................          { 
....................             TRAM4=0XFF; 
....................             IF (CHUC4==0XC0)   CHUC4=0XFF; 
....................          } 
....................       } 
....................       XUAT_4LED_7DOAN_4SO(NGAN4,TRAM4,CHUC4,DONVI4);    
.................... } 
.................... UNSIGNED INT8 LCDDATA=0;  
.................... UNSIGNED INT8 LCDCONTROL=0; 
.................... UNSIGNED INT8 GLCDDATA=0; 
.................... UNSIGNED INT8 GLCDCONTROL=0;  
.................... //HAM 701 
.................... //XXXXXXXXXXXXXXXXXXXXXXXXXXXXXXXXXXXXXXXXXXXXXXXXXXXXXXXXXXXXX 
.................... //CHUONG TRINH CON XUAT DU LIEU 4 BYTE RA GLCD VA LCD 
.................... //XXXXXXXXXXXXXXXXXXXXXXXXXXXXXXXXXXXXXXXXXXXXXXXXXXXXXXXXXXXXX 
.................... VOID XUAT_GLCD_LCD() 
.................... {       
....................     XUAT_1BYTE(GLCDCONTROL);              
....................     XUAT_1BYTE(GLCDDATA); 
....................     XUAT_1BYTE(LCDCONTROL);        
....................     XUAT_1BYTE(LCDDATA);       
....................        
....................     MO_GLCD_LCD; 
....................     MO_IC_74573_A_THONG_DL();             
....................     OUTPUT_HIGH(RCK_LCD20X4);      
....................     OUTPUT_LOW(RCK_LCD20X4); 
....................     CHOT_IC_74573_A_GOI_DU_LIEU; 
.................... } 
.................... //HAM 702 
.................... VOID XUAT_LCD20X4(UNSIGNED INT8 LCD_SIGNAL,LCD_INS_HTHI) 
.................... {      
....................     LCDCONTROL = ~LCD_SIGNAL; 
....................     LCDDATA    = ~LCD_INS_HTHI;       
....................     XUAT_GLCD_LCD(); 
.................... } 
.................... //HAM 703 
.................... VOID XUAT_GLCD128X64(UNSIGNED INT8 GLCD_SIGNAL,GLCD_INS_HTHI) 
.................... {      
....................     GLCDCONTROL = ~GLCD_SIGNAL; 
....................     GLCDDATA    = ~GLCD_INS_HTHI;      
....................     XUAT_GLCD_LCD(); 
.................... } 
.................... //HAM 501 
.................... //XXXXXXXXXXXXXXXXXXXXXXXXXXXXXXXXXXXXXXXXXXXX 
.................... //CHUONG TRINH CON XUAT 2 BYTE RA DK 1 LED QUET SANG 
.................... //XXXXXXXXXXXXXXXXXXXXXXXXXXXXXXXXXXXXXXXXXXXX 
.................... VOID XUAT_8LED_7DOAN_QUET_1(UNSIGNED INT MA,SO_HTHI) 
.................... {      
....................       XUAT_1BYTE(~MA);   XUAT_1BYTE(~SO_HTHI); 
*
021E:  MOVF   x66,W
0220:  MOVWF  x68
0222:  COMF   x68,F
0224:  MOVFF  68,76
0228:  RCALL  005A
022A:  MOVFF  67,68
022E:  COMF   x68,F
0230:  MOVFF  68,76
0234:  RCALL  005A
....................        
....................       MO_8_LED_QUET; 
0236:  BCF    05.4
....................       MO_IC_74573_B_THONG_DL(); 
0238:  RCALL  01B4
....................        
....................       OUTPUT_HIGH(RCK_8LEDQUET); OUTPUT_LOW(RCK_8LEDQUET); 
023A:  BCF    F95.5
023C:  BSF    F8C.5
023E:  BCF    F95.5
0240:  BCF    F8C.5
....................       CHOT_IC_74573_B_GOI_DU_LIEU; 
0242:  BCF    F95.0
0244:  BCF    F8C.0
0246:  GOTO   0250 (RETURN)
.................... } 
.................... //HAM 502 
.................... //XXXXXXXXXXXXXXXXXXXXXXXXXXXXXXXXXXXXXXXXXXXX 
.................... //CHUONG TRINH CON XUAT 2 BYTE RA TAT 8 LED QUET 
.................... //XXXXXXXXXXXXXXXXXXXXXXXXXXXXXXXXXXXXXXXXXXXX 
.................... VOID XUAT_8LED_7DOAN_QUET_TAT_LED() 
.................... { 
....................    XUAT_8LED_7DOAN_QUET_1(0XFF,0XFF); 
024A:  SETF   x66
024C:  SETF   x67
024E:  BRA    021E
0250:  GOTO   0284 (RETURN)
.................... } 
.................... //HAM 503 
.................... //XXXXXXXXXXXXXXXXXXXXXXXXXXXXXXXXXXXXXXXXXXXX 
.................... //CHUONG TRINH CON HIEN THI LED THEO THU TU 
.................... //XXXXXXXXXXXXXXXXXXXXXXXXXXXXXXXXXXXXXXXXXXXX 
.................... CONST UNSIGNED CHAR TTLEDQUET[8]= {0x7F,0xBF,0xDF,0xEF,0xF7,0xFB,0xFD,0xFE}; 
.................... VOID XUAT_8LED_7DOAN_QUET_2(UNSIGNED INT THUTULED,SO_HTHI) 
.................... {          
....................       XUAT_1BYTE(~ (TTLEDQUET[THUTULED]));   XUAT_1BYTE(~SO_HTHI);      
*
01E2:  CLRF   03
01E4:  MOVF   x67,W
01E6:  MOVFF  FF2,69
01EA:  BCF    FF2.7
01EC:  RCALL  0024
01EE:  BTFSC  x69.7
01F0:  BSF    FF2.7
01F2:  MOVWF  01
01F4:  MOVWF  x69
01F6:  COMF   x69,F
01F8:  MOVFF  69,76
01FC:  RCALL  005A
01FE:  MOVFF  68,69
0202:  COMF   x69,F
0204:  MOVFF  69,76
0208:  RCALL  005A
....................       MO_8_LED_QUET; 
020A:  BCF    05.4
....................       MO_IC_74573_B_THONG_DL(); 
020C:  RCALL  01B4
....................       OUTPUT_HIGH(RCK_8LEDQUET); OUTPUT_LOW(RCK_8LEDQUET); 
020E:  BCF    F95.5
0210:  BSF    F8C.5
0212:  BCF    F95.5
0214:  BCF    F8C.5
....................       CHOT_IC_74573_B_GOI_DU_LIEU; 
0216:  BCF    F95.0
0218:  BCF    F8C.0
021A:  GOTO   0278 (RETURN)
.................... } 
.................... //HAM 504 
.................... //XXXXXXXXXXXXXXXXXXXXXXXXXXXXXXXXXXXXXXXXXXXX 
.................... //CHUONG TRINH CON HIEN THI 8 SO TREN 8 LED QUET - CO KIEM TRA 
.................... //XXXXXXXXXXXXXXXXXXXXXXXXXXXXXXXXXXXXXXXXXXXX 
.................... UNSIGNED INT8 LED_7DQ[8]={0XFF,0XFF,0XFF,0XFF,0XFF,0XFF,0XFF,0XFF}; 
.................... UNSIGNED INT8 TT8LED=0; 
.................... VOID HIEN_THI_8LED_7DOAN_QUET() 
.................... {      
....................       FOR(TT8LED=0;TT8LED<8;TT8LED++) 
....................          IF (LED_7DQ[TT8LED]!=0XFF) 
....................          {            
....................             XUAT_8LED_7DOAN_QUET_2(TT8LED, LED_7DQ[TT8LED]); 
....................             DELAY_US(100); 
....................             XUAT_8LED_7DOAN_QUET_TAT_LED();            
....................             } 
.................... } 
.................... //HAM 505 
.................... //XXXXXXXXXXXXXXXXXXXXXXXXXXXXXXXXXXXXXXXXXXXX 
.................... //CHUONG TRINH CON HIEN THI 8 SO TREN 8 LED QUET - KHONG KIEM TRA 
.................... //XXXXXXXXXXXXXXXXXXXXXXXXXXXXXXXXXXXXXXXXXXXX 
.................... VOID HIEN_THI_8LED_7DOAN_QUET_ALL() 
.................... {      
....................       FOR(TT8LED=0;TT8LED<8;TT8LED++)          
*
0254:  CLRF   19
0256:  MOVF   19,W
0258:  SUBLW  07
025A:  BNC   0288
....................          {            
....................             XUAT_8LED_7DOAN_QUET_2(TT8LED, LED_7DQ[TT8LED]); 
025C:  CLRF   03
025E:  MOVF   19,W
0260:  ADDLW  11
0262:  MOVWF  FE9
0264:  MOVLW  00
0266:  ADDWFC 03,W
0268:  MOVWF  FEA
026A:  MOVFF  FEF,66
026E:  MOVFF  19,67
0272:  MOVFF  66,68
0276:  BRA    01E2
....................             DELAY_US(100); 
0278:  MOVLW  A6
027A:  MOVWF  00
027C:  DECFSZ 00,F
027E:  BRA    027C
0280:  NOP   
....................             XUAT_8LED_7DOAN_QUET_TAT_LED();            
0282:  BRA    024A
0284:  INCF   19,F
0286:  BRA    0256
....................             } 
0288:  GOTO   0296 (RETURN)
.................... } 
....................  
.................... VOID DELAY_QUET_8LED(UNSIGNED INT16 DL) 
.................... {  
....................       UNSIGNED INT8 I; 
....................       FOR (I=0; I<DL;I++) 
....................       HIEN_THI_8LED_7DOAN_QUET_ALL(); 
.................... }  
....................  
.................... VOID GIAI_MA_GAN_CHO_8LED_QUET_16_XOA(UNSIGNED INT16 X) 
.................... {      
....................       LED_7DQ[0]= MA7DOAN [X %10];     
....................       LED_7DQ[1]= MA7DOAN [X/10%10]; 
....................       LED_7DQ[2]= MA7DOAN [X/100%10];     
....................       LED_7DQ[3]= MA7DOAN [X/1000%10]; 
....................       LED_7DQ[4]= MA7DOAN [X/10000%10]; 
....................       IF (LED_7DQ[4]==MASO0)  
....................       { 
....................             LED_7DQ[4]=0XFF; 
....................             IF (LED_7DQ[3]==MASO0)  
....................             { 
....................                LED_7DQ[3]=0XFF; 
....................                IF (LED_7DQ[2]==MASO0)  
....................                { 
....................                   LED_7DQ[2]=0XFF; 
....................                   IF (LED_7DQ[1]==MASO0)  
....................                   { 
....................                      LED_7DQ[1]=0XFF; 
....................                   } 
....................                } 
....................             } 
....................       } 
....................              
.................... } 
.................... //XXXXXXXXXXXXXXXXXXXXXXXXXXXXXXXXXXXXXXXXXXXX          
.................... VOID XUAT_2BYTE(UNSIGNED INT16 BYTE2XUAT) 
.................... { 
....................    INT8 SBB; 
....................    UNSIGNED INT16   XX;   //SHORT  BSERI; 
....................    #BIT BSERIX  = XX.15 
....................    XX = BYTE2XUAT; 
....................    FOR (SBB=0;SBB<16;SBB++) 
....................       {                                                  
....................          OUTPUT_BIT(SSDO,BSERIX);     
....................          OUTPUT_LOW(SSCK);          
....................          OUTPUT_HIGH(SSCK); 
....................          XX= XX<<1;          
....................      } 
.................... } 
.................... //XXXXXXXXXXXXXXXXXXXXXXXXXXXXXXXXXXXXXXXXXXXX 
.................... //CHUONG TRINH CON XUAT RA LED MA TRAN 
.................... //XXXXXXXXXXXXXXXXXXXXXXXXXXXXXXXXXXXXXXXXXXXX 
.................... VOID XUAT_MATRANLED(UNSIGNED INT16 MAHANG,UNSIGNED INT16 MACOT1, 
.................... UNSIGNED INT16 MACOT2,UNSIGNED INT16 MACOT3) 
.................... {       
....................       XUAT_2BYTE(MACOT3); 
....................       XUAT_2BYTE(MACOT2); 
....................       XUAT_2BYTE(MACOT1); 
....................       XUAT_2BYTE(MAHANG); 
....................        
....................       MO_LED_MATRAN; 
....................       MO_IC_74573_B_THONG_DL(); 
....................        
....................       OUTPUT_HIGH(RCK_MATRANLED); OUTPUT_LOW(RCK_MATRANLED);  
....................       CHOT_IC_74573_B_GOI_DU_LIEU; 
.................... } 
.................... //XXXXXXXXXXXXXXXXXXXXXXXXXXXXXXXXXXXXXXXXXXXX 
.................... //CHUONG TRINH CON XUAT RA LED MA TRAN 
.................... //XXXXXXXXXXXXXXXXXXXXXXXXXXXXXXXXXXXXXXXXXXXX 
.................... VOID TAT_MATRANLED() 
.................... {       
....................       XUAT_2BYTE(0); 
....................       XUAT_2BYTE(0); 
....................       XUAT_2BYTE(0); 
....................       XUAT_2BYTE(0);            
....................       OUTPUT_HIGH(RCK_MATRANLED);  
....................       OUTPUT_LOW(RCK_MATRANLED); 
.................... } 
.................... UNSIGNED  INT8 HIEU_CHINH_4BIT_CAO(UNSIGNED INT8 XZY) 
.................... { 
....................       INT1  BTG; 
....................       UNSIGNED INT8   BX;    
....................       #BIT BIT4  = BX.4 
....................       #BIT BIT5  = BX.5 
....................       #BIT BIT6  = BX.6 
....................       #BIT BIT7  = BX.7 
....................       BX=XZY; 
....................       BTG=BIT4;   BIT4=BIT7;  BIT7=BTG; 
....................       BTG=BIT5;   BIT5=BIT6;  BIT6=BTG;       
....................       RETURN(BX);   
.................... } 
.................... //HAM 601 
.................... //XXXXXXXXXXXXXXXXXXXXXXXXXXXXXXXXXXXXXXXXXXXXXXXXXXXX 
.................... //MODULE DIEU KHIEN RELAY,TRIAC, BUZZER, DONG CO, SIM 
.................... //XXXXXXXXXXXXXXXXXXXXXXXXXXXXXXXXXXXXXXXXXXXXXXXXXXXX 
.................... VOID XUAT_BUZZER_RELAY() 
.................... {      
....................    UNSIGNED INT8 RBDC1,RBDC2; 
....................       RBDC1=RBDC; RBDC2=RBDC>>8;       
....................       XUAT_1BYTE(RBDC2);       
....................       XUAT_1BYTE(RBDC1); 
....................       MO_RELAY_BUZZER_DC; 
....................       MO_IC_74573_B_THONG_DL(); 
....................        
....................       OUTPUT_HIGH(RCK_BUZERELAY);   OUTPUT_LOW(RCK_BUZERELAY); 
....................       CHOT_IC_74573_B_GOI_DU_LIEU; 
.................... } 
.................... //HAM 602 
.................... //XXXXXXXXXXXXXXXXXXXXXXXXXXXXXXXXXXXXXXXXXXXXXXXXXXXX 
.................... VOID BUZZER_ON() 
.................... {     
....................       BUZZER=1; 
....................       XUAT_BUZZER_RELAY();          
.................... } 
.................... //HAM 603 
.................... //XXXXXXXXXXXXXXXXXXXXXXXXXXXXXXXXXXXXXXXXXXXXXXXXXXXX 
.................... VOID BUZZER_OFF() 
.................... {      
....................       BUZZER=0; 
....................       XUAT_BUZZER_RELAY(); 
.................... } 
.................... //HAM 604 
.................... //XXXXXXXXXXXXXXXXXXXXXXXXXXXXXXXXXXXXXXXXXXXXXXXXXXXX 
.................... VOID RELAY_1_ON() 
.................... {     
....................       RELAY_1=1; 
....................       XUAT_BUZZER_RELAY();          
.................... } 
.................... //HAM 603 
.................... //XXXXXXXXXXXXXXXXXXXXXXXXXXXXXXXXXXXXXXXXXXXXXXXXXXXX 
.................... VOID RELAY_1_OFF() 
.................... {     
....................       RELAY_1=0; 
....................       XUAT_BUZZER_RELAY();          
.................... } 
.................... //HAM 604 
.................... //XXXXXXXXXXXXXXXXXXXXXXXXXXXXXXXXXXXXXXXXXXXXXXXXXXXX 
.................... VOID RELAY_2_ON() 
.................... {     
....................       RELAY_2=1; 
....................       XUAT_BUZZER_RELAY();          
.................... } 
.................... //HAM 607 
.................... //XXXXXXXXXXXXXXXXXXXXXXXXXXXXXXXXXXXXXXXXXXXXXXXXXXXX 
.................... VOID RELAY_2_OFF() 
.................... {     
....................       RELAY_2=0; 
....................       XUAT_BUZZER_RELAY();          
.................... } 
.................... //HAM 608 
.................... //XXXXXXXXXXXXXXXXXXXXXXXXXXXXXXXXXXXXXXXXXXXXXXXXXXXX 
.................... VOID RELAY_1_RELAY_2_ON() 
.................... {     
....................       RELAY_1=1;  RELAY_2=1; 
....................       XUAT_BUZZER_RELAY();          
.................... } 
.................... //HAM 609 
.................... //XXXXXXXXXXXXXXXXXXXXXXXXXXXXXXXXXXXXXXXXXXXXXXXXXXXX 
.................... VOID RELAY_1_RELAY_2_OFF() 
.................... {     
....................       RELAY_1=0;  RELAY_2=0; 
....................       XUAT_BUZZER_RELAY();          
.................... } 
.................... //HAM 610 
.................... //XXXXXXXXXXXXXXXXXXXXXXXXXXXXXXXXXXXXXXXXXXXXXXXXXXXX 
.................... VOID TRIAC_1_ON() 
.................... {     
....................       TRIAC_1=1; 
....................       XUAT_BUZZER_RELAY();          
.................... } 
.................... //HAM 611 
.................... //XXXXXXXXXXXXXXXXXXXXXXXXXXXXXXXXXXXXXXXXXXXXXXXXXXXX 
.................... VOID TRIAC_1_OFF() 
.................... {     
....................       TRIAC_1=0; 
....................       XUAT_BUZZER_RELAY();          
.................... } 
.................... //HAM 612 
.................... //XXXXXXXXXXXXXXXXXXXXXXXXXXXXXXXXXXXXXXXXXXXXXXXXXXXX 
.................... VOID TRIAC_2_ON() 
.................... {     
....................       TRIAC_2=1; 
....................       XUAT_BUZZER_RELAY();          
.................... } 
.................... //HAM 613 
.................... //XXXXXXXXXXXXXXXXXXXXXXXXXXXXXXXXXXXXXXXXXXXXXXXXXXXX 
.................... VOID TRIAC_2_OFF() 
.................... {     
....................       TRIAC_2=0; 
....................       XUAT_BUZZER_RELAY();          
.................... } 
.................... //XXXXXXXXXXXXXXXXXXXXXXXXXXXXXXXXXXXXXXXXXXXX 
....................  
....................  
....................  
.................... #include <tv_pickit2_shift_key4x4_138.c> 
.................... CONST UNSIGNED CHAR MAQUETKEY[4]= {0x3F,0x7F,0xBF,0xFF}; 
.................... UNSIGNED INT8  MPT1=0,MPT2=0;   
.................... UNSIGNED INT KEY_NHAN() 
.................... {     SIGNED INT8 MAPHIM,HANG,COT; 
....................       MAPHIM=HANG=0XFF; 
....................       FOR(COT=0;COT<4;COT++) 
....................             {    
....................                OUTPUT_B(MAQUETKEY[COT]); 
....................                IF         (!INPUT(PIN_B2))      {HANG=3;   BREAK;} 
....................                ELSE    IF (!INPUT(PIN_B3))      {HANG=2;   BREAK;} 
....................                ELSE    IF (!INPUT(PIN_B4))      {HANG=1;   BREAK;}                   
....................                ELSE    IF (!INPUT(PIN_B5))      {HANG=0;   BREAK;} 
....................             }           
....................          IF (HANG!=0XFF)   MAPHIM   = COT*4 + HANG; 
....................          RETURN(MAPHIM); 
.................... } 
.................... UNSIGNED INT KEY_4X4_DW() 
.................... {      
....................       MPT1=KEY_NHAN();          
....................       IF (MPT1!=0XFF)    
....................       {  DELAY_MS(1);   
....................          MPT1=KEY_NHAN(); 
....................          DO{MPT2=KEY_NHAN();} 
....................          WHILE (MPT2==MPT1); 
....................       }              
....................       RETURN(MPT1); 
.................... } 
....................  
.................... UNSIGNED INT KEY_4X4_UP() 
.................... {             
....................       MPT1=KEY_NHAN(); 
....................       IF (MPT1!=0XFF)    
....................       {   
....................          IF (MPT1!=MPT2) 
....................             { 
....................                RETURN(MPT1);  //PHIM MOI 
....................                MPT2=MPT1; 
....................             } 
....................          ELSE 
....................          { 
....................             DELAY_MS(1); 
....................             MPT1=KEY_NHAN(); 
....................             DO 
....................             { 
....................                MPT2=KEY_NHAN(); 
....................                } 
....................             WHILE (MPT2!=MPT1); 
....................                RETURN(MPT1);     //THOAT VI TRUNG MA PHIM DA NHAN 
....................                MPT2=MPT1;            
....................          } 
....................       }   
....................       ELSE  
....................       { 
....................          RETURN(MPT1);  //THOAT VI KHONG NHAN 
....................          MPT2=MPT1; 
....................       }       
.................... } 
....................  
....................  
....................  
.................... #include <tv_pickit2_shift_32led_don.c> 
.................... UNSIGNED INT32    Y=0,YP_CHAY=1,YT_CHAY=0X80000000,Y_CODINH=0; 
.................... UNSIGNED INT16 ZT,ZT_CHAY_T=0x8000,ZT_CHAY_P=1,ZT_CODINH=0; 
.................... UNSIGNED INT16 ZP,ZP_CHAY_T=0X8000,ZP_CHAY_P=1,ZP_CODINH=0; 
....................  
.................... UNSIGNED INT16 TGDLAY=0; 
.................... UNSIGNED INT8 DEM_LED=0;  
.................... SIGNED I32=32,J32=0,TTCT_TD=1,I16=16,J16=0; 
....................  
.................... UNSIGNED INT32    ZA=1,YA=1,XA=0XFFFFFFFE,ZB=0X80000000,YB=0X80000000,XB=0X7FFFFFFF;    
.................... SIGNED IA=1,JA=1;   
.................... VOID RESET_TOAN_BO_BIEN() 
.................... {  
....................       TTCT_TD++;     //CHUYEN CHUONG TRINH CHO TU DONG 
*
0326:  INCF   41,F
....................       Y=0;      YP_CHAY=1;      YT_CHAY=0X80000000;      Y_CODINH=0; 
0328:  CLRF   1F
032A:  CLRF   1E
032C:  CLRF   1D
032E:  CLRF   1C
0330:  CLRF   23
0332:  CLRF   22
0334:  CLRF   21
0336:  MOVLW  01
0338:  MOVWF  20
033A:  MOVLW  80
033C:  MOVWF  27
033E:  CLRF   26
0340:  CLRF   25
0342:  CLRF   24
0344:  CLRF   2B
0346:  CLRF   2A
0348:  CLRF   29
034A:  CLRF   28
....................       ZT_CHAY_T=0x8000;    ZT_CHAY_P=1;   ZT_CODINH=0; 
034C:  MOVWF  2F
034E:  CLRF   2E
0350:  CLRF   31
0352:  MOVLW  01
0354:  MOVWF  30
0356:  CLRF   33
0358:  CLRF   32
....................       ZP_CHAY_T=0X8000;    ZP_CHAY_P=1;   ZP_CODINH=0; 
035A:  MOVLW  80
035C:  MOVWF  37
035E:  CLRF   36
0360:  CLRF   39
0362:  MOVLW  01
0364:  MOVWF  38
0366:  CLRF   3B
0368:  CLRF   3A
....................       ZT=ZP=0; 
036A:  CLRF   35
036C:  CLRF   34
036E:  MOVFF  35,2D
0372:  MOVFF  34,2C
....................       I32=32;J32=0;I16=16,J16=0; 
0376:  MOVLW  20
0378:  MOVWF  3F
037A:  CLRF   40
037C:  MOVLW  10
037E:  MOVWF  42
0380:  CLRF   43
....................       DEM_LED=0; 
0382:  CLRF   3E
....................        
....................       ZA=1;    YA=1;    XA=0XFFFFFFFE;     IA=1;    JA=1; 
0384:  CLRF   47
0386:  CLRF   46
0388:  CLRF   45
038A:  MOVLW  01
038C:  MOVWF  44
038E:  CLRF   4B
0390:  CLRF   4A
0392:  CLRF   49
0394:  MOVWF  48
0396:  SETF   4F
0398:  SETF   4E
039A:  SETF   4D
039C:  MOVLW  FE
039E:  MOVWF  4C
03A0:  MOVLW  01
03A2:  MOVWF  5C
03A4:  MOVWF  5D
....................      ZB=0X80000000;    YB=0X80000000;    XB=0X7FFFFFFF; 
03A6:  MOVLW  80
03A8:  MOVWF  53
03AA:  CLRF   52
03AC:  CLRF   51
03AE:  CLRF   50
03B0:  MOVWF  57
03B2:  CLRF   56
03B4:  CLRF   55
03B6:  CLRF   54
03B8:  MOVLW  7F
03BA:  MOVWF  5B
03BC:  SETF   5A
03BE:  SETF   59
03C0:  SETF   58
03C2:  RETURN 0
.................... }  
....................  
.................... VOID TANG_DEM_LED_DELAY_1(UNSIGNED INT8 DL) 
.................... {  
....................       UNSIGNED INT8 I; 
....................       FOR (I=0; I<DL;I++) 
*
028C:  CLRF   x65
028E:  MOVF   x64,W
0290:  SUBWF  x65,W
0292:  BC    029A
....................       HIEN_THI_8LED_7DOAN_QUET_ALL(); 
0294:  BRA    0254
0296:  INCF   x65,F
0298:  BRA    028E
....................       DEM_LED++; 
029A:  INCF   3E,F
029C:  GOTO   02B2 (RETURN)
.................... }  
....................  
.................... VOID TANG_DEM_LED_DELAY_0(UNSIGNED INT8 DL) 
.................... {  
....................       IF (DL>0)      DELAY_MS(DL);  
*
01A4:  MOVF   x64,F
01A6:  BZ    01AE
01A8:  MOVFF  64,65
01AC:  RCALL  017E
....................       DEM_LED++; 
01AE:  INCF   3E,F
01B0:  GOTO   02B2 (RETURN)
.................... }  
....................  
.................... VOID DELAY_CHON(UNSIGNED INT8 DL,CHONDELAY) 
.................... {     
....................    IF (!CHONDELAY)   TANG_DEM_LED_DELAY_0(DL); 
*
02A0:  MOVF   x63,F
02A2:  BNZ   02AC
02A4:  MOVFF  62,64
02A8:  BRA    01A4
02AA:  BRA    02B2
....................    ELSE              TANG_DEM_LED_DELAY_1(DL); 
02AC:  MOVFF  62,64
02B0:  BRA    028C
02B2:  RETURN 0
.................... } 
.................... //XXXXXXXXXXXXXXXXXXXXXXXXXXXXXXXXXXXXXXXXXXXX 
.................... //32 LED: SANG DON  PHAI SANG TRAI 
.................... //XXXXXXXXXXXXXXXXXXXXXXXXXXXXXXXXXXXXXXXXXXXX 
.................... VOID DIEM_SANG_DICH_TRAI_MAT_DAN_32LED(UNSIGNED INT8 DL,CHONDELAY) 
.................... {        
....................    IF(IA<33) 
....................    { 
....................       IF(JA>0) 
....................       { 
....................          ZB = (ZB << 1); 
....................          Y = XB|ZB;         
....................          XUAT_32LED_DON_1DW(Y); 
....................          DELAY_CHON(DL,CHONDELAY); 
....................          JA--; 
....................       } 
....................       ELSE  
....................       { 
....................          IA++; 
....................          JA=IA;       
....................          YB = YB>>1; 
....................          XB = XB>>1; 
....................          ZB = YB; 
....................       } 
....................    } 
....................    ELSE RESET_TOAN_BO_BIEN(); 
.................... }   
.................... //XXXXXXXXXXXXXXXXXXXXXXXXXXXXXXXXXXXXXXXXXXXX 
.................... //32 LED: SANG DON  TRAI SANG PHAI 
.................... //XXXXXXXXXXXXXXXXXXXXXXXXXXXXXXXXXXXXXXXXXXXX 
.................... VOID DIEM_SANG_DICH_PHAI_MAT_DAN_32LED(UNSIGNED INT8 DL,CHONDELAY) 
.................... {        
....................    IF(IA<33) 
....................    { 
....................       IF(JA>0) 
....................       { 
....................          ZA = (ZA >> 1); 
....................          Y = XA|ZA;         
....................          XUAT_32LED_DON_1DW(Y); 
....................          DELAY_CHON(DL,CHONDELAY); 
....................          JA--; 
....................       } 
....................       ELSE  
....................       { 
....................          IA++; 
....................          JA=IA;       
....................          YA = YA<<1; 
....................          XA = XA <<1; 
....................          ZA = YA; 
....................       } 
....................    } 
....................    ELSE RESET_TOAN_BO_BIEN(); 
.................... }   
.................... //XXXXXXXXXXXXXXXXXXXXXXXXXXXXXXXXXXXXXXXXXXXX 
.................... //32 LED: CHOP TAT  
.................... //XXXXXXXXXXXXXXXXXXXXXXXXXXXXXXXXXXXXXXXXXXXX 
.................... VOID DAO_DL_32BIT_VA_XUAT() 
.................... { 
....................    Y=~Y; 
*
0162:  COMF   1C,F
0164:  COMF   1D,F
0166:  COMF   1E,F
0168:  COMF   1F,F
....................    XUAT_32LED_DON_1DW(Y);  
016A:  MOVFF  1F,65
016E:  MOVFF  1E,64
0172:  MOVFF  1D,63
0176:  MOVFF  1C,62
017A:  RCALL  013E
017C:  RETURN 0
.................... } 
.................... VOID SANG_TAT_32LED(UNSIGNED INT8 DL,CHONDELAY) 
.................... {         
....................       IF (TGDLAY==1)          XUAT_32LED_DON_1DW(Y);  
*
02B4:  DECFSZ 3C,W
02B6:  BRA    02D0
02B8:  MOVF   3D,F
02BA:  BNZ   02D0
02BC:  MOVFF  1F,65
02C0:  MOVFF  1E,64
02C4:  MOVFF  1D,63
02C8:  MOVFF  1C,62
02CC:  RCALL  013E
02CE:  BRA    0312
....................       ELSE IF (TGDLAY==50)    DAO_DL_32BIT_VA_XUAT(); 
02D0:  MOVF   3C,W
02D2:  SUBLW  32
02D4:  BNZ   02DE
02D6:  MOVF   3D,F
02D8:  BNZ   02DE
02DA:  RCALL  0162
02DC:  BRA    0312
....................       ELSE IF (TGDLAY==100)   DAO_DL_32BIT_VA_XUAT();           
02DE:  MOVF   3C,W
02E0:  SUBLW  64
02E2:  BNZ   02EC
02E4:  MOVF   3D,F
02E6:  BNZ   02EC
02E8:  RCALL  0162
02EA:  BRA    0312
....................       ELSE IF (TGDLAY==150)   DAO_DL_32BIT_VA_XUAT();                  
02EC:  MOVF   3C,W
02EE:  SUBLW  96
02F0:  BNZ   02FA
02F2:  MOVF   3D,F
02F4:  BNZ   02FA
02F6:  RCALL  0162
02F8:  BRA    0312
....................       ELSE IF (TGDLAY==200)   
02FA:  MOVF   3C,W
02FC:  SUBLW  C8
02FE:  BNZ   0312
0300:  MOVF   3D,F
0302:  BNZ   0312
....................       { 
....................          TTCT_TD++;   Y=0;        TGDLAY=0; 
0304:  INCF   41,F
0306:  CLRF   1F
0308:  CLRF   1E
030A:  CLRF   1D
030C:  CLRF   1C
030E:  CLRF   3D
0310:  CLRF   3C
....................       } 
....................       TGDLAY++; 
0312:  INCF   3C,F
0314:  BTFSC  FD8.2
0316:  INCF   3D,F
....................       DELAY_CHON(DL,CHONDELAY); 
0318:  MOVFF  60,62
031C:  MOVFF  61,63
0320:  RCALL  02A0
0322:  GOTO   08A4 (RETURN)
.................... } 
.................... //XXXXXXXXXXXXXXXXXXXXXXXXXXXXXXXXXXXXXXXXXXXX 
.................... //32 LED: SANG DAN ROI TAT DAN TU NGOAI VAO 
.................... //XXXXXXXXXXXXXXXXXXXXXXXXXXXXXXXXXXXXXXXXXXXX 
.................... VOID SANG_TAT_DAN_NGOAI_VAO_32LED(UNSIGNED INT8 DL,CHONDELAY) 
.................... {   
....................    IF (DEM_LED<16) 
*
04BE:  MOVF   3E,W
04C0:  SUBLW  0F
04C2:  BNC   0508
....................    {   
....................       XUAT_32LED_DON_2WORD(ZP,ZT);         
04C4:  MOVFF  35,6B
04C8:  MOVFF  34,6A
04CC:  MOVFF  2D,6D
04D0:  MOVFF  2C,6C
04D4:  RCALL  011A
....................       ZP= (ZP<<1)+1;  
04D6:  BCF    FD8.0
04D8:  RLCF   34,W
04DA:  MOVWF  x62
04DC:  RLCF   35,W
04DE:  MOVWF  x63
04E0:  MOVLW  01
04E2:  ADDWF  x62,W
04E4:  MOVWF  34
04E6:  MOVLW  00
04E8:  ADDWFC x63,W
04EA:  MOVWF  35
....................       ZT= (ZT>>1)+0X8000; 
04EC:  BCF    FD8.0
04EE:  RRCF   2D,W
04F0:  MOVWF  x63
04F2:  RRCF   2C,W
04F4:  MOVWF  2C
04F6:  MOVLW  80
04F8:  ADDWF  x63,W
04FA:  MOVWF  2D
....................       DELAY_CHON(DL,CHONDELAY); 
04FC:  MOVFF  60,62
0500:  MOVFF  61,63
0504:  RCALL  02A0
....................    } 
0506:  BRA    053A
....................    ELSE  IF (DEM_LED<32) 
0508:  MOVF   3E,W
050A:  SUBLW  1F
050C:  BNC   0538
....................    {   
....................       XUAT_32LED_DON_2WORD(ZP,ZT); 
050E:  MOVFF  35,6B
0512:  MOVFF  34,6A
0516:  MOVFF  2D,6D
051A:  MOVFF  2C,6C
051E:  RCALL  011A
....................       ZP= (ZP<<1);  
0520:  BCF    FD8.0
0522:  RLCF   34,F
0524:  RLCF   35,F
....................       ZT= (ZT>>1); 
0526:  BCF    FD8.0
0528:  RRCF   2D,F
052A:  RRCF   2C,F
....................       DELAY_CHON(DL,CHONDELAY); 
052C:  MOVFF  60,62
0530:  MOVFF  61,63
0534:  RCALL  02A0
....................    } 
0536:  BRA    053A
....................    ELSE RESET_TOAN_BO_BIEN(); 
0538:  RCALL  0326
053A:  GOTO   08CE (RETURN)
....................  
.................... }    
.................... //XXXXXXXXXXXXXXXXXXXXXXXXXXXXXXXXXXXXXXXXXXXX 
.................... //32 LED: SANG DAN ROI TAT DAN TU TRONG RA 
.................... //XXXXXXXXXXXXXXXXXXXXXXXXXXXXXXXXXXXXXXXXXXXX 
.................... VOID SANG_TAT_DAN_TRONG_RA_32LED(UNSIGNED INT8 DL,CHONDELAY) 
.................... {   
....................    IF (DEM_LED<16) 
053E:  MOVF   3E,W
0540:  SUBLW  0F
0542:  BNC   0588
....................    {    
....................       XUAT_32LED_DON_2WORD(ZP,ZT);  
0544:  MOVFF  35,6B
0548:  MOVFF  34,6A
054C:  MOVFF  2D,6D
0550:  MOVFF  2C,6C
0554:  RCALL  011A
....................       ZP= (ZP>>1)+0X8000;  
0556:  BCF    FD8.0
0558:  RRCF   35,W
055A:  MOVWF  x63
055C:  RRCF   34,W
055E:  MOVWF  34
0560:  MOVLW  80
0562:  ADDWF  x63,W
0564:  MOVWF  35
....................       ZT= (ZT<<1)+1; 
0566:  BCF    FD8.0
0568:  RLCF   2C,W
056A:  MOVWF  x62
056C:  RLCF   2D,W
056E:  MOVWF  x63
0570:  MOVLW  01
0572:  ADDWF  x62,W
0574:  MOVWF  2C
0576:  MOVLW  00
0578:  ADDWFC x63,W
057A:  MOVWF  2D
....................       DELAY_CHON(DL,CHONDELAY); 
057C:  MOVFF  60,62
0580:  MOVFF  61,63
0584:  RCALL  02A0
....................    } 
0586:  BRA    05BA
....................    ELSE  IF (DEM_LED<32) 
0588:  MOVF   3E,W
058A:  SUBLW  1F
058C:  BNC   05B8
....................    {   
....................       XUAT_32LED_DON_2WORD(ZP,ZT); 
058E:  MOVFF  35,6B
0592:  MOVFF  34,6A
0596:  MOVFF  2D,6D
059A:  MOVFF  2C,6C
059E:  RCALL  011A
....................       ZP= (ZP>>1);  
05A0:  BCF    FD8.0
05A2:  RRCF   35,F
05A4:  RRCF   34,F
....................       ZT= (ZT<<1); 
05A6:  BCF    FD8.0
05A8:  RLCF   2C,F
05AA:  RLCF   2D,F
....................       DELAY_CHON(DL,CHONDELAY); 
05AC:  MOVFF  60,62
05B0:  MOVFF  61,63
05B4:  RCALL  02A0
....................     } 
05B6:  BRA    05BA
....................    ELSE RESET_TOAN_BO_BIEN(); 
05B8:  RCALL  0326
05BA:  GOTO   08DC (RETURN)
....................          
.................... }    
.................... //XXXXXXXXXXXXXXXXXXXXXXXXXXXXXXXXXXXXXXXXXXXX 
.................... //32 LED: 2NHOM 16 LED SANG DAN ROI TAT DAN TU PHAI SANG TRAI 
.................... //XXXXXXXXXXXXXXXXXXXXXXXXXXXXXXXXXXXXXXXXXXXX 
.................... VOID SANG_TAT_DAN_PHAI_SANG_TRAI_2X16LED(UNSIGNED INT8 DL,CHONDELAY) 
.................... {   
....................    IF (DEM_LED<16) 
....................    {    
....................       XUAT_32LED_DON_2WORD(ZP,ZP); 
....................       ZP= (ZP>>1)+0X8000; 
....................       DELAY_CHON(DL,CHONDELAY); 
....................    } 
....................    ELSE  IF (DEM_LED<32) 
....................    {   
....................       XUAT_32LED_DON_2WORD(ZP,ZP); 
....................       ZP= (ZP>>1); 
....................       DELAY_CHON(DL,CHONDELAY); 
....................     } 
....................    ELSE RESET_TOAN_BO_BIEN(); 
....................        
.................... }    
.................... //XXXXXXXXXXXXXXXXXXXXXXXXXXXXXXXXXXXXXXXXXXXX 
.................... //32 LED: 2NHOM 16 LED SANG DAN ROI TAT DAN TU TRAI SANG PHAI 
.................... //XXXXXXXXXXXXXXXXXXXXXXXXXXXXXXXXXXXXXXXXXXXX 
.................... VOID SANG_TAT_DAN_TRAI_SANG_PHAI_2X16LED(UNSIGNED INT8 DL,CHONDELAY) 
.................... {   
....................    IF (DEM_LED<16) 
....................    {    
....................       XUAT_32LED_DON_2WORD(ZT,ZT);   
....................       ZT= (ZT<<1)+1; 
....................       DELAY_CHON(DL,CHONDELAY); 
....................    } 
....................    ELSE  IF (DEM_LED<32) 
....................    {   
....................       XUAT_32LED_DON_2WORD(ZT,ZT); 
....................       ZT= (ZT<<1); 
....................       DELAY_CHON(DL,CHONDELAY); 
....................     } 
....................    ELSE RESET_TOAN_BO_BIEN(); 
....................          
.................... }    
.................... //XXXXXXXXXXXXXXXXXXXXXXXXXXXXXXXXXXXXXXXXXXXX 
.................... //32 LED: SANG DAN ROI TAT DAN TU PHAI SANG TRAI 
.................... //XXXXXXXXXXXXXXXXXXXXXXXXXXXXXXXXXXXXXXXXXXXX 
.................... VOID SANG_TAT_DAN_PST_32LED(UNSIGNED INT8 DL,CHONDELAY) 
.................... {         
....................    IF (DEM_LED<32) 
*
03C4:  MOVF   3E,W
03C6:  SUBLW  1F
03C8:  BNC   0412
....................    {   
....................       XUAT_32LED_DON_1DW(Y); 
03CA:  MOVFF  1F,65
03CE:  MOVFF  1E,64
03D2:  MOVFF  1D,63
03D6:  MOVFF  1C,62
03DA:  RCALL  013E
....................       Y= (Y<<1)+1; 
03DC:  BCF    FD8.0
03DE:  RLCF   1C,W
03E0:  MOVWF  x63
03E2:  RLCF   1D,W
03E4:  MOVWF  x64
03E6:  RLCF   1E,W
03E8:  MOVWF  x65
03EA:  RLCF   1F,W
03EC:  MOVWF  x66
03EE:  MOVLW  01
03F0:  ADDWF  x63,W
03F2:  MOVWF  1C
03F4:  MOVLW  00
03F6:  ADDWFC x64,W
03F8:  MOVWF  1D
03FA:  MOVLW  00
03FC:  ADDWFC x65,W
03FE:  MOVWF  1E
0400:  MOVLW  00
0402:  ADDWFC x66,W
0404:  MOVWF  1F
....................       DELAY_CHON(DL,CHONDELAY); 
0406:  MOVFF  60,62
040A:  MOVFF  61,63
040E:  RCALL  02A0
....................    } 
0410:  BRA    0442
....................    ELSE  IF (DEM_LED<64) 
0412:  MOVF   3E,W
0414:  SUBLW  3F
0416:  BNC   0440
....................    {   
....................       XUAT_32LED_DON_1DW(Y);    
0418:  MOVFF  1F,65
041C:  MOVFF  1E,64
0420:  MOVFF  1D,63
0424:  MOVFF  1C,62
0428:  RCALL  013E
....................       Y= (Y<<1);  
042A:  BCF    FD8.0
042C:  RLCF   1C,F
042E:  RLCF   1D,F
0430:  RLCF   1E,F
0432:  RLCF   1F,F
....................       DELAY_CHON(DL,CHONDELAY); 
0434:  MOVFF  60,62
0438:  MOVFF  61,63
043C:  RCALL  02A0
....................    }  
043E:  BRA    0442
....................    ELSE RESET_TOAN_BO_BIEN(); 
0440:  RCALL  0326
0442:  GOTO   08B2 (RETURN)
....................  
.................... }     
.................... //XXXXXXXXXXXXXXXXXXXXXXXXXXXXXXXXXXXXXXXXXXXX 
.................... //32 LED: SANG DAN ROI TAT DAN TU TRAI SANG PHAI 
.................... //XXXXXXXXXXXXXXXXXXXXXXXXXXXXXXXXXXXXXXXXXXXX 
.................... VOID SANG_TAT_DAN_TSP_32LED(UNSIGNED INT8 DL,CHONDELAY) 
.................... {            
....................       IF (DEM_LED<32) 
0446:  MOVF   3E,W
0448:  SUBLW  1F
044A:  BNC   048A
....................       {   
....................          XUAT_32LED_DON_1DW(Y); 
044C:  MOVFF  1F,65
0450:  MOVFF  1E,64
0454:  MOVFF  1D,63
0458:  MOVFF  1C,62
045C:  RCALL  013E
....................          Y= (Y>>1)+0x80000000;  
045E:  BCF    FD8.0
0460:  RRCF   1F,W
0462:  MOVWF  x66
0464:  RRCF   1E,W
0466:  MOVWF  x65
0468:  RRCF   1D,W
046A:  MOVWF  x64
046C:  RRCF   1C,W
046E:  MOVWF  1C
0470:  MOVFF  64,1D
0474:  MOVFF  65,1E
0478:  MOVLW  80
047A:  ADDWF  x66,W
047C:  MOVWF  1F
....................          DELAY_CHON(DL,CHONDELAY);       
047E:  MOVFF  60,62
0482:  MOVFF  61,63
0486:  RCALL  02A0
....................       } 
0488:  BRA    04BA
....................       ELSE 
....................       IF (DEM_LED<64) 
048A:  MOVF   3E,W
048C:  SUBLW  3F
048E:  BNC   04B8
....................       {   
....................          XUAT_32LED_DON_1DW(Y);  
0490:  MOVFF  1F,65
0494:  MOVFF  1E,64
0498:  MOVFF  1D,63
049C:  MOVFF  1C,62
04A0:  RCALL  013E
....................          Y= (Y>>1); 
04A2:  BCF    FD8.0
04A4:  RRCF   1F,F
04A6:  RRCF   1E,F
04A8:  RRCF   1D,F
04AA:  RRCF   1C,F
....................          DELAY_CHON(DL,CHONDELAY); 
04AC:  MOVFF  60,62
04B0:  MOVFF  61,63
04B4:  RCALL  02A0
....................       }  
04B6:  BRA    04BA
....................       ELSE RESET_TOAN_BO_BIEN(); 
04B8:  RCALL  0326
04BA:  GOTO   08C0 (RETURN)
....................      
.................... }          
.................... //XXXXXXXXXXXXXXXXXXXXXXXXXXXXXXXXXXXXXXXXXXXX 
.................... //32 LED: DIEM SANG DI CHUEYN TU PHAI SANG TRAI 
.................... //XXXXXXXXXXXXXXXXXXXXXXXXXXXXXXXXXXXXXXXXXXXX 
.................... VOID DIEM_SANG_DI_CHUYEN_PST_32LED(UNSIGNED INT8 DL,CHONDELAY) 
.................... {         
....................    IF (DEM_LED==0) 
....................    {   
....................       Y=1; 
....................       XUAT_32LED_DON_1DW(Y); 
....................       Y= (Y<<1); 
....................       DELAY_CHON(DL,CHONDELAY); 
....................    } 
....................    ELSE  IF (DEM_LED<33) 
....................    {   
....................       XUAT_32LED_DON_1DW(Y);    
....................       Y= (Y<<1);  
....................       DELAY_CHON(DL,CHONDELAY); 
....................    }  
....................    ELSE  RESET_TOAN_BO_BIEN(); 
.................... }     
....................  
.................... //XXXXXXXXXXXXXXXXXXXXXXXXXXXXXXXXXXXXXXXXXXXX 
.................... //32 LED: DIEM SANG DI CHUEYN TU TRAI SANG PHAI 
.................... //XXXXXXXXXXXXXXXXXXXXXXXXXXXXXXXXXXXXXXXXXXXX 
.................... VOID DIEM_SANG_DI_CHUYEN_TSP_32LED(UNSIGNED INT8 DL,CHONDELAY) 
.................... {         
....................    IF (DEM_LED==0) 
....................    {   
....................       Y=0X80000000; 
....................       XUAT_32LED_DON_1DW(Y); 
....................       Y= (Y>>1); 
....................       DELAY_CHON(DL,CHONDELAY); 
....................    } 
....................    ELSE  IF (DEM_LED<33) 
....................    {   
....................       XUAT_32LED_DON_1DW(Y);    
....................       Y= (Y>>1);  
....................       DELAY_CHON(DL,CHONDELAY); 
....................    }  
....................    ELSE RESET_TOAN_BO_BIEN(); 
....................  
.................... }  
.................... //XXXXXXXXXXXXXXXXXXXXXXXXXXXXXXXXXXXXXXXXXXXX 
.................... //32 LED: SANG DON  PHAI SANG TRAI 
.................... //XXXXXXXXXXXXXXXXXXXXXXXXXXXXXXXXXXXXXXXXXXXX 
.................... VOID SANG_DON_PST_32LED(UNSIGNED INT8 DL,CHONDELAY) 
.................... {        
....................    IF(I32>0) 
*
05BE:  BTFSC  3F.7
05C0:  BRA    063C
05C2:  MOVF   3F,W
05C4:  SUBLW  00
05C6:  BC    063C
....................    { 
....................       IF(J32<I32) 
05C8:  MOVF   40,W
05CA:  XORLW  80
05CC:  MOVWF  00
05CE:  MOVF   3F,W
05D0:  XORLW  80
05D2:  SUBWF  00,W
05D4:  BC    0616
....................       { 
....................          Y = Y_CODINH|YP_CHAY; 
05D6:  MOVF   28,W
05D8:  IORWF  20,W
05DA:  MOVWF  1C
05DC:  MOVF   29,W
05DE:  IORWF  21,W
05E0:  MOVWF  1D
05E2:  MOVF   2A,W
05E4:  IORWF  22,W
05E6:  MOVWF  1E
05E8:  MOVF   2B,W
05EA:  IORWF  23,W
05EC:  MOVWF  1F
....................          XUAT_32LED_DON_1DW(Y); 
05EE:  MOVFF  1F,65
05F2:  MOVFF  1E,64
05F6:  MOVFF  1D,63
05FA:  MOVFF  1C,62
05FE:  RCALL  013E
....................          DELAY_CHON(DL,CHONDELAY);        
0600:  MOVFF  60,62
0604:  MOVFF  61,63
0608:  RCALL  02A0
....................          YP_CHAY = YP_CHAY <<1; 
060A:  BCF    FD8.0
060C:  RLCF   20,F
060E:  RLCF   21,F
0610:  RLCF   22,F
0612:  RLCF   23,F
....................          J32++; 
0614:  INCF   40,F
....................       } 
....................       IF (J32==I32)  
0616:  MOVF   3F,W
0618:  SUBWF  40,W
061A:  BNZ   063A
....................       { 
....................          I32--; 
061C:  DECF   3F,F
....................          J32=0;          
061E:  CLRF   40
....................          Y_CODINH=Y; 
0620:  MOVFF  1F,2B
0624:  MOVFF  1E,2A
0628:  MOVFF  1D,29
062C:  MOVFF  1C,28
....................          YP_CHAY = 1; 
0630:  CLRF   23
0632:  CLRF   22
0634:  CLRF   21
0636:  MOVLW  01
0638:  MOVWF  20
....................       } 
....................    } 
063A:  BRA    063E
....................    ELSE RESET_TOAN_BO_BIEN(); 
063C:  RCALL  0326
063E:  GOTO   08EA (RETURN)
.................... }    
.................... //XXXXXXXXXXXXXXXXXXXXXXXXXXXXXXXXXXXXXXXXXXXX 
.................... //32 LED: SANG DON  PHAI SANG TRAI 
.................... //XXXXXXXXXXXXXXXXXXXXXXXXXXXXXXXXXXXXXXXXXXXX 
.................... VOID SANG_DON_TSP_32LED(UNSIGNED INT8 DL,CHONDELAY) 
.................... {        
....................    IF(I32>0) 
0642:  BTFSC  3F.7
0644:  BRA    06C0
0646:  MOVF   3F,W
0648:  SUBLW  00
064A:  BC    06C0
....................    { 
....................       IF(J32<I32) 
064C:  MOVF   40,W
064E:  XORLW  80
0650:  MOVWF  00
0652:  MOVF   3F,W
0654:  XORLW  80
0656:  SUBWF  00,W
0658:  BC    069A
....................       { 
....................          Y = Y_CODINH|YT_CHAY; 
065A:  MOVF   28,W
065C:  IORWF  24,W
065E:  MOVWF  1C
0660:  MOVF   29,W
0662:  IORWF  25,W
0664:  MOVWF  1D
0666:  MOVF   2A,W
0668:  IORWF  26,W
066A:  MOVWF  1E
066C:  MOVF   2B,W
066E:  IORWF  27,W
0670:  MOVWF  1F
....................          XUAT_32LED_DON_1DW(Y); 
0672:  MOVFF  1F,65
0676:  MOVFF  1E,64
067A:  MOVFF  1D,63
067E:  MOVFF  1C,62
0682:  RCALL  013E
....................          DELAY_CHON(DL,CHONDELAY); 
0684:  MOVFF  60,62
0688:  MOVFF  61,63
068C:  RCALL  02A0
....................          YT_CHAY = YT_CHAY >>1; 
068E:  BCF    FD8.0
0690:  RRCF   27,F
0692:  RRCF   26,F
0694:  RRCF   25,F
0696:  RRCF   24,F
....................          J32++; 
0698:  INCF   40,F
....................       } 
....................       IF (J32==I32)  
069A:  MOVF   3F,W
069C:  SUBWF  40,W
069E:  BNZ   06BE
....................       { 
....................          I32--; 
06A0:  DECF   3F,F
....................          J32=0;          
06A2:  CLRF   40
....................          Y_CODINH=Y; 
06A4:  MOVFF  1F,2B
06A8:  MOVFF  1E,2A
06AC:  MOVFF  1D,29
06B0:  MOVFF  1C,28
....................          YT_CHAY = 0X80000000; 
06B4:  MOVLW  80
06B6:  MOVWF  27
06B8:  CLRF   26
06BA:  CLRF   25
06BC:  CLRF   24
....................       } 
....................    } 
06BE:  BRA    06C2
....................    ELSE RESET_TOAN_BO_BIEN(); 
06C0:  RCALL  0326
06C2:  GOTO   08F8 (RETURN)
....................  
.................... }   
.................... //XXXXXXXXXXXXXXXXXXXXXXXXXXXXXXXXXXXXXXXXXXXX 
.................... //32 LED: SANG DON  TU NGOAI VAO 
.................... //XXXXXXXXXXXXXXXXXXXXXXXXXXXXXXXXXXXXXXXXXXXX 
.................... VOID SANG_DON_TNT_32LED(UNSIGNED INT8 DL,CHONDELAY) 
.................... {        
....................    IF(I16>0) 
....................    { 
....................       IF(J16<I16) 
....................       { 
....................          ZP = ZP_CODINH|ZP_CHAY_P; 
....................          ZT = ZT_CODINH|ZT_CHAY_T; 
....................          XUAT_32LED_DON_2WORD(ZT,ZP); 
....................          DELAY_CHON(DL,CHONDELAY); 
....................  
....................          ZP_CHAY_P = ZP_CHAY_P <<1;          
....................          ZT_CHAY_T = ZT_CHAY_T >>1; 
....................          J16++; 
....................       } 
....................       IF (J16==I16)  
....................       { 
....................          I16--; 
....................          J16=0;          
....................          ZT_CODINH=ZT;  ZP_CODINH=ZP;          
....................          ZP_CHAY_P = 1;   ZT_CHAY_T = 0X8000; 
....................       } 
....................    } 
....................    ELSE RESET_TOAN_BO_BIEN(); 
....................  
.................... }    
....................  
.................... //XXXXXXXXXXXXXXXXXXXXXXXXXXXXXXXXXXXXXXXXXXXX 
.................... //32 LED: SANG DON  TU NGOAI VAO 
.................... //XXXXXXXXXXXXXXXXXXXXXXXXXXXXXXXXXXXXXXXXXXXX 
.................... VOID SANG_DON_TTR_32LED(UNSIGNED INT8 DL,CHONDELAY) 
.................... {        
....................    IF(I16>0) 
....................    { 
....................       IF(J16<I16) 
....................       { 
....................          ZP = ZP_CODINH|ZP_CHAY_T; 
....................          ZT = ZT_CODINH|ZT_CHAY_P; 
....................          XUAT_32LED_DON_2WORD(ZT,ZP); 
....................          DELAY_CHON(DL,CHONDELAY); 
....................          ZP_CHAY_T = ZP_CHAY_T >>1;          
....................          ZT_CHAY_P = ZT_CHAY_P <<1; 
....................          J16++; 
....................       } 
....................       IF (J16==I16)  
....................       { 
....................          I16--; 
....................          J16=0;          
....................          ZT_CODINH=ZT;   
....................          ZP_CODINH=ZP; 
....................          ZP_CHAY_T = 0X8000;   ZT_CHAY_P = 1; 
....................       } 
....................    } 
....................    ELSE RESET_TOAN_BO_BIEN(); 
.................... }    
....................  
.................... #define UP BT0 
.................... #define DW BT1 
.................... #define CLR BT2 
....................  
.................... unsigned INT8 mp;                                                    
.................... //!unsigned INT8 y=0; 
.................... unsigned INT8 ttct=1; 
....................  
.................... int CDNN(INT1 pin) 
.................... { 
....................    IF (!input (pin) ) 
*
0732:  MOVFF  60,61
0736:  MOVLW  01
0738:  MOVWF  x62
073A:  MOVLW  0F
073C:  MOVWF  x64
073E:  MOVLW  92
0740:  MOVWF  x63
0742:  RCALL  06C6
0744:  MOVFF  60,61
0748:  MOVLW  0F
074A:  MOVWF  x63
074C:  MOVLW  80
074E:  MOVWF  x62
0750:  RCALL  0704
0752:  BTFSC  01.0
0754:  BRA    07AA
....................    { 
....................       delay_ms (20); 
0756:  MOVLW  14
0758:  MOVWF  x65
075A:  RCALL  017E
....................       if (!input (pin) ) WHILE (!input (pin) ); 
075C:  MOVFF  60,61
0760:  MOVLW  01
0762:  MOVWF  x62
0764:  MOVLW  0F
0766:  MOVWF  x64
0768:  MOVLW  92
076A:  MOVWF  x63
076C:  RCALL  06C6
076E:  MOVFF  60,61
0772:  MOVLW  0F
0774:  MOVWF  x63
0776:  MOVLW  80
0778:  MOVWF  x62
077A:  RCALL  0704
077C:  BTFSC  01.0
077E:  BRA    07A4
0780:  MOVFF  60,61
0784:  MOVLW  01
0786:  MOVWF  x62
0788:  MOVLW  0F
078A:  MOVWF  x64
078C:  MOVLW  92
078E:  MOVWF  x63
0790:  RCALL  06C6
0792:  MOVFF  60,61
0796:  MOVLW  0F
0798:  MOVWF  x63
079A:  MOVLW  80
079C:  MOVWF  x62
079E:  RCALL  0704
07A0:  BTFSS  01.0
07A2:  BRA    0780
....................       RETURN 1; 
07A4:  MOVLW  01
07A6:  MOVWF  01
07A8:  BRA    07AE
....................    } 
....................  
....................    RETURN 0; 
07AA:  MOVLW  00
07AC:  MOVWF  01
07AE:  RETURN 0
.................... } 
....................  
.................... void main() 
07B0:  CLRF   FF8
07B2:  BCF    FD0.7
07B4:  CLRF   06
07B6:  CLRF   0D
07B8:  CLRF   0E
07BA:  CLRF   0F
07BC:  CLRF   10
07BE:  CLRF   19
07C0:  CLRF   1A
07C2:  CLRF   1B
07C4:  CLRF   1F
07C6:  CLRF   1E
07C8:  CLRF   1D
07CA:  CLRF   1C
07CC:  CLRF   23
07CE:  CLRF   22
07D0:  CLRF   21
07D2:  MOVLW  01
07D4:  MOVWF  20
07D6:  MOVLW  80
07D8:  MOVWF  27
07DA:  CLRF   26
07DC:  CLRF   25
07DE:  CLRF   24
07E0:  CLRF   2B
07E2:  CLRF   2A
07E4:  CLRF   29
07E6:  CLRF   28
07E8:  MOVWF  2F
07EA:  CLRF   2E
07EC:  CLRF   31
07EE:  MOVLW  01
07F0:  MOVWF  30
07F2:  CLRF   33
07F4:  CLRF   32
07F6:  MOVLW  80
07F8:  MOVWF  37
07FA:  CLRF   36
07FC:  CLRF   39
07FE:  MOVLW  01
0800:  MOVWF  38
0802:  CLRF   3B
0804:  CLRF   3A
0806:  CLRF   3D
0808:  CLRF   3C
080A:  CLRF   3E
080C:  MOVLW  20
080E:  MOVWF  3F
0810:  CLRF   40
0812:  MOVLW  01
0814:  MOVWF  41
0816:  MOVLW  10
0818:  MOVWF  42
081A:  CLRF   43
081C:  CLRF   47
081E:  CLRF   46
0820:  CLRF   45
0822:  MOVLW  01
0824:  MOVWF  44
0826:  CLRF   4B
0828:  CLRF   4A
082A:  CLRF   49
082C:  MOVWF  48
082E:  SETF   4F
0830:  SETF   4E
0832:  SETF   4D
0834:  MOVLW  FE
0836:  MOVWF  4C
0838:  MOVLW  80
083A:  MOVWF  53
083C:  CLRF   52
083E:  CLRF   51
0840:  CLRF   50
0842:  MOVWF  57
0844:  CLRF   56
0846:  CLRF   55
0848:  CLRF   54
084A:  MOVLW  7F
084C:  MOVWF  5B
084E:  SETF   5A
0850:  SETF   59
0852:  SETF   58
0854:  MOVLW  01
0856:  MOVWF  5C
0858:  MOVWF  5D
085A:  MOVWF  5F
085C:  MOVF   FC1,W
085E:  ANDLW  C0
0860:  IORLW  0F
0862:  MOVWF  FC1
0864:  MOVLW  07
0866:  MOVWF  FB4
0868:  SETF   11
086A:  SETF   12
086C:  SETF   13
086E:  SETF   14
0870:  SETF   15
0872:  SETF   16
0874:  SETF   17
0876:  SETF   18
.................... { 
....................    SET_UP_PORT_IC_CHOT (); 
0878:  GOTO   003C
....................    set_tris_b (0x3c); 
087C:  MOVLW  3C
087E:  MOVWF  F93
....................    // ! xuat_32led_don_4byte (0, 0, 0, 0) ; 
....................  
....................    WHILE (1) 
....................    { 
....................       xuat_4led_7doan_1so (ma7doan[ttct]); 
0880:  CLRF   03
0882:  MOVF   5F,W
0884:  MOVFF  FF2,60
0888:  BCF    FF2.7
088A:  CALL   0004
088E:  BTFSC  x60.7
0890:  BSF    FF2.7
0892:  MOVWF  x60
0894:  MOVWF  x61
0896:  BRA    00DE
....................       IF (ttct == 1) sang_tat_32led (10, 0); 
0898:  DECFSZ 5F,W
089A:  BRA    08A4
089C:  MOVLW  0A
089E:  MOVWF  x60
08A0:  CLRF   x61
08A2:  BRA    02B4
....................       IF (ttct == 2) sang_tat_dan_pst_32led (10, 0); 
08A4:  MOVF   5F,W
08A6:  SUBLW  02
08A8:  BNZ   08B2
08AA:  MOVLW  0A
08AC:  MOVWF  x60
08AE:  CLRF   x61
08B0:  BRA    03C4
....................       IF (ttct == 3) sang_tat_dan_tsp_32led (10, 0); 
08B2:  MOVF   5F,W
08B4:  SUBLW  03
08B6:  BNZ   08C0
08B8:  MOVLW  0A
08BA:  MOVWF  x60
08BC:  CLRF   x61
08BE:  BRA    0446
....................       IF (ttct == 4) sang_tat_dan_ngoai_vao_32led (10, 0); 
08C0:  MOVF   5F,W
08C2:  SUBLW  04
08C4:  BNZ   08CE
08C6:  MOVLW  0A
08C8:  MOVWF  x60
08CA:  CLRF   x61
08CC:  BRA    04BE
....................       IF (ttct == 5) sang_tat_dan_trong_ra_32led (10, 0); 
08CE:  MOVF   5F,W
08D0:  SUBLW  05
08D2:  BNZ   08DC
08D4:  MOVLW  0A
08D6:  MOVWF  x60
08D8:  CLRF   x61
08DA:  BRA    053E
....................       IF (ttct == 6) sang_don_pst_32led (10, 0); 
08DC:  MOVF   5F,W
08DE:  SUBLW  06
08E0:  BNZ   08EA
08E2:  MOVLW  0A
08E4:  MOVWF  x60
08E6:  CLRF   x61
08E8:  BRA    05BE
....................       IF (ttct == 7) sang_don_tsp_32led (10, 0); 
08EA:  MOVF   5F,W
08EC:  SUBLW  07
08EE:  BNZ   08F8
08F0:  MOVLW  0A
08F2:  MOVWF  x60
08F4:  CLRF   x61
08F6:  BRA    0642
....................       IF (ttct > 7) ttct = 7; 
08F8:  MOVF   5F,W
08FA:  SUBLW  07
08FC:  BC    0902
08FE:  MOVLW  07
0900:  MOVWF  5F
....................       IF (ttct < 1) ttct = 1; 
0902:  MOVF   5F,F
0904:  BNZ   090A
0906:  MOVLW  01
0908:  MOVWF  5F
....................        
....................       IF (CDNN (UP) ) ttct++; 
090A:  MOVLW  0D
090C:  MOVWF  x60
090E:  RCALL  0732
0910:  MOVF   01,F
0912:  BZ    0916
0914:  INCF   5F,F
....................       IF (CDNN (DW)) ttct--; 
0916:  MOVLW  0C
0918:  MOVWF  x60
091A:  RCALL  0732
091C:  MOVF   01,F
091E:  BZ    0922
0920:  DECF   5F,F
....................  
....................       IF (CDNN (CLR)) 
0922:  MOVLW  0B
0924:  MOVWF  x60
0926:  RCALL  0732
0928:  MOVF   01,F
092A:  BZ    0932
....................       { 
....................          ttct = 1; 
092C:  MOVLW  01
092E:  MOVWF  5F
....................          reset_toan_bo_bien(); 
0930:  RCALL  0326
....................       } 
0932:  BRA    0880
....................    } 
.................... } 
....................  
0934:  SLEEP 

Configuration Fuses:
   Word  1: CC27   PLL12 CPUDIV1 USBDIV HS FCMEN IESO
   Word  2: 1E3E   PUT BROWNOUT BORV21 VREGEN NOWDT WDT32768
   Word  3: 8700   CCP2C1 PBADEN LPT1OSC MCLR
   Word  4: 00A1   STVREN NOLVP ICSP2 NOXINST NODEBUG
   Word  5: C00F   NOPROTECT NOCPB NOCPD
   Word  6: E00F   NOWRT NOWRTC NOWRTB NOWRTD
   Word  7: 400F   NOEBTR NOEBTRB
