
ROM used:   570/32768 (2%)
            570/32768 (2%) including unused fragments

            0.4 Average locations per line
            2.2 Average locations per statement

RAM used:   29/2048 (1%) at main() level
            34/2048 (2%) worst case

Stack used: 2 worst case (2 in main + 0 for interrupts)
Stack size: 31

Lines Stmts  %   Files
----- ----- ---  -----
   37    20   8  BAI_503_HIENTHI_8SO_CACH2.c
  702   244  92  TV_PICKIT2_SHIFT_1.C
  837     0   0  ..\..\..\..\..\Program Files (x86)\PICC\Devices\18F4550.H
----- -----
 1576   264 Total

Page ROM  %  RAM   Vol Diff  Functions:
---- --- --- ---   --- ----  ----------
0     38   3    1             @delay_ms1
0     42   4    3   271  4.3  XUAT_1BYTE
0     30   3    0   152  1.8  SET_UP_PORT_IC_CHOT
0     48   4    0   119  1.7  MO_IC_74573_B_THONG_DL
0     24   2    0             @const753
0     58   5    3   190  3.1  XUAT_8LED_7DOAN_QUET_2
0    326  29    1   530  2.9  MAIN
 Inline         0   117  3.5  @cinit1

Program metrics:
    Functions               6
    Statements              264
    Comments                337
    Volume (V)              2051
    Difficulty (D)          17.1
    Effort to implement (E) 34997
    Time to implement (T)   32 minutes
    Est Delivered Bugs (B)  0
    Cyclomatic Complexity   2
    Maintainability (MI)    38

 Segment     Used  Free
-----------  ----  ----
00000-00002     4  0  
00004-07FFE   566  32198  



