
ROM used:   2726/32768 (8%)
            2726/32768 (8%) including unused fragments

            1.4 Average locations per line
            4.9 Average locations per statement

RAM used:   98/2048 (5%) at main() level
            123/2048 (6%) worst case

Stack used: 7 worst case (7 in main + 0 for interrupts)
Stack size: 31

Lines Stmts  %   Files
----- ----- ---  -----
   81    59  11  BAI_421_DEM_XUNG_T0_QUANG_CAO_32LED.c
  702   244  44  TV_PICKIT2_SHIFT_1.C
  837     0   0  ..\..\..\..\..\Program Files (x86)\PICC\Devices\18F4550.H
  393   248  45  TV_PICKIT2_SHIFT_32LED_DON.C
----- -----
 2013   551 Total

Page ROM  %  RAM   Vol Diff  Functions:
---- --- --- ---   --- ----  ----------
0     38   1    1             @delay_ms1
0     32   1    0             @const686
0     42   1    3   271  4.3  XUAT_1BYTE
0     44   1    4   231  2.3  XUAT_32LED_DON_4BYTE
0     36   1    8   245  3.1  XUAT_32LED_DON_2WORD
0     36   1    9   123  3.2  XUAT_32LED_DON_1DW
0     30   1    0   152  1.8  SET_UP_PORT_IC_CHOT
0     46   1    0   119  1.7  MO_IC_74573_A_THONG_DL
0     46   1    0   119  1.7  MO_IC_74573_B_THONG_DL
0     42   1    4   231  2.3  XUAT_4LED_7DOAN_4SO
0     20   0    3    76  1.7  XUAT_4LED_7DOAN_3SO
0    296   5    5   465  4.8  XUAT_4LED_7DOAN_GIAIMA_XOA_SO0
0     66   1    5             @DIV1616
0     44   1    3   172  2.7  XUAT_8LED_7DOAN_QUET_1
0     10   0    0    25  1.2  XUAT_8LED_7DOAN_QUET_TAT_LED
0     24   0    0             @const753
0     60   1    3   190  3.1  XUAT_8LED_7DOAN_QUET_2
0     56   1    1   136  3.9  HIEN_THI_8LED_7DOAN_QUET_ALL
0    158   3    0   603  2.9  RESET_TOAN_BO_BIEN
0     20   0    2   117  3.5  TANG_DEM_LED_DELAY_1
0     16   0    1    68  2.4  TANG_DEM_LED_DELAY_0
0     20   0    2    82  3.1  DELAY_CHON
0     28   1    0    37  2.0  DAO_DL_32BIT_VA_XUAT
0    114   2    2   370  4.2  SANG_TAT_32LED
0    128   2    4   447  5.2  SANG_TAT_DAN_NGOAI_VAO_32LED
0    128   2    4   447  5.2  SANG_TAT_DAN_TRONG_RA_32LED
0    130   2    7   315  4.6  SANG_TAT_DAN_PST_32LED
0    120   2    7   315  4.6  SANG_TAT_DAN_TSP_32LED
0    132   2    3   381  6.6  SANG_DON_PST_32LED
0    132   2    3   381  6.6  SANG_DON_TSP_32LED
0    128   2    2   294  4.6  GIAI_MA_HIEN_THI
0     40   1    3             @DIV88
0     36   1    0   156  3.8  PHIM_UP
0     36   1    0   156  3.8  PHIM_DW
0     20   0    0    68  3.0  PHIM_CLR
0    368   7    0   937  5.3  MAIN
 Inline         0             @cinit1

Program metrics:
    Functions               31
    Statements              551
    Comments                376
    Volume (V)              14747
    Difficulty (D)          110.6
    Effort to implement (E) 1630907
    Time to implement (T)   25 hours, 10 minutes
    Est Delivered Bugs (B)  5
    Cyclomatic Complexity   43
    Maintainability (MI)    53

 Segment     Used  Free
-----------  ----  ----
00000-00002     4  0  
00004-07FFE  2722  30042  



