
ROM used:   1656/32768 (5%)
            1656/32768 (5%) including unused fragments

            0.9 Average locations per line
            3.7 Average locations per statement

RAM used:   40/2048 (2%) at main() level
            49/2048 (2%) worst case

Stack used: 8 worst case (8 in main + 0 for interrupts)
Stack size: 31

Lines Stmts  %   Files
----- ----- ---  -----
  190   113  25  BAI_802_I2C_RT_LCD_3KEY.c
  702   244  55  tv_pickit2_shift_1.c
  837     0   0  ..\..\..\..\..\Program Files (x86)\PICC\Devices\18F4550.H
   88    62  14  TV_PICKIT2_SHIFT_DS13B07_I2C.c
   92    25   6  TV_PICKIT2_SHIFT_LCD.c
----- -----
 1909   444 Total

Page ROM  %  RAM   Vol Diff  Functions:
---- --- --- ---   --- ----  ----------
0     72   2    3             @I2C_READ_1
0     72   2    1             @I2C_WRITE_1
0     38   1    1             @delay_ms1
0     42   1    3   271  4.3  XUAT_1BYTE
0     30   1    0   152  1.8  SET_UP_PORT_IC_CHOT
0     48   1    0   119  1.7  MO_IC_74573_A_THONG_DL
0     44   1    0   172  1.8  XUAT_GLCD_LCD
0     16   0    2    80  2.7  XUAT_LCD20X4
0     26   1    1   102  2.1  LCD_XUAT_8BIT
0     22   1    1    61  1.6  LCD_COMMAND
0     22   1    1    61  1.6  LCD_DATA
0     72   2    0   245  1.8  SETUP_LCD
0     38   1    0   174  1.8  THIET_LAP_THOI_GIAN_HIEN_TAI
0    134   4    0   253  1.4  NAP_THOI_GIAN_HTAI_VAO_DS13B07
0    214   6    0   351  1.9  DOC_THOI_GIAN_TU_REALTIME
0    218   7    1   743  2.9  HIEN_THI_THOI_GIAN_DS13B07
0     18   1    1    42  1.4  hien_thi_gia_tri_mod
0     42   1    0   207  4.4  phim_mod
0     24   1    2   160  4.5  hieu_chinh_so_bcd_tang
0     24   1    2   160  4.5  hieu_chinh_so_bcd_giam
0      6   0    0    21  1.0  luu_giai_ma_hien_thi_sau_khi_chinh
0    122   4    0   691  7.1  phim_up
0    122   4    0   691  7.1  phim_dw
0    144   4    0   525  4.6  MAIN
0      8   0    0             @const859
0     34   1    2   282  5.0  @PSTRINGC_810
 Inline         0             @cinit1

Program metrics:
    Functions               22
    Statements              444
    Comments                351
    Volume (V)              10059
    Difficulty (D)          67.1
    Effort to implement (E) 675352
    Time to implement (T)   10 hours, 25 minutes
    Est Delivered Bugs (B)  3
    Cyclomatic Complexity   29
    Maintainability (MI)    85

 Segment     Used  Free
-----------  ----  ----
00000-00002     4  0  
00004-07FFE  1652  31112  



