
ROM used:   1802/32768 (5%)
            1802/32768 (5%) including unused fragments

            1.0 Average locations per line
            5.3 Average locations per statement

RAM used:   1054/2048 (51%) at main() level
            1075/2048 (52%) worst case

Stack used: 6 worst case (6 in main + 0 for interrupts)
Stack size: 31

Lines Stmts  %   Files
----- ----- ---  -----
   16     8   2  BAI_662_GLCD_2BITMAP_SPKT.c
  702   244  72  tv_pickit2_shift_1.c
  837     0   0  ..\..\..\..\..\Program Files (x86)\PICC\Devices\18F4550.H
  240    88  26  tv_pickit2_shift_glcd128x64.c
----- -----
 1795   340 Total

Page ROM  %  RAM   Vol Diff  Functions:
---- --- --- ---   --- ----  ----------
0     42   1    1             @delay_ms1
0     46   1    3   271  4.3  XUAT_1BYTE
0     30   1    0   152  1.8  SET_UP_PORT_IC_CHOT
0     48   1    0   119  1.7  MO_IC_74573_A_THONG_DL
0     44   1    0   172  1.8  XUAT_GLCD_LCD
0     20   1    2    80  2.7  XUAT_GLCD128X64
0     26   1    1   102  2.1  GLCD_XUAT_8BIT
0     10   0    1    43  1.5  GLCD_COMMAND
0     10   0    1    43  1.5  GLCD_DATA
0     90   2    1   292  1.7  SETUP_GLCD
0    124   3    7   338  5.1  GLCD_MAU_NEN
0     34   1    5             @MUL1616
0    270   7    6   510  8.0  glcd_pixel
0    230   6    3   447  5.2  GDRAM_VDK_TO_GDRAM_GLCD_ALL
0    526  15    0    43  1.5  @const849
0    146   4   13   569  7.0  GLCD_XUAT_ANH
0    102   3    0   183  2.2  MAIN
 Inline         0   292  1.7  @cinit1

Program metrics:
    Functions               16
    Statements              340
    Comments                360
    Volume (V)              6331
    Difficulty (D)          49.4
    Effort to implement (E) 312994
    Time to implement (T)   4 hours, 50 minutes
    Est Delivered Bugs (B)  2
    Cyclomatic Complexity   12
    Maintainability (MI)    134

 Segment     Used  Free
-----------  ----  ----
00000-00002     4  0  
00004-07FFE  1798  30966  



