
ROM used:   430/32768 (1%)
            430/32768 (1%) including unused fragments

            0.3 Average locations per line
            1.7 Average locations per statement

RAM used:   35/2048 (2%) at main() level
            42/2048 (2%) worst case

Stack used: 4 worst case (4 in main + 0 for interrupts)
Stack size: 31

Lines Stmts  %   Files
----- ----- ---  -----
   24     9   4  BAI_504_HIENTHI_8SO_CACH3.c
  702   244  96  TV_PICKIT2_SHIFT_1.C
  837     0   0  ..\..\..\..\..\Program Files (x86)\PICC\Devices\18F4550.H
----- -----
 1563   253 Total

Page ROM  %  RAM   Vol Diff  Functions:
---- --- --- ---   --- ----  ----------
0     32   4    0             @const686
0     42   5    3   271  4.3  XUAT_1BYTE
0     30   3    0   152  1.8  SET_UP_PORT_IC_CHOT
0     46   5    0   119  1.7  MO_IC_74573_B_THONG_DL
0     44   5    3   172  2.7  XUAT_8LED_7DOAN_QUET_1
0     10   1    0    25  1.2  XUAT_8LED_7DOAN_QUET_TAT_LED
0     24   3    0             @const753
0     60   7    3   190  3.1  XUAT_8LED_7DOAN_QUET_2
0     54   6    1   136  3.9  HIEN_THI_8LED
0     84  10    0    38  1.2  MAIN
 Inline         0    68  2.4  @cinit1

Program metrics:
    Functions               9
    Statements              253
    Comments                330
    Volume (V)              1951
    Difficulty (D)          22.8
    Effort to implement (E) 44480
    Time to implement (T)   41 minutes
    Est Delivered Bugs (B)  0
    Cyclomatic Complexity   3
    Maintainability (MI)    91

 Segment     Used  Free
-----------  ----  ----
00000-00002     4  0  
00004-07FFE   426  32338  



