
ROM used:   2868/32768 (9%)
            2868/32768 (9%) including unused fragments

            1.2 Average locations per line
            5.3 Average locations per statement

RAM used:   1062/2048 (52%) at main() level
            1099/2048 (54%) worst case

Stack used: 6 worst case (6 in main + 0 for interrupts)
Stack size: 31

Lines Stmts  %   Files
----- ----- ---  -----
   89    44   8  BAI_664_GLCD_DEM_SP_T0_HIENTHI_COT.c
  702   244  45  TV_PICKIT2_SHIFT_1.C
  837     0   0  ..\..\..\..\..\Program Files (x86)\PICC\Devices\18F4550.H
  240    88  16  TV_PICKIT2_SHIFT_GLCD128X64.C
  540   163  30  ..\..\..\..\..\Program Files (x86)\PICC\Drivers\GRAPHICS.C
----- -----
 2408   539 Total

Page ROM  %  RAM   Vol Diff  Functions:
---- --- --- ---   --- ----  ----------
0     42   1    1             @delay_ms1
0     32   1    0             @const686
0     46   1    3   271  4.3  XUAT_1BYTE
0     30   1    0   152  1.8  SET_UP_PORT_IC_CHOT
0     46   1    0   119  1.7  MO_IC_74573_A_THONG_DL
0     44   1    4   231  2.3  XUAT_4LED_7DOAN_4SO
0    350   6    5   465  4.8  XUAT_4LED_7DOAN_GIAIMA_XOA_SO0
0     70   1    5             @DIV1616
0     44   1    0   172  1.8  XUAT_GLCD_LCD
0     20   0    2    80  2.7  XUAT_GLCD128X64
0     26   0    1   102  2.1  GLCD_XUAT_8BIT
0     10   0    1    43  1.5  GLCD_COMMAND
0     10   0    1    43  1.5  GLCD_DATA
0     88   2    1   292  1.7  SETUP_GLCD
0    124   2    7   338  5.1  GLCD_MAU_NEN
0     34   1    5             @MUL1616
0    268   5    6   510  8.0  glcd_pixel
0    240   4    3   447  5.2  GDRAM_VDK_TO_GDRAM_GLCD_ALL
0    310   5   17  1519  9.2  glcd_line
0    530   9   12  1846  8.8  glcd_circle
0     78   1    2   450  4.1  @MUL88
0     44   1    3   374  4.1  @DIV88
0    114   2    1   209  3.2  HIENTHI_GLCD_T0_IMAGE
0    216   4    0   552  4.2  MAIN
0     14   0    0   552  4.7  @const958
0     34   1    2             @PSTRINGC_812
 Inline         0             @cinit1

Program metrics:
    Functions               21
    Statements              539
    Comments                579
    Volume (V)              14769
    Difficulty (D)          83.6
    Effort to implement (E) 1234162
    Time to implement (T)   19 hours, 3 minutes
    Est Delivered Bugs (B)  4
    Cyclomatic Complexity   30
    Maintainability (MI)    132

 Segment     Used  Free
-----------  ----  ----
00000-00002     4  0  
00004-07FFE  2864  29900  



