
ROM used:   1872/32768 (6%)
            1872/32768 (6%) including unused fragments

            1.0 Average locations per line
            4.7 Average locations per statement

RAM used:   57/2048 (3%) at main() level
            67/2048 (3%) worst case

Stack used: 8 worst case (7 in main + 1 for interrupts)
Stack size: 31

Lines Stmts  %   Files
----- ----- ---  -----
  167   132  33  BAI_615_LCD_8LED_GIO_PHUT_GIAY.c
  702   244  61  TV_PICKIT2_SHIFT_1.C
  837     0   0  ..\..\..\..\..\Program Files (x86)\PICC\Devices\18F4550.H
   87    25   6  TV_PICKIT2_SHIFT_LCD.C
----- -----
 1793   401 Total

Page ROM  %  RAM   Vol Diff  Functions:
---- --- --- ---   --- ----  ----------
0     40   1    1             @delay_ms1
0     44   1    2   181  4.3  PHIM_BT0
0     44   1    2   181  4.3  PHIM_BT1
0     44   1    2   181  4.3  PHIM_BT2
0     42   1    0             @const686
0     42   1    3   271  4.3  XUAT_1BYTE
0     28   1    0   152  1.8  SET_UP_PORT_IC_CHOT
0     48   1    0   119  1.7  MO_IC_74573_A_THONG_DL
0     46   1    0   119  1.7  MO_IC_74573_B_THONG_DL
0     44   1    0   172  1.8  XUAT_GLCD_LCD
0     16   0    2    80  2.7  XUAT_LCD20X4
0     44   1    3   172  2.7  XUAT_8LED_7DOAN_QUET_1
0     10   0    0    25  1.2  XUAT_8LED_7DOAN_QUET_TAT_LED
0     34   1    0             @const753
0     60   2    3   190  3.1  XUAT_8LED_7DOAN_QUET_2
0     56   1    1   136  3.9  HIEN_THI_8LED_7DOAN_QUET_ALL
0     26   1    1   102  2.1  LCD_XUAT_8BIT
0     22   1    1    61  1.6  LCD_COMMAND
0     22   1    1    61  1.6  LCD_DATA
0     72   2    0   245  1.8  SETUP_LCD
0     30   1    0  1030  6.7  @const823
0     26   1    3   147  3.7  LCD_GOTO_XY
0     16   0    0    29  1.2  INTERRUPT_TIMER1
0    172   5    1   328  3.3  GIAI_MA_GAN_CHO_8LED_QUET
0     40   1    3   980  6.7  @DIV88
0     36   1    0   295  3.7  TAT_2LED_CHINH
0    100   3    1   252  3.2  GIAI_MA_GAN_CHO_LCD
0     38   1    4   209  2.6  TAT_2_KITU_CHINH
0     68   2    0   188  1.7  LCD_HIENTHI_DONGHO
0      2   0    0   388  6.0  @const855
0     32   1    2  1024  6.7  @PSTRINGC_810
0      2   0    0  1024  6.7  @const857
0     28   1    0   100  2.9  PHIM_MOD
0     76   2    0   388  6.0  PHIM_UP
0     76   2    0   388  6.0  PHIM_DW
0    190   5    0  1096  6.7  MAIN
0     10   0    0             @const864
 Inline         0             @cinit1

Program metrics:
    Functions               33
    Statements              401
    Comments                351
    Volume (V)              19115
    Difficulty (D)          120.2
    Effort to implement (E) 2297454
    Time to implement (T)   35 hours, 27 minutes
    Est Delivered Bugs (B)  6
    Cyclomatic Complexity   70
    Maintainability (MI)    50

 Segment     Used  Free
-----------  ----  ----
00000-00002     4  0  
00004-00006     0  4  
00008-00094   142  0  
00096-07FFE  1726  30892  



