
ROM used:   6086/32768 (19%)
            6086/32768 (19%) including unused fragments

            3.0 Average locations per line
            14.2 Average locations per statement

RAM used:   1075/2048 (52%) at main() level
            1099/2048 (54%) worst case

Stack used: 7 worst case (7 in main + 0 for interrupts)
Stack size: 31

Lines Stmts  %   Files
----- ----- ---  -----
  128    71  17  BAI_702_HIEN THAP PHAN_LM35A_BUZZ.c
  702   244  57  tv_pickit2_shift_1.c
  837     0   0  ..\..\..\..\..\Program Files (x86)\PICC\Devices\18F4550.H
  240    88  21  tv_pickit2_shift_glcd128x64.c
   92    25   6  tv_pickit2_shift_lcd.c
----- -----
 1999   428 Total

Page ROM  %  RAM   Vol Diff  Functions:
---- --- --- ---   --- ----  ----------
0     40   0    1             @delay_ms1
0     32   0    0             @const686
0     46   0    3   271  4.3  XUAT_1BYTE
0     52   0    4   231  2.3  XUAT_32LED_DON_4BYTE
0     30   0    0   152  1.8  SET_UP_PORT_IC_CHOT
0     46   0    0   119  1.7  MO_IC_74573_A_THONG_DL
0     46   0    0   119  1.7  MO_IC_74573_B_THONG_DL
0     54   0    4   231  2.3  XUAT_4LED_7DOAN_4SO
0     70   1    5             @DIV1616
0     42   0    0   172  1.8  XUAT_GLCD_LCD
0     20   0    2    80  2.7  XUAT_LCD20X4
0     20   0    2    80  2.7  XUAT_GLCD128X64
0     56   0    3   172  2.7  XUAT_8LED_7DOAN_QUET_1
0     12   0    0    25  1.2  XUAT_8LED_7DOAN_QUET_TAT_LED
0     24   0    0             @const753
0     76   1    3   190  3.1  XUAT_8LED_7DOAN_QUET_2
0     26   0    1   102  2.1  GLCD_XUAT_8BIT
0     10   0    1    43  1.5  GLCD_COMMAND
0     12   0    1    43  1.5  GLCD_DATA
0     90   1    1   292  1.7  SETUP_GLCD
0     34   0    1   102  2.1  LCD_XUAT_8BIT
0     26   0    1    61  1.6  LCD_COMMAND
0     26   0    1    61  1.6  LCD_DATA
0     92   1    0   245  1.8  SETUP_LCD
0     94   1    0  2563 10.9  @const873
0     80   1    0             @const877
0     20   0    0  1846  8.8  @const883
0     38   0    3   147  3.7  LCD_GOTO_XY
0    120   1    5   255  5.5  lcd_hienthi_so_z_toado_xy
0     80   1    2             @MUL88
0    126   1    1   282  5.0  so_sanh_dk_buzzer
0    122   1   10             @FLT
0    304   2    3   194  3.6  giaima_7doan
0    422   3    3   512  5.7  hienthi_ledquet
0    274   2    3   242  3.7  GIAI_MA_GAN_CHO_8LED_QUET
0    894   7    2  1379  7.2  MAIN
0     54   0    2             @ITOF
0    634   5   16             @ADDFF
0    350   3   14             @DIVFF
0    246   2   11             @MULFF
0     62   1    4             @SFTOI
0     12   0    0             @const928
0     42   0    3             @PSTRINGCN_812
0     66   1    5             @FTOSD
0    148   1   13             @DIV3232
0    424   3   13             @PRINTF_L32D_812FPFPF
0     12   0    0             @const939
0     44   0    3             @PSTRINGCN_870
0    432   4   13             @PRINTF_L32D_870FPFPF
 Inline         0             @cinit1

Program metrics:
    Functions               29
    Statements              428
    Comments                393
    Volume (V)              17451
    Difficulty (D)          97.8
    Effort to implement (E) 1706729
    Time to implement (T)   26 hours, 20 minutes
    Est Delivered Bugs (B)  5
    Cyclomatic Complexity   20
    Maintainability (MI)    67

 Segment     Used  Free
-----------  ----  ----
00000-00002     4  0  
00004-07FFE  6082  26682  



