
ROM used:   932/32768 (3%)
            932/32768 (3%) including unused fragments

            0.6 Average locations per line
            3.2 Average locations per statement

RAM used:   29/2048 (1%) at main() level
            42/2048 (2%) worst case

Stack used: 7 worst case (7 in main + 0 for interrupts)
Stack size: 31

Lines Stmts  %   Files
----- ----- ---  -----
   29    18   6  BAI_641_LCD_SO_0.c
  702   244  85  TV_PICKIT2_SHIFT_1.c
  837     0   0  ..\..\..\..\..\Program Files (x86)\PICC\Devices\18F4550.H
   87    25   9  TV_PICKIT2_SHIFT_LCD.c
----- -----
 1655   287 Total

Page ROM  %  RAM   Vol Diff  Functions:
---- --- --- ---   --- ----  ----------
0     40   2    1             @delay_ms1
0     42   2    3   271  4.3  XUAT_1BYTE
0     30   2    0   152  1.8  SET_UP_PORT_IC_CHOT
0     48   3    0   119  1.7  MO_IC_74573_A_THONG_DL
0     44   2    0   172  1.8  XUAT_GLCD_LCD
0     16   1    2    80  2.7  XUAT_LCD20X4
0     26   1    1   102  2.1  LCD_XUAT_8BIT
0     22   1    1    61  1.6  LCD_COMMAND
0     22   1    1    61  1.6  LCD_DATA
0     72   4    0   245  1.8  SETUP_LCD
0     76   4    0             @const813
0     80   4    0             @const817
0     20   1    0             @const823
0     26   1    3   147  3.7  LCD_GOTO_XY
0     98   5    5   276  6.5  LCD_HIENTHI_SO_Z_TOADO_XY
0     76   4    2             @MUL88
0    134   7    1   297  4.4  MAIN
0     22   1    0             @const839
0     34   2    2             @PSTRINGC_810
 Inline         0             @cinit1

Program metrics:
    Functions               12
    Statements              287
    Comments                347
    Volume (V)              3456
    Difficulty (D)          32.6
    Effort to implement (E) 112811
    Time to implement (T)   1 hours, 44 minutes
    Est Delivered Bugs (B)  1
    Cyclomatic Complexity   4
    Maintainability (MI)    134

 Segment     Used  Free
-----------  ----  ----
00000-00002     4  0  
00004-07FFE   928  31836  



