
ROM used:   3566/32768 (11%)
            3566/32768 (11%) including unused fragments

            1.8 Average locations per line
            10.0 Average locations per statement

RAM used:   43/2048 (2%) at main() level
            69/2048 (3%) worst case

Stack used: 6 worst case (6 in main + 0 for interrupts)
Stack size: 31

Lines Stmts  %   Files
----- ----- ---  -----
   28    14   4  BAI_731_DS18B20A - Do phan thap phan.c
  702   244  69  TV_PICKIT2_SHIFT_1.c
  837     0   0  ..\..\..\..\..\Program Files (x86)\PICC\Devices\18F4550.H
   92    25   7  TV_PICKIT2_SHIFT_LCD.c
   44    19   5  TV_PICKIT2_SHIFT_DS18B20.c
  230    54  15  ..\..\..\..\..\Program Files (x86)\PICC\Drivers\TOUCH.c
----- -----
 1933   356 Total

Page ROM  %  RAM   Vol Diff  Functions:
---- --- --- ---   --- ----  ----------
0     38   1    1             @delay_ms1
0     26   0    1             @delay_us1
0     32   0    0             @const686
0     42   1    3   271  4.3  XUAT_1BYTE
0     30   0    0   152  1.8  SET_UP_PORT_IC_CHOT
0     46   1    0   119  1.7  MO_IC_74573_A_THONG_DL
0     44   1    4   231  2.3  XUAT_4LED_7DOAN_4SO
0    294   4    5   465  4.8  XUAT_4LED_7DOAN_GIAIMA_XOA_SO0
0     66   1    5             @DIV1616
0     44   1    0   172  1.8  XUAT_GLCD_LCD
0     16   0    2    80  2.7  XUAT_LCD20X4
0     26   0    1   102  2.1  LCD_XUAT_8BIT
0     22   0    1    61  1.6  LCD_COMMAND
0     24   0    1    61  1.6  LCD_DATA
0     72   1    0   245  1.8  SETUP_LCD
0     20   0    0             @const823
0     28   0    3   147  3.7  LCD_GOTO_XY
0     60   1    1   176  2.3  touch_read_bit
0     34   0    2   149  4.3  touch_read_byte
0    112   2    1   450  3.3  touch_write_bit
0     46   1    3   185  5.6  touch_write_byte
0     78   1    2   260  3.2  touch_present
0     46   1    0   158  1.3  KHOI_TAO_DS18B20
0    154   2    2   290  4.2  DOC_GIATRI_DS18B20
0     32   0    5   458  5.3  @MUL1616
0     54   1    2             @ITOF
0    394   6    6   458  5.3  MAIN
0     16   0    0             @const857
0    242   3   11             @MULFF
0    620   9   16             @ADDFF
0     32   0    3             @PSTRINGCN_810
0     64   1    5             @FTOSD
0    142   2   13             @DIV3232
0    378   5   13             @PRINTF_L32D_810FPFPF
0    188   3    9             @PRINTF_LU_810
 Inline         0             @cinit1

Program metrics:
    Functions               21
    Statements              356
    Comments                471
    Volume (V)              8698
    Difficulty (D)          63.3
    Effort to implement (E) 550663
    Time to implement (T)   8 hours, 30 minutes
    Est Delivered Bugs (B)  2
    Cyclomatic Complexity   13
    Maintainability (MI)    137

 Segment     Used  Free
-----------  ----  ----
00000-00002     4  0  
00004-07FFE  3562  29202  



