
ROM used:   1340/32768 (4%)
            1340/32768 (4%) including unused fragments

            0.8 Average locations per line
            5.0 Average locations per statement

RAM used:   44/2048 (2%) at main() level
            51/2048 (2%) worst case

Stack used: 2 worst case (2 in main + 0 for interrupts)
Stack size: 31

Lines Stmts  %   Files
----- ----- ---  -----
   47    24   9  BAI_705_ADC_2LM35.c
  702   244  91  tv_pickit2_shift_1.c
  837     0   0  ..\..\..\..\..\Program Files (x86)\PICC\Devices\18F4550.H
----- -----
 1586   268 Total

Page ROM  %  RAM   Vol Diff  Functions:
---- --- --- ---   --- ----  ----------
0     32   1    0             @const686
0     42   2    3   271  4.3  XUAT_1BYTE
0     30   1    0   152  1.8  SET_UP_PORT_IC_CHOT
0     48   2    0   119  1.7  MO_IC_74573_A_THONG_DL
0     44   2    4   231  2.3  XUAT_4LED_7DOAN_4SO
0     66   2    5             @DIV1616
0    150   6    0   230  3.9  doc_nd_lm35a
0     54   2    2    61  1.6  @ITOF
0    346  13   14    61  1.6  @DIVFF
0     56   2    4   245  1.8  @SFTOI
0    150   6    0   230  3.9  doc_nd_lm35b
0    318  12   12   282  4.2  MAIN
 Inline         0             @cinit1

Program metrics:
    Functions               10
    Statements              268
    Comments                329
    Volume (V)              3146
    Difficulty (D)          27.0
    Effort to implement (E) 84822
    Time to implement (T)   1 hours, 19 minutes
    Est Delivered Bugs (B)  1
    Cyclomatic Complexity   3
    Maintainability (MI)    113

 Segment     Used  Free
-----------  ----  ----
00000-00002     4  0  
00004-07FFE  1336  31428  



