
ROM used:   586/32768 (2%)
            586/32768 (2%) including unused fragments

            0.4 Average locations per line
            2.3 Average locations per statement

RAM used:   29/2048 (1%) at main() level
            36/2048 (2%) worst case

Stack used: 2 worst case (2 in main + 0 for interrupts)
Stack size: 31

Lines Stmts  %   Files
----- ----- ---  -----
   29    12   5  BAI_405_DEM_00_59_00.c
  702   244  95  TV_PICKIT2_SHIFT_1.C
  837     0   0  ..\..\..\..\..\Program Files (x86)\PICC\Devices\18F4550.H
----- -----
 1568   256 Total

Page ROM  %  RAM   Vol Diff  Functions:
---- --- --- ---   --- ----  ----------
0     38   3    1             @delay_ms1
0     32   3    0             @const686
0     42   4    3   271  4.3  XUAT_1BYTE
0     30   3    0   152  1.8  SET_UP_PORT_IC_CHOT
0     48   4    0   119  1.7  MO_IC_74573_A_THONG_DL
0     42   4    4   231  2.3  XUAT_4LED_7DOAN_4SO
0    278  24    2   515  6.7  MAIN
0     72   6    4             @DIVS88
 Inline         0             @cinit1

Program metrics:
    Functions               5
    Statements              256
    Comments                330
    Volume (V)              1846
    Difficulty (D)          16.2
    Effort to implement (E) 29929
    Time to implement (T)   28 minutes
    Est Delivered Bugs (B)  0
    Cyclomatic Complexity   3
    Maintainability (MI)    77

 Segment     Used  Free
-----------  ----  ----
00000-00002     4  0  
00004-07FFE   582  32182  



