
ROM used:   1736/32768 (5%)
            1736/32768 (5%) including unused fragments

            0.9 Average locations per line
            4.2 Average locations per statement

RAM used:   1065/2048 (52%) at main() level
            1075/2048 (52%) worst case

Stack used: 7 worst case (7 in main + 0 for interrupts)
Stack size: 31

Lines Stmts  %   Files
----- ----- ---  -----
   97    52  13  BAI_654_GLTD_LCD_4LED_DEM_SP_TO.c
  702   244  60  TV_PICKIT2_SHIFT_1.C
  837     0   0  ..\..\..\..\..\Program Files (x86)\PICC\Devices\18F4550.H
   87    25   6  TV_PICKIT2_SHIFT_LCD.C
  240    88  22  TV_PICKIT2_SHIFT_GLCD128X64.C
----- -----
 1963   409 Total

Page ROM  %  RAM   Vol Diff  Functions:
---- --- --- ---   --- ----  ----------
0     40   1    1             @delay_ms1
0     32   1    0             @const686
0     46   1    3   271  4.3  XUAT_1BYTE
0     30   1    0   152  1.8  SET_UP_PORT_IC_CHOT
0     46   1    0   119  1.7  MO_IC_74573_A_THONG_DL
0     44   1    4   231  2.3  XUAT_4LED_7DOAN_4SO
0    342  10    5   465  4.8  XUAT_4LED_7DOAN_GIAIMA_XOA_SO0
0     70   2    5             @DIV1616
0     42   1    0   172  1.8  XUAT_GLCD_LCD
0     20   1    2    80  2.7  XUAT_LCD20X4
0     20   1    2    80  2.7  XUAT_GLCD128X64
0     26   1    1   102  2.1  LCD_XUAT_8BIT
0     22   1    1    61  1.6  LCD_COMMAND
0     22   1    1    61  1.6  LCD_DATA
0     92   3    0   245  1.8  SETUP_LCD
0     20   1    0             @const823
0     34   1    3   147  3.7  LCD_GOTO_XY
0     26   1    1   102  2.1  GLCD_XUAT_8BIT
0     10   0    1    43  1.5  GLCD_COMMAND
0     10   0    1    43  1.5  GLCD_DATA
0     90   3    1   292  1.7  SETUP_GLCD
0    174   5    4   390  4.6  HIENTHI_LCD
0    172   5    4   374  4.1  HIENTHI_GLCD_T0
0    206   6    0   552  4.7  MAIN
0     14   0    0             @const905
0     34   1    2             @PSTRINGC_810
0     14   0    0             @const907
0     34   1    2             @PSTRINGC_839
 Inline         0             @cinit1

Program metrics:
    Functions               20
    Statements              409
    Comments                378
    Volume (V)              7265
    Difficulty (D)          52.2
    Effort to implement (E) 379568
    Time to implement (T)   5 hours, 51 minutes
    Est Delivered Bugs (B)  2
    Cyclomatic Complexity   10
    Maintainability (MI)    113

 Segment     Used  Free
-----------  ----  ----
00000-00002     4  0  
00004-07FFE  1732  31032  



