
ROM used:   440/32768 (1%)
            440/32768 (1%) including unused fragments

            0.3 Average locations per line
            1.7 Average locations per statement

RAM used:   30/2048 (1%) at main() level
            40/2048 (2%) worst case

Stack used: 3 worst case (3 in main + 0 for interrupts)
Stack size: 31

Lines Stmts  %   Files
----- ----- ---  -----
   22     9   4  BAI_411_DEM_XUNG_T0.c
  702   244  96  tv_pickit2_shift_1.c
  837     0   0  ..\..\..\..\..\Program Files (x86)\PICC\Devices\18F4550.H
----- -----
 1561   253 Total

Page ROM  %  RAM   Vol Diff  Functions:
---- --- --- ---   --- ----  ----------
0     32   4    0             @const686
0     42   5    3   271  4.3  XUAT_1BYTE
0     30   3    0   152  1.8  SET_UP_PORT_IC_CHOT
0     48   5    0   119  1.7  MO_IC_74573_A_THONG_DL
0     44   5    4   231  2.3  XUAT_4LED_7DOAN_4SO
0     20   2    3    76  1.7  XUAT_4LED_7DOAN_3SO
0    180  20    3   301  5.6  MAIN
0     40   5    3   627  8.1  @DIV88
 Inline         0             @cinit1

Program metrics:
    Functions               7
    Statements              253
    Comments                329
    Volume (V)              2684
    Difficulty (D)          25.0
    Effort to implement (E) 67208
    Time to implement (T)   1 hours, 2 minutes
    Est Delivered Bugs (B)  1
    Cyclomatic Complexity   8
    Maintainability (MI)    35

 Segment     Used  Free
-----------  ----  ----
00000-00002     4  0  
00004-07FFE   436  32328  



