
ROM used:   1870/32768 (6%)
            1870/32768 (6%) including unused fragments

            1.0 Average locations per line
            3.7 Average locations per statement

RAM used:   40/2048 (2%) at main() level
            48/2048 (2%) worst case

Stack used: 8 worst case (8 in main + 0 for interrupts)
Stack size: 31

Lines Stmts  %   Files
----- ----- ---  -----
  248   170  34  BAI_803_I2C_RT_LCD_3KEY.c
  702   244  49  TV_PICKIT2_SHIFT_1.C
  837     0   0  ..\..\..\..\..\Program Files (x86)\PICC\Devices\18F4550.H
   88    62  12  TV_PICKIT2_SHIFT_DS13B07_I2C.C
   92    25   5  TV_PICKIT2_SHIFT_LCD.c
----- -----
 1967   501 Total

Page ROM  %  RAM   Vol Diff  Functions:
---- --- --- ---   --- ----  ----------
0     72   2    3             @I2C_READ_1
0     72   2    1             @I2C_WRITE_1
0     38   1    1             @delay_ms1
0     42   1    3   271  4.3  XUAT_1BYTE
0     30   1    0   152  1.8  SET_UP_PORT_IC_CHOT
0     48   1    0   119  1.7  MO_IC_74573_A_THONG_DL
0     44   1    0   172  1.8  XUAT_GLCD_LCD
0     16   0    2    80  2.7  XUAT_LCD20X4
0     26   1    1   102  2.1  LCD_XUAT_8BIT
0     22   1    1    61  1.6  LCD_COMMAND
0     22   1    1    61  1.6  LCD_DATA
0     72   2    0   245  1.8  SETUP_LCD
0     38   1    0   174  1.8  THIET_LAP_THOI_GIAN_HIEN_TAI
0    134   4    0   253  1.4  NAP_THOI_GIAN_HTAI_VAO_DS13B07
0    214   6    0   351  1.9  DOC_THOI_GIAN_TU_REALTIME
0    218   6    1   743  2.9  HIEN_THI_THOI_GIAN_DS13B07
0     18   0    1    42  1.4  HIEN_THI_GIA_TRI_MOD
0     42   1    0   219  4.8  PHIM_MOD
0     24   1    2   160  4.5  HIEU_CHINH_SO_BCD_TANG
0     24   1    2   160  4.5  HIEU_CHINH_SO_BCD_GIAM
0      6   0    0    21  1.0  LUU_GIAI_MA_HIEN_THI_SAU_KHI_CHINH
0    212   6    0  1321  7.8  PHIM_UP
0    212   6    0  1321  7.8  PHIM_DW
0     80   2    0   311  3.6  NHAP_NHAY_CON_TRO
0    140   4    0   550  5.2  MAIN
 Inline         0   282  5.0  @cinit1

Program metrics:
    Functions               23
    Statements              501
    Comments                351
    Volume (V)              12569
    Difficulty (D)          73.7
    Effort to implement (E) 926339
    Time to implement (T)   14 hours, 18 minutes
    Est Delivered Bugs (B)  3
    Cyclomatic Complexity   52
    Maintainability (MI)    76

 Segment     Used  Free
-----------  ----  ----
00000-00002     4  0  
00004-07FFE  1866  30898  



