
ROM used:   686/32768 (2%)
            686/32768 (2%) including unused fragments

            0.4 Average locations per line
            2.4 Average locations per statement

RAM used:   29/2048 (1%) at main() level
            38/2048 (2%) worst case

Stack used: 7 worst case (7 in main + 0 for interrupts)
Stack size: 31

Lines Stmts  %   Files
----- ----- ---  -----
   27    16   6  BAI_611_LCD_DEM_GIAY.c
  702   244  86  TV_PICKIT2_SHIFT_1.C
  837     0   0  ..\..\..\..\..\Program Files (x86)\PICC\Devices\18F4550.H
   87    25   9  TV_PICKIT2_SHIFT_LCD.C
----- -----
 1653   285 Total

Page ROM  %  RAM   Vol Diff  Functions:
---- --- --- ---   --- ----  ----------
0     38   3    1             @delay_ms1
0     42   3    3   271  4.3  XUAT_1BYTE
0     30   2    0   152  1.8  SET_UP_PORT_IC_CHOT
0     48   3    0   119  1.7  MO_IC_74573_A_THONG_DL
0     44   3    0   172  1.8  XUAT_GLCD_LCD
0     16   1    2    80  2.7  XUAT_LCD20X4
0     26   2    1   102  2.1  LCD_XUAT_8BIT
0     22   2    1    61  1.6  LCD_COMMAND
0     22   2    1    61  1.6  LCD_DATA
0     72   5    0   245  1.8  SETUP_LCD
0     20   1    0  2267  8.4  @const823
0     26   2    3   147  3.7  LCD_GOTO_XY
0     64   5    1   125  3.0  LCD_HIENTHI_DONGHO
0     72   5    4             @DIVS88
0     96   7    1   221  3.9  MAIN
0     10   1    0             @const836
0     34   2    2             @PSTRINGC_810
 Inline         0             @cinit1

Program metrics:
    Functions               13
    Statements              285
    Comments                347
    Volume (V)              6078
    Difficulty (D)          38.7
    Effort to implement (E) 235285
    Time to implement (T)   3 hours, 38 minutes
    Est Delivered Bugs (B)  1
    Cyclomatic Complexity   17
    Maintainability (MI)    138

 Segment     Used  Free
-----------  ----  ----
00000-00002     4  0  
00004-07FFE   682  32082  



