CCS PCH C Compiler, Version 5.015, 5967               08-Jun-20 13:12

               Filename:   C:\Users\tsqua\OneDrive - student.mtsac.edu\Desktop\BAI_TAP_VXL_NEW_3\BAI_516_GIO_PHUT_GIAY_KEY_CAITIEN.lst

               ROM used:   1262 bytes (4%)
                           Largest free fragment is 31502
               RAM used:   49 (2%) at main() level
                           56 (3%) worst case
               Stack used: 5 locations (4 in main + 1 for interrupts)
               Stack size: 31

*
0000:  GOTO   046A
*
0008:  MOVWF  04
000A:  MOVFF  FD8,05
000E:  MOVFF  FE0,06
0012:  MOVLB  0
0014:  MOVFF  FE9,0C
0018:  MOVFF  FEA,07
001C:  MOVFF  FE1,08
0020:  MOVFF  FE2,09
0024:  MOVFF  FD9,0A
0028:  MOVFF  FDA,0B
002C:  MOVFF  FF3,12
0030:  MOVFF  FF4,13
0034:  MOVFF  FFA,14
0038:  MOVFF  00,0E
003C:  MOVFF  01,0F
0040:  MOVFF  02,10
0044:  MOVFF  03,11
0048:  BTFSS  F9D.0
004A:  GOTO   0054
004E:  BTFSC  F9E.0
0050:  GOTO   00E2
0054:  MOVFF  0E,00
0058:  MOVFF  0F,01
005C:  MOVFF  10,02
0060:  MOVFF  11,03
0064:  MOVFF  0C,FE9
0068:  MOVFF  07,FEA
006C:  BSF    07.7
006E:  MOVFF  08,FE1
0072:  MOVFF  09,FE2
0076:  MOVFF  0A,FD9
007A:  MOVFF  0B,FDA
007E:  MOVFF  12,FF3
0082:  MOVFF  13,FF4
0086:  MOVFF  14,FFA
008A:  MOVF   04,W
008C:  MOVFF  06,FE0
0090:  MOVFF  05,FD8
0094:  RETFIE 0
.................... #INCLUDE <TV_PICKIT2_SHIFT_1.C> 
.................... #INCLUDE    <18F4550.H> 
.................... //////////// Standard Header file for the PIC18F4550 device //////////////// 
.................... /////////////////////////////////////////////////////////////////////////// 
.................... ////        (C) Copyright 1996, 2013 Custom Computer Services          //// 
.................... //// This source code may only be used by licensed users of the CCS C  //// 
.................... //// compiler.  This source code may only be distributed to other      //// 
.................... //// licensed users of the CCS C compiler.  No other use, reproduction //// 
.................... //// or distribution is permitted without written permission.          //// 
.................... //// Derivative programs created using this software in object code    //// 
.................... //// form are not restricted in any way.                               //// 
.................... /////////////////////////////////////////////////////////////////////////// 
.................... #device PIC18F4550 
0096:  MOVFF  FF2,0D
009A:  BCF    FF2.7
009C:  CLRF   FF7
009E:  ADDLW  B0
00A0:  MOVWF  FF6
00A2:  MOVLW  00
00A4:  ADDWFC FF7,F
00A6:  TBLRD*+
00A8:  MOVF   FF5,W
00AA:  BTFSC  0D.7
00AC:  BSF    FF2.7
00AE:  RETURN 0
00B0:  DATA C0,F9
00B2:  DATA A4,B0
00B4:  DATA 99,92
00B6:  DATA 82,F8
00B8:  DATA 80,90
00BA:  DATA 88,83
00BC:  DATA C6,A1
00BE:  DATA 86,8E
00C0:  MOVFF  FF2,0D
00C4:  BCF    FF2.7
00C6:  CLRF   FF7
00C8:  ADDLW  DA
00CA:  MOVWF  FF6
00CC:  MOVLW  00
00CE:  ADDWFC FF7,F
00D0:  TBLRD*+
00D2:  MOVF   FF5,W
00D4:  BTFSC  0D.7
00D6:  BSF    FF2.7
00D8:  RETURN 0
00DA:  DATA 7F,BF
00DC:  DATA DF,EF
00DE:  DATA F7,FB
00E0:  DATA FD,FE
*
0110:  MOVF   31,W
0112:  XORWF  32,W
0114:  ANDLW  80
0116:  MOVWF  34
0118:  BTFSS  31.7
011A:  BRA    0120
011C:  COMF   31,F
011E:  INCF   31,F
0120:  BTFSS  32.7
0122:  BRA    0128
0124:  COMF   32,F
0126:  INCF   32,F
0128:  MOVF   32,W
012A:  CLRF   01
012C:  SUBWF  31,W
012E:  BC    0136
0130:  MOVFF  31,00
0134:  BRA    014E
0136:  CLRF   00
0138:  MOVLW  08
013A:  MOVWF  33
013C:  RLCF   31,F
013E:  RLCF   00,F
0140:  MOVF   32,W
0142:  SUBWF  00,W
0144:  BTFSC  FD8.0
0146:  MOVWF  00
0148:  RLCF   01,F
014A:  DECFSZ 33,F
014C:  BRA    013C
014E:  BTFSS  34.7
0150:  BRA    0156
0152:  COMF   01,F
0154:  INCF   01,F
0156:  RETURN 0
....................  
.................... #list 
....................  
.................... #DEVICE     ADC=10 
.................... #FUSES      NOWDT,PUT,HS,NOPROTECT,NOLVP,CPUDIV1 
.................... #USE        I2C(MASTER,SLOW,SDA=PIN_B0,SCL=PIN_B1) 
.................... #USE        DELAY(CLOCK=20000000) 
.................... //#USE        rs232(baud=9600, xmit=PIN_C6,rcv=PIN_C7) 
.................... //NUT NHAN: 
.................... #DEFINE  BT0     PIN_B5 
.................... #DEFINE  BT1     PIN_B4 
.................... #DEFINE  BT2     PIN_B3 
.................... #DEFINE  BT3     PIN_B2 
....................  
.................... #DEFINE  ON      BT0       //DK LED DON, MOTOR 
.................... #DEFINE  OFF     BT1 
.................... #DEFINE  INV     BT2 
....................  
.................... #DEFINE  UP      BT0    //DK LED DON 
.................... #DEFINE  DW      BT1 
.................... #DEFINE  CLR     BT2 
.................... #DEFINE  MOD     BT3 
....................  
.................... #DEFINE  STOP    BT3 
....................  
.................... #DEFINE  ON1     BT0      
.................... #DEFINE  OFF1    BT1 
.................... #DEFINE  ON2     BT2        
.................... #DEFINE  OFF2    BT3 
....................  
....................  
.................... #DEFINE     TRIGGER      PIN_E2 
.................... #DEFINE     ECHO         PIN_E1 
.................... //   IC74138_A    PIN_B6   //OUTPUT GIAI MA 2 SANG 4 TICH CUC MUC 0 
.................... //   IC74138_B    PIN_B7   //OUTPUT GIAI MA 2 SANG 4 TICH CUC MUC 0 
....................  
.................... //          ENCODER  PIN_C0   //RC0/T13CKI 
....................  
.................... //          CB_KC    PIN_A2   //RA2/AN2 
.................... //          PIR      PIN_A3   //RA3/AN3 
.................... //          CBXUNG   PIN_A4   //RA4/T0CKI 
.................... //          LEDTHU   PIN_A4   //RA4/T0CKI//SW802 
....................  
.................... //          CB_KCSA_TRIGGER  PIN_E2   //RE2/SDO  DUNG CHUNG 
.................... //          CB_KCSA_RCHO     PIN_E1   //RE1 
....................  
.................... //          CB_TCS3200_OUT    PIN_E1   //RE1 //CAM BIEN MAU TCS3200 
.................... //          CB_TCS3200_S0     B12      //LAY TU MBI5026 
.................... //          CB_TCS3200_S1     B13      //LAY TU MBI5026 
.................... //          CB_TCS3200_S2     B14      //LAY TU MBI5026 
.................... //          CB_TCS3200_S3     B15      //LAY TU MBI5026 
....................  
.................... //          CB_POWER  SW803 
.................... //          CB_GAS      AIN3_PCF8591T   //RE1 
.................... //          CB_QUANG    AIN2_PCF8591T    
.................... //          CB_LM35B    AIN1_PCF8591T   //RA1/AN1 
.................... //          CB_LM35A    AIN0_PCF8591T   //RE1/AN0 
....................  
.................... //XXXXXXXXXXXXXXXXXXXXXXXXXXXXXXXXXXXXXXXXXXXXXXXXX 
.................... #DEFINE      ENABLE_573A      PIN_D1         //CS0 CUA A 
.................... #DEFINE      ENABLE_573B      PIN_D0         //CS1 CUA B 
.................... //XXXXXXXXXXXXXXXXXXXXXXXXXXXXXXXXXXXXXXXXXXXXXXXXX 
.................... #DEFINE      SSDO             PIN_E2         //CHUNG TAT CA 
.................... #DEFINE      SSCK             PIN_E0         //CHUNG TAT CA 
.................... //XXXXXXXXXXXXXXXXXXXXXXXXXXXXXXXXXXXXXXXXXXXXXXXXX 
.................... #DEFINE      RCK_4LED7DOAN    PIN_D7         //A - 4 BYTE 
.................... #DEFINE      G_4LED7DOAN      PIN_D6         //A - 4 BYTE 
.................... //XXXXXXXXXXXXXXXXXXXXXXXXXXXXXXXXXXXXXXXXXXXX     
.................... #DEFINE      RCK_MATRANLED    PIN_D7         //B - 3 BYTE DAO 
.................... #DEFINE      G_MATRANLED      PIN_D6         //B - 3 BYTE DAO 
.................... //XXXXXXXXXXXXXXXXXXXXXXXXXXXXXXXXXXXXXXXXXXXXXXXXX 
.................... #DEFINE      RCK_32LED        PIN_D5         //A - 4 BYTE 
.................... #DEFINE      G_32LED          PIN_D4         //A - 4 BYTE 
.................... //XXXXXXXXXXXXXXXXXXXXXXXXXXXXXXXXXXXXXXXXXXXX  
.................... #DEFINE      RCK_8LEDQUET     PIN_D5         //B - 2 BYTE DAO 
.................... #DEFINE      G_8LEDQUET       PIN_D4         //B - 2 BYTE DAO 
.................... //XXXXXXXXXXXXXXXXXXXXXXXXXXXXXXXXXXXXXXXXXXXXXXXXX 
.................... #DEFINE      RCK_LCD20X4      PIN_D3         //A - 2 BYTE DAO 
.................... #DEFINE      G_LCD20X4         PIN_D2         //A - 2 BYTE DAO 
.................... //XXXXXXXXXXXXXXXXXXXXXXXXXXXXXXXXXXXXXXXXXXXX  
.................... #DEFINE      RCK_BUZERELAY    PIN_D3     //B - 1 BYTE  
.................... #DEFINE      G_BUZERELAY      PIN_D2         //B - 1 BYTE  
....................  
.................... VOID XUAT_LCD20X4(UNSIGNED INT8 LCD_SIGNAL,LCD_INS_HTHI); 
....................  
.................... VOID XUAT_BUZZER_RELAY(); 
.................... //XXXXXXXXXXXXXXXXXXXXXXXXXXXXXXXXXXXXXXXXXXXX    
.................... #DEFINE     CHOT_2_IC_74573_A_B  OUTPUT_D(0XFC) 
....................  
.................... UNSIGNED INT8 TIN_HIEU_DK_74573_A; 
.................... #BIT G_4A         = TIN_HIEU_DK_74573_A.6 
.................... #BIT G_32A        = TIN_HIEU_DK_74573_A.4 
.................... #BIT G_LCDA       = TIN_HIEU_DK_74573_A.2 
.................... //XXXXXXXXXXXXXXXXXXXXXXXXXXXXXXXXXXXXXXXXXXXX          
.................... #DEFINE     MO_32_LED_DON        G_32A=0; //OUTPUT_LOW(G_32LED)  
.................... #DEFINE     TAT_32_LED_DON       G_32A=1; //OUTPUT_HIGH(G_32LED)  
.................... //XXXXXXXXXXXXXXXXXXXXXXXXXXXXXXXXXXXXXXXXXXXX          
.................... #DEFINE     MO_4_LED_7DOAN       G_4A=0;  //OUTPUT_LOW(G_4LED7DOAN) 
.................... #DEFINE     TAT_4_LED_7DOAN      G_4A=1;  //OUTPUT_HIGH(G_4LED7DOAN) 
.................... //XXXXXXXXXXXXXXXXXXXXXXXXXXXXXXXXXXXXXXXXXXXX  
.................... #DEFINE     MO_GLCD_LCD           G_LCDA=0;   //OUTPUT_LOW(G_LCD20X4) 
.................... #DEFINE     TAT_GLCD_LCD          G_LCDA=1;   // OUTPUT_LOW(G_LCD20X4) 
....................  
.................... UNSIGNED INT8 TIN_HIEU_DK_74573_B;   
.................... #BIT G_MTB        = TIN_HIEU_DK_74573_B.6 
.................... #BIT G_8B         = TIN_HIEU_DK_74573_B.4 
.................... #BIT G_RBDCB      = TIN_HIEU_DK_74573_B.2 
.................... //XXXXXXXXXXXXXXXXXXXXXXXXXXXXXXXXXXXXXXXXXXXX  
.................... #DEFINE     MO_LED_MATRAN        G_MTB=0; //OUTPUT_LOW(G_MATRANLED) 
.................... #DEFINE     TAT_LED_MATRAN       G_MTB=1; //OUTPUT_LOW(G_MATRANLED) 
.................... //XXXXXXXXXXXXXXXXXXXXXXXXXXXXXXXXXXXXXXXXXXXX        
.................... #DEFINE     MO_8_LED_QUET        G_8B=0;  //OUTPUT_LOW(G_8LEDQUET) 
.................... #DEFINE     TAT_8_LED_QUET       G_8B=1;  //OUTPUT_LOW(G_8LEDQUET) 
.................... //XXXXXXXXXXXXXXXXXXXXXXXXXXXXXXXXXXXXXXXXXXXX          
.................... #DEFINE     MO_RELAY_BUZZER_DC   G_RBDCB=0;  //OUTPUT_LOW(G_BUZERELAY) 
.................... #DEFINE     TAT_RELAY_BUZZER_DC  G_RBDCB=1;  //OUTPUT_LOW(G_BUZERELAY) 
....................  
.................... //XXXXXXXXXXXXXXXXXXXXXXXXXXXXXXXXXXXXXXXXXXXX 
.................... //CHUONG TRINH KIEM TRA PHIM BT1 
.................... //XXXXXXXXXXXXXXXXXXXXXXXXXXXXXXXXXXXXXXXXXXXX 
.................... UNSIGNED INT8 DL_BTN=0; 
.................... INT1 PHIM_BT0(UNSIGNED INT16 DL) 
.................... {   
....................     IF (!INPUT(BT0)) 
*
037E:  BSF    F93.5
0380:  BTFSC  F81.5
0382:  BRA    03A2
....................     {   
....................       DL_BTN++; 
0384:  INCF   18,F
....................        
....................       IF (DL_BTN>= DL) 
0386:  MOVF   32,F
0388:  BNZ   039A
038A:  MOVF   31,W
038C:  SUBWF  18,W
038E:  BNC   039A
....................          { 
....................             DL_BTN =0; 
0390:  CLRF   18
....................             RETURN(1); 
0392:  MOVLW  01
0394:  MOVWF  01
0396:  BRA    03A6
....................          } 
0398:  BRA    03A0
....................       ELSE RETURN(0); 
039A:  MOVLW  00
039C:  MOVWF  01
039E:  BRA    03A6
....................     } 
03A0:  BRA    03A6
....................     ELSE    RETURN(0); 
03A2:  MOVLW  00
03A4:  MOVWF  01
03A6:  GOTO   03B2 (RETURN)
.................... }  
.................... //XXXXXXXXXXXXXXXXXXXXXXXXXXXXXXXXXXXXXXXXXXXX 
.................... //CHUONG TRINH KIEM TRA PHIM BT1 
.................... //XXXXXXXXXXXXXXXXXXXXXXXXXXXXXXXXXXXXXXXXXXXX 
.................... INT1 PHIM_BT1(UNSIGNED INT16 DL ) 
.................... {   
....................     IF (!INPUT(BT1)) 
*
0334:  BSF    F93.4
0336:  BTFSC  F81.4
0338:  BRA    0358
....................     {   
....................       DL_BTN++; 
033A:  INCF   18,F
....................        
....................       IF (DL_BTN>= DL) 
033C:  MOVF   32,F
033E:  BNZ   0350
0340:  MOVF   31,W
0342:  SUBWF  18,W
0344:  BNC   0350
....................          { 
....................             DL_BTN =0; 
0346:  CLRF   18
....................             RETURN(1); 
0348:  MOVLW  01
034A:  MOVWF  01
034C:  BRA    035C
....................          } 
034E:  BRA    0356
....................       ELSE RETURN(0); 
0350:  MOVLW  00
0352:  MOVWF  01
0354:  BRA    035C
....................     } 
0356:  BRA    035C
....................     ELSE    RETURN(0); 
0358:  MOVLW  00
035A:  MOVWF  01
035C:  GOTO   0368 (RETURN)
.................... }  
.................... //XXXXXXXXXXXXXXXXXXXXXXXXXXXXXXXXXXXXXXXXXXXX 
.................... //CHUONG TRINH KIEM TRA PHIM BT2       
.................... //XXXXXXXXXXXXXXXXXXXXXXXXXXXXXXXXXXXXXXXXXXXX                                     
.................... INT1 PHIM_BT2(UNSIGNED INT16 DL ) 
.................... {                                         
....................     IF (!INPUT(BT2)) 
*
03F4:  BSF    F93.3
03F6:  BTFSC  F81.3
03F8:  BRA    0418
....................     {   
....................       DL_BTN++; 
03FA:  INCF   18,F
....................        
....................       IF (DL_BTN>= DL) 
03FC:  MOVF   32,F
03FE:  BNZ   0410
0400:  MOVF   31,W
0402:  SUBWF  18,W
0404:  BNC   0410
....................          { 
....................             DL_BTN =0; 
0406:  CLRF   18
....................             RETURN(1); 
0408:  MOVLW  01
040A:  MOVWF  01
040C:  BRA    041C
....................          } 
040E:  BRA    0416
....................       ELSE RETURN(0); 
0410:  MOVLW  00
0412:  MOVWF  01
0414:  BRA    041C
....................     } 
0416:  BRA    041C
....................     ELSE    RETURN(0); 
0418:  MOVLW  00
041A:  MOVWF  01
041C:  GOTO   0428 (RETURN)
....................                                           
.................... }       
....................  
.................... //XXXXXXXXXXXXXXXXXXXXXXXXXXXXXXXXXXXXXXXXXXXX 
.................... //CHUONG TRINH KIEM TRA PHIM BT3 
.................... //XXXXXXXXXXXXXXXXXXXXXXXXXXXXXXXXXXXXXXXXXXXX 
.................... INT1 PHIM_BT3(UNSIGNED INT16 DL,  UNSIGNED INT8 SOLAN  ) 
.................... {   
....................     IF (!INPUT(BT3)) 
....................     {   
....................       DL_BTN++; 
....................       IF(DL_BTN==1) RETURN(1); 
....................       ELSE 
....................       { 
....................          IF (DL_BTN>= DL) 
....................          DL_BTN =SOLAN; 
....................       } 
....................     } 
....................     ELSE    
....................     { 
....................       //DL_BTN =0; 
....................       RETURN(0); 
....................     } 
.................... }  
.................... //XXXXXXXXXXXXXXXXXXXXXXXXXXXXXXXXXXXXXXXXXXXX 
.................... //KHAI BAO DU LIEU 16 BIT CHO MODULE RELAY, TRIAC, BUZZER, DONG CO 
.................... //XXXXXXXXXXXXXXXXXXXXXXXXXXXXXXXXXXXXXXXXXXXX 
.................... UNSIGNED INT16 RBDC; 
.................... #BIT STEP_MOTOR_ENABLE  = RBDC.0    //1=ENA,0=DIS 
.................... #BIT STEP_MOTOR_IN1     = RBDC.1     
.................... #BIT STEP_MOTOR_IN2     = RBDC.2 
.................... #BIT STEP_MOTOR_IN3     = RBDC.3 
.................... #BIT STEP_MOTOR_IN4     = RBDC.4 
.................... #BIT DC_ENABLE          = RBDC.5    //1=ENA,0=DIS 
.................... #BIT PWRKEY             = RBDC.6    //KHOI TAO SIM900 
....................  
.................... #BIT BUZZER             = RBDC.8    //1=ON,0=OFF 
.................... #BIT TRIAC_1            = RBDC.9    //1=ON,0=OFF 
.................... #BIT TRIAC_2            = RBDC.10   //1=ON,0=OFF 
.................... #BIT RELAY_1            = RBDC.11   //0=ON,1=OFF 
.................... #BIT RELAY_2            = RBDC.12   //0=ON,1=OFF 
....................  
.................... //HAM 103 
.................... //XXXXXXXXXXXXXXXXXXXXXXXXXXXXXXXXXXXXXXXXXXXX 
.................... //CHUONG TRINH CON KHOI TAO IC CHOT 
.................... //XXXXXXXXXXXXXXXXXXXXXXXXXXXXXXXXXXXXXXXXXXXX          
.................... #DEFINE     CHO_IC_74573_A_GOI_DU_LIEU     OUTPUT_HIGH(ENABLE_573A) 
.................... #DEFINE     CHOT_IC_74573_A_GOI_DU_LIEU    OUTPUT_LOW(ENABLE_573A) 
....................  
.................... #DEFINE     CHO_IC_74573_B_GOI_DU_LIEU     OUTPUT_HIGH(ENABLE_573B) 
.................... #DEFINE     CHOT_IC_74573_B_GOI_DU_LIEU    OUTPUT_LOW(ENABLE_573B) 
.................... VOID MO_IC_74573_A_THONG_DL(); 
....................  
.................... //XXXXXXXXXXXXXXXXXXXXXXXXXXXXXXXXXXXXXXXXXXXX    
.................... CONST UNSIGNED CHAR MA7DOAN[16]= {0XC0,0XF9,0xA4,0XB0,0X99,0X92,0X82,0XF8, 
.................... 0X80,0X90,0x88, 0x83, 0xC6, 0xA1, 0x86, 0x8E}; 
.................... #DEFINE     MASO0    0XC0 
.................... #DEFINE     MASO1    0XF9 
.................... #DEFINE     MASO2    0XA4 
.................... #DEFINE     MASO3    0XB0 
.................... #DEFINE     MASO4    0X99 
.................... #DEFINE     MASO5    0X92 
.................... #DEFINE     MASO6    0X82 
.................... #DEFINE     MASO7    0XF8 
....................  
.................... //XXXXXXXXXXXXXXXXXXXXXXXXXXXXXXXXXXXXXXXXXXXX  
.................... //HAM 102 
.................... //XXXXXXXXXXXXXXXXXXXXXXXXXXXXXXXXXXXXXXXXXXXX     
.................... //XUAT 1 BYTE RA THANH GHI DICH 
.................... //XXXXXXXXXXXXXXXXXXXXXXXXXXXXXXXXXXXXXXXXXXXX     
.................... VOID XUAT_1BYTE(UNSIGNED INT8 BYTEXUAT) 
.................... { 
....................    UNSIGNED INT8   SB,X;    
....................    #BIT BSERI  = X.7 
....................    X = BYTEXUAT; 
*
021E:  MOVFF  35,37
....................    FOR (SB=0;SB<8;SB++) 
0222:  CLRF   36
0224:  MOVF   36,W
0226:  SUBLW  07
0228:  BNC   0246
....................       {                                                  
....................          OUTPUT_BIT(SSDO,BSERI);     
022A:  BTFSC  37.7
022C:  BRA    0232
022E:  BCF    F8D.2
0230:  BRA    0234
0232:  BSF    F8D.2
0234:  BCF    F96.2
....................          OUTPUT_LOW(SSCK); OUTPUT_HIGH(SSCK); 
0236:  BCF    F96.0
0238:  BCF    F8D.0
023A:  BCF    F96.0
023C:  BSF    F8D.0
....................          X= X<<1;          
023E:  BCF    FD8.0
0240:  RLCF   37,F
0242:  INCF   36,F
0244:  BRA    0224
....................      } 
0246:  RETURN 0
.................... } 
.................... //XXXXXXXXXXXXXXXXXXXXXXXXXXXXXXXXXXXXXXXXXXXX  
.................... //HAM 301 
.................... //XXXXXXXXXXXXXXXXXXXXXXXXXXXXXXXXXXXXXXXXXXXX 
.................... //CHUONG TRINH CON XUAT 4 BYTE RA 32 LED DON 
.................... //XXXXXXXXXXXXXXXXXXXXXXXXXXXXXXXXXXXXXXXXXXXX 
.................... VOID XUAT_32LED_DON_4BYTE(UNSIGNED INT8 BLD3,BLD2,BLD1,BLD0) 
.................... {      
....................       XUAT_1BYTE(BLD3);           
....................       XUAT_1BYTE(BLD2); 
....................       XUAT_1BYTE(BLD1);           
....................       XUAT_1BYTE(BLD0);             
....................       MO_32_LED_DON;       
....................       MO_IC_74573_A_THONG_DL();             
....................       OUTPUT_HIGH(RCK_32LED);    OUTPUT_LOW(RCK_32LED); 
....................       CHOT_IC_74573_A_GOI_DU_LIEU;       
.................... } 
.................... //HAM 302 
.................... //XXXXXXXXXXXXXXXXXXXXXXXXXXXXXXXXXXXXXXXXXXXX 
.................... //CHUONG TRINH CON XUAT 2 WORD 16 BITRA 32 LED DON 
.................... //XXXXXXXXXXXXXXXXXXXXXXXXXXXXXXXXXXXXXXXXXXXX 
.................... VOID XUAT_32LED_DON_2WORD(UNSIGNED INT16 WLD1, UNSIGNED INT16 WLD0) 
.................... {      
....................      UNSIGNED INT8  B3,B2,B1,B0; 
....................      B3 = WLD1>>8;  B2 = WLD1;  
....................      B1 = WLD0>>8;  B0 = WLD0; 
....................      XUAT_32LED_DON_4BYTE(B3,B2,B1,B0); 
.................... } 
.................... //HAM 303 
.................... //XXXXXXXXXXXXXXXXXXXXXXXXXXXXXXXXXXXXXXXXXXXX 
.................... //CHUONG TRINH CON XUAT 1 DOUBLE WORD RA 32 LED DON 
.................... //XXXXXXXXXXXXXXXXXXXXXXXXXXXXXXXXXXXXXXXXXXXX 
.................... VOID XUAT_32LED_DON_1DW(UNSIGNED LONG LONG DWLD) 
.................... {      
....................      UNSIGNED INT16  WD1,WD0; 
....................      WD1 = DWLD>>16;  WD0 = DWLD; 
....................      XUAT_32LED_DON_2WORD(WD1,WD0); 
.................... } 
....................  
.................... //HAM 304 
.................... //XXXXXXXXXXXXXXXXXXXXXXXXXXXXXXXXXXXXXXXXXXXX 
.................... //CHUONG TRINH CON MO 32 LED DON SANG 
.................... //XXXXXXXXXXXXXXXXXXXXXXXXXXXXXXXXXXXXXXXXXXXX 
.................... VOID MO_32LED_DON() 
.................... {         
....................      XUAT_32LED_DON_1DW(0XFFFFFFFF); 
.................... } 
.................... //HAM 305 
.................... //XXXXXXXXXXXXXXXXXXXXXXXXXXXXXXXXXXXXXXXXXXXX 
.................... //CHUONG TRINH CON TAT 32 LED DON  
.................... //XXXXXXXXXXXXXXXXXXXXXXXXXXXXXXXXXXXXXXXXXXXX 
.................... VOID TAT_32LED_DON() 
.................... {         
....................      XUAT_32LED_DON_1DW(0); 
.................... } 
.................... //XXXXXXXXXXXXXXXXXXXXXXXXXXXXXXXXXXXXXXXXXXXX     
.................... //XUAT 1 BIT ROI TRA LAI KET QUA SAU KHI DICH DI 1 BIT 
.................... //XXXXXXXXXXXXXXXXXXXXXXXXXXXXXXXXXXXXXXXXXXXX     
.................... UNSIGNED  INT8 XUAT_1BIT(UNSIGNED INT8 BYTEXUAT) 
.................... { 
....................       UNSIGNED INT8   XBITX;    
....................       #BIT BSERIX  = XBITX.0 
....................       XBITX = BYTEXUAT; 
....................                                              
....................       OUTPUT_BIT(SSDO,BSERIX);     
....................       OUTPUT_LOW(SSCK); OUTPUT_HIGH(SSCK); 
....................       XBITX= XBITX>>1;    
....................       RETURN(XBITX);   
.................... } 
.................... //XXXXXXXXXXXXXXXXXXXXXXXXXXXXXXXXXXXXXXXXXXXX  
.................... //HAM 101 
.................... //XXXXXXXXXXXXXXXXXXXXXXXXXXXXXXXXXXXXXXXXXXXX     
.................... //HAM KHOI TAO CAC PORT VA IC CHOT 
.................... //XXXXXXXXXXXXXXXXXXXXXXXXXXXXXXXXXXXXXXXXXXXX     
.................... VOID SET_UP_PORT_IC_CHOT() 
.................... {      
....................       SET_TRIS_D(0x00);     
*
00F2:  MOVLW  00
00F4:  MOVWF  F95
....................       SET_TRIS_E(0X00); 
00F6:  MOVWF  F96
....................       OUTPUT_D(0XFF); 
00F8:  CLRF   F95
00FA:  SETF   F8C
....................       TIN_HIEU_DK_74573_A=0XFF;   
00FC:  SETF   16
....................       TIN_HIEU_DK_74573_B=0XFF;       
00FE:  SETF   17
....................       CHOT_IC_74573_A_GOI_DU_LIEU; 
0100:  BCF    F95.1
0102:  BCF    F8C.1
....................       CHOT_IC_74573_B_GOI_DU_LIEU;   
0104:  BCF    F95.0
0106:  BCF    F8C.0
....................       RBDC=0; 
0108:  CLRF   1A
010A:  CLRF   19
010C:  GOTO   049A (RETURN)
.................... } 
.................... //HAM 104 
.................... //XXXXXXXXXXXXXXXXXXXXXXXXXXXXXXXXXXXXXXXXXXXX     
.................... //XUAT CÁC THIEU DIEU KHIEN  
.................... //GIU NGUYEN CAC TRANG THAI CUA 2 MODULE KHAC 
.................... //XXXXXXXXXXXXXXXXXXXXXXXXXXXXXXXXXXXXXXXXXXXX     
.................... VOID MO_IC_74573_A_THONG_DL() 
.................... {      
....................       OUTPUT_D(0X00); 
....................       OUTPUT_BIT(G_32LED,G_32A); 
....................       OUTPUT_BIT(G_4LED7DOAN,G_4A); 
....................       OUTPUT_BIT(G_LCD20X4,G_LCDA);   
....................       CHO_IC_74573_A_GOI_DU_LIEU; 
.................... } 
.................... VOID MO_IC_74573_B_THONG_DL() 
.................... {      
....................       OUTPUT_D(0X00); 
*
0248:  CLRF   F95
024A:  CLRF   F8C
....................       OUTPUT_BIT(G_MATRANLED,G_MTB); 
024C:  BTFSC  17.6
024E:  BRA    0254
0250:  BCF    F8C.6
0252:  BRA    0256
0254:  BSF    F8C.6
0256:  BCF    F95.6
....................       OUTPUT_BIT(G_8LEDQUET,G_8B); 
0258:  BTFSC  17.4
025A:  BRA    0260
025C:  BCF    F8C.4
025E:  BRA    0262
0260:  BSF    F8C.4
0262:  BCF    F95.4
....................       OUTPUT_BIT(G_BUZERELAY,G_RBDCB);  
0264:  BTFSC  17.2
0266:  BRA    026C
0268:  BCF    F8C.2
026A:  BRA    026E
026C:  BSF    F8C.2
026E:  BCF    F95.2
....................       CHO_IC_74573_B_GOI_DU_LIEU; 
0270:  BCF    F95.0
0272:  BSF    F8C.0
0274:  RETURN 0
.................... } 
.................... //ham 401 
.................... //XXXXXXXXXXXXXXXXXXXXXXXXXXXXXXXXXXXXXXXXXXXX 
.................... //CHUONG TRINH CON XUAT 4 BYTE RA 4 LED 7 DOAN 
.................... //XXXXXXXXXXXXXXXXXXXXXXXXXXXXXXXXXXXXXXXXXXXX 
.................... VOID XUAT_4LED_7DOAN_4SO(UNSIGNED INT BL743,BL742,BL741,BL740) 
.................... {      
....................       XUAT_1BYTE(BL740);   XUAT_1BYTE(BL741); 
....................       XUAT_1BYTE(BL742);   XUAT_1BYTE(BL743); 
....................        
....................       MO_4_LED_7DOAN; 
....................       MO_IC_74573_A_THONG_DL(); 
....................         
....................       OUTPUT_LOW(RCK_4LED7DOAN);   OUTPUT_HIGH(RCK_4LED7DOAN);  
....................       CHOT_IC_74573_A_GOI_DU_LIEU; 
.................... } 
.................... //ham 404 
.................... VOID XUAT_4LED_7DOAN_3SO(UNSIGNED INT BL742,BL741,BL740) 
.................... {      
....................      XUAT_4LED_7DOAN_4SO(0XFF,BL742,BL741,BL740); 
.................... } 
.................... //ham 403 
.................... VOID XUAT_4LED_7DOAN_2SO(UNSIGNED INT BL741,BL740) 
.................... {      
....................      XUAT_4LED_7DOAN_4SO(0XFF,0XFF,BL741,BL740); 
.................... } 
.................... //ham 402 
.................... VOID XUAT_4LED_7DOAN_1SO(UNSIGNED INT BL740) 
.................... {      
....................      XUAT_4LED_7DOAN_4SO(0XFF,0XFF,0XFF,BL740); 
.................... } 
....................  
.................... //ham 405 
.................... //XXXXXXXXXXXXXXXXXXXXXXXXXXXXXXXXXXXXXXXXXXXXXXXXXXXXXXXXXXXXX 
.................... //CHUONG TRINH CON HIEN THI DU LIEU 16 BIT TREN 4 LED 7 DOAN 
.................... //XXXXXXXXXXXXXXXXXXXXXXXXXXXXXXXXXXXXXXXXXXXXXXXXXXXXXXXXXXXXX 
.................... UNSIGNED CHAR DONVI4,CHUC4,TRAM4,NGAN4; 
.................... VOID  XUAT_4LED_7DOAN_GIAIMA_XOA_SO0 (UNSIGNED INT16 TAM) 
.................... {          
....................       DONVI4 = MA7DOAN[TAM %10];          
....................       CHUC4  = MA7DOAN[TAM/10%10]; 
....................       TRAM4  = MA7DOAN[TAM/100%10];  
....................       NGAN4  = MA7DOAN[TAM/1000%10];        
....................       IF (NGAN4==0XC0) 
....................       { 
....................          NGAN4=0XFF; 
....................          IF (TRAM4==0XC0) 
....................          { 
....................             TRAM4=0XFF; 
....................             IF (CHUC4==0XC0)   CHUC4=0XFF; 
....................          } 
....................       } 
....................       XUAT_4LED_7DOAN_4SO(NGAN4,TRAM4,CHUC4,DONVI4);    
.................... } 
.................... UNSIGNED INT8 LCDDATA=0;  
.................... UNSIGNED INT8 LCDCONTROL=0; 
.................... UNSIGNED INT8 GLCDDATA=0; 
.................... UNSIGNED INT8 GLCDCONTROL=0;  
.................... //HAM 701 
.................... //XXXXXXXXXXXXXXXXXXXXXXXXXXXXXXXXXXXXXXXXXXXXXXXXXXXXXXXXXXXXX 
.................... //CHUONG TRINH CON XUAT DU LIEU 4 BYTE RA GLCD VA LCD 
.................... //XXXXXXXXXXXXXXXXXXXXXXXXXXXXXXXXXXXXXXXXXXXXXXXXXXXXXXXXXXXXX 
.................... VOID XUAT_GLCD_LCD() 
.................... {       
....................     XUAT_1BYTE(GLCDCONTROL);              
....................     XUAT_1BYTE(GLCDDATA); 
....................     XUAT_1BYTE(LCDCONTROL);        
....................     XUAT_1BYTE(LCDDATA);       
....................        
....................     MO_GLCD_LCD; 
....................     MO_IC_74573_A_THONG_DL();             
....................     OUTPUT_HIGH(RCK_LCD20X4);      
....................     OUTPUT_LOW(RCK_LCD20X4); 
....................     CHOT_IC_74573_A_GOI_DU_LIEU; 
.................... } 
.................... //HAM 702 
.................... VOID XUAT_LCD20X4(UNSIGNED INT8 LCD_SIGNAL,LCD_INS_HTHI) 
.................... {      
....................     LCDCONTROL = ~LCD_SIGNAL; 
....................     LCDDATA    = ~LCD_INS_HTHI;       
....................     XUAT_GLCD_LCD(); 
.................... } 
.................... //HAM 703 
.................... VOID XUAT_GLCD128X64(UNSIGNED INT8 GLCD_SIGNAL,GLCD_INS_HTHI) 
.................... {      
....................     GLCDCONTROL = ~GLCD_SIGNAL; 
....................     GLCDDATA    = ~GLCD_INS_HTHI;      
....................     XUAT_GLCD_LCD(); 
.................... } 
.................... //HAM 501 
.................... //XXXXXXXXXXXXXXXXXXXXXXXXXXXXXXXXXXXXXXXXXXXX 
.................... //CHUONG TRINH CON XUAT 2 BYTE RA DK 1 LED QUET SANG 
.................... //XXXXXXXXXXXXXXXXXXXXXXXXXXXXXXXXXXXXXXXXXXXX 
.................... VOID XUAT_8LED_7DOAN_QUET_1(UNSIGNED INT MA,SO_HTHI) 
.................... {      
....................       XUAT_1BYTE(~MA);   XUAT_1BYTE(~SO_HTHI); 
*
02B2:  MOVF   31,W
02B4:  MOVWF  33
02B6:  COMF   33,F
02B8:  MOVFF  33,35
02BC:  RCALL  021E
02BE:  MOVFF  32,33
02C2:  COMF   33,F
02C4:  MOVFF  33,35
02C8:  RCALL  021E
....................        
....................       MO_8_LED_QUET; 
02CA:  BCF    17.4
....................       MO_IC_74573_B_THONG_DL(); 
02CC:  RCALL  0248
....................        
....................       OUTPUT_HIGH(RCK_8LEDQUET); OUTPUT_LOW(RCK_8LEDQUET); 
02CE:  BCF    F95.5
02D0:  BSF    F8C.5
02D2:  BCF    F95.5
02D4:  BCF    F8C.5
....................       CHOT_IC_74573_B_GOI_DU_LIEU; 
02D6:  BCF    F95.0
02D8:  BCF    F8C.0
02DA:  GOTO   02E4 (RETURN)
.................... } 
.................... //HAM 502 
.................... //XXXXXXXXXXXXXXXXXXXXXXXXXXXXXXXXXXXXXXXXXXXX 
.................... //CHUONG TRINH CON XUAT 2 BYTE RA TAT 8 LED QUET 
.................... //XXXXXXXXXXXXXXXXXXXXXXXXXXXXXXXXXXXXXXXXXXXX 
.................... VOID XUAT_8LED_7DOAN_QUET_TAT_LED() 
.................... { 
....................    XUAT_8LED_7DOAN_QUET_1(0XFF,0XFF); 
02DE:  SETF   31
02E0:  SETF   32
02E2:  BRA    02B2
02E4:  GOTO   032C (RETURN)
.................... } 
.................... //HAM 503 
.................... //XXXXXXXXXXXXXXXXXXXXXXXXXXXXXXXXXXXXXXXXXXXX 
.................... //CHUONG TRINH CON HIEN THI LED THEO THU TU 
.................... //XXXXXXXXXXXXXXXXXXXXXXXXXXXXXXXXXXXXXXXXXXXX 
.................... CONST UNSIGNED CHAR TTLEDQUET[8]= {0x7F,0xBF,0xDF,0xEF,0xF7,0xFB,0xFD,0xFE}; 
.................... VOID XUAT_8LED_7DOAN_QUET_2(UNSIGNED INT THUTULED,SO_HTHI) 
.................... {          
....................       XUAT_1BYTE(~ (TTLEDQUET[THUTULED]));   XUAT_1BYTE(~SO_HTHI);      
*
0276:  CLRF   03
0278:  MOVF   32,W
027A:  MOVFF  FF2,34
027E:  BCF    FF2.7
0280:  RCALL  00C0
0282:  BTFSC  34.7
0284:  BSF    FF2.7
0286:  MOVWF  01
0288:  MOVWF  34
028A:  COMF   34,F
028C:  MOVFF  34,35
0290:  RCALL  021E
0292:  MOVFF  33,34
0296:  COMF   34,F
0298:  MOVFF  34,35
029C:  RCALL  021E
....................       MO_8_LED_QUET; 
029E:  BCF    17.4
....................       MO_IC_74573_B_THONG_DL(); 
02A0:  RCALL  0248
....................       OUTPUT_HIGH(RCK_8LEDQUET); OUTPUT_LOW(RCK_8LEDQUET); 
02A2:  BCF    F95.5
02A4:  BSF    F8C.5
02A6:  BCF    F95.5
02A8:  BCF    F8C.5
....................       CHOT_IC_74573_B_GOI_DU_LIEU; 
02AA:  BCF    F95.0
02AC:  BCF    F8C.0
02AE:  GOTO   0320 (RETURN)
.................... } 
.................... //HAM 504 
.................... //XXXXXXXXXXXXXXXXXXXXXXXXXXXXXXXXXXXXXXXXXXXX 
.................... //CHUONG TRINH CON HIEN THI 8 SO TREN 8 LED QUET - CO KIEM TRA 
.................... //XXXXXXXXXXXXXXXXXXXXXXXXXXXXXXXXXXXXXXXXXXXX 
.................... UNSIGNED INT8 LED_7DQ[8]={0XFF,0XFF,0XFF,0XFF,0XFF,0XFF,0XFF,0XFF}; 
.................... UNSIGNED INT8 TT8LED=0; 
.................... VOID HIEN_THI_8LED_7DOAN_QUET() 
.................... {      
....................       FOR(TT8LED=0;TT8LED<8;TT8LED++) 
*
02E8:  CLRF   2B
02EA:  MOVF   2B,W
02EC:  SUBLW  07
02EE:  BNC   0330
....................          IF (LED_7DQ[TT8LED]!=0XFF) 
02F0:  CLRF   03
02F2:  MOVF   2B,W
02F4:  ADDLW  23
02F6:  MOVWF  FE9
02F8:  MOVLW  00
02FA:  ADDWFC 03,W
02FC:  MOVWF  FEA
02FE:  INCFSZ FEF,W
0300:  BRA    0304
0302:  BRA    032C
....................          {            
....................             XUAT_8LED_7DOAN_QUET_2(TT8LED, LED_7DQ[TT8LED]); 
0304:  CLRF   03
0306:  MOVF   2B,W
0308:  ADDLW  23
030A:  MOVWF  FE9
030C:  MOVLW  00
030E:  ADDWFC 03,W
0310:  MOVWF  FEA
0312:  MOVFF  FEF,31
0316:  MOVFF  2B,32
031A:  MOVFF  31,33
031E:  BRA    0276
....................             DELAY_US(100); 
0320:  MOVLW  A6
0322:  MOVWF  00
0324:  DECFSZ 00,F
0326:  BRA    0324
0328:  NOP   
....................             XUAT_8LED_7DOAN_QUET_TAT_LED();            
032A:  BRA    02DE
032C:  INCF   2B,F
032E:  BRA    02EA
....................             } 
0330:  GOTO   04C4 (RETURN)
.................... } 
.................... //HAM 505 
.................... //XXXXXXXXXXXXXXXXXXXXXXXXXXXXXXXXXXXXXXXXXXXX 
.................... //CHUONG TRINH CON HIEN THI 8 SO TREN 8 LED QUET - KHONG KIEM TRA 
.................... //XXXXXXXXXXXXXXXXXXXXXXXXXXXXXXXXXXXXXXXXXXXX 
.................... VOID HIEN_THI_8LED_7DOAN_QUET_ALL() 
.................... {      
....................       FOR(TT8LED=0;TT8LED<8;TT8LED++)          
....................          {            
....................             XUAT_8LED_7DOAN_QUET_2(TT8LED, LED_7DQ[TT8LED]); 
....................             DELAY_US(100); 
....................             XUAT_8LED_7DOAN_QUET_TAT_LED();            
....................             } 
.................... } 
....................  
.................... VOID DELAY_QUET_8LED(UNSIGNED INT16 DL) 
.................... {  
....................       UNSIGNED INT8 I; 
....................       FOR (I=0; I<DL;I++) 
....................       HIEN_THI_8LED_7DOAN_QUET_ALL(); 
.................... }  
....................  
.................... VOID GIAI_MA_GAN_CHO_8LED_QUET_16_XOA(UNSIGNED INT16 X) 
.................... {      
....................       LED_7DQ[0]= MA7DOAN [X %10];     
....................       LED_7DQ[1]= MA7DOAN [X/10%10]; 
....................       LED_7DQ[2]= MA7DOAN [X/100%10];     
....................       LED_7DQ[3]= MA7DOAN [X/1000%10]; 
....................       LED_7DQ[4]= MA7DOAN [X/10000%10]; 
....................       IF (LED_7DQ[4]==MASO0)  
....................       { 
....................             LED_7DQ[4]=0XFF; 
....................             IF (LED_7DQ[3]==MASO0)  
....................             { 
....................                LED_7DQ[3]=0XFF; 
....................                IF (LED_7DQ[2]==MASO0)  
....................                { 
....................                   LED_7DQ[2]=0XFF; 
....................                   IF (LED_7DQ[1]==MASO0)  
....................                   { 
....................                      LED_7DQ[1]=0XFF; 
....................                   } 
....................                } 
....................             } 
....................       } 
....................              
.................... } 
.................... //XXXXXXXXXXXXXXXXXXXXXXXXXXXXXXXXXXXXXXXXXXXX          
.................... VOID XUAT_2BYTE(UNSIGNED INT16 BYTE2XUAT) 
.................... { 
....................    INT8 SBB; 
....................    UNSIGNED INT16   XX;   //SHORT  BSERI; 
....................    #BIT BSERIX  = XX.15 
....................    XX = BYTE2XUAT; 
....................    FOR (SBB=0;SBB<16;SBB++) 
....................       {                                                  
....................          OUTPUT_BIT(SSDO,BSERIX);     
....................          OUTPUT_LOW(SSCK);          
....................          OUTPUT_HIGH(SSCK); 
....................          XX= XX<<1;          
....................      } 
.................... } 
.................... //XXXXXXXXXXXXXXXXXXXXXXXXXXXXXXXXXXXXXXXXXXXX 
.................... //CHUONG TRINH CON XUAT RA LED MA TRAN 
.................... //XXXXXXXXXXXXXXXXXXXXXXXXXXXXXXXXXXXXXXXXXXXX 
.................... VOID XUAT_MATRANLED(UNSIGNED INT16 MAHANG,UNSIGNED INT16 MACOT1, 
.................... UNSIGNED INT16 MACOT2,UNSIGNED INT16 MACOT3) 
.................... {       
....................       XUAT_2BYTE(MACOT3); 
....................       XUAT_2BYTE(MACOT2); 
....................       XUAT_2BYTE(MACOT1); 
....................       XUAT_2BYTE(MAHANG); 
....................        
....................       MO_LED_MATRAN; 
....................       MO_IC_74573_B_THONG_DL(); 
....................        
....................       OUTPUT_HIGH(RCK_MATRANLED); OUTPUT_LOW(RCK_MATRANLED);  
....................       CHOT_IC_74573_B_GOI_DU_LIEU; 
.................... } 
.................... //XXXXXXXXXXXXXXXXXXXXXXXXXXXXXXXXXXXXXXXXXXXX 
.................... //CHUONG TRINH CON XUAT RA LED MA TRAN 
.................... //XXXXXXXXXXXXXXXXXXXXXXXXXXXXXXXXXXXXXXXXXXXX 
.................... VOID TAT_MATRANLED() 
.................... {       
....................       XUAT_2BYTE(0); 
....................       XUAT_2BYTE(0); 
....................       XUAT_2BYTE(0); 
....................       XUAT_2BYTE(0);            
....................       OUTPUT_HIGH(RCK_MATRANLED);  
....................       OUTPUT_LOW(RCK_MATRANLED); 
.................... } 
.................... UNSIGNED  INT8 HIEU_CHINH_4BIT_CAO(UNSIGNED INT8 XZY) 
.................... { 
....................       INT1  BTG; 
....................       UNSIGNED INT8   BX;    
....................       #BIT BIT4  = BX.4 
....................       #BIT BIT5  = BX.5 
....................       #BIT BIT6  = BX.6 
....................       #BIT BIT7  = BX.7 
....................       BX=XZY; 
....................       BTG=BIT4;   BIT4=BIT7;  BIT7=BTG; 
....................       BTG=BIT5;   BIT5=BIT6;  BIT6=BTG;       
....................       RETURN(BX);   
.................... } 
.................... //HAM 601 
.................... //XXXXXXXXXXXXXXXXXXXXXXXXXXXXXXXXXXXXXXXXXXXXXXXXXXXX 
.................... //MODULE DIEU KHIEN RELAY,TRIAC, BUZZER, DONG CO, SIM 
.................... //XXXXXXXXXXXXXXXXXXXXXXXXXXXXXXXXXXXXXXXXXXXXXXXXXXXX 
.................... VOID XUAT_BUZZER_RELAY() 
.................... {      
....................    UNSIGNED INT8 RBDC1,RBDC2; 
....................       RBDC1=RBDC; RBDC2=RBDC>>8;       
....................       XUAT_1BYTE(RBDC2);       
....................       XUAT_1BYTE(RBDC1); 
....................       MO_RELAY_BUZZER_DC; 
....................       MO_IC_74573_B_THONG_DL(); 
....................        
....................       OUTPUT_HIGH(RCK_BUZERELAY);   OUTPUT_LOW(RCK_BUZERELAY); 
....................       CHOT_IC_74573_B_GOI_DU_LIEU; 
.................... } 
.................... //HAM 602 
.................... //XXXXXXXXXXXXXXXXXXXXXXXXXXXXXXXXXXXXXXXXXXXXXXXXXXXX 
.................... VOID BUZZER_ON() 
.................... {     
....................       BUZZER=1; 
....................       XUAT_BUZZER_RELAY();          
.................... } 
.................... //HAM 603 
.................... //XXXXXXXXXXXXXXXXXXXXXXXXXXXXXXXXXXXXXXXXXXXXXXXXXXXX 
.................... VOID BUZZER_OFF() 
.................... {      
....................       BUZZER=0; 
....................       XUAT_BUZZER_RELAY(); 
.................... } 
.................... //HAM 604 
.................... //XXXXXXXXXXXXXXXXXXXXXXXXXXXXXXXXXXXXXXXXXXXXXXXXXXXX 
.................... VOID RELAY_1_ON() 
.................... {     
....................       RELAY_1=1; 
....................       XUAT_BUZZER_RELAY();          
.................... } 
.................... //HAM 603 
.................... //XXXXXXXXXXXXXXXXXXXXXXXXXXXXXXXXXXXXXXXXXXXXXXXXXXXX 
.................... VOID RELAY_1_OFF() 
.................... {     
....................       RELAY_1=0; 
....................       XUAT_BUZZER_RELAY();          
.................... } 
.................... //HAM 604 
.................... //XXXXXXXXXXXXXXXXXXXXXXXXXXXXXXXXXXXXXXXXXXXXXXXXXXXX 
.................... VOID RELAY_2_ON() 
.................... {     
....................       RELAY_2=1; 
....................       XUAT_BUZZER_RELAY();          
.................... } 
.................... //HAM 607 
.................... //XXXXXXXXXXXXXXXXXXXXXXXXXXXXXXXXXXXXXXXXXXXXXXXXXXXX 
.................... VOID RELAY_2_OFF() 
.................... {     
....................       RELAY_2=0; 
....................       XUAT_BUZZER_RELAY();          
.................... } 
.................... //HAM 608 
.................... //XXXXXXXXXXXXXXXXXXXXXXXXXXXXXXXXXXXXXXXXXXXXXXXXXXXX 
.................... VOID RELAY_1_RELAY_2_ON() 
.................... {     
....................       RELAY_1=1;  RELAY_2=1; 
....................       XUAT_BUZZER_RELAY();          
.................... } 
.................... //HAM 609 
.................... //XXXXXXXXXXXXXXXXXXXXXXXXXXXXXXXXXXXXXXXXXXXXXXXXXXXX 
.................... VOID RELAY_1_RELAY_2_OFF() 
.................... {     
....................       RELAY_1=0;  RELAY_2=0; 
....................       XUAT_BUZZER_RELAY();          
.................... } 
.................... //HAM 610 
.................... //XXXXXXXXXXXXXXXXXXXXXXXXXXXXXXXXXXXXXXXXXXXXXXXXXXXX 
.................... VOID TRIAC_1_ON() 
.................... {     
....................       TRIAC_1=1; 
....................       XUAT_BUZZER_RELAY();          
.................... } 
.................... //HAM 611 
.................... //XXXXXXXXXXXXXXXXXXXXXXXXXXXXXXXXXXXXXXXXXXXXXXXXXXXX 
.................... VOID TRIAC_1_OFF() 
.................... {     
....................       TRIAC_1=0; 
....................       XUAT_BUZZER_RELAY();          
.................... } 
.................... //HAM 612 
.................... //XXXXXXXXXXXXXXXXXXXXXXXXXXXXXXXXXXXXXXXXXXXXXXXXXXXX 
.................... VOID TRIAC_2_ON() 
.................... {     
....................       TRIAC_2=1; 
....................       XUAT_BUZZER_RELAY();          
.................... } 
.................... //HAM 613 
.................... //XXXXXXXXXXXXXXXXXXXXXXXXXXXXXXXXXXXXXXXXXXXXXXXXXXXX 
.................... VOID TRIAC_2_OFF() 
.................... {     
....................       TRIAC_2=0; 
....................       XUAT_BUZZER_RELAY();          
.................... } 
.................... //XXXXXXXXXXXXXXXXXXXXXXXXXXXXXXXXXXXXXXXXXXXX 
....................  
....................  
....................  
.................... SIGNED INT8 GIO, PHUT, GIAY, BDN,GIA_TRI_MOD; 
....................  
.................... #DEFINE  UP      BT0    //DK LED DON 
.................... #DEFINE  DW      BT1 
.................... #DEFINE  CLR     BT2 
.................... #DEFINE  MOD     BT3 
....................  
.................... #INT_TIMER1 
.................... VOID INTERRUPT_TIMER1() 
.................... { 
....................    BDN++;SET_TIMER1(3036); 
*
00E2:  INCF   2F,F
00E4:  MOVLW  0B
00E6:  MOVWF  FCF
00E8:  MOVLW  DC
00EA:  MOVWF  FCE
00EC:  BCF    F9E.0
00EE:  GOTO   0054
.................... } 
.................... VOID GIAI_MA_GAN_CHO_8LED_QUET() 
.................... { 
....................    LED_7DQ[0]=MA7DOAN [GIAY%10]; 
*
0158:  MOVFF  2E,31
015C:  MOVLW  0A
015E:  MOVWF  32
0160:  RCALL  0110
0162:  CLRF   03
0164:  MOVF   00,W
0166:  MOVFF  FF2,31
016A:  BCF    FF2.7
016C:  RCALL  0096
016E:  BTFSC  31.7
0170:  BSF    FF2.7
0172:  MOVWF  23
....................    LED_7DQ[1]=MA7DOAN [GIAY/10]; 
0174:  MOVFF  2E,31
0178:  MOVLW  0A
017A:  MOVWF  32
017C:  RCALL  0110
017E:  CLRF   03
0180:  MOVF   01,W
0182:  MOVFF  FF2,31
0186:  BCF    FF2.7
0188:  RCALL  0096
018A:  BTFSC  31.7
018C:  BSF    FF2.7
018E:  MOVWF  24
....................    LED_7DQ[3]=MA7DOAN [PHUT%10]; 
0190:  MOVFF  2D,31
0194:  MOVLW  0A
0196:  MOVWF  32
0198:  RCALL  0110
019A:  CLRF   03
019C:  MOVF   00,W
019E:  MOVFF  FF2,31
01A2:  BCF    FF2.7
01A4:  RCALL  0096
01A6:  BTFSC  31.7
01A8:  BSF    FF2.7
01AA:  MOVWF  26
....................    LED_7DQ[4]=MA7DOAN [PHUT/10]; 
01AC:  MOVFF  2D,31
01B0:  MOVLW  0A
01B2:  MOVWF  32
01B4:  RCALL  0110
01B6:  CLRF   03
01B8:  MOVF   01,W
01BA:  MOVFF  FF2,31
01BE:  BCF    FF2.7
01C0:  RCALL  0096
01C2:  BTFSC  31.7
01C4:  BSF    FF2.7
01C6:  MOVWF  27
....................    LED_7DQ[6]=MA7DOAN [GIO%10]; 
01C8:  MOVFF  2C,31
01CC:  MOVLW  0A
01CE:  MOVWF  32
01D0:  RCALL  0110
01D2:  CLRF   03
01D4:  MOVF   00,W
01D6:  MOVFF  FF2,31
01DA:  BCF    FF2.7
01DC:  RCALL  0096
01DE:  BTFSC  31.7
01E0:  BSF    FF2.7
01E2:  MOVWF  29
....................    LED_7DQ[7]=MA7DOAN [GIO/10]; 
01E4:  MOVFF  2C,31
01E8:  MOVLW  0A
01EA:  MOVWF  32
01EC:  RCALL  0110
01EE:  CLRF   03
01F0:  MOVF   01,W
01F2:  MOVFF  FF2,31
01F6:  BCF    FF2.7
01F8:  RCALL  0096
01FA:  BTFSC  31.7
01FC:  BSF    FF2.7
01FE:  MOVWF  2A
....................     
....................    IF (GIA_TRI_MOD==1)        LED_7DQ[6]=LED_7DQ[6]&0X7F; 
0200:  DECFSZ 30,W
0202:  BRA    0208
0204:  BCF    29.7
0206:  BRA    021A
....................    ELSE IF (GIA_TRI_MOD==2)   LED_7DQ[3]=LED_7DQ[3]&0X7F; 
0208:  MOVF   30,W
020A:  SUBLW  02
020C:  BNZ   0212
020E:  BCF    26.7
0210:  BRA    021A
....................    ELSE IF (GIA_TRI_MOD==3)   LED_7DQ[0]=LED_7DQ[0]&0X7F; 
0212:  MOVF   30,W
0214:  SUBLW  03
0216:  BNZ   021A
0218:  BCF    23.7
021A:  GOTO   04B8 (RETURN)
.................... } 
.................... //XXXXXXXXXXXXXXXXXXXXXXXXXXXXXXXXX 
.................... VOID PHIM_MOD() 
.................... { 
....................    IF (PHIM_BT1(200)) 
*
0360:  CLRF   32
0362:  MOVLW  C8
0364:  MOVWF  31
0366:  BRA    0334
0368:  MOVF   01,F
036A:  BZ    037A
....................    { 
....................       GIA_TRI_MOD++; 
036C:  INCF   30,F
....................       IF(GIA_TRI_MOD>=4) GIA_TRI_MOD=0; 
036E:  BTFSC  30.7
0370:  BRA    037A
0372:  MOVF   30,W
0374:  SUBLW  03
0376:  BC    037A
0378:  CLRF   30
....................    } 
037A:  GOTO   04C6 (RETURN)
.................... } 
.................... //XXXXXXXXXXXXXXXXXXXXXXXXXXXXX 
.................... VOID PHIM_UP() 
.................... { 
....................    IF(PHIM_BT0(200)) 
*
03AA:  CLRF   32
03AC:  MOVLW  C8
03AE:  MOVWF  31
03B0:  BRA    037E
03B2:  MOVF   01,F
03B4:  BZ    03F0
....................    { 
....................       SWITCH (GIA_TRI_MOD) 
03B6:  MOVF   30,W
03B8:  XORLW  01
03BA:  BZ    03C6
03BC:  XORLW  03
03BE:  BZ    03D4
03C0:  XORLW  01
03C2:  BZ    03E2
03C4:  BRA    03F0
....................          { 
....................             CASE 1: IF (GIO==23) GIO=0; 
03C6:  MOVF   2C,W
03C8:  SUBLW  17
03CA:  BNZ   03D0
03CC:  CLRF   2C
03CE:  BRA    03D2
....................                     ELSE GIO++; 
03D0:  INCF   2C,F
....................                     BREAK; 
03D2:  BRA    03F0
....................             CASE 2: IF (PHUT==59) PHUT=0; 
03D4:  MOVF   2D,W
03D6:  SUBLW  3B
03D8:  BNZ   03DE
03DA:  CLRF   2D
03DC:  BRA    03E0
....................                     ELSE PHUT++; 
03DE:  INCF   2D,F
....................                     BREAK;  
03E0:  BRA    03F0
....................             CASE 3: IF (GIAY==59) GIAY=0; 
03E2:  MOVF   2E,W
03E4:  SUBLW  3B
03E6:  BNZ   03EC
03E8:  CLRF   2E
03EA:  BRA    03EE
....................                     ELSE GIAY++; 
03EC:  INCF   2E,F
....................                     BREAK; 
03EE:  BRA    03F0
....................             DEFAULT: BREAK; 
....................          } 
....................           
....................      } 
03F0:  GOTO   04C8 (RETURN)
.................... } 
.................... //XXXXXXXXXXXXXXXXXXXXXXXXXXXXXXXXXXXX 
.................... VOID PHIM_DW() 
.................... { 
....................    IF(PHIM_BT2(200)) 
*
0420:  CLRF   32
0422:  MOVLW  C8
0424:  MOVWF  31
0426:  BRA    03F4
0428:  MOVF   01,F
042A:  BZ    0466
....................    { 
....................       SWITCH (GIA_TRI_MOD) 
042C:  MOVF   30,W
042E:  XORLW  01
0430:  BZ    043C
0432:  XORLW  03
0434:  BZ    044A
0436:  XORLW  01
0438:  BZ    0458
043A:  BRA    0466
....................          { 
....................             CASE 1: IF (GIO==0) GIO=23; 
043C:  MOVF   2C,F
043E:  BNZ   0446
0440:  MOVLW  17
0442:  MOVWF  2C
0444:  BRA    0448
....................                     ELSE GIO--; 
0446:  DECF   2C,F
....................                     BREAK; 
0448:  BRA    0466
....................             CASE 2: IF (PHUT==0) PHUT=59; 
044A:  MOVF   2D,F
044C:  BNZ   0454
044E:  MOVLW  3B
0450:  MOVWF  2D
0452:  BRA    0456
....................                     ELSE PHUT--; 
0454:  DECF   2D,F
....................                     BREAK;  
0456:  BRA    0466
....................             CASE 3: IF (GIAY==0) GIAY=59; 
0458:  MOVF   2E,F
045A:  BNZ   0462
045C:  MOVLW  3B
045E:  MOVWF  2E
0460:  BRA    0464
....................                     ELSE GIAY--; 
0462:  DECF   2E,F
....................                     BREAK; 
0464:  BRA    0466
....................             DEFAULT: BREAK; 
....................          } 
....................           
....................    } 
0466:  GOTO   04CA (RETURN)
.................... } 
.................... //XXXXXXXXXXXXXXXXXXXXXXXXXXXXX 
.................... VOID MAIN() 
046A:  CLRF   FF8
046C:  BCF    FD0.7
046E:  BSF    07.7
0470:  CLRF   18
0472:  CLRF   1F
0474:  CLRF   20
0476:  CLRF   21
0478:  CLRF   22
047A:  CLRF   2B
047C:  MOVF   FC1,W
047E:  ANDLW  C0
0480:  IORLW  0F
0482:  MOVWF  FC1
0484:  MOVLW  07
0486:  MOVWF  FB4
0488:  SETF   23
048A:  SETF   24
048C:  SETF   25
048E:  SETF   26
0490:  SETF   27
0492:  SETF   28
0494:  SETF   29
0496:  SETF   2A
.................... { 
....................    SET_UP_PORT_IC_CHOT(); 
0498:  BRA    00F2
....................    SETUP_TIMER_1(T1_INTERNAL | T1_DIV_BY_8); 
049A:  MOVLW  B5
049C:  MOVWF  FCD
....................    SET_TIMER1(3036); 
049E:  MOVLW  0B
04A0:  MOVWF  FCF
04A2:  MOVLW  DC
04A4:  MOVWF  FCE
....................    ENABLE_INTERRUPTS(GLOBAL); 
04A6:  MOVLW  C0
04A8:  IORWF  FF2,F
....................    ENABLE_INTERRUPTS(INT_TIMER1);; 
04AA:  BSF    F9D.0
....................    BDN=0; GIAY=0;PHUT=0; GIO=0; GIA_TRI_MOD=0; 
04AC:  CLRF   2F
04AE:  CLRF   2E
04B0:  CLRF   2D
04B2:  CLRF   2C
04B4:  CLRF   30
....................    WHILE(TRUE) 
....................    { 
....................       GIAI_MA_GAN_CHO_8LED_QUET(); 
04B6:  BRA    0158
....................       IF (BDN<10) 
04B8:  BTFSC  2F.7
04BA:  BRA    04C2
04BC:  MOVF   2F,W
04BE:  SUBLW  09
04C0:  BNC   04CC
....................          { 
....................             HIEN_THI_8LED_7DOAN_QUET(); 
04C2:  BRA    02E8
....................             PHIM_MOD(); PHIM_UP(); PHIM_DW(); 
04C4:  BRA    0360
04C6:  BRA    03AA
04C8:  BRA    0420
....................          } 
04CA:  BRA    04EE
....................       ELSE 
....................          { 
....................             BDN=BDN-10; 
04CC:  MOVLW  0A
04CE:  SUBWF  2F,F
....................             GIAY++; 
04D0:  INCF   2E,F
....................             IF(GIAY==60) 
04D2:  MOVF   2E,W
04D4:  SUBLW  3C
04D6:  BNZ   04EE
....................             { 
....................                GIAY=0; 
04D8:  CLRF   2E
....................                PHUT++; 
04DA:  INCF   2D,F
....................                IF (PHUT==60) 
04DC:  MOVF   2D,W
04DE:  SUBLW  3C
04E0:  BNZ   04EE
....................                { 
....................                   PHUT=0; 
04E2:  CLRF   2D
....................                   GIO++; 
04E4:  INCF   2C,F
....................                   IF (GIO==24) GIO=0;                   
04E6:  MOVF   2C,W
04E8:  SUBLW  18
04EA:  BNZ   04EE
04EC:  CLRF   2C
....................                } 
....................             } 
....................          } 
04EE:  BRA    04B6
....................    } 
.................... } 
04F0:  SLEEP 

Configuration Fuses:
   Word  1: CC27   PLL12 CPUDIV1 USBDIV HS FCMEN IESO
   Word  2: 1E3E   PUT BROWNOUT BORV21 VREGEN NOWDT WDT32768
   Word  3: 8700   CCP2C1 PBADEN LPT1OSC MCLR
   Word  4: 00A1   STVREN NOLVP ICSP2 NOXINST NODEBUG
   Word  5: C00F   NOPROTECT NOCPB NOCPD
   Word  6: E00F   NOWRT NOWRTC NOWRTB NOWRTD
   Word  7: 400F   NOEBTR NOEBTRB
