
ROM used:   1064/32768 (3%)
            1064/32768 (3%) including unused fragments

            0.6 Average locations per line
            3.4 Average locations per statement

RAM used:   49/2048 (2%) at main() level
            59/2048 (3%) worst case

Stack used: 8 worst case (7 in main + 1 for interrupts)
Stack size: 31

Lines Stmts  %   Files
----- ----- ---  -----
   86    47  15  BAI_614_LCD_GIO_PHUT_GIAY_TIMER_3_BUTTON.c
  702   244  77  TV_PICKIT2_SHIFT_1.C
  837     0   0  ..\..\..\..\..\Program Files (x86)\PICC\Devices\18F4550.H
   87    25   8  TV_PICKIT2_SHIFT_LCD.C
----- -----
 1712   316 Total

Page ROM  %  RAM   Vol Diff  Functions:
---- --- --- ---   --- ----  ----------
0     40   2    1             @delay_ms1
0     42   2    3   271  4.3  XUAT_1BYTE
0     30   1    0   152  1.8  SET_UP_PORT_IC_CHOT
0     48   2    0   119  1.7  MO_IC_74573_A_THONG_DL
0     44   2    0   172  1.8  XUAT_GLCD_LCD
0     16   1    2    80  2.7  XUAT_LCD20X4
0     26   1    1   102  2.1  LCD_XUAT_8BIT
0     22   1    1    61  1.6  LCD_COMMAND
0     22   1    1    61  1.6  LCD_DATA
0     72   3    0   245  1.8  SETUP_LCD
0     30   1    0    37  2.0  @const823
0     26   1    3   147  3.7  LCD_GOTO_XY
0     16   1    0    29  1.2  INTERRUPT_TIMER1
0    198   9    1   546  3.3  LCD_HIENTHI_DONGHO
0     72   3    4   341  4.7  @DIVS88
0      8   0    0   675  6.1  @const837
0     32   2    2   315  4.6  @PSTRINGC_810
0      8   0    0   675  6.1  @const839
0     10   0    0   328  4.7  @const840
0    146   7    0   675  6.1  MAIN
0     10   0    0   381  6.6  @const844
 Inline         0   533  7.2  @cinit1

Program metrics:
    Functions               21
    Statements              316
    Comments                349
    Volume (V)              10491
    Difficulty (D)          76.2
    Effort to implement (E) 799634
    Time to implement (T)   12 hours, 20 minutes
    Est Delivered Bugs (B)  3
    Cyclomatic Complexity   25
    Maintainability (MI)    96

 Segment     Used  Free
-----------  ----  ----
00000-00002     4  0  
00004-00006     0  4  
00008-00094   142  0  
00096-07FFE   918  31700  



