
ROM used:   1442/32768 (4%)
            1442/32768 (4%) including unused fragments

            0.8 Average locations per line
            4.5 Average locations per statement

RAM used:   38/2048 (2%) at main() level
            52/2048 (3%) worst case

Stack used: 8 worst case (8 in main + 0 for interrupts)
Stack size: 31

Lines Stmts  %   Files
----- ----- ---  -----
   95    50  16  BAI_644_LCD_DEM_SP_KiThuLon_v2.c
  702   244  76  TV_PICKIT2_SHIFT_1.C
  837     0   0  ..\..\..\..\..\Program Files (x86)\PICC\Devices\18F4550.H
   90    25   8  TV_PICKIT2_SHIFT_LCD.C
----- -----
 1724   319 Total

Page ROM  %  RAM   Vol Diff  Functions:
---- --- --- ---   --- ----  ----------
0     40   1    1             @delay_ms1
0     32   1    0             @const686
0     42   1    3   271  4.3  XUAT_1BYTE
0     30   1    0   152  1.8  SET_UP_PORT_IC_CHOT
0     46   2    0   119  1.7  MO_IC_74573_A_THONG_DL
0     44   2    4   231  2.3  XUAT_4LED_7DOAN_4SO
0    294  10    5   465  4.8  XUAT_4LED_7DOAN_GIAIMA_XOA_SO0
0     66   2    5             @DIV1616
0     44   2    0   172  1.8  XUAT_GLCD_LCD
0     16   1    2    80  2.7  XUAT_LCD20X4
0     26   1    1   102  2.1  LCD_XUAT_8BIT
0     22   1    1    61  1.6  LCD_COMMAND
0     22   1    1    61  1.6  LCD_DATA
0     72   2    0   245  1.8  SETUP_LCD
0     82   3    0   183  2.2  @const813
0     20   1    0             @const823
0     26   1    3   147  3.7  LCD_GOTO_XY
0     92   3    5   255  5.5  lcd_hienthi_so_z_toado_xy
0     76   3    2    43  1.5  @MUL88
0    142   5    2   348  4.2  HIENTHI_LCD_KichThuocLon
0    156   5    0   417  4.6  MAIN
0     14   0    0   510  8.0  @const851
0     34   1    2   447  5.2  @PSTRINGC_810
 Inline         0  1125  9.2  @cinit1

Program metrics:
    Functions               20
    Statements              319
    Comments                352
    Volume (V)              9556
    Difficulty (D)          70.5
    Effort to implement (E) 673371
    Time to implement (T)   10 hours, 23 minutes
    Est Delivered Bugs (B)  3
    Cyclomatic Complexity   20
    Maintainability (MI)    105

 Segment     Used  Free
-----------  ----  ----
00000-00002     4  0  
00004-07FFE  1438  31326  



