
ROM used:   560/32768 (2%)
            560/32768 (2%) including unused fragments

            0.3 Average locations per line
            2.0 Average locations per statement

RAM used:   28/2048 (1%) at main() level
            36/2048 (2%) worst case

Stack used: 6 worst case (6 in main + 0 for interrupts)
Stack size: 31

Lines Stmts  %   Files
----- ----- ---  -----
   25    11   4  BAI_604_LCD_HT_2HANG_DICH_TRAI.c
  702   244  87  TV_PICKIT2_SHIFT_1.C
  837     0   0  ..\..\..\..\..\Program Files (x86)\PICC\Devices\18F4550.H
   87    25   9  TV_PICKIT2_SHIFT_LCD.C
----- -----
 1651   280 Total

Page ROM  %  RAM   Vol Diff  Functions:
---- --- --- ---   --- ----  ----------
0     38   3    1             @delay_ms1
0     42   4    3   271  4.3  XUAT_1BYTE
0     30   3    0   152  1.8  SET_UP_PORT_IC_CHOT
0     48   4    0   119  1.7  MO_IC_74573_A_THONG_DL
0     44   4    0   172  1.8  XUAT_GLCD_LCD
0     16   1    2    80  2.7  XUAT_LCD20X4
0     26   2    1   102  2.1  LCD_XUAT_8BIT
0     22   2    1    61  1.6  LCD_COMMAND
0     24   2    1    61  1.6  LCD_DATA
0     72   6    0   245  1.8  SETUP_LCD
0    118  11    1   183  1.7  MAIN
0     22   2    0             @const831
0     32   3    2             @PSTRINGC_810
0     22   2    0             @const833
 Inline         0             @cinit1

Program metrics:
    Functions               10
    Statements              280
    Comments                347
    Volume (V)              2481
    Difficulty (D)          20.7
    Effort to implement (E) 51371
    Time to implement (T)   48 minutes
    Est Delivered Bugs (B)  0
    Cyclomatic Complexity   1
    Maintainability (MI)    103

 Segment     Used  Free
-----------  ----  ----
00000-00002     4  0  
00004-07FFE   556  32208  



