
ROM used:   546/32768 (2%)
            546/32768 (2%) including unused fragments

            0.3 Average locations per line
            2.1 Average locations per statement

RAM used:   30/2048 (1%) at main() level
            42/2048 (2%) worst case

Stack used: 4 worst case (4 in main + 0 for interrupts)
Stack size: 31

Lines Stmts  %   Files
----- ----- ---  -----
   29    18   7  BAI_412_DEM_XUNG_T0_XOA_SO0_VN.c
  702   244  93  TV_PICKIT2_SHIFT_1.c
  837     0   0  ..\..\..\..\..\Program Files (x86)\PICC\Devices\18F4550.H
----- -----
 1568   262 Total

Page ROM  %  RAM   Vol Diff  Functions:
---- --- --- ---   --- ----  ----------
0     32   3    0             @const686
0     42   4    3   271  4.3  XUAT_1BYTE
0     30   3    0   152  1.8  SET_UP_PORT_IC_CHOT
0     48   4    0   119  1.7  MO_IC_74573_A_THONG_DL
0     44   4    4   231  2.3  XUAT_4LED_7DOAN_4SO
0     20   2    3    76  1.7  XUAT_4LED_7DOAN_3SO
0     66   6    5             @DIV1616
0    190  17    5   309  4.7  GIAI_MA_HIEN_THI
0     70   6    0   183  3.6  MAIN
 Inline         0             @cinit1

Program metrics:
    Functions               7
    Statements              262
    Comments                331
    Volume (V)              2103
    Difficulty (D)          19.6
    Effort to implement (E) 41300
    Time to implement (T)   38 minutes
    Est Delivered Bugs (B)  0
    Cyclomatic Complexity   4
    Maintainability (MI)    35

 Segment     Used  Free
-----------  ----  ----
00000-00002     4  0  
00004-07FFE   542  32222  



