CCS PCH C Compiler, Version 5.015, 5967               10-Aug-20 13:25

               Filename:   C:\Users\tsqua\OneDrive - student.mtsac.edu\Desktop\BAI_TAP_VXL_NEW_3\BAI_701_LM35A.lst

               ROM used:   1290 bytes (4%)
                           Largest free fragment is 31478
               RAM used:   30 (1%) at main() level
                           44 (2%) worst case
               Stack used: 3 locations
               Stack size: 31

*
0000:  GOTO   0428
.................... #include <tv_pickit2_shift_1.c> 
.................... #INCLUDE    <18F4550.H> 
.................... //////////// Standard Header file for the PIC18F4550 device //////////////// 
.................... /////////////////////////////////////////////////////////////////////////// 
.................... ////        (C) Copyright 1996, 2013 Custom Computer Services          //// 
.................... //// This source code may only be used by licensed users of the CCS C  //// 
.................... //// compiler.  This source code may only be distributed to other      //// 
.................... //// licensed users of the CCS C compiler.  No other use, reproduction //// 
.................... //// or distribution is permitted without written permission.          //// 
.................... //// Derivative programs created using this software in object code    //// 
.................... //// form are not restricted in any way.                               //// 
.................... /////////////////////////////////////////////////////////////////////////// 
.................... #device PIC18F4550 
0004:  CLRF   FF7
0006:  ADDLW  14
0008:  MOVWF  FF6
000A:  MOVLW  00
000C:  ADDWFC FF7,F
000E:  TBLRD*+
0010:  MOVF   FF5,W
0012:  RETURN 0
0014:  DATA C0,F9
0016:  DATA A4,B0
0018:  DATA 99,92
001A:  DATA 82,F8
001C:  DATA 80,90
001E:  DATA 88,83
0020:  DATA C6,A1
0022:  DATA 86,8E
*
006A:  MOVLW  8E
006C:  MOVWF  00
006E:  MOVFF  1F,01
0072:  MOVFF  1E,02
0076:  CLRF   03
0078:  MOVF   01,F
007A:  BNZ   008E
007C:  MOVFF  02,01
0080:  CLRF   02
0082:  MOVLW  08
0084:  SUBWF  00,F
0086:  MOVF   01,F
0088:  BNZ   008E
008A:  CLRF   00
008C:  BRA    009E
008E:  BCF    FD8.0
0090:  BTFSC  01.7
0092:  BRA    009C
0094:  RLCF   02,F
0096:  RLCF   01,F
0098:  DECF   00,F
009A:  BRA    008E
009C:  BCF    01.7
009E:  GOTO   04A8 (RETURN)
00A2:  MOVF   1E,W
00A4:  BTFSC  FD8.2
00A6:  BRA    01F2
00A8:  MOVWF  2A
00AA:  MOVF   22,W
00AC:  BTFSC  FD8.2
00AE:  BRA    01F2
00B0:  SUBWF  2A,F
00B2:  BNC   00BE
00B4:  MOVLW  7F
00B6:  ADDWF  2A,F
00B8:  BTFSC  FD8.0
00BA:  BRA    01F2
00BC:  BRA    00CA
00BE:  MOVLW  81
00C0:  SUBWF  2A,F
00C2:  BTFSS  FD8.0
00C4:  BRA    01F2
00C6:  BTFSC  FD8.2
00C8:  BRA    01F2
00CA:  MOVFF  2A,00
00CE:  CLRF   01
00D0:  CLRF   02
00D2:  CLRF   03
00D4:  CLRF   29
00D6:  MOVFF  1F,28
00DA:  BSF    28.7
00DC:  MOVFF  20,27
00E0:  MOVFF  21,26
00E4:  MOVLW  19
00E6:  MOVWF  2A
00E8:  MOVF   25,W
00EA:  SUBWF  26,F
00EC:  BC    0108
00EE:  MOVLW  01
00F0:  SUBWF  27,F
00F2:  BC    0108
00F4:  SUBWF  28,F
00F6:  BC    0108
00F8:  SUBWF  29,F
00FA:  BC    0108
00FC:  INCF   29,F
00FE:  INCF   28,F
0100:  INCF   27,F
0102:  MOVF   25,W
0104:  ADDWF  26,F
0106:  BRA    0158
0108:  MOVF   24,W
010A:  SUBWF  27,F
010C:  BC    0132
010E:  MOVLW  01
0110:  SUBWF  28,F
0112:  BC    0132
0114:  SUBWF  29,F
0116:  BC    0132
0118:  INCF   29,F
011A:  INCF   28,F
011C:  MOVF   24,W
011E:  ADDWF  27,F
0120:  MOVF   25,W
0122:  ADDWF  26,F
0124:  BNC   0158
0126:  INCF   27,F
0128:  BNZ   0158
012A:  INCF   28,F
012C:  BNZ   0158
012E:  INCF   29,F
0130:  BRA    0158
0132:  MOVF   23,W
0134:  IORLW  80
0136:  SUBWF  28,F
0138:  BC    0156
013A:  MOVLW  01
013C:  SUBWF  29,F
013E:  BC    0156
0140:  INCF   29,F
0142:  MOVF   23,W
0144:  IORLW  80
0146:  ADDWF  28,F
0148:  MOVF   24,W
014A:  ADDWF  27,F
014C:  BNC   0120
014E:  INCF   28,F
0150:  BNZ   0120
0152:  INCF   29,F
0154:  BRA    0120
0156:  BSF    03.0
0158:  DECFSZ 2A,F
015A:  BRA    015E
015C:  BRA    0174
015E:  BCF    FD8.0
0160:  RLCF   26,F
0162:  RLCF   27,F
0164:  RLCF   28,F
0166:  RLCF   29,F
0168:  BCF    FD8.0
016A:  RLCF   03,F
016C:  RLCF   02,F
016E:  RLCF   01,F
0170:  RLCF   2B,F
0172:  BRA    00E8
0174:  BTFSS  2B.0
0176:  BRA    0184
0178:  BCF    FD8.0
017A:  RRCF   01,F
017C:  RRCF   02,F
017E:  RRCF   03,F
0180:  RRCF   2B,F
0182:  BRA    0188
0184:  DECF   00,F
0186:  BZ    01F2
0188:  BTFSC  2B.7
018A:  BRA    01C8
018C:  BCF    FD8.0
018E:  RLCF   26,F
0190:  RLCF   27,F
0192:  RLCF   28,F
0194:  RLCF   29,F
0196:  MOVF   25,W
0198:  SUBWF  26,F
019A:  BC    01AA
019C:  MOVLW  01
019E:  SUBWF  27,F
01A0:  BC    01AA
01A2:  SUBWF  28,F
01A4:  BC    01AA
01A6:  SUBWF  29,F
01A8:  BNC   01DE
01AA:  MOVF   24,W
01AC:  SUBWF  27,F
01AE:  BC    01BA
01B0:  MOVLW  01
01B2:  SUBWF  28,F
01B4:  BC    01BA
01B6:  SUBWF  29,F
01B8:  BNC   01DE
01BA:  MOVF   23,W
01BC:  IORLW  80
01BE:  SUBWF  28,F
01C0:  BC    01C8
01C2:  MOVLW  01
01C4:  SUBWF  29,F
01C6:  BNC   01DE
01C8:  INCF   03,F
01CA:  BNZ   01DE
01CC:  INCF   02,F
01CE:  BNZ   01DE
01D0:  INCF   01,F
01D2:  BNZ   01DE
01D4:  INCF   00,F
01D6:  BZ    01F2
01D8:  RRCF   01,F
01DA:  RRCF   02,F
01DC:  RRCF   03,F
01DE:  MOVFF  1F,2A
01E2:  MOVF   23,W
01E4:  XORWF  2A,F
01E6:  BTFSS  2A.7
01E8:  BRA    01EE
01EA:  BSF    01.7
01EC:  BRA    01FA
01EE:  BCF    01.7
01F0:  BRA    01FA
01F2:  CLRF   00
01F4:  CLRF   01
01F6:  CLRF   02
01F8:  CLRF   03
01FA:  GOTO   04CA (RETURN)
01FE:  MOVLW  8E
0200:  MOVWF  00
0202:  MOVF   1E,W
0204:  SUBWF  00,F
0206:  MOVFF  1F,02
020A:  MOVFF  20,01
020E:  BSF    02.7
0210:  MOVF   00,F
0212:  BZ    0226
0214:  BCF    FD8.0
0216:  MOVF   02,F
0218:  BNZ   021E
021A:  MOVF   01,F
021C:  BZ    0226
021E:  RRCF   02,F
0220:  RRCF   01,F
0222:  DECFSZ 00,F
0224:  BRA    0214
0226:  BTFSS  1F.7
0228:  BRA    0234
022A:  COMF   01,F
022C:  COMF   02,F
022E:  INCF   01,F
0230:  BTFSC  FD8.2
0232:  INCF   02,F
0234:  GOTO   04DC (RETURN)
0238:  CLRF   01
023A:  CLRF   02
023C:  CLRF   00
023E:  CLRF   03
0240:  MOVF   25,W
0242:  BNZ   0248
0244:  MOVF   24,W
0246:  BZ    0278
0248:  MOVLW  10
024A:  MOVWF  26
024C:  BCF    FD8.0
024E:  RLCF   22,F
0250:  RLCF   23,F
0252:  RLCF   00,F
0254:  RLCF   03,F
0256:  MOVF   25,W
0258:  SUBWF  03,W
025A:  BNZ   0260
025C:  MOVF   24,W
025E:  SUBWF  00,W
0260:  BNC   0270
0262:  MOVF   24,W
0264:  SUBWF  00,F
0266:  BTFSS  FD8.0
0268:  DECF   03,F
026A:  MOVF   25,W
026C:  SUBWF  03,F
026E:  BSF    FD8.0
0270:  RLCF   01,F
0272:  RLCF   02,F
0274:  DECFSZ 26,F
0276:  BRA    024C
0278:  RETURN 0
....................  
.................... #list 
....................  
.................... #DEVICE     ADC=10 
.................... #FUSES      NOWDT,PUT,HS,NOPROTECT,NOLVP,CPUDIV1 
.................... #USE        I2C(MASTER,SLOW,SDA=PIN_B0,SCL=PIN_B1) 
.................... #USE        DELAY(CLOCK=20000000) 
*
0042:  CLRF   FEA
0044:  MOVLW  1E
0046:  MOVWF  FE9
0048:  MOVF   FEF,W
004A:  BZ    0066
004C:  MOVLW  06
004E:  MOVWF  01
0050:  CLRF   00
0052:  DECFSZ 00,F
0054:  BRA    0052
0056:  DECFSZ 01,F
0058:  BRA    0050
005A:  MOVLW  7B
005C:  MOVWF  00
005E:  DECFSZ 00,F
0060:  BRA    005E
0062:  DECFSZ FEF,F
0064:  BRA    004C
0066:  GOTO   049A (RETURN)
.................... //#USE        rs232(baud=9600, xmit=PIN_C6,rcv=PIN_C7) 
.................... //NUT NHAN: 
.................... #DEFINE  BT0     PIN_B5 
.................... #DEFINE  BT1     PIN_B4 
.................... #DEFINE  BT2     PIN_B3 
.................... #DEFINE  BT3     PIN_B2 
....................  
.................... #DEFINE  ON      BT0       //DK LED DON, MOTOR 
.................... #DEFINE  OFF     BT1 
.................... #DEFINE  INV     BT2 
....................  
.................... #DEFINE  UP      BT0    //DK LED DON 
.................... #DEFINE  DW      BT1 
.................... #DEFINE  CLR     BT2 
.................... #DEFINE  MOD     BT3 
....................  
.................... #DEFINE  STOP    BT3 
....................  
.................... #DEFINE  ON1     BT0      
.................... #DEFINE  OFF1    BT1 
.................... #DEFINE  ON2     BT2        
.................... #DEFINE  OFF2    BT3 
....................  
....................  
.................... #DEFINE     TRIGGER      PIN_E2 
.................... #DEFINE     ECHO         PIN_E1 
.................... //   IC74138_A    PIN_B6   //OUTPUT GIAI MA 2 SANG 4 TICH CUC MUC 0 
.................... //   IC74138_B    PIN_B7   //OUTPUT GIAI MA 2 SANG 4 TICH CUC MUC 0 
....................  
.................... //          ENCODER  PIN_C0   //RC0/T13CKI 
....................  
.................... //          CB_KC    PIN_A2   //RA2/AN2 
.................... //          PIR      PIN_A3   //RA3/AN3 
.................... //          CBXUNG   PIN_A4   //RA4/T0CKI 
.................... //          LEDTHU   PIN_A4   //RA4/T0CKI//SW802 
....................  
.................... //          CB_KCSA_TRIGGER  PIN_E2   //RE2/SDO  DUNG CHUNG 
.................... //          CB_KCSA_RCHO     PIN_E1   //RE1 
....................  
.................... //          CB_TCS3200_OUT    PIN_E1   //RE1 //CAM BIEN MAU TCS3200 
.................... //          CB_TCS3200_S0     B12      //LAY TU MBI5026 
.................... //          CB_TCS3200_S1     B13      //LAY TU MBI5026 
.................... //          CB_TCS3200_S2     B14      //LAY TU MBI5026 
.................... //          CB_TCS3200_S3     B15      //LAY TU MBI5026 
....................  
.................... //          CB_POWER  SW803 
.................... //          CB_GAS      AIN3_PCF8591T   //RE1 
.................... //          CB_QUANG    AIN2_PCF8591T    
.................... //          CB_LM35B    AIN1_PCF8591T   //RA1/AN1 
.................... //          CB_LM35A    AIN0_PCF8591T   //RE1/AN0 
....................  
.................... //XXXXXXXXXXXXXXXXXXXXXXXXXXXXXXXXXXXXXXXXXXXXXXXXX 
.................... #DEFINE      ENABLE_573A      PIN_D1         //CS0 CUA A 
.................... #DEFINE      ENABLE_573B      PIN_D0         //CS1 CUA B 
.................... //XXXXXXXXXXXXXXXXXXXXXXXXXXXXXXXXXXXXXXXXXXXXXXXXX 
.................... #DEFINE      SSDO             PIN_E2         //CHUNG TAT CA 
.................... #DEFINE      SSCK             PIN_E0         //CHUNG TAT CA 
.................... //XXXXXXXXXXXXXXXXXXXXXXXXXXXXXXXXXXXXXXXXXXXXXXXXX 
.................... #DEFINE      RCK_4LED7DOAN    PIN_D7         //A - 4 BYTE 
.................... #DEFINE      G_4LED7DOAN      PIN_D6         //A - 4 BYTE 
.................... //XXXXXXXXXXXXXXXXXXXXXXXXXXXXXXXXXXXXXXXXXXXX     
.................... #DEFINE      RCK_MATRANLED    PIN_D7         //B - 3 BYTE DAO 
.................... #DEFINE      G_MATRANLED      PIN_D6         //B - 3 BYTE DAO 
.................... //XXXXXXXXXXXXXXXXXXXXXXXXXXXXXXXXXXXXXXXXXXXXXXXXX 
.................... #DEFINE      RCK_32LED        PIN_D5         //A - 4 BYTE 
.................... #DEFINE      G_32LED          PIN_D4         //A - 4 BYTE 
.................... //XXXXXXXXXXXXXXXXXXXXXXXXXXXXXXXXXXXXXXXXXXXX  
.................... #DEFINE      RCK_8LEDQUET     PIN_D5         //B - 2 BYTE DAO 
.................... #DEFINE      G_8LEDQUET       PIN_D4         //B - 2 BYTE DAO 
.................... //XXXXXXXXXXXXXXXXXXXXXXXXXXXXXXXXXXXXXXXXXXXXXXXXX 
.................... #DEFINE      RCK_LCD20X4      PIN_D3         //A - 2 BYTE DAO 
.................... #DEFINE      G_LCD20X4         PIN_D2         //A - 2 BYTE DAO 
.................... //XXXXXXXXXXXXXXXXXXXXXXXXXXXXXXXXXXXXXXXXXXXX  
.................... #DEFINE      RCK_BUZERELAY    PIN_D3     //B - 1 BYTE  
.................... #DEFINE      G_BUZERELAY      PIN_D2         //B - 1 BYTE  
....................  
.................... VOID XUAT_LCD20X4(UNSIGNED INT8 LCD_SIGNAL,LCD_INS_HTHI); 
....................  
.................... VOID XUAT_BUZZER_RELAY(); 
.................... //XXXXXXXXXXXXXXXXXXXXXXXXXXXXXXXXXXXXXXXXXXXX    
.................... #DEFINE     CHOT_2_IC_74573_A_B  OUTPUT_D(0XFC) 
....................  
.................... UNSIGNED INT8 TIN_HIEU_DK_74573_A; 
.................... #BIT G_4A         = TIN_HIEU_DK_74573_A.6 
.................... #BIT G_32A        = TIN_HIEU_DK_74573_A.4 
.................... #BIT G_LCDA       = TIN_HIEU_DK_74573_A.2 
.................... //XXXXXXXXXXXXXXXXXXXXXXXXXXXXXXXXXXXXXXXXXXXX          
.................... #DEFINE     MO_32_LED_DON        G_32A=0; //OUTPUT_LOW(G_32LED)  
.................... #DEFINE     TAT_32_LED_DON       G_32A=1; //OUTPUT_HIGH(G_32LED)  
.................... //XXXXXXXXXXXXXXXXXXXXXXXXXXXXXXXXXXXXXXXXXXXX          
.................... #DEFINE     MO_4_LED_7DOAN       G_4A=0;  //OUTPUT_LOW(G_4LED7DOAN) 
.................... #DEFINE     TAT_4_LED_7DOAN      G_4A=1;  //OUTPUT_HIGH(G_4LED7DOAN) 
.................... //XXXXXXXXXXXXXXXXXXXXXXXXXXXXXXXXXXXXXXXXXXXX  
.................... #DEFINE     MO_GLCD_LCD           G_LCDA=0;   //OUTPUT_LOW(G_LCD20X4) 
.................... #DEFINE     TAT_GLCD_LCD          G_LCDA=1;   // OUTPUT_LOW(G_LCD20X4) 
....................  
.................... UNSIGNED INT8 TIN_HIEU_DK_74573_B;   
.................... #BIT G_MTB        = TIN_HIEU_DK_74573_B.6 
.................... #BIT G_8B         = TIN_HIEU_DK_74573_B.4 
.................... #BIT G_RBDCB      = TIN_HIEU_DK_74573_B.2 
.................... //XXXXXXXXXXXXXXXXXXXXXXXXXXXXXXXXXXXXXXXXXXXX  
.................... #DEFINE     MO_LED_MATRAN        G_MTB=0; //OUTPUT_LOW(G_MATRANLED) 
.................... #DEFINE     TAT_LED_MATRAN       G_MTB=1; //OUTPUT_LOW(G_MATRANLED) 
.................... //XXXXXXXXXXXXXXXXXXXXXXXXXXXXXXXXXXXXXXXXXXXX        
.................... #DEFINE     MO_8_LED_QUET        G_8B=0;  //OUTPUT_LOW(G_8LEDQUET) 
.................... #DEFINE     TAT_8_LED_QUET       G_8B=1;  //OUTPUT_LOW(G_8LEDQUET) 
.................... //XXXXXXXXXXXXXXXXXXXXXXXXXXXXXXXXXXXXXXXXXXXX          
.................... #DEFINE     MO_RELAY_BUZZER_DC   G_RBDCB=0;  //OUTPUT_LOW(G_BUZERELAY) 
.................... #DEFINE     TAT_RELAY_BUZZER_DC  G_RBDCB=1;  //OUTPUT_LOW(G_BUZERELAY) 
....................  
.................... //XXXXXXXXXXXXXXXXXXXXXXXXXXXXXXXXXXXXXXXXXXXX 
.................... //CHUONG TRINH KIEM TRA PHIM BT1 
.................... //XXXXXXXXXXXXXXXXXXXXXXXXXXXXXXXXXXXXXXXXXXXX 
.................... UNSIGNED INT8 DL_BTN=0; 
.................... INT1 PHIM_BT0(UNSIGNED INT16 DL) 
.................... {   
....................     IF (!INPUT(BT0)) 
....................     {   
....................       DL_BTN++; 
....................        
....................       IF (DL_BTN>= DL) 
....................          { 
....................             DL_BTN =0; 
....................             RETURN(1); 
....................          } 
....................       ELSE RETURN(0); 
....................     } 
....................     ELSE    RETURN(0); 
.................... }  
.................... //XXXXXXXXXXXXXXXXXXXXXXXXXXXXXXXXXXXXXXXXXXXX 
.................... //CHUONG TRINH KIEM TRA PHIM BT1 
.................... //XXXXXXXXXXXXXXXXXXXXXXXXXXXXXXXXXXXXXXXXXXXX 
.................... INT1 PHIM_BT1(UNSIGNED INT16 DL ) 
.................... {   
....................     IF (!INPUT(BT1)) 
....................     {   
....................       DL_BTN++; 
....................        
....................       IF (DL_BTN>= DL) 
....................          { 
....................             DL_BTN =0; 
....................             RETURN(1); 
....................          } 
....................       ELSE RETURN(0); 
....................     } 
....................     ELSE    RETURN(0); 
.................... }  
.................... //XXXXXXXXXXXXXXXXXXXXXXXXXXXXXXXXXXXXXXXXXXXX 
.................... //CHUONG TRINH KIEM TRA PHIM BT2       
.................... //XXXXXXXXXXXXXXXXXXXXXXXXXXXXXXXXXXXXXXXXXXXX                                     
.................... INT1 PHIM_BT2(UNSIGNED INT16 DL ) 
.................... {                                         
....................     IF (!INPUT(BT2)) 
....................     {   
....................       DL_BTN++; 
....................        
....................       IF (DL_BTN>= DL) 
....................          { 
....................             DL_BTN =0; 
....................             RETURN(1); 
....................          } 
....................       ELSE RETURN(0); 
....................     } 
....................     ELSE    RETURN(0); 
....................                                           
.................... }       
....................  
.................... //XXXXXXXXXXXXXXXXXXXXXXXXXXXXXXXXXXXXXXXXXXXX 
.................... //CHUONG TRINH KIEM TRA PHIM BT3 
.................... //XXXXXXXXXXXXXXXXXXXXXXXXXXXXXXXXXXXXXXXXXXXX 
.................... INT1 PHIM_BT3(UNSIGNED INT16 DL,  UNSIGNED INT8 SOLAN  ) 
.................... {   
....................     IF (!INPUT(BT3)) 
....................     {   
....................       DL_BTN++; 
....................       IF(DL_BTN==1) RETURN(1); 
....................       ELSE 
....................       { 
....................          IF (DL_BTN>= DL) 
....................          DL_BTN =SOLAN; 
....................       } 
....................     } 
....................     ELSE    
....................     { 
....................       //DL_BTN =0; 
....................       RETURN(0); 
....................     } 
.................... }  
.................... //XXXXXXXXXXXXXXXXXXXXXXXXXXXXXXXXXXXXXXXXXXXX 
.................... //KHAI BAO DU LIEU 16 BIT CHO MODULE RELAY, TRIAC, BUZZER, DONG CO 
.................... //XXXXXXXXXXXXXXXXXXXXXXXXXXXXXXXXXXXXXXXXXXXX 
.................... UNSIGNED INT16 RBDC; 
.................... #BIT STEP_MOTOR_ENABLE  = RBDC.0    //1=ENA,0=DIS 
.................... #BIT STEP_MOTOR_IN1     = RBDC.1     
.................... #BIT STEP_MOTOR_IN2     = RBDC.2 
.................... #BIT STEP_MOTOR_IN3     = RBDC.3 
.................... #BIT STEP_MOTOR_IN4     = RBDC.4 
.................... #BIT DC_ENABLE          = RBDC.5    //1=ENA,0=DIS 
.................... #BIT PWRKEY             = RBDC.6    //KHOI TAO SIM900 
....................  
.................... #BIT BUZZER             = RBDC.8    //1=ON,0=OFF 
.................... #BIT TRIAC_1            = RBDC.9    //1=ON,0=OFF 
.................... #BIT TRIAC_2            = RBDC.10   //1=ON,0=OFF 
.................... #BIT RELAY_1            = RBDC.11   //0=ON,1=OFF 
.................... #BIT RELAY_2            = RBDC.12   //0=ON,1=OFF 
....................  
.................... //HAM 103 
.................... //XXXXXXXXXXXXXXXXXXXXXXXXXXXXXXXXXXXXXXXXXXXX 
.................... //CHUONG TRINH CON KHOI TAO IC CHOT 
.................... //XXXXXXXXXXXXXXXXXXXXXXXXXXXXXXXXXXXXXXXXXXXX          
.................... #DEFINE     CHO_IC_74573_A_GOI_DU_LIEU     OUTPUT_HIGH(ENABLE_573A) 
.................... #DEFINE     CHOT_IC_74573_A_GOI_DU_LIEU    OUTPUT_LOW(ENABLE_573A) 
....................  
.................... #DEFINE     CHO_IC_74573_B_GOI_DU_LIEU     OUTPUT_HIGH(ENABLE_573B) 
.................... #DEFINE     CHOT_IC_74573_B_GOI_DU_LIEU    OUTPUT_LOW(ENABLE_573B) 
.................... VOID MO_IC_74573_A_THONG_DL(); 
....................  
.................... //XXXXXXXXXXXXXXXXXXXXXXXXXXXXXXXXXXXXXXXXXXXX    
.................... CONST UNSIGNED CHAR MA7DOAN[16]= {0XC0,0XF9,0xA4,0XB0,0X99,0X92,0X82,0XF8, 
.................... 0X80,0X90,0x88, 0x83, 0xC6, 0xA1, 0x86, 0x8E}; 
.................... #DEFINE     MASO0    0XC0 
.................... #DEFINE     MASO1    0XF9 
.................... #DEFINE     MASO2    0XA4 
.................... #DEFINE     MASO3    0XB0 
.................... #DEFINE     MASO4    0X99 
.................... #DEFINE     MASO5    0X92 
.................... #DEFINE     MASO6    0X82 
.................... #DEFINE     MASO7    0XF8 
....................  
.................... //XXXXXXXXXXXXXXXXXXXXXXXXXXXXXXXXXXXXXXXXXXXX  
.................... //HAM 102 
.................... //XXXXXXXXXXXXXXXXXXXXXXXXXXXXXXXXXXXXXXXXXXXX     
.................... //XUAT 1 BYTE RA THANH GHI DICH 
.................... //XXXXXXXXXXXXXXXXXXXXXXXXXXXXXXXXXXXXXXXXXXXX     
.................... VOID XUAT_1BYTE(UNSIGNED INT8 BYTEXUAT) 
.................... { 
....................    UNSIGNED INT8   SB,X;    
....................    #BIT BSERI  = X.7 
....................    X = BYTEXUAT; 
*
027A:  MOVFF  24,26
....................    FOR (SB=0;SB<8;SB++) 
027E:  CLRF   25
0280:  MOVF   25,W
0282:  SUBLW  07
0284:  BNC   02A2
....................       {                                                  
....................          OUTPUT_BIT(SSDO,BSERI);     
0286:  BTFSC  26.7
0288:  BRA    028E
028A:  BCF    F8D.2
028C:  BRA    0290
028E:  BSF    F8D.2
0290:  BCF    F96.2
....................          OUTPUT_LOW(SSCK); OUTPUT_HIGH(SSCK); 
0292:  BCF    F96.0
0294:  BCF    F8D.0
0296:  BCF    F96.0
0298:  BSF    F8D.0
....................          X= X<<1;          
029A:  BCF    FD8.0
029C:  RLCF   26,F
029E:  INCF   25,F
02A0:  BRA    0280
....................      } 
02A2:  RETURN 0
.................... } 
.................... //XXXXXXXXXXXXXXXXXXXXXXXXXXXXXXXXXXXXXXXXXXXX  
.................... //HAM 301 
.................... //XXXXXXXXXXXXXXXXXXXXXXXXXXXXXXXXXXXXXXXXXXXX 
.................... //CHUONG TRINH CON XUAT 4 BYTE RA 32 LED DON 
.................... //XXXXXXXXXXXXXXXXXXXXXXXXXXXXXXXXXXXXXXXXXXXX 
.................... VOID XUAT_32LED_DON_4BYTE(UNSIGNED INT8 BLD3,BLD2,BLD1,BLD0) 
.................... {      
....................       XUAT_1BYTE(BLD3);           
....................       XUAT_1BYTE(BLD2); 
....................       XUAT_1BYTE(BLD1);           
....................       XUAT_1BYTE(BLD0);             
....................       MO_32_LED_DON;       
....................       MO_IC_74573_A_THONG_DL();             
....................       OUTPUT_HIGH(RCK_32LED);    OUTPUT_LOW(RCK_32LED); 
....................       CHOT_IC_74573_A_GOI_DU_LIEU;       
.................... } 
.................... //HAM 302 
.................... //XXXXXXXXXXXXXXXXXXXXXXXXXXXXXXXXXXXXXXXXXXXX 
.................... //CHUONG TRINH CON XUAT 2 WORD 16 BITRA 32 LED DON 
.................... //XXXXXXXXXXXXXXXXXXXXXXXXXXXXXXXXXXXXXXXXXXXX 
.................... VOID XUAT_32LED_DON_2WORD(UNSIGNED INT16 WLD1, UNSIGNED INT16 WLD0) 
.................... {      
....................      UNSIGNED INT8  B3,B2,B1,B0; 
....................      B3 = WLD1>>8;  B2 = WLD1;  
....................      B1 = WLD0>>8;  B0 = WLD0; 
....................      XUAT_32LED_DON_4BYTE(B3,B2,B1,B0); 
.................... } 
.................... //HAM 303 
.................... //XXXXXXXXXXXXXXXXXXXXXXXXXXXXXXXXXXXXXXXXXXXX 
.................... //CHUONG TRINH CON XUAT 1 DOUBLE WORD RA 32 LED DON 
.................... //XXXXXXXXXXXXXXXXXXXXXXXXXXXXXXXXXXXXXXXXXXXX 
.................... VOID XUAT_32LED_DON_1DW(UNSIGNED LONG LONG DWLD) 
.................... {      
....................      UNSIGNED INT16  WD1,WD0; 
....................      WD1 = DWLD>>16;  WD0 = DWLD; 
....................      XUAT_32LED_DON_2WORD(WD1,WD0); 
.................... } 
....................  
.................... //HAM 304 
.................... //XXXXXXXXXXXXXXXXXXXXXXXXXXXXXXXXXXXXXXXXXXXX 
.................... //CHUONG TRINH CON MO 32 LED DON SANG 
.................... //XXXXXXXXXXXXXXXXXXXXXXXXXXXXXXXXXXXXXXXXXXXX 
.................... VOID MO_32LED_DON() 
.................... {         
....................      XUAT_32LED_DON_1DW(0XFFFFFFFF); 
.................... } 
.................... //HAM 305 
.................... //XXXXXXXXXXXXXXXXXXXXXXXXXXXXXXXXXXXXXXXXXXXX 
.................... //CHUONG TRINH CON TAT 32 LED DON  
.................... //XXXXXXXXXXXXXXXXXXXXXXXXXXXXXXXXXXXXXXXXXXXX 
.................... VOID TAT_32LED_DON() 
.................... {         
....................      XUAT_32LED_DON_1DW(0); 
.................... } 
.................... //XXXXXXXXXXXXXXXXXXXXXXXXXXXXXXXXXXXXXXXXXXXX     
.................... //XUAT 1 BIT ROI TRA LAI KET QUA SAU KHI DICH DI 1 BIT 
.................... //XXXXXXXXXXXXXXXXXXXXXXXXXXXXXXXXXXXXXXXXXXXX     
.................... UNSIGNED  INT8 XUAT_1BIT(UNSIGNED INT8 BYTEXUAT) 
.................... { 
....................       UNSIGNED INT8   XBITX;    
....................       #BIT BSERIX  = XBITX.0 
....................       XBITX = BYTEXUAT; 
....................                                              
....................       OUTPUT_BIT(SSDO,BSERIX);     
....................       OUTPUT_LOW(SSCK); OUTPUT_HIGH(SSCK); 
....................       XBITX= XBITX>>1;    
....................       RETURN(XBITX);   
.................... } 
.................... //XXXXXXXXXXXXXXXXXXXXXXXXXXXXXXXXXXXXXXXXXXXX  
.................... //HAM 101 
.................... //XXXXXXXXXXXXXXXXXXXXXXXXXXXXXXXXXXXXXXXXXXXX     
.................... //HAM KHOI TAO CAC PORT VA IC CHOT 
.................... //XXXXXXXXXXXXXXXXXXXXXXXXXXXXXXXXXXXXXXXXXXXX     
.................... VOID SET_UP_PORT_IC_CHOT() 
.................... {      
....................       SET_TRIS_D(0x00);     
*
0024:  MOVLW  00
0026:  MOVWF  F95
....................       SET_TRIS_E(0X00); 
0028:  MOVWF  F96
....................       OUTPUT_D(0XFF); 
002A:  CLRF   F95
002C:  SETF   F8C
....................       TIN_HIEU_DK_74573_A=0XFF;   
002E:  SETF   04
....................       TIN_HIEU_DK_74573_B=0XFF;       
0030:  SETF   05
....................       CHOT_IC_74573_A_GOI_DU_LIEU; 
0032:  BCF    F95.1
0034:  BCF    F8C.1
....................       CHOT_IC_74573_B_GOI_DU_LIEU;   
0036:  BCF    F95.0
0038:  BCF    F8C.0
....................       RBDC=0; 
003A:  CLRF   08
003C:  CLRF   07
003E:  GOTO   045A (RETURN)
.................... } 
.................... //HAM 104 
.................... //XXXXXXXXXXXXXXXXXXXXXXXXXXXXXXXXXXXXXXXXXXXX     
.................... //XUAT CÁC THIEU DIEU KHIEN  
.................... //GIU NGUYEN CAC TRANG THAI CUA 2 MODULE KHAC 
.................... //XXXXXXXXXXXXXXXXXXXXXXXXXXXXXXXXXXXXXXXXXXXX     
.................... VOID MO_IC_74573_A_THONG_DL() 
.................... {      
....................       OUTPUT_D(0X00); 
*
02A4:  CLRF   F95
02A6:  CLRF   F8C
....................       OUTPUT_BIT(G_32LED,G_32A); 
02A8:  BTFSC  04.4
02AA:  BRA    02B0
02AC:  BCF    F8C.4
02AE:  BRA    02B2
02B0:  BSF    F8C.4
02B2:  BCF    F95.4
....................       OUTPUT_BIT(G_4LED7DOAN,G_4A); 
02B4:  BTFSC  04.6
02B6:  BRA    02BC
02B8:  BCF    F8C.6
02BA:  BRA    02BE
02BC:  BSF    F8C.6
02BE:  BCF    F95.6
....................       OUTPUT_BIT(G_LCD20X4,G_LCDA);   
02C0:  BTFSC  04.2
02C2:  BRA    02C8
02C4:  BCF    F8C.2
02C6:  BRA    02CA
02C8:  BSF    F8C.2
02CA:  BCF    F95.2
....................       CHO_IC_74573_A_GOI_DU_LIEU; 
02CC:  BCF    F95.1
02CE:  BSF    F8C.1
02D0:  GOTO   02F0 (RETURN)
.................... } 
.................... VOID MO_IC_74573_B_THONG_DL() 
.................... {      
....................       OUTPUT_D(0X00); 
....................       OUTPUT_BIT(G_MATRANLED,G_MTB); 
....................       OUTPUT_BIT(G_8LEDQUET,G_8B); 
....................       OUTPUT_BIT(G_BUZERELAY,G_RBDCB);  
....................       CHO_IC_74573_B_GOI_DU_LIEU; 
.................... } 
.................... //ham 401 
.................... //XXXXXXXXXXXXXXXXXXXXXXXXXXXXXXXXXXXXXXXXXXXX 
.................... //CHUONG TRINH CON XUAT 4 BYTE RA 4 LED 7 DOAN 
.................... //XXXXXXXXXXXXXXXXXXXXXXXXXXXXXXXXXXXXXXXXXXXX 
.................... VOID XUAT_4LED_7DOAN_4SO(UNSIGNED INT BL743,BL742,BL741,BL740) 
.................... {      
....................       XUAT_1BYTE(BL740);   XUAT_1BYTE(BL741); 
02D4:  MOVFF  23,24
02D8:  RCALL  027A
02DA:  MOVFF  22,24
02DE:  RCALL  027A
....................       XUAT_1BYTE(BL742);   XUAT_1BYTE(BL743); 
02E0:  MOVFF  21,24
02E4:  RCALL  027A
02E6:  MOVFF  20,24
02EA:  RCALL  027A
....................        
....................       MO_4_LED_7DOAN; 
02EC:  BCF    04.6
....................       MO_IC_74573_A_THONG_DL(); 
02EE:  BRA    02A4
....................         
....................       OUTPUT_LOW(RCK_4LED7DOAN);   OUTPUT_HIGH(RCK_4LED7DOAN);  
02F0:  BCF    F95.7
02F2:  BCF    F8C.7
02F4:  BCF    F95.7
02F6:  BSF    F8C.7
....................       CHOT_IC_74573_A_GOI_DU_LIEU; 
02F8:  BCF    F95.1
02FA:  BCF    F8C.1
02FC:  GOTO   0424 (RETURN)
.................... } 
.................... //ham 404 
.................... VOID XUAT_4LED_7DOAN_3SO(UNSIGNED INT BL742,BL741,BL740) 
.................... {      
....................      XUAT_4LED_7DOAN_4SO(0XFF,BL742,BL741,BL740); 
.................... } 
.................... //ham 403 
.................... VOID XUAT_4LED_7DOAN_2SO(UNSIGNED INT BL741,BL740) 
.................... {      
....................      XUAT_4LED_7DOAN_4SO(0XFF,0XFF,BL741,BL740); 
.................... } 
.................... //ham 402 
.................... VOID XUAT_4LED_7DOAN_1SO(UNSIGNED INT BL740) 
.................... {      
....................      XUAT_4LED_7DOAN_4SO(0XFF,0XFF,0XFF,BL740); 
.................... } 
....................  
.................... //ham 405 
.................... //XXXXXXXXXXXXXXXXXXXXXXXXXXXXXXXXXXXXXXXXXXXXXXXXXXXXXXXXXXXXX 
.................... //CHUONG TRINH CON HIEN THI DU LIEU 16 BIT TREN 4 LED 7 DOAN 
.................... //XXXXXXXXXXXXXXXXXXXXXXXXXXXXXXXXXXXXXXXXXXXXXXXXXXXXXXXXXXXXX 
.................... UNSIGNED CHAR DONVI4,CHUC4,TRAM4,NGAN4; 
.................... VOID  XUAT_4LED_7DOAN_GIAIMA_XOA_SO0 (UNSIGNED INT16 TAM) 
.................... {          
....................       DONVI4 = MA7DOAN[TAM %10];          
0300:  MOVFF  1F,23
0304:  MOVFF  1E,22
0308:  CLRF   25
030A:  MOVLW  0A
030C:  MOVWF  24
030E:  RCALL  0238
0310:  MOVFF  00,20
0314:  MOVFF  03,21
0318:  MOVFF  03,03
031C:  MOVF   00,W
031E:  MOVFF  FF2,22
0322:  BCF    FF2.7
0324:  RCALL  0004
0326:  BTFSC  22.7
0328:  BSF    FF2.7
032A:  MOVWF  09
....................       CHUC4  = MA7DOAN[TAM/10%10]; 
032C:  MOVFF  1F,23
0330:  MOVFF  1E,22
0334:  CLRF   25
0336:  MOVLW  0A
0338:  MOVWF  24
033A:  RCALL  0238
033C:  MOVFF  02,21
0340:  MOVFF  01,20
0344:  MOVFF  02,23
0348:  MOVFF  01,22
034C:  CLRF   25
034E:  MOVLW  0A
0350:  MOVWF  24
0352:  RCALL  0238
0354:  MOVFF  00,20
0358:  MOVFF  03,21
035C:  MOVFF  03,03
0360:  MOVF   00,W
0362:  MOVFF  FF2,22
0366:  BCF    FF2.7
0368:  RCALL  0004
036A:  BTFSC  22.7
036C:  BSF    FF2.7
036E:  MOVWF  0A
....................       TRAM4  = MA7DOAN[TAM/100%10];  
0370:  MOVFF  1F,23
0374:  MOVFF  1E,22
0378:  CLRF   25
037A:  MOVLW  64
037C:  MOVWF  24
037E:  RCALL  0238
0380:  MOVFF  02,21
0384:  MOVFF  01,20
0388:  MOVFF  02,23
038C:  MOVFF  01,22
0390:  CLRF   25
0392:  MOVLW  0A
0394:  MOVWF  24
0396:  RCALL  0238
0398:  MOVFF  00,20
039C:  MOVFF  03,21
03A0:  MOVFF  03,03
03A4:  MOVF   00,W
03A6:  MOVFF  FF2,22
03AA:  BCF    FF2.7
03AC:  RCALL  0004
03AE:  BTFSC  22.7
03B0:  BSF    FF2.7
03B2:  MOVWF  0B
....................       NGAN4  = MA7DOAN[TAM/1000%10];        
03B4:  MOVFF  1F,23
03B8:  MOVFF  1E,22
03BC:  MOVLW  03
03BE:  MOVWF  25
03C0:  MOVLW  E8
03C2:  MOVWF  24
03C4:  RCALL  0238
03C6:  MOVFF  02,21
03CA:  MOVFF  01,20
03CE:  MOVFF  02,23
03D2:  MOVFF  01,22
03D6:  CLRF   25
03D8:  MOVLW  0A
03DA:  MOVWF  24
03DC:  RCALL  0238
03DE:  MOVFF  00,20
03E2:  MOVFF  03,21
03E6:  MOVFF  03,03
03EA:  MOVF   00,W
03EC:  MOVFF  FF2,22
03F0:  BCF    FF2.7
03F2:  RCALL  0004
03F4:  BTFSC  22.7
03F6:  BSF    FF2.7
03F8:  MOVWF  0C
....................       IF (NGAN4==0XC0) 
03FA:  MOVF   0C,W
03FC:  SUBLW  C0
03FE:  BNZ   0412
....................       { 
....................          NGAN4=0XFF; 
0400:  SETF   0C
....................          IF (TRAM4==0XC0) 
0402:  MOVF   0B,W
0404:  SUBLW  C0
0406:  BNZ   0412
....................          { 
....................             TRAM4=0XFF; 
0408:  SETF   0B
....................             IF (CHUC4==0XC0)   CHUC4=0XFF; 
040A:  MOVF   0A,W
040C:  SUBLW  C0
040E:  BNZ   0412
0410:  SETF   0A
....................          } 
....................       } 
....................       XUAT_4LED_7DOAN_4SO(NGAN4,TRAM4,CHUC4,DONVI4);    
0412:  MOVFF  0C,20
0416:  MOVFF  0B,21
041A:  MOVFF  0A,22
041E:  MOVFF  09,23
0422:  BRA    02D4
0424:  GOTO   0506 (RETURN)
.................... } 
.................... UNSIGNED INT8 LCDDATA=0;  
.................... UNSIGNED INT8 LCDCONTROL=0; 
.................... UNSIGNED INT8 GLCDDATA=0; 
.................... UNSIGNED INT8 GLCDCONTROL=0;  
.................... //HAM 701 
.................... //XXXXXXXXXXXXXXXXXXXXXXXXXXXXXXXXXXXXXXXXXXXXXXXXXXXXXXXXXXXXX 
.................... //CHUONG TRINH CON XUAT DU LIEU 4 BYTE RA GLCD VA LCD 
.................... //XXXXXXXXXXXXXXXXXXXXXXXXXXXXXXXXXXXXXXXXXXXXXXXXXXXXXXXXXXXXX 
.................... VOID XUAT_GLCD_LCD() 
.................... {       
....................     XUAT_1BYTE(GLCDCONTROL);              
....................     XUAT_1BYTE(GLCDDATA); 
....................     XUAT_1BYTE(LCDCONTROL);        
....................     XUAT_1BYTE(LCDDATA);       
....................        
....................     MO_GLCD_LCD; 
....................     MO_IC_74573_A_THONG_DL();             
....................     OUTPUT_HIGH(RCK_LCD20X4);      
....................     OUTPUT_LOW(RCK_LCD20X4); 
....................     CHOT_IC_74573_A_GOI_DU_LIEU; 
.................... } 
.................... //HAM 702 
.................... VOID XUAT_LCD20X4(UNSIGNED INT8 LCD_SIGNAL,LCD_INS_HTHI) 
.................... {      
....................     LCDCONTROL = ~LCD_SIGNAL; 
....................     LCDDATA    = ~LCD_INS_HTHI;       
....................     XUAT_GLCD_LCD(); 
.................... } 
.................... //HAM 703 
.................... VOID XUAT_GLCD128X64(UNSIGNED INT8 GLCD_SIGNAL,GLCD_INS_HTHI) 
.................... {      
....................     GLCDCONTROL = ~GLCD_SIGNAL; 
....................     GLCDDATA    = ~GLCD_INS_HTHI;      
....................     XUAT_GLCD_LCD(); 
.................... } 
.................... //HAM 501 
.................... //XXXXXXXXXXXXXXXXXXXXXXXXXXXXXXXXXXXXXXXXXXXX 
.................... //CHUONG TRINH CON XUAT 2 BYTE RA DK 1 LED QUET SANG 
.................... //XXXXXXXXXXXXXXXXXXXXXXXXXXXXXXXXXXXXXXXXXXXX 
.................... VOID XUAT_8LED_7DOAN_QUET_1(UNSIGNED INT MA,SO_HTHI) 
.................... {      
....................       XUAT_1BYTE(~MA);   XUAT_1BYTE(~SO_HTHI); 
....................        
....................       MO_8_LED_QUET; 
....................       MO_IC_74573_B_THONG_DL(); 
....................        
....................       OUTPUT_HIGH(RCK_8LEDQUET); OUTPUT_LOW(RCK_8LEDQUET); 
....................       CHOT_IC_74573_B_GOI_DU_LIEU; 
.................... } 
.................... //HAM 502 
.................... //XXXXXXXXXXXXXXXXXXXXXXXXXXXXXXXXXXXXXXXXXXXX 
.................... //CHUONG TRINH CON XUAT 2 BYTE RA TAT 8 LED QUET 
.................... //XXXXXXXXXXXXXXXXXXXXXXXXXXXXXXXXXXXXXXXXXXXX 
.................... VOID XUAT_8LED_7DOAN_QUET_TAT_LED() 
.................... { 
....................    XUAT_8LED_7DOAN_QUET_1(0XFF,0XFF); 
.................... } 
.................... //HAM 503 
.................... //XXXXXXXXXXXXXXXXXXXXXXXXXXXXXXXXXXXXXXXXXXXX 
.................... //CHUONG TRINH CON HIEN THI LED THEO THU TU 
.................... //XXXXXXXXXXXXXXXXXXXXXXXXXXXXXXXXXXXXXXXXXXXX 
.................... CONST UNSIGNED CHAR TTLEDQUET[8]= {0x7F,0xBF,0xDF,0xEF,0xF7,0xFB,0xFD,0xFE}; 
.................... VOID XUAT_8LED_7DOAN_QUET_2(UNSIGNED INT THUTULED,SO_HTHI) 
.................... {          
....................       XUAT_1BYTE(~ (TTLEDQUET[THUTULED]));   XUAT_1BYTE(~SO_HTHI);      
....................       MO_8_LED_QUET; 
....................       MO_IC_74573_B_THONG_DL(); 
....................       OUTPUT_HIGH(RCK_8LEDQUET); OUTPUT_LOW(RCK_8LEDQUET); 
....................       CHOT_IC_74573_B_GOI_DU_LIEU; 
.................... } 
.................... //HAM 504 
.................... //XXXXXXXXXXXXXXXXXXXXXXXXXXXXXXXXXXXXXXXXXXXX 
.................... //CHUONG TRINH CON HIEN THI 8 SO TREN 8 LED QUET - CO KIEM TRA 
.................... //XXXXXXXXXXXXXXXXXXXXXXXXXXXXXXXXXXXXXXXXXXXX 
.................... UNSIGNED INT8 LED_7DQ[8]={0XFF,0XFF,0XFF,0XFF,0XFF,0XFF,0XFF,0XFF}; 
.................... UNSIGNED INT8 TT8LED=0; 
.................... VOID HIEN_THI_8LED_7DOAN_QUET() 
.................... {      
....................       FOR(TT8LED=0;TT8LED<8;TT8LED++) 
....................          IF (LED_7DQ[TT8LED]!=0XFF) 
....................          {            
....................             XUAT_8LED_7DOAN_QUET_2(TT8LED, LED_7DQ[TT8LED]); 
....................             DELAY_US(100); 
....................             XUAT_8LED_7DOAN_QUET_TAT_LED();            
....................             } 
.................... } 
.................... //HAM 505 
.................... //XXXXXXXXXXXXXXXXXXXXXXXXXXXXXXXXXXXXXXXXXXXX 
.................... //CHUONG TRINH CON HIEN THI 8 SO TREN 8 LED QUET - KHONG KIEM TRA 
.................... //XXXXXXXXXXXXXXXXXXXXXXXXXXXXXXXXXXXXXXXXXXXX 
.................... VOID HIEN_THI_8LED_7DOAN_QUET_ALL() 
.................... {      
....................       FOR(TT8LED=0;TT8LED<8;TT8LED++)          
....................          {            
....................             XUAT_8LED_7DOAN_QUET_2(TT8LED, LED_7DQ[TT8LED]); 
....................             DELAY_US(100); 
....................             XUAT_8LED_7DOAN_QUET_TAT_LED();            
....................             } 
.................... } 
....................  
.................... VOID DELAY_QUET_8LED(UNSIGNED INT16 DL) 
.................... {  
....................       UNSIGNED INT8 I; 
....................       FOR (I=0; I<DL;I++) 
....................       HIEN_THI_8LED_7DOAN_QUET_ALL(); 
.................... }  
....................  
.................... VOID GIAI_MA_GAN_CHO_8LED_QUET_16_XOA(UNSIGNED INT16 X) 
.................... {      
....................       LED_7DQ[0]= MA7DOAN [X %10];     
....................       LED_7DQ[1]= MA7DOAN [X/10%10]; 
....................       LED_7DQ[2]= MA7DOAN [X/100%10];     
....................       LED_7DQ[3]= MA7DOAN [X/1000%10]; 
....................       LED_7DQ[4]= MA7DOAN [X/10000%10]; 
....................       IF (LED_7DQ[4]==MASO0)  
....................       { 
....................             LED_7DQ[4]=0XFF; 
....................             IF (LED_7DQ[3]==MASO0)  
....................             { 
....................                LED_7DQ[3]=0XFF; 
....................                IF (LED_7DQ[2]==MASO0)  
....................                { 
....................                   LED_7DQ[2]=0XFF; 
....................                   IF (LED_7DQ[1]==MASO0)  
....................                   { 
....................                      LED_7DQ[1]=0XFF; 
....................                   } 
....................                } 
....................             } 
....................       } 
....................              
.................... } 
.................... //XXXXXXXXXXXXXXXXXXXXXXXXXXXXXXXXXXXXXXXXXXXX          
.................... VOID XUAT_2BYTE(UNSIGNED INT16 BYTE2XUAT) 
.................... { 
....................    INT8 SBB; 
....................    UNSIGNED INT16   XX;   //SHORT  BSERI; 
....................    #BIT BSERIX  = XX.15 
....................    XX = BYTE2XUAT; 
....................    FOR (SBB=0;SBB<16;SBB++) 
....................       {                                                  
....................          OUTPUT_BIT(SSDO,BSERIX);     
....................          OUTPUT_LOW(SSCK);          
....................          OUTPUT_HIGH(SSCK); 
....................          XX= XX<<1;          
....................      } 
.................... } 
.................... //XXXXXXXXXXXXXXXXXXXXXXXXXXXXXXXXXXXXXXXXXXXX 
.................... //CHUONG TRINH CON XUAT RA LED MA TRAN 
.................... //XXXXXXXXXXXXXXXXXXXXXXXXXXXXXXXXXXXXXXXXXXXX 
.................... VOID XUAT_MATRANLED(UNSIGNED INT16 MAHANG,UNSIGNED INT16 MACOT1, 
.................... UNSIGNED INT16 MACOT2,UNSIGNED INT16 MACOT3) 
.................... {       
....................       XUAT_2BYTE(MACOT3); 
....................       XUAT_2BYTE(MACOT2); 
....................       XUAT_2BYTE(MACOT1); 
....................       XUAT_2BYTE(MAHANG); 
....................        
....................       MO_LED_MATRAN; 
....................       MO_IC_74573_B_THONG_DL(); 
....................        
....................       OUTPUT_HIGH(RCK_MATRANLED); OUTPUT_LOW(RCK_MATRANLED);  
....................       CHOT_IC_74573_B_GOI_DU_LIEU; 
.................... } 
.................... //XXXXXXXXXXXXXXXXXXXXXXXXXXXXXXXXXXXXXXXXXXXX 
.................... //CHUONG TRINH CON XUAT RA LED MA TRAN 
.................... //XXXXXXXXXXXXXXXXXXXXXXXXXXXXXXXXXXXXXXXXXXXX 
.................... VOID TAT_MATRANLED() 
.................... {       
....................       XUAT_2BYTE(0); 
....................       XUAT_2BYTE(0); 
....................       XUAT_2BYTE(0); 
....................       XUAT_2BYTE(0);            
....................       OUTPUT_HIGH(RCK_MATRANLED);  
....................       OUTPUT_LOW(RCK_MATRANLED); 
.................... } 
.................... UNSIGNED  INT8 HIEU_CHINH_4BIT_CAO(UNSIGNED INT8 XZY) 
.................... { 
....................       INT1  BTG; 
....................       UNSIGNED INT8   BX;    
....................       #BIT BIT4  = BX.4 
....................       #BIT BIT5  = BX.5 
....................       #BIT BIT6  = BX.6 
....................       #BIT BIT7  = BX.7 
....................       BX=XZY; 
....................       BTG=BIT4;   BIT4=BIT7;  BIT7=BTG; 
....................       BTG=BIT5;   BIT5=BIT6;  BIT6=BTG;       
....................       RETURN(BX);   
.................... } 
.................... //HAM 601 
.................... //XXXXXXXXXXXXXXXXXXXXXXXXXXXXXXXXXXXXXXXXXXXXXXXXXXXX 
.................... //MODULE DIEU KHIEN RELAY,TRIAC, BUZZER, DONG CO, SIM 
.................... //XXXXXXXXXXXXXXXXXXXXXXXXXXXXXXXXXXXXXXXXXXXXXXXXXXXX 
.................... VOID XUAT_BUZZER_RELAY() 
.................... {      
....................    UNSIGNED INT8 RBDC1,RBDC2; 
....................       RBDC1=RBDC; RBDC2=RBDC>>8;       
....................       XUAT_1BYTE(RBDC2);       
....................       XUAT_1BYTE(RBDC1); 
....................       MO_RELAY_BUZZER_DC; 
....................       MO_IC_74573_B_THONG_DL(); 
....................        
....................       OUTPUT_HIGH(RCK_BUZERELAY);   OUTPUT_LOW(RCK_BUZERELAY); 
....................       CHOT_IC_74573_B_GOI_DU_LIEU; 
.................... } 
.................... //HAM 602 
.................... //XXXXXXXXXXXXXXXXXXXXXXXXXXXXXXXXXXXXXXXXXXXXXXXXXXXX 
.................... VOID BUZZER_ON() 
.................... {     
....................       BUZZER=1; 
....................       XUAT_BUZZER_RELAY();          
.................... } 
.................... //HAM 603 
.................... //XXXXXXXXXXXXXXXXXXXXXXXXXXXXXXXXXXXXXXXXXXXXXXXXXXXX 
.................... VOID BUZZER_OFF() 
.................... {      
....................       BUZZER=0; 
....................       XUAT_BUZZER_RELAY(); 
.................... } 
.................... //HAM 604 
.................... //XXXXXXXXXXXXXXXXXXXXXXXXXXXXXXXXXXXXXXXXXXXXXXXXXXXX 
.................... VOID RELAY_1_ON() 
.................... {     
....................       RELAY_1=1; 
....................       XUAT_BUZZER_RELAY();          
.................... } 
.................... //HAM 603 
.................... //XXXXXXXXXXXXXXXXXXXXXXXXXXXXXXXXXXXXXXXXXXXXXXXXXXXX 
.................... VOID RELAY_1_OFF() 
.................... {     
....................       RELAY_1=0; 
....................       XUAT_BUZZER_RELAY();          
.................... } 
.................... //HAM 604 
.................... //XXXXXXXXXXXXXXXXXXXXXXXXXXXXXXXXXXXXXXXXXXXXXXXXXXXX 
.................... VOID RELAY_2_ON() 
.................... {     
....................       RELAY_2=1; 
....................       XUAT_BUZZER_RELAY();          
.................... } 
.................... //HAM 607 
.................... //XXXXXXXXXXXXXXXXXXXXXXXXXXXXXXXXXXXXXXXXXXXXXXXXXXXX 
.................... VOID RELAY_2_OFF() 
.................... {     
....................       RELAY_2=0; 
....................       XUAT_BUZZER_RELAY();          
.................... } 
.................... //HAM 608 
.................... //XXXXXXXXXXXXXXXXXXXXXXXXXXXXXXXXXXXXXXXXXXXXXXXXXXXX 
.................... VOID RELAY_1_RELAY_2_ON() 
.................... {     
....................       RELAY_1=1;  RELAY_2=1; 
....................       XUAT_BUZZER_RELAY();          
.................... } 
.................... //HAM 609 
.................... //XXXXXXXXXXXXXXXXXXXXXXXXXXXXXXXXXXXXXXXXXXXXXXXXXXXX 
.................... VOID RELAY_1_RELAY_2_OFF() 
.................... {     
....................       RELAY_1=0;  RELAY_2=0; 
....................       XUAT_BUZZER_RELAY();          
.................... } 
.................... //HAM 610 
.................... //XXXXXXXXXXXXXXXXXXXXXXXXXXXXXXXXXXXXXXXXXXXXXXXXXXXX 
.................... VOID TRIAC_1_ON() 
.................... {     
....................       TRIAC_1=1; 
....................       XUAT_BUZZER_RELAY();          
.................... } 
.................... //HAM 611 
.................... //XXXXXXXXXXXXXXXXXXXXXXXXXXXXXXXXXXXXXXXXXXXXXXXXXXXX 
.................... VOID TRIAC_1_OFF() 
.................... {     
....................       TRIAC_1=0; 
....................       XUAT_BUZZER_RELAY();          
.................... } 
.................... //HAM 612 
.................... //XXXXXXXXXXXXXXXXXXXXXXXXXXXXXXXXXXXXXXXXXXXXXXXXXXXX 
.................... VOID TRIAC_2_ON() 
.................... {     
....................       TRIAC_2=1; 
....................       XUAT_BUZZER_RELAY();          
.................... } 
.................... //HAM 613 
.................... //XXXXXXXXXXXXXXXXXXXXXXXXXXXXXXXXXXXXXXXXXXXXXXXXXXXX 
.................... VOID TRIAC_2_OFF() 
.................... {     
....................       TRIAC_2=0; 
....................       XUAT_BUZZER_RELAY();          
.................... } 
.................... //XXXXXXXXXXXXXXXXXXXXXXXXXXXXXXXXXXXXXXXXXXXX 
....................  
....................  
....................  
....................  
.................... unsigned INT8 j, solan=100; 
.................... unsigned INT16 lm35a; 
....................  
.................... void main() 
0428:  CLRF   FF8
042A:  BCF    FD0.7
042C:  CLRF   06
042E:  CLRF   0D
0430:  CLRF   0E
0432:  CLRF   0F
0434:  CLRF   10
0436:  CLRF   19
0438:  MOVLW  64
043A:  MOVWF  1B
043C:  MOVF   FC1,W
043E:  ANDLW  C0
0440:  IORLW  0F
0442:  MOVWF  FC1
0444:  MOVLW  07
0446:  MOVWF  FB4
0448:  SETF   11
044A:  SETF   12
044C:  SETF   13
044E:  SETF   14
0450:  SETF   15
0452:  SETF   16
0454:  SETF   17
0456:  SETF   18
.................... { 
....................    set_up_port_ic_chot(); 
0458:  BRA    0024
....................    setup_adc(adc_clock_div_32); 
045A:  MOVF   FC0,W
045C:  ANDLW  C0
045E:  IORLW  02
0460:  MOVWF  FC0
0462:  BSF    FC0.7
0464:  BSF    FC2.0
....................    setup_adc_ports(an0|vss_vdd ); 
0466:  MOVF   FC1,W
0468:  ANDLW  C0
046A:  IORLW  0E
046C:  MOVWF  FC1
....................    set_adc_channel(0); 
046E:  MOVLW  00
0470:  MOVWF  01
0472:  MOVF   FC2,W
0474:  ANDLW  C3
0476:  IORWF  01,W
0478:  MOVWF  FC2
....................  
....................    WHILE(true) 
....................    { 
....................       lm35a = 0; 
047A:  CLRF   1D
047C:  CLRF   1C
....................       FOR (j=0; j<solan; j++) 
047E:  CLRF   1A
0480:  MOVF   1B,W
0482:  SUBWF  1A,W
0484:  BC    049E
....................       { 
....................          lm35a = lm35a + read_adc(); 
0486:  BSF    FC2.1
0488:  BTFSC  FC2.1
048A:  BRA    0488
048C:  MOVF   FC3,W
048E:  ADDWF  1C,F
0490:  MOVF   FC4,W
0492:  ADDWFC 1D,F
....................          delay_ms(1); 
0494:  MOVLW  01
0496:  MOVWF  1E
0498:  BRA    0042
049A:  INCF   1A,F
049C:  BRA    0480
....................       } 
....................  
....................       lm35a = lm35a /2.046; 
049E:  MOVFF  1D,1F
04A2:  MOVFF  1C,1E
04A6:  BRA    006A
04A8:  MOVFF  03,21
04AC:  MOVFF  02,20
04B0:  MOVFF  01,1F
04B4:  MOVFF  00,1E
04B8:  MOVLW  AA
04BA:  MOVWF  25
04BC:  MOVLW  F1
04BE:  MOVWF  24
04C0:  MOVLW  02
04C2:  MOVWF  23
04C4:  MOVLW  80
04C6:  MOVWF  22
04C8:  BRA    00A2
04CA:  MOVFF  03,21
04CE:  MOVFF  02,20
04D2:  MOVFF  01,1F
04D6:  MOVFF  00,1E
04DA:  BRA    01FE
04DC:  MOVFF  02,1D
04E0:  MOVFF  01,1C
....................       lm35a = lm35a /solan; 
04E4:  MOVFF  1D,23
04E8:  MOVFF  1C,22
04EC:  CLRF   25
04EE:  MOVFF  1B,24
04F2:  RCALL  0238
04F4:  MOVFF  02,1D
04F8:  MOVFF  01,1C
....................       xuat_4led_7doan_giaima_xoa_so0(lm35a); 
04FC:  MOVFF  1D,1F
0500:  MOVFF  1C,1E
0504:  BRA    0300
0506:  BRA    047A
....................    } 
.................... } 
....................  
0508:  SLEEP 

Configuration Fuses:
   Word  1: CC27   PLL12 CPUDIV1 USBDIV HS FCMEN IESO
   Word  2: 1E3E   PUT BROWNOUT BORV21 VREGEN NOWDT WDT32768
   Word  3: 8700   CCP2C1 PBADEN LPT1OSC MCLR
   Word  4: 00A1   STVREN NOLVP ICSP2 NOXINST NODEBUG
   Word  5: C00F   NOPROTECT NOCPB NOCPD
   Word  6: E00F   NOWRT NOWRTC NOWRTB NOWRTD
   Word  7: 400F   NOEBTR NOEBTRB
