
ROM used:   1132/32768 (3%)
            1132/32768 (3%) including unused fragments

            0.7 Average locations per line
            3.3 Average locations per statement

RAM used:   49/2048 (2%) at main() level
            56/2048 (3%) worst case

Stack used: 6 worst case (5 in main + 1 for interrupts)
Stack size: 31

Lines Stmts  %   Files
----- ----- ---  -----
  148    99  29  BAI_515_GIO_PHUT_GIAY_KEY_fix.c
  702   244  71  TV_PICKIT2_SHIFT_1.C
  837     0   0  ..\..\..\..\..\Program Files (x86)\PICC\Devices\18F4550.H
----- -----
 1687   343 Total

Page ROM  %  RAM   Vol Diff  Functions:
---- --- --- ---   --- ----  ----------
0     42   2    0             @const686
0     42   2    3   271  4.3  XUAT_1BYTE
0     30   1    0   152  1.8  SET_UP_PORT_IC_CHOT
0     46   2    0   119  1.7  MO_IC_74573_B_THONG_DL
0     44   2    3   172  2.7  XUAT_8LED_7DOAN_QUET_1
0     10   0    0    25  1.2  XUAT_8LED_7DOAN_QUET_TAT_LED
0     34   2    0             @const753
0     60   3    3   190  3.1  XUAT_8LED_7DOAN_QUET_2
0     74   3    1   178  4.9  HIEN_THI_8LED_7DOAN_QUET
0     16   1    0    29  1.2  INTERRUPT_TIMER1
0    194   9    1   658  5.3  GIAI_MA_GAN_CHO_8LED_QUET
0     72   3    4   104  3.2  @DIVS88
0     30   1    0   163  4.2  PHIM_MOD
0     78   3    0   467  7.4  PHIM_UP
0     78   3    0   467  7.4  PHIM_DW
0    136   6    0   679  5.8  MAIN
 Inline         0   370  4.2  @cinit1

Program metrics:
    Functions               15
    Statements              343
    Comments                335
    Volume (V)              6854
    Difficulty (D)          59.5
    Effort to implement (E) 407541
    Time to implement (T)   6 hours, 17 minutes
    Est Delivered Bugs (B)  2
    Cyclomatic Complexity   37
    Maintainability (MI)    131

 Segment     Used  Free
-----------  ----  ----
00000-00002     4  0  
00004-00006     0  4  
00008-00094   142  0  
00096-07FFE   986  31632  



