
ROM used:   3258/32768 (10%)
            3258/32768 (10%) including unused fragments

            1.5 Average locations per line
            4.9 Average locations per statement

RAM used:   58/2048 (3%) at main() level
            71/2048 (3%) worst case

Stack used: 8 worst case (8 in main + 0 for interrupts)
Stack size: 31

Lines Stmts  %   Files
----- ----- ---  -----
  483   330  50  BAI_809_I2C_RT_LCD_TO_NHO.c
  702   244  37  tv_pickit2_shift_1.c
  837     0   0  ..\..\..\..\..\Program Files (x86)\PICC\Devices\18F4550.H
  121    62   9  TV_PICKIT2_SHIFT_DS13B07_I2C.c
   99    25   4  TV_PICKIT2_SHIFT_LCD.c
----- -----
 2242   661 Total

Page ROM  %  RAM   Vol Diff  Functions:
---- --- --- ---   --- ----  ----------
0     72   1    3             @I2C_READ_1
0     72   1    1             @I2C_WRITE_1
0     38   1    1             @delay_ms1
0     42   1    3   271  4.3  XUAT_1BYTE
0     30   0    0   152  1.8  SET_UP_PORT_IC_CHOT
0     48   1    0   119  1.7  MO_IC_74573_A_THONG_DL
0     44   1    0   172  1.8  XUAT_GLCD_LCD
0     16   0    2    80  2.7  XUAT_LCD20X4
0     26   0    1   102  2.1  LCD_XUAT_8BIT
0     22   0    1    61  1.6  LCD_COMMAND
0     22   0    1    61  1.6  LCD_DATA
0     72   1    0   245  1.8  SETUP_LCD
0    136   2    0             @const813
0     80   1    0             @const817
0     20   0    0             @const823
0     26   0    3   147  3.7  LCD_GOTO_XY
0     40   1    0   174  1.8  THIET_LAP_THOI_GIAN_HIEN_TAI
0    134   2    0   253  1.4  NAP_THOI_GIAN_HTAI_VAO_DS13B07
0    214   3    0   351  1.9  DOC_THOI_GIAN_TU_REALTIME
0    220   3    1   743  2.9  HIEN_THI_THOI_GIAN_DS13B07
0     92   1    0   561  4.3  nhap_nhay_nho
0    162   2    1   763  4.8  giaima_hienthi_nho
0    138   2    0   508  1.4  HT_DS1307_nho
0      6   0    0    61  1.6  @const865
0     32   0    2   292  1.7  @PSTRINGC_810
0     36   1    0   163  3.0  phim_nhan
0     96   1    5   255  5.5  lcd_hienthi_so_z_toado_xy
0     76   1    2   510  8.0  @MUL88
0    134   2    4   642  4.7  giaima_hienthi_to
0    154   2    0   595  1.9  HT_DS1307_to
0      6   0    0   581  6.2  @const878
0     90   1    4   536  4.1  nhap_nhay_to
0     18   0    1    42  1.4  hien_thi_gia_tri_mod
0     42   1    0   207  4.4  phim_mod
0     24   0    2   160  4.5  hieu_chinh_so_bcd_tang
0     24   0    2   160  4.5  hieu_chinh_so_bcd_giam
0      6   0    0    21  1.0  luu_giai_ma_hien_thi_sau_khi_chinh
0    236   4    0  1458  7.3  phim_up
0    232   4    0  1458  7.3  phim_dw
0     42   1    4   235  5.2  delay_mssv
0    234   4    1  1056  6.3  MAIN
 Inline         0   138  3.3  @cinit1

Program metrics:
    Functions               36
    Statements              661
    Comments                398
    Volume (V)              24762
    Difficulty (D)          124.2
    Effort to implement (E) 3074795
    Time to implement (T)   47 hours, 27 minutes
    Est Delivered Bugs (B)  7
    Cyclomatic Complexity   78
    Maintainability (MI)    44

 Segment     Used  Free
-----------  ----  ----
00000-00002     4  0  
00004-07FFE  3254  29510  



