CCS PCH C Compiler, Version 5.015, 5967               10-Aug-20 15:32

               Filename:   C:\Users\tsqua\OneDrive - student.mtsac.edu\Desktop\BAI_TAP_VXL_NEW_3\BAI_704_LM35A_BUZZ_AUTO_LCD_FONT_TO.lst

               ROM used:   2286 bytes (7%)
                           Largest free fragment is 30482
               RAM used:   37 (2%) at main() level
                           51 (2%) worst case
               Stack used: 8 locations
               Stack size: 31

*
0000:  GOTO   0802
....................  
.................... #include <tv_pickit2_shift_1.c> 
.................... #INCLUDE    <18F4550.H> 
.................... //////////// Standard Header file for the PIC18F4550 device //////////////// 
.................... /////////////////////////////////////////////////////////////////////////// 
.................... ////        (C) Copyright 1996, 2013 Custom Computer Services          //// 
.................... //// This source code may only be used by licensed users of the CCS C  //// 
.................... //// compiler.  This source code may only be distributed to other      //// 
.................... //// licensed users of the CCS C compiler.  No other use, reproduction //// 
.................... //// or distribution is permitted without written permission.          //// 
.................... //// Derivative programs created using this software in object code    //// 
.................... //// form are not restricted in any way.                               //// 
.................... /////////////////////////////////////////////////////////////////////////// 
.................... #device PIC18F4550 
0004:  CLRF   FF7
0006:  ADDLW  14
0008:  MOVWF  FF6
000A:  MOVLW  00
000C:  ADDWFC FF7,F
000E:  TBLRD*+
0010:  MOVF   FF5,W
0012:  RETURN 0
0014:  DATA C0,F9
0016:  DATA A4,B0
0018:  DATA 99,92
001A:  DATA 82,F8
001C:  DATA 80,90
001E:  DATA 88,83
0020:  DATA C6,A1
0022:  DATA 86,8E
0024:  CLRF   FF7
0026:  ADDLW  34
0028:  MOVWF  FF6
002A:  MOVLW  00
002C:  ADDWFC FF7,F
002E:  TBLRD*+
0030:  MOVF   FF5,W
0032:  RETURN 0
0034:  DATA 00,01
0036:  DATA 02,05
0038:  DATA 03,04
003A:  DATA 01,02
003C:  DATA 20,03
003E:  DATA 07,03
0040:  DATA 06,06
0042:  DATA 02,05
0044:  DATA 03,03
0046:  DATA 06,06
0048:  DATA 02,03
004A:  DATA 03,04
004C:  DATA 07,03
004E:  DATA 07,20
0050:  DATA 20,07
0052:  DATA 07,06
0054:  DATA 06,03
0056:  DATA 03,04
0058:  DATA 00,06
005A:  DATA 06,05
005C:  DATA 03,04
005E:  DATA 01,01
0060:  DATA 07,20
0062:  DATA 20,07
0064:  DATA 00,06
0066:  DATA 02,05
0068:  DATA 03,04
006A:  DATA 00,06
006C:  DATA 02,03
006E:  DATA 03,04
0070:  DATA 20,20
0072:  DATA 20,20
0074:  DATA 20,20
0076:  DATA 00,06
0078:  DATA 02,05
007A:  DATA 20,20
007C:  DATA 20,20
007E:  DATA 20,20
0080:  DATA 07,20
0082:  CLRF   FF7
0084:  ADDLW  92
0086:  MOVWF  FF6
0088:  MOVLW  00
008A:  ADDWFC FF7,F
008C:  TBLRD*+
008E:  MOVF   FF5,W
0090:  RETURN 0
0092:  DATA 07,0F
0094:  DATA 1F,1F
0096:  DATA 1F,1F
0098:  DATA 1F,1F
009A:  DATA 1F,1F
009C:  DATA 1F,00
009E:  DATA 00,00
00A0:  DATA 00,00
00A2:  DATA 1C,1E
00A4:  DATA 1F,1F
00A6:  DATA 1F,1F
00A8:  DATA 1F,1F
00AA:  DATA 00,00
00AC:  DATA 00,00
00AE:  DATA 00,1F
00B0:  DATA 1F,1F
00B2:  DATA 1F,1F
00B4:  DATA 1F,1F
00B6:  DATA 1F,1F
00B8:  DATA 1E,1C
00BA:  DATA 1F,1F
00BC:  DATA 1F,1F
00BE:  DATA 1F,1F
00C0:  DATA 0F,07
00C2:  DATA 1F,1F
00C4:  DATA 1F,00
00C6:  DATA 00,00
00C8:  DATA 1F,1F
00CA:  DATA 1F,1F
00CC:  DATA 1F,1F
00CE:  DATA 1F,1F
00D0:  DATA 1F,1F
00D2:  CLRF   FF7
00D4:  ADDLW  E2
00D6:  MOVWF  FF6
00D8:  MOVLW  00
00DA:  ADDWFC FF7,F
00DC:  TBLRD*+
00DE:  MOVF   FF5,W
00E0:  RETURN 0
00E2:  DATA 80,C0
00E4:  DATA 94,D4
*
0236:  MOVLW  8E
0238:  MOVWF  00
023A:  MOVFF  26,01
023E:  MOVFF  25,02
0242:  CLRF   03
0244:  MOVF   01,F
0246:  BNZ   025A
0248:  MOVFF  02,01
024C:  CLRF   02
024E:  MOVLW  08
0250:  SUBWF  00,F
0252:  MOVF   01,F
0254:  BNZ   025A
0256:  CLRF   00
0258:  BRA    026A
025A:  BCF    FD8.0
025C:  BTFSC  01.7
025E:  BRA    0268
0260:  RLCF   02,F
0262:  RLCF   01,F
0264:  DECF   00,F
0266:  BRA    025A
0268:  BCF    01.7
026A:  GOTO   0888 (RETURN)
026E:  MOVF   25,W
0270:  BTFSC  FD8.2
0272:  BRA    03BE
0274:  MOVWF  31
0276:  MOVF   29,W
0278:  BTFSC  FD8.2
027A:  BRA    03BE
027C:  SUBWF  31,F
027E:  BNC   028A
0280:  MOVLW  7F
0282:  ADDWF  31,F
0284:  BTFSC  FD8.0
0286:  BRA    03BE
0288:  BRA    0296
028A:  MOVLW  81
028C:  SUBWF  31,F
028E:  BTFSS  FD8.0
0290:  BRA    03BE
0292:  BTFSC  FD8.2
0294:  BRA    03BE
0296:  MOVFF  31,00
029A:  CLRF   01
029C:  CLRF   02
029E:  CLRF   03
02A0:  CLRF   30
02A2:  MOVFF  26,2F
02A6:  BSF    2F.7
02A8:  MOVFF  27,2E
02AC:  MOVFF  28,2D
02B0:  MOVLW  19
02B2:  MOVWF  31
02B4:  MOVF   2C,W
02B6:  SUBWF  2D,F
02B8:  BC    02D4
02BA:  MOVLW  01
02BC:  SUBWF  2E,F
02BE:  BC    02D4
02C0:  SUBWF  2F,F
02C2:  BC    02D4
02C4:  SUBWF  30,F
02C6:  BC    02D4
02C8:  INCF   30,F
02CA:  INCF   2F,F
02CC:  INCF   2E,F
02CE:  MOVF   2C,W
02D0:  ADDWF  2D,F
02D2:  BRA    0324
02D4:  MOVF   2B,W
02D6:  SUBWF  2E,F
02D8:  BC    02FE
02DA:  MOVLW  01
02DC:  SUBWF  2F,F
02DE:  BC    02FE
02E0:  SUBWF  30,F
02E2:  BC    02FE
02E4:  INCF   30,F
02E6:  INCF   2F,F
02E8:  MOVF   2B,W
02EA:  ADDWF  2E,F
02EC:  MOVF   2C,W
02EE:  ADDWF  2D,F
02F0:  BNC   0324
02F2:  INCF   2E,F
02F4:  BNZ   0324
02F6:  INCF   2F,F
02F8:  BNZ   0324
02FA:  INCF   30,F
02FC:  BRA    0324
02FE:  MOVF   2A,W
0300:  IORLW  80
0302:  SUBWF  2F,F
0304:  BC    0322
0306:  MOVLW  01
0308:  SUBWF  30,F
030A:  BC    0322
030C:  INCF   30,F
030E:  MOVF   2A,W
0310:  IORLW  80
0312:  ADDWF  2F,F
0314:  MOVF   2B,W
0316:  ADDWF  2E,F
0318:  BNC   02EC
031A:  INCF   2F,F
031C:  BNZ   02EC
031E:  INCF   30,F
0320:  BRA    02EC
0322:  BSF    03.0
0324:  DECFSZ 31,F
0326:  BRA    032A
0328:  BRA    0340
032A:  BCF    FD8.0
032C:  RLCF   2D,F
032E:  RLCF   2E,F
0330:  RLCF   2F,F
0332:  RLCF   30,F
0334:  BCF    FD8.0
0336:  RLCF   03,F
0338:  RLCF   02,F
033A:  RLCF   01,F
033C:  RLCF   32,F
033E:  BRA    02B4
0340:  BTFSS  32.0
0342:  BRA    0350
0344:  BCF    FD8.0
0346:  RRCF   01,F
0348:  RRCF   02,F
034A:  RRCF   03,F
034C:  RRCF   32,F
034E:  BRA    0354
0350:  DECF   00,F
0352:  BZ    03BE
0354:  BTFSC  32.7
0356:  BRA    0394
0358:  BCF    FD8.0
035A:  RLCF   2D,F
035C:  RLCF   2E,F
035E:  RLCF   2F,F
0360:  RLCF   30,F
0362:  MOVF   2C,W
0364:  SUBWF  2D,F
0366:  BC    0376
0368:  MOVLW  01
036A:  SUBWF  2E,F
036C:  BC    0376
036E:  SUBWF  2F,F
0370:  BC    0376
0372:  SUBWF  30,F
0374:  BNC   03AA
0376:  MOVF   2B,W
0378:  SUBWF  2E,F
037A:  BC    0386
037C:  MOVLW  01
037E:  SUBWF  2F,F
0380:  BC    0386
0382:  SUBWF  30,F
0384:  BNC   03AA
0386:  MOVF   2A,W
0388:  IORLW  80
038A:  SUBWF  2F,F
038C:  BC    0394
038E:  MOVLW  01
0390:  SUBWF  30,F
0392:  BNC   03AA
0394:  INCF   03,F
0396:  BNZ   03AA
0398:  INCF   02,F
039A:  BNZ   03AA
039C:  INCF   01,F
039E:  BNZ   03AA
03A0:  INCF   00,F
03A2:  BZ    03BE
03A4:  RRCF   01,F
03A6:  RRCF   02,F
03A8:  RRCF   03,F
03AA:  MOVFF  26,31
03AE:  MOVF   2A,W
03B0:  XORWF  31,F
03B2:  BTFSS  31.7
03B4:  BRA    03BA
03B6:  BSF    01.7
03B8:  BRA    03C6
03BA:  BCF    01.7
03BC:  BRA    03C6
03BE:  CLRF   00
03C0:  CLRF   01
03C2:  CLRF   02
03C4:  CLRF   03
03C6:  GOTO   08AA (RETURN)
03CA:  MOVLW  8E
03CC:  MOVWF  00
03CE:  MOVF   25,W
03D0:  SUBWF  00,F
03D2:  MOVFF  26,02
03D6:  MOVFF  27,01
03DA:  BSF    02.7
03DC:  MOVF   00,F
03DE:  BZ    03F2
03E0:  BCF    FD8.0
03E2:  MOVF   02,F
03E4:  BNZ   03EA
03E6:  MOVF   01,F
03E8:  BZ    03F2
03EA:  RRCF   02,F
03EC:  RRCF   01,F
03EE:  DECFSZ 00,F
03F0:  BRA    03E0
03F2:  BTFSS  26.7
03F4:  BRA    0400
03F6:  COMF   01,F
03F8:  COMF   02,F
03FA:  INCF   01,F
03FC:  BTFSC  FD8.2
03FE:  INCF   02,F
0400:  GOTO   08BC (RETURN)
0404:  CLRF   01
0406:  CLRF   02
0408:  CLRF   00
040A:  CLRF   03
040C:  MOVF   2C,W
040E:  BNZ   0414
0410:  MOVF   2B,W
0412:  BZ    0444
0414:  MOVLW  10
0416:  MOVWF  2D
0418:  BCF    FD8.0
041A:  RLCF   29,F
041C:  RLCF   2A,F
041E:  RLCF   00,F
0420:  RLCF   03,F
0422:  MOVF   2C,W
0424:  SUBWF  03,W
0426:  BNZ   042C
0428:  MOVF   2B,W
042A:  SUBWF  00,W
042C:  BNC   043C
042E:  MOVF   2B,W
0430:  SUBWF  00,F
0432:  BTFSS  FD8.0
0434:  DECF   03,F
0436:  MOVF   2C,W
0438:  SUBWF  03,F
043A:  BSF    FD8.0
043C:  RLCF   01,F
043E:  RLCF   02,F
0440:  DECFSZ 2D,F
0442:  BRA    0418
0444:  RETURN 0
*
05CA:  CLRF   00
05CC:  CLRF   01
05CE:  MOVF   28,W
05D0:  BCF    FD8.0
05D2:  BTFSC  29.0
05D4:  ADDWF  00,F
05D6:  RRCF   00,F
05D8:  RRCF   01,F
05DA:  BTFSC  29.1
05DC:  ADDWF  00,F
05DE:  RRCF   00,F
05E0:  RRCF   01,F
05E2:  BTFSC  29.2
05E4:  ADDWF  00,F
05E6:  RRCF   00,F
05E8:  RRCF   01,F
05EA:  BTFSC  29.3
05EC:  ADDWF  00,F
05EE:  RRCF   00,F
05F0:  RRCF   01,F
05F2:  BTFSC  29.4
05F4:  ADDWF  00,F
05F6:  RRCF   00,F
05F8:  RRCF   01,F
05FA:  BTFSC  29.5
05FC:  ADDWF  00,F
05FE:  RRCF   00,F
0600:  RRCF   01,F
0602:  BTFSC  29.6
0604:  ADDWF  00,F
0606:  RRCF   00,F
0608:  RRCF   01,F
060A:  BTFSC  29.7
060C:  ADDWF  00,F
060E:  RRCF   00,F
0610:  RRCF   01,F
0612:  GOTO   064A (RETURN)
....................  
.................... #list 
....................  
.................... #DEVICE     ADC=10 
.................... #FUSES      NOWDT,PUT,HS,NOPROTECT,NOLVP,CPUDIV1 
.................... #USE        I2C(MASTER,SLOW,SDA=PIN_B0,SCL=PIN_B1) 
.................... #USE        DELAY(CLOCK=20000000) 
*
01C8:  CLRF   FEA
01CA:  MOVLW  25
01CC:  MOVWF  FE9
01CE:  MOVF   FEF,W
01D0:  BZ    01EC
01D2:  MOVLW  06
01D4:  MOVWF  01
01D6:  CLRF   00
01D8:  DECFSZ 00,F
01DA:  BRA    01D8
01DC:  DECFSZ 01,F
01DE:  BRA    01D6
01E0:  MOVLW  7B
01E2:  MOVWF  00
01E4:  DECFSZ 00,F
01E6:  BRA    01E4
01E8:  DECFSZ FEF,F
01EA:  BRA    01D2
01EC:  RETURN 0
.................... //#USE        rs232(baud=9600, xmit=PIN_C6,rcv=PIN_C7) 
.................... //NUT NHAN: 
.................... #DEFINE  BT0     PIN_B5 
.................... #DEFINE  BT1     PIN_B4 
.................... #DEFINE  BT2     PIN_B3 
.................... #DEFINE  BT3     PIN_B2 
....................  
.................... #DEFINE  ON      BT0       //DK LED DON, MOTOR 
.................... #DEFINE  OFF     BT1 
.................... #DEFINE  INV     BT2 
....................  
.................... #DEFINE  UP      BT0    //DK LED DON 
.................... #DEFINE  DW      BT1 
.................... #DEFINE  CLR     BT2 
.................... #DEFINE  MOD     BT3 
....................  
.................... #DEFINE  STOP    BT3 
....................  
.................... #DEFINE  ON1     BT0      
.................... #DEFINE  OFF1    BT1 
.................... #DEFINE  ON2     BT2        
.................... #DEFINE  OFF2    BT3 
....................  
....................  
.................... #DEFINE     TRIGGER      PIN_E2 
.................... #DEFINE     ECHO         PIN_E1 
.................... //   IC74138_A    PIN_B6   //OUTPUT GIAI MA 2 SANG 4 TICH CUC MUC 0 
.................... //   IC74138_B    PIN_B7   //OUTPUT GIAI MA 2 SANG 4 TICH CUC MUC 0 
....................  
.................... //          ENCODER  PIN_C0   //RC0/T13CKI 
....................  
.................... //          CB_KC    PIN_A2   //RA2/AN2 
.................... //          PIR      PIN_A3   //RA3/AN3 
.................... //          CBXUNG   PIN_A4   //RA4/T0CKI 
.................... //          LEDTHU   PIN_A4   //RA4/T0CKI//SW802 
....................  
.................... //          CB_KCSA_TRIGGER  PIN_E2   //RE2/SDO  DUNG CHUNG 
.................... //          CB_KCSA_RCHO     PIN_E1   //RE1 
....................  
.................... //          CB_TCS3200_OUT    PIN_E1   //RE1 //CAM BIEN MAU TCS3200 
.................... //          CB_TCS3200_S0     B12      //LAY TU MBI5026 
.................... //          CB_TCS3200_S1     B13      //LAY TU MBI5026 
.................... //          CB_TCS3200_S2     B14      //LAY TU MBI5026 
.................... //          CB_TCS3200_S3     B15      //LAY TU MBI5026 
....................  
.................... //          CB_POWER  SW803 
.................... //          CB_GAS      AIN3_PCF8591T   //RE1 
.................... //          CB_QUANG    AIN2_PCF8591T    
.................... //          CB_LM35B    AIN1_PCF8591T   //RA1/AN1 
.................... //          CB_LM35A    AIN0_PCF8591T   //RE1/AN0 
....................  
.................... //XXXXXXXXXXXXXXXXXXXXXXXXXXXXXXXXXXXXXXXXXXXXXXXXX 
.................... #DEFINE      ENABLE_573A      PIN_D1         //CS0 CUA A 
.................... #DEFINE      ENABLE_573B      PIN_D0         //CS1 CUA B 
.................... //XXXXXXXXXXXXXXXXXXXXXXXXXXXXXXXXXXXXXXXXXXXXXXXXX 
.................... #DEFINE      SSDO             PIN_E2         //CHUNG TAT CA 
.................... #DEFINE      SSCK             PIN_E0         //CHUNG TAT CA 
.................... //XXXXXXXXXXXXXXXXXXXXXXXXXXXXXXXXXXXXXXXXXXXXXXXXX 
.................... #DEFINE      RCK_4LED7DOAN    PIN_D7         //A - 4 BYTE 
.................... #DEFINE      G_4LED7DOAN      PIN_D6         //A - 4 BYTE 
.................... //XXXXXXXXXXXXXXXXXXXXXXXXXXXXXXXXXXXXXXXXXXXX     
.................... #DEFINE      RCK_MATRANLED    PIN_D7         //B - 3 BYTE DAO 
.................... #DEFINE      G_MATRANLED      PIN_D6         //B - 3 BYTE DAO 
.................... //XXXXXXXXXXXXXXXXXXXXXXXXXXXXXXXXXXXXXXXXXXXXXXXXX 
.................... #DEFINE      RCK_32LED        PIN_D5         //A - 4 BYTE 
.................... #DEFINE      G_32LED          PIN_D4         //A - 4 BYTE 
.................... //XXXXXXXXXXXXXXXXXXXXXXXXXXXXXXXXXXXXXXXXXXXX  
.................... #DEFINE      RCK_8LEDQUET     PIN_D5         //B - 2 BYTE DAO 
.................... #DEFINE      G_8LEDQUET       PIN_D4         //B - 2 BYTE DAO 
.................... //XXXXXXXXXXXXXXXXXXXXXXXXXXXXXXXXXXXXXXXXXXXXXXXXX 
.................... #DEFINE      RCK_LCD20X4      PIN_D3         //A - 2 BYTE DAO 
.................... #DEFINE      G_LCD20X4         PIN_D2         //A - 2 BYTE DAO 
.................... //XXXXXXXXXXXXXXXXXXXXXXXXXXXXXXXXXXXXXXXXXXXX  
.................... #DEFINE      RCK_BUZERELAY    PIN_D3     //B - 1 BYTE  
.................... #DEFINE      G_BUZERELAY      PIN_D2         //B - 1 BYTE  
....................  
.................... VOID XUAT_LCD20X4(UNSIGNED INT8 LCD_SIGNAL,LCD_INS_HTHI); 
....................  
.................... VOID XUAT_BUZZER_RELAY(); 
.................... //XXXXXXXXXXXXXXXXXXXXXXXXXXXXXXXXXXXXXXXXXXXX    
.................... #DEFINE     CHOT_2_IC_74573_A_B  OUTPUT_D(0XFC) 
....................  
.................... UNSIGNED INT8 TIN_HIEU_DK_74573_A; 
.................... #BIT G_4A         = TIN_HIEU_DK_74573_A.6 
.................... #BIT G_32A        = TIN_HIEU_DK_74573_A.4 
.................... #BIT G_LCDA       = TIN_HIEU_DK_74573_A.2 
.................... //XXXXXXXXXXXXXXXXXXXXXXXXXXXXXXXXXXXXXXXXXXXX          
.................... #DEFINE     MO_32_LED_DON        G_32A=0; //OUTPUT_LOW(G_32LED)  
.................... #DEFINE     TAT_32_LED_DON       G_32A=1; //OUTPUT_HIGH(G_32LED)  
.................... //XXXXXXXXXXXXXXXXXXXXXXXXXXXXXXXXXXXXXXXXXXXX          
.................... #DEFINE     MO_4_LED_7DOAN       G_4A=0;  //OUTPUT_LOW(G_4LED7DOAN) 
.................... #DEFINE     TAT_4_LED_7DOAN      G_4A=1;  //OUTPUT_HIGH(G_4LED7DOAN) 
.................... //XXXXXXXXXXXXXXXXXXXXXXXXXXXXXXXXXXXXXXXXXXXX  
.................... #DEFINE     MO_GLCD_LCD           G_LCDA=0;   //OUTPUT_LOW(G_LCD20X4) 
.................... #DEFINE     TAT_GLCD_LCD          G_LCDA=1;   // OUTPUT_LOW(G_LCD20X4) 
....................  
.................... UNSIGNED INT8 TIN_HIEU_DK_74573_B;   
.................... #BIT G_MTB        = TIN_HIEU_DK_74573_B.6 
.................... #BIT G_8B         = TIN_HIEU_DK_74573_B.4 
.................... #BIT G_RBDCB      = TIN_HIEU_DK_74573_B.2 
.................... //XXXXXXXXXXXXXXXXXXXXXXXXXXXXXXXXXXXXXXXXXXXX  
.................... #DEFINE     MO_LED_MATRAN        G_MTB=0; //OUTPUT_LOW(G_MATRANLED) 
.................... #DEFINE     TAT_LED_MATRAN       G_MTB=1; //OUTPUT_LOW(G_MATRANLED) 
.................... //XXXXXXXXXXXXXXXXXXXXXXXXXXXXXXXXXXXXXXXXXXXX        
.................... #DEFINE     MO_8_LED_QUET        G_8B=0;  //OUTPUT_LOW(G_8LEDQUET) 
.................... #DEFINE     TAT_8_LED_QUET       G_8B=1;  //OUTPUT_LOW(G_8LEDQUET) 
.................... //XXXXXXXXXXXXXXXXXXXXXXXXXXXXXXXXXXXXXXXXXXXX          
.................... #DEFINE     MO_RELAY_BUZZER_DC   G_RBDCB=0;  //OUTPUT_LOW(G_BUZERELAY) 
.................... #DEFINE     TAT_RELAY_BUZZER_DC  G_RBDCB=1;  //OUTPUT_LOW(G_BUZERELAY) 
....................  
.................... //XXXXXXXXXXXXXXXXXXXXXXXXXXXXXXXXXXXXXXXXXXXX 
.................... //CHUONG TRINH KIEM TRA PHIM BT1 
.................... //XXXXXXXXXXXXXXXXXXXXXXXXXXXXXXXXXXXXXXXXXXXX 
.................... UNSIGNED INT8 DL_BTN=0; 
.................... INT1 PHIM_BT0(UNSIGNED INT16 DL) 
.................... {   
....................     IF (!INPUT(BT0)) 
....................     {   
....................       DL_BTN++; 
....................        
....................       IF (DL_BTN>= DL) 
....................          { 
....................             DL_BTN =0; 
....................             RETURN(1); 
....................          } 
....................       ELSE RETURN(0); 
....................     } 
....................     ELSE    RETURN(0); 
.................... }  
.................... //XXXXXXXXXXXXXXXXXXXXXXXXXXXXXXXXXXXXXXXXXXXX 
.................... //CHUONG TRINH KIEM TRA PHIM BT1 
.................... //XXXXXXXXXXXXXXXXXXXXXXXXXXXXXXXXXXXXXXXXXXXX 
.................... INT1 PHIM_BT1(UNSIGNED INT16 DL ) 
.................... {   
....................     IF (!INPUT(BT1)) 
....................     {   
....................       DL_BTN++; 
....................        
....................       IF (DL_BTN>= DL) 
....................          { 
....................             DL_BTN =0; 
....................             RETURN(1); 
....................          } 
....................       ELSE RETURN(0); 
....................     } 
....................     ELSE    RETURN(0); 
.................... }  
.................... //XXXXXXXXXXXXXXXXXXXXXXXXXXXXXXXXXXXXXXXXXXXX 
.................... //CHUONG TRINH KIEM TRA PHIM BT2       
.................... //XXXXXXXXXXXXXXXXXXXXXXXXXXXXXXXXXXXXXXXXXXXX                                     
.................... INT1 PHIM_BT2(UNSIGNED INT16 DL ) 
.................... {                                         
....................     IF (!INPUT(BT2)) 
....................     {   
....................       DL_BTN++; 
....................        
....................       IF (DL_BTN>= DL) 
....................          { 
....................             DL_BTN =0; 
....................             RETURN(1); 
....................          } 
....................       ELSE RETURN(0); 
....................     } 
....................     ELSE    RETURN(0); 
....................                                           
.................... }       
....................  
.................... //XXXXXXXXXXXXXXXXXXXXXXXXXXXXXXXXXXXXXXXXXXXX 
.................... //CHUONG TRINH KIEM TRA PHIM BT3 
.................... //XXXXXXXXXXXXXXXXXXXXXXXXXXXXXXXXXXXXXXXXXXXX 
.................... INT1 PHIM_BT3(UNSIGNED INT16 DL,  UNSIGNED INT8 SOLAN  ) 
.................... {   
....................     IF (!INPUT(BT3)) 
....................     {   
....................       DL_BTN++; 
....................       IF(DL_BTN==1) RETURN(1); 
....................       ELSE 
....................       { 
....................          IF (DL_BTN>= DL) 
....................          DL_BTN =SOLAN; 
....................       } 
....................     } 
....................     ELSE    
....................     { 
....................       //DL_BTN =0; 
....................       RETURN(0); 
....................     } 
.................... }  
.................... //XXXXXXXXXXXXXXXXXXXXXXXXXXXXXXXXXXXXXXXXXXXX 
.................... //KHAI BAO DU LIEU 16 BIT CHO MODULE RELAY, TRIAC, BUZZER, DONG CO 
.................... //XXXXXXXXXXXXXXXXXXXXXXXXXXXXXXXXXXXXXXXXXXXX 
.................... UNSIGNED INT16 RBDC; 
.................... #BIT STEP_MOTOR_ENABLE  = RBDC.0    //1=ENA,0=DIS 
.................... #BIT STEP_MOTOR_IN1     = RBDC.1     
.................... #BIT STEP_MOTOR_IN2     = RBDC.2 
.................... #BIT STEP_MOTOR_IN3     = RBDC.3 
.................... #BIT STEP_MOTOR_IN4     = RBDC.4 
.................... #BIT DC_ENABLE          = RBDC.5    //1=ENA,0=DIS 
.................... #BIT PWRKEY             = RBDC.6    //KHOI TAO SIM900 
....................  
.................... #BIT BUZZER             = RBDC.8    //1=ON,0=OFF 
.................... #BIT TRIAC_1            = RBDC.9    //1=ON,0=OFF 
.................... #BIT TRIAC_2            = RBDC.10   //1=ON,0=OFF 
.................... #BIT RELAY_1            = RBDC.11   //0=ON,1=OFF 
.................... #BIT RELAY_2            = RBDC.12   //0=ON,1=OFF 
....................  
.................... //HAM 103 
.................... //XXXXXXXXXXXXXXXXXXXXXXXXXXXXXXXXXXXXXXXXXXXX 
.................... //CHUONG TRINH CON KHOI TAO IC CHOT 
.................... //XXXXXXXXXXXXXXXXXXXXXXXXXXXXXXXXXXXXXXXXXXXX          
.................... #DEFINE     CHO_IC_74573_A_GOI_DU_LIEU     OUTPUT_HIGH(ENABLE_573A) 
.................... #DEFINE     CHOT_IC_74573_A_GOI_DU_LIEU    OUTPUT_LOW(ENABLE_573A) 
....................  
.................... #DEFINE     CHO_IC_74573_B_GOI_DU_LIEU     OUTPUT_HIGH(ENABLE_573B) 
.................... #DEFINE     CHOT_IC_74573_B_GOI_DU_LIEU    OUTPUT_LOW(ENABLE_573B) 
.................... VOID MO_IC_74573_A_THONG_DL(); 
....................  
.................... //XXXXXXXXXXXXXXXXXXXXXXXXXXXXXXXXXXXXXXXXXXXX    
.................... CONST UNSIGNED CHAR MA7DOAN[16]= {0XC0,0XF9,0xA4,0XB0,0X99,0X92,0X82,0XF8, 
.................... 0X80,0X90,0x88, 0x83, 0xC6, 0xA1, 0x86, 0x8E}; 
.................... #DEFINE     MASO0    0XC0 
.................... #DEFINE     MASO1    0XF9 
.................... #DEFINE     MASO2    0XA4 
.................... #DEFINE     MASO3    0XB0 
.................... #DEFINE     MASO4    0X99 
.................... #DEFINE     MASO5    0X92 
.................... #DEFINE     MASO6    0X82 
.................... #DEFINE     MASO7    0XF8 
....................  
.................... //XXXXXXXXXXXXXXXXXXXXXXXXXXXXXXXXXXXXXXXXXXXX  
.................... //HAM 102 
.................... //XXXXXXXXXXXXXXXXXXXXXXXXXXXXXXXXXXXXXXXXXXXX     
.................... //XUAT 1 BYTE RA THANH GHI DICH 
.................... //XXXXXXXXXXXXXXXXXXXXXXXXXXXXXXXXXXXXXXXXXXXX     
.................... VOID XUAT_1BYTE(UNSIGNED INT8 BYTEXUAT) 
.................... { 
....................    UNSIGNED INT8   SB,X;    
....................    #BIT BSERI  = X.7 
....................    X = BYTEXUAT; 
*
0104:  MOVFF  30,32
....................    FOR (SB=0;SB<8;SB++) 
0108:  CLRF   31
010A:  MOVF   31,W
010C:  SUBLW  07
010E:  BNC   012C
....................       {                                                  
....................          OUTPUT_BIT(SSDO,BSERI);     
0110:  BTFSC  32.7
0112:  BRA    0118
0114:  BCF    F8D.2
0116:  BRA    011A
0118:  BSF    F8D.2
011A:  BCF    F96.2
....................          OUTPUT_LOW(SSCK); OUTPUT_HIGH(SSCK); 
011C:  BCF    F96.0
011E:  BCF    F8D.0
0120:  BCF    F96.0
0122:  BSF    F8D.0
....................          X= X<<1;          
0124:  BCF    FD8.0
0126:  RLCF   32,F
0128:  INCF   31,F
012A:  BRA    010A
....................      } 
012C:  RETURN 0
.................... } 
.................... //XXXXXXXXXXXXXXXXXXXXXXXXXXXXXXXXXXXXXXXXXXXX  
.................... //HAM 301 
.................... //XXXXXXXXXXXXXXXXXXXXXXXXXXXXXXXXXXXXXXXXXXXX 
.................... //CHUONG TRINH CON XUAT 4 BYTE RA 32 LED DON 
.................... //XXXXXXXXXXXXXXXXXXXXXXXXXXXXXXXXXXXXXXXXXXXX 
.................... VOID XUAT_32LED_DON_4BYTE(UNSIGNED INT8 BLD3,BLD2,BLD1,BLD0) 
.................... {      
....................       XUAT_1BYTE(BLD3);           
*
0724:  MOVFF  25,30
0728:  RCALL  0104
....................       XUAT_1BYTE(BLD2); 
072A:  MOVFF  26,30
072E:  RCALL  0104
....................       XUAT_1BYTE(BLD1);           
0730:  MOVFF  27,30
0734:  RCALL  0104
....................       XUAT_1BYTE(BLD0);             
0736:  MOVFF  28,30
073A:  RCALL  0104
....................       MO_32_LED_DON;       
073C:  BCF    04.4
....................       MO_IC_74573_A_THONG_DL();             
073E:  RCALL  012E
....................       OUTPUT_HIGH(RCK_32LED);    OUTPUT_LOW(RCK_32LED); 
0740:  BCF    F95.5
0742:  BSF    F8C.5
0744:  BCF    F95.5
0746:  BCF    F8C.5
....................       CHOT_IC_74573_A_GOI_DU_LIEU;       
0748:  BCF    F95.1
074A:  BCF    F8C.1
074C:  RETURN 0
.................... } 
.................... //HAM 302 
.................... //XXXXXXXXXXXXXXXXXXXXXXXXXXXXXXXXXXXXXXXXXXXX 
.................... //CHUONG TRINH CON XUAT 2 WORD 16 BITRA 32 LED DON 
.................... //XXXXXXXXXXXXXXXXXXXXXXXXXXXXXXXXXXXXXXXXXXXX 
.................... VOID XUAT_32LED_DON_2WORD(UNSIGNED INT16 WLD1, UNSIGNED INT16 WLD0) 
.................... {      
....................      UNSIGNED INT8  B3,B2,B1,B0; 
....................      B3 = WLD1>>8;  B2 = WLD1;  
....................      B1 = WLD0>>8;  B0 = WLD0; 
....................      XUAT_32LED_DON_4BYTE(B3,B2,B1,B0); 
.................... } 
.................... //HAM 303 
.................... //XXXXXXXXXXXXXXXXXXXXXXXXXXXXXXXXXXXXXXXXXXXX 
.................... //CHUONG TRINH CON XUAT 1 DOUBLE WORD RA 32 LED DON 
.................... //XXXXXXXXXXXXXXXXXXXXXXXXXXXXXXXXXXXXXXXXXXXX 
.................... VOID XUAT_32LED_DON_1DW(UNSIGNED LONG LONG DWLD) 
.................... {      
....................      UNSIGNED INT16  WD1,WD0; 
....................      WD1 = DWLD>>16;  WD0 = DWLD; 
....................      XUAT_32LED_DON_2WORD(WD1,WD0); 
.................... } 
....................  
.................... //HAM 304 
.................... //XXXXXXXXXXXXXXXXXXXXXXXXXXXXXXXXXXXXXXXXXXXX 
.................... //CHUONG TRINH CON MO 32 LED DON SANG 
.................... //XXXXXXXXXXXXXXXXXXXXXXXXXXXXXXXXXXXXXXXXXXXX 
.................... VOID MO_32LED_DON() 
.................... {         
....................      XUAT_32LED_DON_1DW(0XFFFFFFFF); 
.................... } 
.................... //HAM 305 
.................... //XXXXXXXXXXXXXXXXXXXXXXXXXXXXXXXXXXXXXXXXXXXX 
.................... //CHUONG TRINH CON TAT 32 LED DON  
.................... //XXXXXXXXXXXXXXXXXXXXXXXXXXXXXXXXXXXXXXXXXXXX 
.................... VOID TAT_32LED_DON() 
.................... {         
....................      XUAT_32LED_DON_1DW(0); 
.................... } 
.................... //XXXXXXXXXXXXXXXXXXXXXXXXXXXXXXXXXXXXXXXXXXXX     
.................... //XUAT 1 BIT ROI TRA LAI KET QUA SAU KHI DICH DI 1 BIT 
.................... //XXXXXXXXXXXXXXXXXXXXXXXXXXXXXXXXXXXXXXXXXXXX     
.................... UNSIGNED  INT8 XUAT_1BIT(UNSIGNED INT8 BYTEXUAT) 
.................... { 
....................       UNSIGNED INT8   XBITX;    
....................       #BIT BSERIX  = XBITX.0 
....................       XBITX = BYTEXUAT; 
....................                                              
....................       OUTPUT_BIT(SSDO,BSERIX);     
....................       OUTPUT_LOW(SSCK); OUTPUT_HIGH(SSCK); 
....................       XBITX= XBITX>>1;    
....................       RETURN(XBITX);   
.................... } 
.................... //XXXXXXXXXXXXXXXXXXXXXXXXXXXXXXXXXXXXXXXXXXXX  
.................... //HAM 101 
.................... //XXXXXXXXXXXXXXXXXXXXXXXXXXXXXXXXXXXXXXXXXXXX     
.................... //HAM KHOI TAO CAC PORT VA IC CHOT 
.................... //XXXXXXXXXXXXXXXXXXXXXXXXXXXXXXXXXXXXXXXXXXXX     
.................... VOID SET_UP_PORT_IC_CHOT() 
.................... {      
....................       SET_TRIS_D(0x00);     
*
00E6:  MOVLW  00
00E8:  MOVWF  F95
....................       SET_TRIS_E(0X00); 
00EA:  MOVWF  F96
....................       OUTPUT_D(0XFF); 
00EC:  CLRF   F95
00EE:  SETF   F8C
....................       TIN_HIEU_DK_74573_A=0XFF;   
00F0:  SETF   04
....................       TIN_HIEU_DK_74573_B=0XFF;       
00F2:  SETF   05
....................       CHOT_IC_74573_A_GOI_DU_LIEU; 
00F4:  BCF    F95.1
00F6:  BCF    F8C.1
....................       CHOT_IC_74573_B_GOI_DU_LIEU;   
00F8:  BCF    F95.0
00FA:  BCF    F8C.0
....................       RBDC=0; 
00FC:  CLRF   08
00FE:  CLRF   07
0100:  GOTO   0836 (RETURN)
.................... } 
.................... //HAM 104 
.................... //XXXXXXXXXXXXXXXXXXXXXXXXXXXXXXXXXXXXXXXXXXXX     
.................... //XUAT CÁC THIEU DIEU KHIEN  
.................... //GIU NGUYEN CAC TRANG THAI CUA 2 MODULE KHAC 
.................... //XXXXXXXXXXXXXXXXXXXXXXXXXXXXXXXXXXXXXXXXXXXX     
.................... VOID MO_IC_74573_A_THONG_DL() 
.................... {      
....................       OUTPUT_D(0X00); 
*
012E:  CLRF   F95
0130:  CLRF   F8C
....................       OUTPUT_BIT(G_32LED,G_32A); 
0132:  BTFSC  04.4
0134:  BRA    013A
0136:  BCF    F8C.4
0138:  BRA    013C
013A:  BSF    F8C.4
013C:  BCF    F95.4
....................       OUTPUT_BIT(G_4LED7DOAN,G_4A); 
013E:  BTFSC  04.6
0140:  BRA    0146
0142:  BCF    F8C.6
0144:  BRA    0148
0146:  BSF    F8C.6
0148:  BCF    F95.6
....................       OUTPUT_BIT(G_LCD20X4,G_LCDA);   
014A:  BTFSC  04.2
014C:  BRA    0152
014E:  BCF    F8C.2
0150:  BRA    0154
0152:  BSF    F8C.2
0154:  BCF    F95.2
....................       CHO_IC_74573_A_GOI_DU_LIEU; 
0156:  BCF    F95.1
0158:  BSF    F8C.1
015A:  RETURN 0
.................... } 
.................... VOID MO_IC_74573_B_THONG_DL() 
.................... {      
....................       OUTPUT_D(0X00); 
*
074E:  CLRF   F95
0750:  CLRF   F8C
....................       OUTPUT_BIT(G_MATRANLED,G_MTB); 
0752:  BTFSC  05.6
0754:  BRA    075A
0756:  BCF    F8C.6
0758:  BRA    075C
075A:  BSF    F8C.6
075C:  BCF    F95.6
....................       OUTPUT_BIT(G_8LEDQUET,G_8B); 
075E:  BTFSC  05.4
0760:  BRA    0766
0762:  BCF    F8C.4
0764:  BRA    0768
0766:  BSF    F8C.4
0768:  BCF    F95.4
....................       OUTPUT_BIT(G_BUZERELAY,G_RBDCB);  
076A:  BTFSC  05.2
076C:  BRA    0772
076E:  BCF    F8C.2
0770:  BRA    0774
0772:  BSF    F8C.2
0774:  BCF    F95.2
....................       CHO_IC_74573_B_GOI_DU_LIEU; 
0776:  BCF    F95.0
0778:  BSF    F8C.0
077A:  GOTO   0796 (RETURN)
.................... } 
.................... //ham 401 
.................... //XXXXXXXXXXXXXXXXXXXXXXXXXXXXXXXXXXXXXXXXXXXX 
.................... //CHUONG TRINH CON XUAT 4 BYTE RA 4 LED 7 DOAN 
.................... //XXXXXXXXXXXXXXXXXXXXXXXXXXXXXXXXXXXXXXXXXXXX 
.................... VOID XUAT_4LED_7DOAN_4SO(UNSIGNED INT BL743,BL742,BL741,BL740) 
.................... {      
....................       XUAT_1BYTE(BL740);   XUAT_1BYTE(BL741); 
*
0446:  MOVFF  2A,30
044A:  RCALL  0104
044C:  MOVFF  29,30
0450:  RCALL  0104
....................       XUAT_1BYTE(BL742);   XUAT_1BYTE(BL743); 
0452:  MOVFF  28,30
0456:  RCALL  0104
0458:  MOVFF  27,30
045C:  RCALL  0104
....................        
....................       MO_4_LED_7DOAN; 
045E:  BCF    04.6
....................       MO_IC_74573_A_THONG_DL(); 
0460:  RCALL  012E
....................         
....................       OUTPUT_LOW(RCK_4LED7DOAN);   OUTPUT_HIGH(RCK_4LED7DOAN);  
0462:  BCF    F95.7
0464:  BCF    F8C.7
0466:  BCF    F95.7
0468:  BSF    F8C.7
....................       CHOT_IC_74573_A_GOI_DU_LIEU; 
046A:  BCF    F95.1
046C:  BCF    F8C.1
046E:  GOTO   0596 (RETURN)
.................... } 
.................... //ham 404 
.................... VOID XUAT_4LED_7DOAN_3SO(UNSIGNED INT BL742,BL741,BL740) 
.................... {      
....................      XUAT_4LED_7DOAN_4SO(0XFF,BL742,BL741,BL740); 
.................... } 
.................... //ham 403 
.................... VOID XUAT_4LED_7DOAN_2SO(UNSIGNED INT BL741,BL740) 
.................... {      
....................      XUAT_4LED_7DOAN_4SO(0XFF,0XFF,BL741,BL740); 
.................... } 
.................... //ham 402 
.................... VOID XUAT_4LED_7DOAN_1SO(UNSIGNED INT BL740) 
.................... {      
....................      XUAT_4LED_7DOAN_4SO(0XFF,0XFF,0XFF,BL740); 
.................... } 
....................  
.................... //ham 405 
.................... //XXXXXXXXXXXXXXXXXXXXXXXXXXXXXXXXXXXXXXXXXXXXXXXXXXXXXXXXXXXXX 
.................... //CHUONG TRINH CON HIEN THI DU LIEU 16 BIT TREN 4 LED 7 DOAN 
.................... //XXXXXXXXXXXXXXXXXXXXXXXXXXXXXXXXXXXXXXXXXXXXXXXXXXXXXXXXXXXXX 
.................... UNSIGNED CHAR DONVI4,CHUC4,TRAM4,NGAN4; 
.................... VOID  XUAT_4LED_7DOAN_GIAIMA_XOA_SO0 (UNSIGNED INT16 TAM) 
.................... {          
....................       DONVI4 = MA7DOAN[TAM %10];          
0472:  MOVFF  26,2A
0476:  MOVFF  25,29
047A:  CLRF   2C
047C:  MOVLW  0A
047E:  MOVWF  2B
0480:  RCALL  0404
0482:  MOVFF  00,27
0486:  MOVFF  03,28
048A:  MOVFF  03,03
048E:  MOVF   00,W
0490:  MOVFF  FF2,29
0494:  BCF    FF2.7
0496:  RCALL  0004
0498:  BTFSC  29.7
049A:  BSF    FF2.7
049C:  MOVWF  09
....................       CHUC4  = MA7DOAN[TAM/10%10]; 
049E:  MOVFF  26,2A
04A2:  MOVFF  25,29
04A6:  CLRF   2C
04A8:  MOVLW  0A
04AA:  MOVWF  2B
04AC:  RCALL  0404
04AE:  MOVFF  02,28
04B2:  MOVFF  01,27
04B6:  MOVFF  02,2A
04BA:  MOVFF  01,29
04BE:  CLRF   2C
04C0:  MOVLW  0A
04C2:  MOVWF  2B
04C4:  RCALL  0404
04C6:  MOVFF  00,27
04CA:  MOVFF  03,28
04CE:  MOVFF  03,03
04D2:  MOVF   00,W
04D4:  MOVFF  FF2,29
04D8:  BCF    FF2.7
04DA:  RCALL  0004
04DC:  BTFSC  29.7
04DE:  BSF    FF2.7
04E0:  MOVWF  0A
....................       TRAM4  = MA7DOAN[TAM/100%10];  
04E2:  MOVFF  26,2A
04E6:  MOVFF  25,29
04EA:  CLRF   2C
04EC:  MOVLW  64
04EE:  MOVWF  2B
04F0:  RCALL  0404
04F2:  MOVFF  02,28
04F6:  MOVFF  01,27
04FA:  MOVFF  02,2A
04FE:  MOVFF  01,29
0502:  CLRF   2C
0504:  MOVLW  0A
0506:  MOVWF  2B
0508:  RCALL  0404
050A:  MOVFF  00,27
050E:  MOVFF  03,28
0512:  MOVFF  03,03
0516:  MOVF   00,W
0518:  MOVFF  FF2,29
051C:  BCF    FF2.7
051E:  RCALL  0004
0520:  BTFSC  29.7
0522:  BSF    FF2.7
0524:  MOVWF  0B
....................       NGAN4  = MA7DOAN[TAM/1000%10];        
0526:  MOVFF  26,2A
052A:  MOVFF  25,29
052E:  MOVLW  03
0530:  MOVWF  2C
0532:  MOVLW  E8
0534:  MOVWF  2B
0536:  RCALL  0404
0538:  MOVFF  02,28
053C:  MOVFF  01,27
0540:  MOVFF  02,2A
0544:  MOVFF  01,29
0548:  CLRF   2C
054A:  MOVLW  0A
054C:  MOVWF  2B
054E:  RCALL  0404
0550:  MOVFF  00,27
0554:  MOVFF  03,28
0558:  MOVFF  03,03
055C:  MOVF   00,W
055E:  MOVFF  FF2,29
0562:  BCF    FF2.7
0564:  RCALL  0004
0566:  BTFSC  29.7
0568:  BSF    FF2.7
056A:  MOVWF  0C
....................       IF (NGAN4==0XC0) 
056C:  MOVF   0C,W
056E:  SUBLW  C0
0570:  BNZ   0584
....................       { 
....................          NGAN4=0XFF; 
0572:  SETF   0C
....................          IF (TRAM4==0XC0) 
0574:  MOVF   0B,W
0576:  SUBLW  C0
0578:  BNZ   0584
....................          { 
....................             TRAM4=0XFF; 
057A:  SETF   0B
....................             IF (CHUC4==0XC0)   CHUC4=0XFF; 
057C:  MOVF   0A,W
057E:  SUBLW  C0
0580:  BNZ   0584
0582:  SETF   0A
....................          } 
....................       } 
....................       XUAT_4LED_7DOAN_4SO(NGAN4,TRAM4,CHUC4,DONVI4);    
0584:  MOVFF  0C,27
0588:  MOVFF  0B,28
058C:  MOVFF  0A,29
0590:  MOVFF  09,2A
0594:  BRA    0446
0596:  GOTO   08E6 (RETURN)
.................... } 
.................... UNSIGNED INT8 LCDDATA=0;  
.................... UNSIGNED INT8 LCDCONTROL=0; 
.................... UNSIGNED INT8 GLCDDATA=0; 
.................... UNSIGNED INT8 GLCDCONTROL=0;  
.................... //HAM 701 
.................... //XXXXXXXXXXXXXXXXXXXXXXXXXXXXXXXXXXXXXXXXXXXXXXXXXXXXXXXXXXXXX 
.................... //CHUONG TRINH CON XUAT DU LIEU 4 BYTE RA GLCD VA LCD 
.................... //XXXXXXXXXXXXXXXXXXXXXXXXXXXXXXXXXXXXXXXXXXXXXXXXXXXXXXXXXXXXX 
.................... VOID XUAT_GLCD_LCD() 
.................... {       
....................     XUAT_1BYTE(GLCDCONTROL);              
*
015C:  MOVFF  10,30
0160:  RCALL  0104
....................     XUAT_1BYTE(GLCDDATA); 
0162:  MOVFF  0F,30
0166:  RCALL  0104
....................     XUAT_1BYTE(LCDCONTROL);        
0168:  MOVFF  0E,30
016C:  RCALL  0104
....................     XUAT_1BYTE(LCDDATA);       
016E:  MOVFF  0D,30
0172:  RCALL  0104
....................        
....................     MO_GLCD_LCD; 
0174:  BCF    04.2
....................     MO_IC_74573_A_THONG_DL();             
0176:  RCALL  012E
....................     OUTPUT_HIGH(RCK_LCD20X4);      
0178:  BCF    F95.3
017A:  BSF    F8C.3
....................     OUTPUT_LOW(RCK_LCD20X4); 
017C:  BCF    F95.3
017E:  BCF    F8C.3
....................     CHOT_IC_74573_A_GOI_DU_LIEU; 
0180:  BCF    F95.1
0182:  BCF    F8C.1
0184:  GOTO   0196 (RETURN)
.................... } 
.................... //HAM 702 
.................... VOID XUAT_LCD20X4(UNSIGNED INT8 LCD_SIGNAL,LCD_INS_HTHI) 
.................... {      
....................     LCDCONTROL = ~LCD_SIGNAL; 
0188:  MOVF   2E,W
018A:  MOVWF  0E
018C:  COMF   0E,F
....................     LCDDATA    = ~LCD_INS_HTHI;       
018E:  MOVFF  2F,0D
0192:  COMF   0D,F
....................     XUAT_GLCD_LCD(); 
0194:  BRA    015C
0196:  RETURN 0
.................... } 
.................... //HAM 703 
.................... VOID XUAT_GLCD128X64(UNSIGNED INT8 GLCD_SIGNAL,GLCD_INS_HTHI) 
.................... {      
....................     GLCDCONTROL = ~GLCD_SIGNAL; 
....................     GLCDDATA    = ~GLCD_INS_HTHI;      
....................     XUAT_GLCD_LCD(); 
.................... } 
.................... //HAM 501 
.................... //XXXXXXXXXXXXXXXXXXXXXXXXXXXXXXXXXXXXXXXXXXXX 
.................... //CHUONG TRINH CON XUAT 2 BYTE RA DK 1 LED QUET SANG 
.................... //XXXXXXXXXXXXXXXXXXXXXXXXXXXXXXXXXXXXXXXXXXXX 
.................... VOID XUAT_8LED_7DOAN_QUET_1(UNSIGNED INT MA,SO_HTHI) 
.................... {      
....................       XUAT_1BYTE(~MA);   XUAT_1BYTE(~SO_HTHI); 
....................        
....................       MO_8_LED_QUET; 
....................       MO_IC_74573_B_THONG_DL(); 
....................        
....................       OUTPUT_HIGH(RCK_8LEDQUET); OUTPUT_LOW(RCK_8LEDQUET); 
....................       CHOT_IC_74573_B_GOI_DU_LIEU; 
.................... } 
.................... //HAM 502 
.................... //XXXXXXXXXXXXXXXXXXXXXXXXXXXXXXXXXXXXXXXXXXXX 
.................... //CHUONG TRINH CON XUAT 2 BYTE RA TAT 8 LED QUET 
.................... //XXXXXXXXXXXXXXXXXXXXXXXXXXXXXXXXXXXXXXXXXXXX 
.................... VOID XUAT_8LED_7DOAN_QUET_TAT_LED() 
.................... { 
....................    XUAT_8LED_7DOAN_QUET_1(0XFF,0XFF); 
.................... } 
.................... //HAM 503 
.................... //XXXXXXXXXXXXXXXXXXXXXXXXXXXXXXXXXXXXXXXXXXXX 
.................... //CHUONG TRINH CON HIEN THI LED THEO THU TU 
.................... //XXXXXXXXXXXXXXXXXXXXXXXXXXXXXXXXXXXXXXXXXXXX 
.................... CONST UNSIGNED CHAR TTLEDQUET[8]= {0x7F,0xBF,0xDF,0xEF,0xF7,0xFB,0xFD,0xFE}; 
.................... VOID XUAT_8LED_7DOAN_QUET_2(UNSIGNED INT THUTULED,SO_HTHI) 
.................... {          
....................       XUAT_1BYTE(~ (TTLEDQUET[THUTULED]));   XUAT_1BYTE(~SO_HTHI);      
....................       MO_8_LED_QUET; 
....................       MO_IC_74573_B_THONG_DL(); 
....................       OUTPUT_HIGH(RCK_8LEDQUET); OUTPUT_LOW(RCK_8LEDQUET); 
....................       CHOT_IC_74573_B_GOI_DU_LIEU; 
.................... } 
.................... //HAM 504 
.................... //XXXXXXXXXXXXXXXXXXXXXXXXXXXXXXXXXXXXXXXXXXXX 
.................... //CHUONG TRINH CON HIEN THI 8 SO TREN 8 LED QUET - CO KIEM TRA 
.................... //XXXXXXXXXXXXXXXXXXXXXXXXXXXXXXXXXXXXXXXXXXXX 
.................... UNSIGNED INT8 LED_7DQ[8]={0XFF,0XFF,0XFF,0XFF,0XFF,0XFF,0XFF,0XFF}; 
.................... UNSIGNED INT8 TT8LED=0; 
.................... VOID HIEN_THI_8LED_7DOAN_QUET() 
.................... {      
....................       FOR(TT8LED=0;TT8LED<8;TT8LED++) 
....................          IF (LED_7DQ[TT8LED]!=0XFF) 
....................          {            
....................             XUAT_8LED_7DOAN_QUET_2(TT8LED, LED_7DQ[TT8LED]); 
....................             DELAY_US(100); 
....................             XUAT_8LED_7DOAN_QUET_TAT_LED();            
....................             } 
.................... } 
.................... //HAM 505 
.................... //XXXXXXXXXXXXXXXXXXXXXXXXXXXXXXXXXXXXXXXXXXXX 
.................... //CHUONG TRINH CON HIEN THI 8 SO TREN 8 LED QUET - KHONG KIEM TRA 
.................... //XXXXXXXXXXXXXXXXXXXXXXXXXXXXXXXXXXXXXXXXXXXX 
.................... VOID HIEN_THI_8LED_7DOAN_QUET_ALL() 
.................... {      
....................       FOR(TT8LED=0;TT8LED<8;TT8LED++)          
....................          {            
....................             XUAT_8LED_7DOAN_QUET_2(TT8LED, LED_7DQ[TT8LED]); 
....................             DELAY_US(100); 
....................             XUAT_8LED_7DOAN_QUET_TAT_LED();            
....................             } 
.................... } 
....................  
.................... VOID DELAY_QUET_8LED(UNSIGNED INT16 DL) 
.................... {  
....................       UNSIGNED INT8 I; 
....................       FOR (I=0; I<DL;I++) 
....................       HIEN_THI_8LED_7DOAN_QUET_ALL(); 
.................... }  
....................  
.................... VOID GIAI_MA_GAN_CHO_8LED_QUET_16_XOA(UNSIGNED INT16 X) 
.................... {      
....................       LED_7DQ[0]= MA7DOAN [X %10];     
....................       LED_7DQ[1]= MA7DOAN [X/10%10]; 
....................       LED_7DQ[2]= MA7DOAN [X/100%10];     
....................       LED_7DQ[3]= MA7DOAN [X/1000%10]; 
....................       LED_7DQ[4]= MA7DOAN [X/10000%10]; 
....................       IF (LED_7DQ[4]==MASO0)  
....................       { 
....................             LED_7DQ[4]=0XFF; 
....................             IF (LED_7DQ[3]==MASO0)  
....................             { 
....................                LED_7DQ[3]=0XFF; 
....................                IF (LED_7DQ[2]==MASO0)  
....................                { 
....................                   LED_7DQ[2]=0XFF; 
....................                   IF (LED_7DQ[1]==MASO0)  
....................                   { 
....................                      LED_7DQ[1]=0XFF; 
....................                   } 
....................                } 
....................             } 
....................       } 
....................              
.................... } 
.................... //XXXXXXXXXXXXXXXXXXXXXXXXXXXXXXXXXXXXXXXXXXXX          
.................... VOID XUAT_2BYTE(UNSIGNED INT16 BYTE2XUAT) 
.................... { 
....................    INT8 SBB; 
....................    UNSIGNED INT16   XX;   //SHORT  BSERI; 
....................    #BIT BSERIX  = XX.15 
....................    XX = BYTE2XUAT; 
....................    FOR (SBB=0;SBB<16;SBB++) 
....................       {                                                  
....................          OUTPUT_BIT(SSDO,BSERIX);     
....................          OUTPUT_LOW(SSCK);          
....................          OUTPUT_HIGH(SSCK); 
....................          XX= XX<<1;          
....................      } 
.................... } 
.................... //XXXXXXXXXXXXXXXXXXXXXXXXXXXXXXXXXXXXXXXXXXXX 
.................... //CHUONG TRINH CON XUAT RA LED MA TRAN 
.................... //XXXXXXXXXXXXXXXXXXXXXXXXXXXXXXXXXXXXXXXXXXXX 
.................... VOID XUAT_MATRANLED(UNSIGNED INT16 MAHANG,UNSIGNED INT16 MACOT1, 
.................... UNSIGNED INT16 MACOT2,UNSIGNED INT16 MACOT3) 
.................... {       
....................       XUAT_2BYTE(MACOT3); 
....................       XUAT_2BYTE(MACOT2); 
....................       XUAT_2BYTE(MACOT1); 
....................       XUAT_2BYTE(MAHANG); 
....................        
....................       MO_LED_MATRAN; 
....................       MO_IC_74573_B_THONG_DL(); 
....................        
....................       OUTPUT_HIGH(RCK_MATRANLED); OUTPUT_LOW(RCK_MATRANLED);  
....................       CHOT_IC_74573_B_GOI_DU_LIEU; 
.................... } 
.................... //XXXXXXXXXXXXXXXXXXXXXXXXXXXXXXXXXXXXXXXXXXXX 
.................... //CHUONG TRINH CON XUAT RA LED MA TRAN 
.................... //XXXXXXXXXXXXXXXXXXXXXXXXXXXXXXXXXXXXXXXXXXXX 
.................... VOID TAT_MATRANLED() 
.................... {       
....................       XUAT_2BYTE(0); 
....................       XUAT_2BYTE(0); 
....................       XUAT_2BYTE(0); 
....................       XUAT_2BYTE(0);            
....................       OUTPUT_HIGH(RCK_MATRANLED);  
....................       OUTPUT_LOW(RCK_MATRANLED); 
.................... } 
.................... UNSIGNED  INT8 HIEU_CHINH_4BIT_CAO(UNSIGNED INT8 XZY) 
.................... { 
....................       INT1  BTG; 
....................       UNSIGNED INT8   BX;    
....................       #BIT BIT4  = BX.4 
....................       #BIT BIT5  = BX.5 
....................       #BIT BIT6  = BX.6 
....................       #BIT BIT7  = BX.7 
....................       BX=XZY; 
....................       BTG=BIT4;   BIT4=BIT7;  BIT7=BTG; 
....................       BTG=BIT5;   BIT5=BIT6;  BIT6=BTG;       
....................       RETURN(BX);   
.................... } 
.................... //HAM 601 
.................... //XXXXXXXXXXXXXXXXXXXXXXXXXXXXXXXXXXXXXXXXXXXXXXXXXXXX 
.................... //MODULE DIEU KHIEN RELAY,TRIAC, BUZZER, DONG CO, SIM 
.................... //XXXXXXXXXXXXXXXXXXXXXXXXXXXXXXXXXXXXXXXXXXXXXXXXXXXX 
.................... VOID XUAT_BUZZER_RELAY() 
.................... {      
....................    UNSIGNED INT8 RBDC1,RBDC2; 
....................       RBDC1=RBDC; RBDC2=RBDC>>8;       
*
077E:  MOVFF  07,25
0782:  MOVFF  08,26
....................       XUAT_1BYTE(RBDC2);       
0786:  MOVFF  26,30
078A:  RCALL  0104
....................       XUAT_1BYTE(RBDC1); 
078C:  MOVFF  25,30
0790:  RCALL  0104
....................       MO_RELAY_BUZZER_DC; 
0792:  BCF    05.2
....................       MO_IC_74573_B_THONG_DL(); 
0794:  BRA    074E
....................        
....................       OUTPUT_HIGH(RCK_BUZERELAY);   OUTPUT_LOW(RCK_BUZERELAY); 
0796:  BCF    F95.3
0798:  BSF    F8C.3
079A:  BCF    F95.3
079C:  BCF    F8C.3
....................       CHOT_IC_74573_B_GOI_DU_LIEU; 
079E:  BCF    F95.0
07A0:  BCF    F8C.0
07A2:  RETURN 0
.................... } 
.................... //HAM 602 
.................... //XXXXXXXXXXXXXXXXXXXXXXXXXXXXXXXXXXXXXXXXXXXXXXXXXXXX 
.................... VOID BUZZER_ON() 
.................... {     
....................       BUZZER=1; 
....................       XUAT_BUZZER_RELAY();          
.................... } 
.................... //HAM 603 
.................... //XXXXXXXXXXXXXXXXXXXXXXXXXXXXXXXXXXXXXXXXXXXXXXXXXXXX 
.................... VOID BUZZER_OFF() 
.................... {      
....................       BUZZER=0; 
....................       XUAT_BUZZER_RELAY(); 
.................... } 
.................... //HAM 604 
.................... //XXXXXXXXXXXXXXXXXXXXXXXXXXXXXXXXXXXXXXXXXXXXXXXXXXXX 
.................... VOID RELAY_1_ON() 
.................... {     
....................       RELAY_1=1; 
....................       XUAT_BUZZER_RELAY();          
.................... } 
.................... //HAM 603 
.................... //XXXXXXXXXXXXXXXXXXXXXXXXXXXXXXXXXXXXXXXXXXXXXXXXXXXX 
.................... VOID RELAY_1_OFF() 
.................... {     
....................       RELAY_1=0; 
....................       XUAT_BUZZER_RELAY();          
.................... } 
.................... //HAM 604 
.................... //XXXXXXXXXXXXXXXXXXXXXXXXXXXXXXXXXXXXXXXXXXXXXXXXXXXX 
.................... VOID RELAY_2_ON() 
.................... {     
....................       RELAY_2=1; 
....................       XUAT_BUZZER_RELAY();          
.................... } 
.................... //HAM 607 
.................... //XXXXXXXXXXXXXXXXXXXXXXXXXXXXXXXXXXXXXXXXXXXXXXXXXXXX 
.................... VOID RELAY_2_OFF() 
.................... {     
....................       RELAY_2=0; 
....................       XUAT_BUZZER_RELAY();          
.................... } 
.................... //HAM 608 
.................... //XXXXXXXXXXXXXXXXXXXXXXXXXXXXXXXXXXXXXXXXXXXXXXXXXXXX 
.................... VOID RELAY_1_RELAY_2_ON() 
.................... {     
....................       RELAY_1=1;  RELAY_2=1; 
....................       XUAT_BUZZER_RELAY();          
.................... } 
.................... //HAM 609 
.................... //XXXXXXXXXXXXXXXXXXXXXXXXXXXXXXXXXXXXXXXXXXXXXXXXXXXX 
.................... VOID RELAY_1_RELAY_2_OFF() 
.................... {     
....................       RELAY_1=0;  RELAY_2=0; 
....................       XUAT_BUZZER_RELAY();          
.................... } 
.................... //HAM 610 
.................... //XXXXXXXXXXXXXXXXXXXXXXXXXXXXXXXXXXXXXXXXXXXXXXXXXXXX 
.................... VOID TRIAC_1_ON() 
.................... {     
....................       TRIAC_1=1; 
....................       XUAT_BUZZER_RELAY();          
.................... } 
.................... //HAM 611 
.................... //XXXXXXXXXXXXXXXXXXXXXXXXXXXXXXXXXXXXXXXXXXXXXXXXXXXX 
.................... VOID TRIAC_1_OFF() 
.................... {     
....................       TRIAC_1=0; 
....................       XUAT_BUZZER_RELAY();          
.................... } 
.................... //HAM 612 
.................... //XXXXXXXXXXXXXXXXXXXXXXXXXXXXXXXXXXXXXXXXXXXXXXXXXXXX 
.................... VOID TRIAC_2_ON() 
.................... {     
....................       TRIAC_2=1; 
*
07AC:  BSF    08.2
....................       XUAT_BUZZER_RELAY();          
07AE:  RCALL  077E
07B0:  GOTO   07FE (RETURN)
.................... } 
.................... //HAM 613 
.................... //XXXXXXXXXXXXXXXXXXXXXXXXXXXXXXXXXXXXXXXXXXXXXXXXXXXX 
.................... VOID TRIAC_2_OFF() 
.................... {     
....................       TRIAC_2=0; 
*
07A4:  BCF    08.2
....................       XUAT_BUZZER_RELAY();          
07A6:  RCALL  077E
07A8:  GOTO   07D0 (RETURN)
.................... } 
.................... //XXXXXXXXXXXXXXXXXXXXXXXXXXXXXXXXXXXXXXXXXXXX 
....................  
....................  
....................  
.................... #include <tv_pickit2_shift_lcd.c> 
.................... UNSIGNED INT8 LCD_CONTROL;   
.................... #bit LCD_P = LCD_CONTROL.3 
.................... #bit LCD_RS = LCD_CONTROL.2 
.................... #bit LCD_RW = LCD_CONTROL.1 
.................... #bit LCD_E  = LCD_CONTROL.0 
....................  
.................... #DEFINE LCD_FUNCTION_SET       0X38 
.................... #DEFINE LCD_DISPLAY_CONTROL    0X0C 
.................... #DEFINE LCD_CLEAR_DISPLAY      0X01 
.................... #DEFINE LCD_ENTRY_MODE         0X06 
.................... #DEFINE LCD_SHIFT_LEFT         0X18 
.................... #DEFINE LCD_SHIFT_RIGHT        0X1C 
....................  
.................... #DEFINE LCD_ADDR_LINE1         0X80 
.................... #DEFINE LCD_ADDR_LINE2         0XC0 
.................... #DEFINE LCD_ADDR_LINE3         0X94 
.................... #DEFINE LCD_ADDR_LINE4         0XD4 
....................  
.................... VOID LCD_XUAT_8BIT(INT8 LCD_DATA_X) 
.................... { 
....................       LCD_E=1; XUAT_LCD20X4(LCD_CONTROL,LCD_DATA_X);      
*
0198:  BSF    1A.0
019A:  MOVFF  1A,2E
019E:  MOVFF  2D,2F
01A2:  RCALL  0188
....................       LCD_E=0; XUAT_LCD20X4(LCD_CONTROL,LCD_DATA_X);  
01A4:  BCF    1A.0
01A6:  MOVFF  1A,2E
01AA:  MOVFF  2D,2F
01AE:  RCALL  0188
01B0:  RETURN 0
.................... } 
.................... void LCD_COMMAND(INT8 LCD_DATA_X)    
....................   { 
....................       LCD_RS = 0; 
01B2:  BCF    1A.2
....................       LCD_XUAT_8BIT(LCD_DATA_X); 
01B4:  MOVFF  2C,2D
01B8:  RCALL  0198
....................       DELAY_US(20); 
01BA:  MOVLW  20
01BC:  MOVWF  00
01BE:  DECFSZ 00,F
01C0:  BRA    01BE
01C2:  BRA    01C4
01C4:  NOP   
01C6:  RETURN 0
....................   } 
.................... void LCD_DATA(INT8 LCD_DATA_X)        
....................   { 
....................       LCD_RS = 1;      
*
059A:  BSF    1A.2
....................       LCD_XUAT_8BIT(LCD_DATA_X); 
059C:  MOVFF  29,2D
05A0:  RCALL  0198
....................       DELAY_US(20); 
05A2:  MOVLW  20
05A4:  MOVWF  00
05A6:  DECFSZ 00,F
05A8:  BRA    05A6
05AA:  BRA    05AC
05AC:  NOP   
05AE:  RETURN 0
....................   } 
....................    
.................... VOID SETUP_LCD () 
.................... {                      
....................          LCD_E  = 0;  
*
01EE:  BCF    1A.0
....................          LCD_RW = 0;  
01F0:  BCF    1A.1
....................          LCD_RS = 1;  
01F2:  BSF    1A.2
....................          LCD_P =0; 
01F4:  BCF    1A.3
....................          LCD_COMMAND(LCD_FUNCTION_SET);          
01F6:  MOVLW  38
01F8:  MOVWF  2C
01FA:  RCALL  01B2
....................          DELAY_US(40); 
01FC:  MOVLW  42
01FE:  MOVWF  00
0200:  DECFSZ 00,F
0202:  BRA    0200
0204:  NOP   
....................          LCD_COMMAND(LCD_DISPLAY_CONTROL);    
0206:  MOVLW  0C
0208:  MOVWF  2C
020A:  RCALL  01B2
....................          DELAY_US(40); 
020C:  MOVLW  42
020E:  MOVWF  00
0210:  DECFSZ 00,F
0212:  BRA    0210
0214:  NOP   
....................          LCD_COMMAND(LCD_CLEAR_DISPLAY);       
0216:  MOVLW  01
0218:  MOVWF  2C
021A:  RCALL  01B2
....................          DELAY_MS(2); 
021C:  MOVLW  02
021E:  MOVWF  25
0220:  RCALL  01C8
....................          LCD_COMMAND(LCD_ENTRY_MODE);        
0222:  MOVLW  06
0224:  MOVWF  2C
0226:  RCALL  01B2
....................          DELAY_US(40);                 
0228:  MOVLW  42
022A:  MOVWF  00
022C:  DECFSZ 00,F
022E:  BRA    022C
0230:  NOP   
0232:  GOTO   0858 (RETURN)
.................... } 
....................  
.................... CONST UNSIGNED CHAR LCD_SO_X[10+1+1+1][6] ={ 
....................                   0,1,2,5,3,4,               // SO 0 
....................                   1,2,32,3,7,3,              // SO 1 
....................                   6,6,2,5,3,3,               // SO 2 
....................                   6,6,2,3,3,4,               // SO 3 
....................                   7,3,7,32,32,7,             // SO 4 
....................                   7,6,6,3,3,4,               // SO 5 
....................                   0,6,6,5,3,4,               // SO 6 
....................                   1,1,7,32,32,7,             // SO 7 
....................                   0,6,2,5,3,4,               // SO 8 
....................                   0,6,2,3,3,4,               // SO 9 
....................                   32,32,32,32,32,32,         // KHOANG TRANG 0x20 tai vi tri 10 
....................                   0,6,2,5,32,32,              // CHU "P" tai vi tri 11 
....................                   32,32,32,32,7,32            // DAU CHAM tai vi tri 12 
....................                   }; 
....................                    
....................                    
.................... CONST UNSIGNED CHAR LCD_MA_8DOAN[] = { 
....................    0x07,0x0F,0x1F,0x1F,0x1F,0x1F,0x1F,0x1F,  //DOAN F - 0 
....................    0x1F,0x1F,0x1F,0X00,0X00,0X00,0X00,0X00,  //DOAN A - 1 
....................    0x1C,0x1E,0x1F,0x1F,0x1F,0x1F,0x1F,0x1F,  //DOAN B - 2 
....................    0X00,0X00,0X00,0X00,0X00,0x1F,0x1F,0x1F,  //DOAN D - 3 
....................    0x1F,0x1F,0x1F,0x1F,0x1F,0x1F,0x1E,0x1C,  //DOAN C - 4 
....................    0x1F,0x1F,0x1F,0x1F,0x1F,0x1F,0x0F,0x07,  //DOAN E - 5 
....................    0x1F,0x1F,0x1F,0X00,0X00,0X00,0x1F,0x1F,  //DOAN G+D-6  
....................    0x1F,0x1F,0x1F,0x1F,0x1F,0x1F,0x1F,0x1F}; //DOAN I  -7 
....................     
.................... VOID LCD_GOTO_XY(SIGNED INT8 X, SIGNED INT8 Y) 
.................... {  
....................    CONST UNSIGNED INT8 LCD_VITRI[]={0x80,0xC0,0x94,0xD4}; 
....................    LCD_COMMAND(LCD_VITRI[X]+Y); 
*
05B0:  CLRF   03
05B2:  MOVF   29,W
05B4:  MOVFF  FF2,2B
05B8:  BCF    FF2.7
05BA:  RCALL  00D2
05BC:  BTFSC  2B.7
05BE:  BSF    FF2.7
05C0:  ADDWF  2A,W
05C2:  MOVWF  2B
05C4:  MOVWF  2C
05C6:  RCALL  01B2
05C8:  RETURN 0
.................... } 
....................  
.................... VOID XXX() 
.................... {  
....................    SIGNED INT8 X; 
....................    X= LCD_SO_X[0][0]; 
....................    X= LCD_MA_8DOAN[0]; 
.................... } 
....................  
.................... #define nd_tren  32 
.................... #define nd_duoi  30 
....................  
.................... unsigned INT8     j, solan=100;  
.................... UNSIGNED INT16   lm35a; 
.................... int1 ttqn=0; 
.................... signed INT8 i; 
.................... int16 CH,DV; 
....................  
.................... void so_sanh_dk_buzzer() 
.................... { 
....................    IF ((lm35a > nd_tren)&& (ttqn == 0)) 
*
07B4:  MOVF   1E,F
07B6:  BNZ   07BE
07B8:  MOVF   1D,W
07BA:  SUBLW  20
07BC:  BC    07D2
07BE:  BTFSC  1F.0
07C0:  BRA    07D2
....................    { 
....................       ttqn = 1; 
07C2:  BSF    1F.0
....................       //!      buzzer_on(); 
....................       xuat_32led_don_4byte (0xFF, 0xFF, 0xFF, 0xFF) ; 
07C4:  SETF   25
07C6:  SETF   26
07C8:  SETF   27
07CA:  SETF   28
07CC:  RCALL  0724
....................       triac_2_off () ; 
07CE:  BRA    07A4
....................    } 
07D0:  BRA    07FE
....................  
....................    else IF ((lm35a < nd_tren)&& (ttqn == 1)) 
07D2:  MOVF   1E,F
07D4:  BNZ   07EE
07D6:  MOVF   1D,W
07D8:  SUBLW  1F
07DA:  BNC   07EE
07DC:  BTFSS  1F.0
07DE:  BRA    07EE
....................    { 
....................       ttqn = 0; 
07E0:  BCF    1F.0
....................       //!      buzzer_off(); 
....................       xuat_32led_don_4byte (0, 0, 0, 0) ; 
07E2:  CLRF   25
07E4:  CLRF   26
07E6:  CLRF   27
07E8:  CLRF   28
07EA:  RCALL  0724
....................    } 
07EC:  BRA    07FE
....................  
....................    else IF ((lm35a < nd_duoi)&& (ttqn == 0)) 
07EE:  MOVF   1E,F
07F0:  BNZ   07FE
07F2:  MOVF   1D,W
07F4:  SUBLW  1D
07F6:  BNC   07FE
07F8:  BTFSC  1F.0
07FA:  BRA    07FE
....................    triac_2_on () ; 
07FC:  BRA    07AC
07FE:  GOTO   08EA (RETURN)
.................... } 
....................  
.................... //Hien thi LCD so lon 
.................... VOID LCD_HIENTHI_SO_Z_TOADO_XY (SIGNED INT8 LCD_SO, SIGNED INT8 X1, SIGNED INT8 Y1) 
.................... { 
....................    LCD_GOTO_XY (X1, Y1) ; 
*
0616:  MOVFF  26,29
061A:  MOVFF  27,2A
061E:  RCALL  05B0
....................    FOR (I = 0; I < 6; I++) 
0620:  CLRF   20
0622:  BTFSC  20.7
0624:  BRA    062C
0626:  MOVF   20,W
0628:  SUBLW  05
062A:  BNC   0674
....................    { 
....................       IF (I == 3) LCD_GOTO_XY (X1 + 1, Y1); 
062C:  MOVF   20,W
062E:  SUBLW  03
0630:  BNZ   0640
0632:  MOVLW  01
0634:  ADDWF  26,W
0636:  MOVWF  28
0638:  MOVWF  29
063A:  MOVFF  27,2A
063E:  RCALL  05B0
....................       LCD_DATA (LCD_SO_X[LCD_SO][I]); 
0640:  MOVFF  25,28
0644:  MOVLW  06
0646:  MOVWF  29
0648:  BRA    05CA
064A:  MOVF   01,W
064C:  CLRF   29
064E:  MOVWF  28
0650:  CLRF   03
0652:  MOVF   20,W
0654:  ADDWF  28,W
0656:  MOVWF  01
0658:  MOVF   29,W
065A:  ADDWFC 03,F
065C:  MOVF   01,W
065E:  MOVFF  FF2,28
0662:  BCF    FF2.7
0664:  RCALL  0024
0666:  BTFSC  28.7
0668:  BSF    FF2.7
066A:  MOVWF  28
066C:  MOVWF  29
066E:  RCALL  059A
0670:  INCF   20,F
0672:  BRA    0622
....................    } 
0674:  RETURN 0
.................... } 
....................  
.................... VOID HIENTHI_LCD_KichThuocLon() 
.................... { 
....................    CH = lm35a / 10 % 10; 
0676:  MOVFF  1E,2A
067A:  MOVFF  1D,29
067E:  CLRF   2C
0680:  MOVLW  0A
0682:  MOVWF  2B
0684:  RCALL  0404
0686:  MOVFF  02,26
068A:  MOVFF  01,25
068E:  MOVFF  02,2A
0692:  MOVFF  01,29
0696:  CLRF   2C
0698:  MOVLW  0A
069A:  MOVWF  2B
069C:  RCALL  0404
069E:  MOVFF  00,21
06A2:  MOVFF  03,22
....................    DV = lm35a % 10; 
06A6:  MOVFF  1E,2A
06AA:  MOVFF  1D,29
06AE:  CLRF   2C
06B0:  MOVLW  0A
06B2:  MOVWF  2B
06B4:  RCALL  0404
06B6:  MOVFF  00,23
06BA:  MOVFF  03,24
....................     
....................    IF (CH == 0) CH = 10; 
06BE:  MOVF   21,F
06C0:  BNZ   06CC
06C2:  MOVF   22,F
06C4:  BNZ   06CC
06C6:  CLRF   22
06C8:  MOVLW  0A
06CA:  MOVWF  21
....................    LCD_COMMAND (0x40); 
06CC:  MOVLW  40
06CE:  MOVWF  2C
06D0:  RCALL  01B2
....................    DELAY_US (20); 
06D2:  MOVLW  20
06D4:  MOVWF  00
06D6:  DECFSZ 00,F
06D8:  BRA    06D6
06DA:  BRA    06DC
06DC:  NOP   
....................    FOR (I = 0; I < 64; I++) 
06DE:  CLRF   20
06E0:  BTFSC  20.7
06E2:  BRA    06EA
06E4:  MOVF   20,W
06E6:  SUBLW  3F
06E8:  BNC   0704
....................    { LCD_DATA (LCD_MA_8DOAN[I]); } 
06EA:  CLRF   03
06EC:  MOVF   20,W
06EE:  MOVFF  FF2,25
06F2:  BCF    FF2.7
06F4:  RCALL  0082
06F6:  BTFSC  25.7
06F8:  BSF    FF2.7
06FA:  MOVWF  25
06FC:  MOVWF  29
06FE:  RCALL  059A
0700:  INCF   20,F
0702:  BRA    06E0
....................     
....................     
....................    lcd_hienthi_so_z_toado_xy (CH, 2, 3) ; 
0704:  MOVFF  21,25
0708:  MOVLW  02
070A:  MOVWF  26
070C:  MOVLW  03
070E:  MOVWF  27
0710:  RCALL  0616
....................    lcd_hienthi_so_z_toado_xy (DV, 2, 6) ; 
0712:  MOVFF  23,25
0716:  MOVLW  02
0718:  MOVWF  26
071A:  MOVLW  06
071C:  MOVWF  27
071E:  RCALL  0616
0720:  GOTO   08E8 (RETURN)
....................     
.................... } 
....................  
.................... void main() 
*
0802:  CLRF   FF8
0804:  BCF    FD0.7
0806:  CLRF   06
0808:  CLRF   0D
080A:  CLRF   0E
080C:  CLRF   0F
080E:  CLRF   10
0810:  CLRF   19
0812:  MOVLW  64
0814:  MOVWF  1C
0816:  BCF    1F.0
0818:  MOVF   FC1,W
081A:  ANDLW  C0
081C:  IORLW  0F
081E:  MOVWF  FC1
0820:  MOVLW  07
0822:  MOVWF  FB4
0824:  SETF   11
0826:  SETF   12
0828:  SETF   13
082A:  SETF   14
082C:  SETF   15
082E:  SETF   16
0830:  SETF   17
0832:  SETF   18
.................... { 
....................    set_up_port_ic_chot (); 
0834:  BRA    00E6
....................    setup_adc (adc_clock_div_32); 
0836:  MOVF   FC0,W
0838:  ANDLW  C0
083A:  IORLW  02
083C:  MOVWF  FC0
083E:  BSF    FC0.7
0840:  BSF    FC2.0
....................    setup_adc_ports (an0|vss_vdd) ; 
0842:  MOVF   FC1,W
0844:  ANDLW  C0
0846:  IORLW  0E
0848:  MOVWF  FC1
....................    set_adc_channel (0) ; 
084A:  MOVLW  00
084C:  MOVWF  01
084E:  MOVF   FC2,W
0850:  ANDLW  C3
0852:  IORWF  01,W
0854:  MOVWF  FC2
....................    setup_lcd () ; 
0856:  BRA    01EE
....................    ttqn = 0; 
0858:  BCF    1F.0
....................  
....................    WHILE (true) 
....................    { 
....................       lm35a = 0; 
085A:  CLRF   1E
085C:  CLRF   1D
....................       FOR (j = 0; j<solan; j++) 
085E:  CLRF   1B
0860:  MOVF   1C,W
0862:  SUBWF  1B,W
0864:  BC    087E
....................       { 
....................          lm35a = lm35a + read_adc (); 
0866:  BSF    FC2.1
0868:  BTFSC  FC2.1
086A:  BRA    0868
086C:  MOVF   FC3,W
086E:  ADDWF  1D,F
0870:  MOVF   FC4,W
0872:  ADDWFC 1E,F
....................          delay_ms (1) ; 
0874:  MOVLW  01
0876:  MOVWF  25
0878:  RCALL  01C8
087A:  INCF   1B,F
087C:  BRA    0860
....................       } 
....................  
....................       lm35a = lm35a / 2.046; 
087E:  MOVFF  1E,26
0882:  MOVFF  1D,25
0886:  BRA    0236
0888:  MOVFF  03,28
088C:  MOVFF  02,27
0890:  MOVFF  01,26
0894:  MOVFF  00,25
0898:  MOVLW  AA
089A:  MOVWF  2C
089C:  MOVLW  F1
089E:  MOVWF  2B
08A0:  MOVLW  02
08A2:  MOVWF  2A
08A4:  MOVLW  80
08A6:  MOVWF  29
08A8:  BRA    026E
08AA:  MOVFF  03,28
08AE:  MOVFF  02,27
08B2:  MOVFF  01,26
08B6:  MOVFF  00,25
08BA:  BRA    03CA
08BC:  MOVFF  02,1E
08C0:  MOVFF  01,1D
....................       lm35a = lm35a / solan; 
08C4:  MOVFF  1E,2A
08C8:  MOVFF  1D,29
08CC:  CLRF   2C
08CE:  MOVFF  1C,2B
08D2:  RCALL  0404
08D4:  MOVFF  02,1E
08D8:  MOVFF  01,1D
....................       xuat_4led_7doan_giaima_xoa_so0 (lm35a); 
08DC:  MOVFF  1E,26
08E0:  MOVFF  1D,25
08E4:  BRA    0472
....................       HIENTHI_LCD_KichThuocLon () ; 
08E6:  BRA    0676
....................       so_sanh_dk_buzzer () ; 
08E8:  BRA    07B4
08EA:  BRA    085A
....................    } 
.................... } 
....................  
08EC:  SLEEP 

Configuration Fuses:
   Word  1: CC27   PLL12 CPUDIV1 USBDIV HS FCMEN IESO
   Word  2: 1E3E   PUT BROWNOUT BORV21 VREGEN NOWDT WDT32768
   Word  3: 8700   CCP2C1 PBADEN LPT1OSC MCLR
   Word  4: 00A1   STVREN NOLVP ICSP2 NOXINST NODEBUG
   Word  5: C00F   NOPROTECT NOCPB NOCPD
   Word  6: E00F   NOWRT NOWRTC NOWRTB NOWRTD
   Word  7: 400F   NOEBTR NOEBTRB
