
ROM used:   570/32768 (2%)
            570/32768 (2%) including unused fragments

            0.4 Average locations per line
            2.2 Average locations per statement

RAM used:   29/2048 (1%) at main() level
            36/2048 (2%) worst case

Stack used: 4 worst case (4 in main + 0 for interrupts)
Stack size: 31

Lines Stmts  %   Files
----- ----- ---  -----
   28    14   5  BAI_511_DEM_GIAY.c
  702   244  95  TV_PICKIT2_SHIFT_1.C
  837     0   0  ..\..\..\..\..\Program Files (x86)\PICC\Devices\18F4550.H
----- -----
 1567   258 Total

Page ROM  %  RAM   Vol Diff  Functions:
---- --- --- ---   --- ----  ----------
0     26   2    1             @delay_us1
0     32   3    0             @const686
0     42   4    3   271  4.3  XUAT_1BYTE
0     30   3    0   152  1.8  SET_UP_PORT_IC_CHOT
0     46   4    0   119  1.7  MO_IC_74573_B_THONG_DL
0     44   4    3   172  2.7  XUAT_8LED_7DOAN_QUET_1
0      8   1    0    25  1.2  XUAT_8LED_7DOAN_QUET_TAT_LED
0     24   2    0             @const753
0     58   5    3   190  3.1  XUAT_8LED_7DOAN_QUET_2
0    116  10    1   249  5.0  HIENTHI_DELAY
0     72   6    4    38  1.2  @DIVS88
0     68   6    0   104  3.2  MAIN
 Inline         0    82  3.1  @cinit1

Program metrics:
    Functions               10
    Statements              258
    Comments                329
    Volume (V)              2373
    Difficulty (D)          27.7
    Effort to implement (E) 65723
    Time to implement (T)   1 hours, 1 minutes
    Est Delivered Bugs (B)  1
    Cyclomatic Complexity   4
    Maintainability (MI)    115

 Segment     Used  Free
-----------  ----  ----
00000-00002     4  0  
00004-07FFE   566  32198  



