
ROM used:   3612/32768 (11%)
            3612/32768 (11%) including unused fragments

            1.6 Average locations per line
            6.3 Average locations per statement

RAM used:   1079/2048 (53%) at main() level
            1092/2048 (53%) worst case

Stack used: 8 worst case (8 in main + 0 for interrupts)
Stack size: 31

Lines Stmts  %   Files
----- ----- ---  -----
  334   168  29  BTC4_BOXUNG_T2.c
  702   244  42  TV_PICKIT2_SHIFT_1.c
  837     0   0  ..\..\..\..\..\Program Files (x86)\PICC\Devices\18F4550.H
   91    25   4  TV_PICKIT2_SHIFT_LCD.C
  240    88  15  TV_PICKIT2_SHIFT_GLCD128X64.C
   60    50   9  tv_pickit2_shift_key4x4_138.c
----- -----
 2264   575 Total

Page ROM  %  RAM   Vol Diff  Functions:
---- --- --- ---   --- ----  ----------
0     40   1    1             @delay_ms1
0     32   0    0             @const686
0     46   1    3   271  4.3  XUAT_1BYTE
0     30   0    0   152  1.8  SET_UP_PORT_IC_CHOT
0     46   1    0   119  1.7  MO_IC_74573_A_THONG_DL
0     46   1    0   119  1.7  MO_IC_74573_B_THONG_DL
0     42   1    4   231  2.3  XUAT_4LED_7DOAN_4SO
0     70   1    5             @DIV1616
0     42   1    0   172  1.8  XUAT_GLCD_LCD
0     20   0    2    80  2.7  XUAT_LCD20X4
0     20   0    2    80  2.7  XUAT_GLCD128X64
0     56   1    3   172  2.7  XUAT_8LED_7DOAN_QUET_1
0     14   0    0    25  1.2  XUAT_8LED_7DOAN_QUET_TAT_LED
0     24   0    0             @const753
0     78   1    3   190  3.1  XUAT_8LED_7DOAN_QUET_2
0     74   1    1   178  4.9  HIEN_THI_8LED_7DOAN_QUET
0     26   0    1   102  2.1  LCD_XUAT_8BIT
0     22   0    1    61  1.6  LCD_COMMAND
0     22   0    1    61  1.6  LCD_DATA
0     92   1    0   245  1.8  SETUP_LCD
0     88   1    0             @const813
0     80   1    0             @const817
0     20   0    0             @const823
0     34   0    3   147  3.7  LCD_GOTO_XY
0     26   0    1   102  2.1  GLCD_XUAT_8BIT
0     10   0    1    43  1.5  GLCD_COMMAND
0     10   0    1    43  1.5  GLCD_DATA
0     88   1    1   292  1.7  SETUP_GLCD
0     34   0    5             @MUL1616
0    228   3    3   447  5.2  GDRAM_VDK_TO_GDRAM_GLCD_ALL
0     80   1    2   543  4.3  @MUL88
0    196   3    3   316  5.6  GIAI_MA_HIEN_THI
0    162   2    3   251  4.6  GIAI_MA_GAN_CHO_8LED_QUET
0    178   2    4   444  5.1  HIENTHI_LCD
0      4   0    0             @const926
0     32   0    2             @PSTRINGC_810
0      4   0    0             @const928
0    112   2    5   276  6.5  LCD_HIENTHI_SO_Z_TOADO_XY
0    336   5    2   888  6.8  HIENTHI_LCD_KichThuocLon
0    174   2    4   406  4.6  HIENTHI_GLCD_T0
0      4   0    0             @const936
0     32   0    2             @PSTRINGC_839
0      4   0    0             @const938
0    160   2    1   169  3.0  CDNN
0     66   1    6             @WRITEBITA
0     50   1    5             @READBITA
0     30   0    0   100  2.9  dem_xuong
0     32   0    0   100  2.9  dem_len
0    446   6    1  1579  7.3  MAIN
0     14   0    0             @const954
0     14   0    0             @const955
0      8   0    0             @const956
0     10   0    0             @const957
 Inline         0             @cinit1

Program metrics:
    Functions               33
    Statements              575
    Comments                421
    Volume (V)              15792
    Difficulty (D)          105.7
    Effort to implement (E) 1669650
    Time to implement (T)   25 hours, 46 minutes
    Est Delivered Bugs (B)  5
    Cyclomatic Complexity   32
    Maintainability (MI)    58

 Segment     Used  Free
-----------  ----  ----
00000-00002     4  0  
00004-07FFE  3608  29156  



