
ROM used:   1338/32768 (4%)
            1338/32768 (4%) including unused fragments

            0.7 Average locations per line
            3.1 Average locations per statement

RAM used:   1063/2048 (52%) at main() level
            1071/2048 (52%) worst case

Stack used: 6 worst case (6 in main + 0 for interrupts)
Stack size: 31

Lines Stmts  %   Files
----- ----- ---  -----
  112    68  16  DEM_LEN_DEM_XUONG_V2.c
  702   244  57  TV_PICKIT2_SHIFT_1.C
  837     0   0  ..\..\..\..\..\Program Files (x86)\PICC\Devices\18F4550.H
   91    25   6  TV_PICKIT2_SHIFT_LCD.C
  240    88  21  TV_PICKIT2_SHIFT_GLCD128X64.C
----- -----
 1982   425 Total

Page ROM  %  RAM   Vol Diff  Functions:
---- --- --- ---   --- ----  ----------
0     40   1    1             @delay_ms1
0     32   1    0             @const686
0     46   2    3   271  4.3  XUAT_1BYTE
0     30   1    0   152  1.8  SET_UP_PORT_IC_CHOT
0     46   2    0   119  1.7  MO_IC_74573_A_THONG_DL
0     46   2    0   119  1.7  MO_IC_74573_B_THONG_DL
0     42   2    4   231  2.3  XUAT_4LED_7DOAN_4SO
0     44   2    0   172  1.8  XUAT_GLCD_LCD
0     20   1    2    80  2.7  XUAT_GLCD128X64
0     52   2    3   172  2.7  XUAT_8LED_7DOAN_QUET_1
0     14   1    0    25  1.2  XUAT_8LED_7DOAN_QUET_TAT_LED
0     24   1    0             @const753
0     72   3    3   190  3.1  XUAT_8LED_7DOAN_QUET_2
0     76   3    1   178  4.9  HIEN_THI_8LED_7DOAN_QUET
0     28   1    1   102  2.1  GLCD_XUAT_8BIT
0     10   0    1    43  1.5  GLCD_COMMAND
0     90   3    1   292  1.7  SETUP_GLCD
0     48   2    1   110  2.6  GIAI_MA_HIEN_THI
0     44   2    3             @DIV88
0    246   9    2   543  4.3  HIEN_THI
0     50   2    1   267  4.6  START_PAUSE
0     60   2    1   255  4.5  DAO
0     38   1    1   158  3.5  HT_4LED
0    136   5    1   453  5.6  MAIN
 Inline         0             @cinit1

Program metrics:
    Functions               20
    Statements              425
    Comments                380
    Volume (V)              7266
    Difficulty (D)          58.5
    Effort to implement (E) 425236
    Time to implement (T)   6 hours, 34 minutes
    Est Delivered Bugs (B)  2
    Cyclomatic Complexity   15
    Maintainability (MI)    113

 Segment     Used  Free
-----------  ----  ----
00000-00002     4  0  
00004-07FFE  1334  31430  



