
ROM used:   4774/32768 (15%)
            4774/32768 (15%) including unused fragments

            1.7 Average locations per line
            6.6 Average locations per statement

RAM used:   1069/2048 (52%) at main() level
            1105/2048 (54%) worst case

Stack used: 8 worst case (8 in main + 0 for interrupts)
Stack size: 31

Lines Stmts  %   Files
----- ----- ---  -----
  298   154  21  demxung_hienthi_caitien.c
  702   244  34  tv_pickit2_shift_1.c
  837     0   0  ..\..\..\..\..\Program Files (x86)\PICC\Devices\18F4550.H
   60    50   7  TV_pickit2_shift_key4x4_138.c
   91    25   3  tv_pickit2_shift_lcd.c
  240    88  12  tv_pickit2_shift_glcd128x64.c
  540   163  23  ..\..\..\..\..\Program Files (x86)\PICC\Drivers\graphics.c
----- -----
 2768   724 Total

Page ROM  %  RAM   Vol Diff  Functions:
---- --- --- ---   --- ----  ----------
0     40   0    1             @delay_ms1
0     32   0    0             @const686
0     46   0    3   271  4.3  XUAT_1BYTE
0     30   0    0   152  1.8  SET_UP_PORT_IC_CHOT
0     46   0    0   119  1.7  MO_IC_74573_A_THONG_DL
0     46   0    0   119  1.7  MO_IC_74573_B_THONG_DL
0     42   0    4   231  2.3  XUAT_4LED_7DOAN_4SO
0     42   0    0   172  1.8  XUAT_GLCD_LCD
0     20   0    2    80  2.7  XUAT_LCD20X4
0     20   0    2    80  2.7  XUAT_GLCD128X64
0     56   1    3   172  2.7  XUAT_8LED_7DOAN_QUET_1
0     14   0    0    25  1.2  XUAT_8LED_7DOAN_QUET_TAT_LED
0     24   0    0             @const753
0     78   1    3   190  3.1  XUAT_8LED_7DOAN_QUET_2
0     74   1    1   178  4.9  HIEN_THI_8LED_7DOAN_QUET
0     20   0    0   102  2.1  @const801
0    136   1    4   627  8.1  KEY_NHAN
0     78   1    2    61  1.6  @MUL88
0     26   0    1   102  2.1  LCD_XUAT_8BIT
0     22   0    1    61  1.6  LCD_COMMAND
0     22   0    1    61  1.6  LCD_DATA
0     92   1    0   245  1.8  SETUP_LCD
0     88   1    0   102  2.1  @const827
0     80   1    0    43  1.5  @const831
0     20   0    0    43  1.5  @const837
0     34   0    3   147  3.7  LCD_GOTO_XY
0     26   0    1   102  2.1  GLCD_XUAT_8BIT
0     10   0    1    43  1.5  GLCD_COMMAND
0     10   0    1    43  1.5  GLCD_DATA
0     88   1    1   292  1.7  SETUP_GLCD
0    124   1    7   338  5.1  GLCD_MAU_NEN
0     34   0    5   569  7.0  @MUL1616
0    268   3    6   510  8.0  glcd_pixel
0    230   2    3   447  5.2  GDRAM_VDK_TO_GDRAM_GLCD_ALL
0    310   3   17  1519  9.2  glcd_line
0    530   6   12  1846  8.8  glcd_circle
0     64   1    0   221  4.4  key_4x4_dw_QUET
0    102   1    1   136  2.5  glcd_hienthi_t0_thuan
0     44   0    3             @DIV88
0      4   0    0             @const997
0     32   0    2             @PSTRINGC_853
0    102   1    1   136  2.5  glcd_hienthi_t0_nguoc
0      4   0    0   169  3.0  @const1000
0    124   1    5   255  5.5  lcd_hienthi_so_z_toado_xy
0    140   1    1   312  4.2  LCD_TO_THUAN
0    140   1    1   312  4.2  LCD_TO_nguoc
0     88   1    1   183  3.6  giai_ma_gan_cho_8led_quet_nguoc
0     90   1    1   183  3.6  giai_ma_gan_cho_8led_quet_thuan
0    104   1    1   193  5.0  hienthi_thuan
0    112   1    1   193  5.0  hienthi_nguoc
0    132   1    1   266  4.4  hienthi_thuan_LCD_nho
0      4   0    0             @const1012
0     32   0    2             @PSTRINGC_824
0    132   1    1   266  4.4  hienthi_nguoc_LCD_nho
0      4   0    0             @const1015
0     30   0    0   125  3.0  dem_xuong
0     32   0    0   125  3.0  dem_len
0    380   4    1  1710  7.8  MAIN
0     16   0    0             @const1021
 Inline         0             @cinit1

Program metrics:
    Functions               49
    Statements              724
    Comments                648
    Volume (V)              26743
    Difficulty (D)          177.8
    Effort to implement (E) 4755206
    Time to implement (T)   73 hours, 23 minutes
    Est Delivered Bugs (B)  9
    Cyclomatic Complexity   55
    Maintainability (MI)    64

 Segment     Used  Free
-----------  ----  ----
00000-00002     4  0  
00004-07FFE  4770  27994  



