
ROM used:   1052/32768 (3%)
            1052/32768 (3%) including unused fragments

            0.6 Average locations per line
            3.5 Average locations per statement

RAM used:   33/2048 (2%) at main() level
            45/2048 (2%) worst case

Stack used: 4 worst case (4 in main + 0 for interrupts)
Stack size: 31

Lines Stmts  %   Files
----- ----- ---  -----
  105    55  18  DETHI_CO_KHI_DEM_SP.c
  702   244  82  TV_PICKIT2_SHIFT_1.c
  837     0   0  ..\..\..\..\..\Program Files (x86)\PICC\Devices\18F4550.H
----- -----
 1644   299 Total

Page ROM  %  RAM   Vol Diff  Functions:
---- --- --- ---   --- ----  ----------
0     38   2    1             @delay_ms1
0     32   2    0             @const686
0     42   2    3   271  4.3  XUAT_1BYTE
0     30   1    0   152  1.8  SET_UP_PORT_IC_CHOT
0     48   2    0   119  1.7  MO_IC_74573_A_THONG_DL
0     42   2    4   231  2.3  XUAT_4LED_7DOAN_4SO
0     20   1    3    76  1.7  XUAT_4LED_7DOAN_3SO
0     66   3    5             @DIV1616
0    188   9    5   309  4.7  GIAI_MA_HIEN_THI
0    126   6    1   154  3.0  CDNN
0     62   3    6             @WRITEBITA
0     46   2    5   295  3.7  @READBITA
0    266  13    1  1181  8.3  MAIN
0     42   2    3   388  6.0  @DIV88
 Inline         0   388  6.0  @cinit1

Program metrics:
    Functions               11
    Statements              299
    Comments                335
    Volume (V)              5678
    Difficulty (D)          43.1
    Effort to implement (E) 244779
    Time to implement (T)   3 hours, 47 minutes
    Est Delivered Bugs (B)  1
    Cyclomatic Complexity   32
    Maintainability (MI)    123

 Segment     Used  Free
-----------  ----  ----
00000-00002     4  0  
00004-07FFE  1048  31716  



