
ROM used:   1744/32768 (5%)
            1744/32768 (5%) including unused fragments

            1.0 Average locations per line
            5.2 Average locations per statement

RAM used:   52/2048 (3%) at main() level
            63/2048 (3%) worst case

Stack used: 4 worst case (3 in main + 1 for interrupts)
Stack size: 31

Lines Stmts  %   Files
----- ----- ---  -----
  167    92  27  DETHI_CO_KHI_DEM_SP_2.c
  702   244  73  TV_PICKIT2_SHIFT_1.C
  837     0   0  ..\..\..\..\..\Program Files (x86)\PICC\Devices\18F4550.H
----- -----
 1706   336 Total

Page ROM  %  RAM   Vol Diff  Functions:
---- --- --- ---   --- ----  ----------
0     38   1    1             @delay_ms1
0     42   1    0             @const686
0     42   1    3   271  4.3  XUAT_1BYTE
0     30   1    0   152  1.8  SET_UP_PORT_IC_CHOT
0     48   1    0   119  1.7  MO_IC_74573_A_THONG_DL
0     42   1    4   231  2.3  XUAT_4LED_7DOAN_4SO
0    294   8    5   465  4.8  XUAT_4LED_7DOAN_GIAIMA_XOA_SO0
0     66   2    5             @DIV1616
0     16   0    0    29  1.2  INTERRUPT_TIMER1
0    310   9    4   449  4.7  GIAI_MA_DEM_TIMER
0     40   1    3  1972  8.4  @DIV88
0    126   4    1   154  3.0  CDNN
0     62   2    6  1285  7.3  @WRITEBITA
0     46   1    5  1972  8.4  @READBITA
0    396  11    1  2267  8.4  MAIN
 Inline         0   904  6.3  @cinit1

Program metrics:
    Functions               13
    Statements              336
    Comments                342
    Volume (V)              15290
    Difficulty (D)          63.4
    Effort to implement (E) 969597
    Time to implement (T)   14 hours, 58 minutes
    Est Delivered Bugs (B)  3
    Cyclomatic Complexity   65
    Maintainability (MI)    130

 Segment     Used  Free
-----------  ----  ----
00000-00002     4  0  
00004-00006     0  4  
00008-00094   142  0  
00096-07FFE  1598  31020  



