
ROM used:   2006/32768 (6%)
            2006/32768 (6%) including unused fragments

            0.8 Average locations per line
            3.2 Average locations per statement

RAM used:   1075/2048 (52%) at main() level
            1088/2048 (53%) worst case

Stack used: 8 worst case (8 in main + 0 for interrupts)
Stack size: 31

Lines Stmts  %   Files
----- ----- ---  -----
  134    54   8  KIEMTRA_CUOIKI_A.c
  702   244  38  tv_pickit2_shift_1.c
  837     0   0  ..\..\..\..\..\Program Files (x86)\PICC\Devices\18F4550.H
  121    62  10  TV_PICKIT2_SHIFT_DS13B07_I2C.c
   99    25   4  TV_PICKIT2_SHIFT_LCD.c
  240    88  14  tv_pickit2_shift_glcd128x64.c
  540   163  26  ..\..\..\..\..\Program Files (x86)\PICC\Drivers\graphics.c
----- -----
 2673   636 Total

Page ROM  %  RAM   Vol Diff  Functions:
---- --- --- ---   --- ----  ----------
0     76   2    3             @I2C_READ_1
0     82   2    1             @I2C_WRITE_1
0     42   1    1             @delay_ms1
0     46   1    3   271  4.3  XUAT_1BYTE
0     30   1    0   152  1.8  SET_UP_PORT_IC_CHOT
0     48   1    0   119  1.7  MO_IC_74573_A_THONG_DL
0     44   1    0   172  1.8  XUAT_GLCD_LCD
0     20   0    2    80  2.7  XUAT_LCD20X4
0     26   1    1   102  2.1  LCD_XUAT_8BIT
0     22   1    1    61  1.6  LCD_COMMAND
0     22   1    1    61  1.6  LCD_DATA
0     92   2    0   245  1.8  SETUP_LCD
0    136   3    0   260  3.2  @const813
0     80   2    0   127  1.5  @const817
0     20   0    0   158  1.3  @const823
0     34   1    3   147  3.7  LCD_GOTO_XY
0     40   1    0   174  1.8  THIET_LAP_THOI_GIAN_HIEN_TAI
0    144   4    0   253  1.4  NAP_THOI_GIAN_HTAI_VAO_DS13B07
0    226   6    0   351  1.9  DOC_THOI_GIAN_TU_REALTIME
0     78   2    2   581  6.2  @MUL88
0     22   1    0  1458  7.3  @const991
0     22   1    0  1519  9.2  @const995
0    118   3    5   255  5.5  LCD_HIENTHI_CHU_C_TOADO_XY
0    118   3    5   255  5.5  LCD_HIENTHI_CHU_n_TOADO_XY
0    116   3    5   255  5.5  lcd_hienthi_so_z_toado_xy
0     56   1    0   214  2.7  giaima_hienthi_to
0     92   2    0   248  3.2  HT_DS1307_to
0    150   4    1   407  5.1  MAIN
 Inline         0   399  1.9  @cinit1

Program metrics:
    Functions               26
    Statements              636
    Comments                659
    Volume (V)              14932
    Difficulty (D)          87.5
    Effort to implement (E) 1306049
    Time to implement (T)   20 hours, 9 minutes
    Est Delivered Bugs (B)  4
    Cyclomatic Complexity   39
    Maintainability (MI)    136

 Segment     Used  Free
-----------  ----  ----
00000-00002     4  0  
00004-07FFE  2002  30762  



