
ROM used:   1604/32768 (5%)
            1604/32768 (5%) including unused fragments

            0.5 Average locations per line
            1.9 Average locations per statement

RAM used:   1153/2048 (56%) at main() level
            1167/2048 (57%) worst case

Stack used: 9 worst case (8 in main + 1 for interrupts)
Stack size: 31

Lines Stmts  %   Files
----- ----- ---  -----
   96    40   5  KIEMTRA_GIUAKI_cau_A.c
  702   244  28  TV_PICKIT2_SHIFT_1.C
  837     0   0  ..\..\..\..\..\Program Files (x86)\PICC\Devices\18F4550.H
  393   248  29  TV_PICKIT2_SHIFT_32LED_DON.C
   91    25   3  TV_PICKIT2_SHIFT_LCD.C
   60    50   6  TV_PICKIT2_SHIFT_KEY4X4_138.C
  240    88  10  TV_PICKIT2_SHIFT_GLCD128X64.C
  540   163  19  ..\..\..\..\..\Program Files (x86)\PICC\Drivers\GRAPHICS.C
----- -----
 2959   858 Total

Page ROM  %  RAM   Vol Diff  Functions:
---- --- --- ---   --- ----  ----------
0     42   1    1             @delay_ms1
0     46   1    3   271  4.3  XUAT_1BYTE
0     30   1    0   152  1.8  SET_UP_PORT_IC_CHOT
0     48   1    0   119  1.7  MO_IC_74573_A_THONG_DL
0     44   1    0   172  1.8  XUAT_GLCD_LCD
0     20   1    2    80  2.7  XUAT_LCD20X4
0     26   1    1   102  2.1  LCD_XUAT_8BIT
0     22   1    1    61  1.6  LCD_COMMAND
0     22   1    1    61  1.6  LCD_DATA
0     92   3    0   245  1.8  SETUP_LCD
0     98   3    0   181  4.3  @const895
0     90   3    0   136  3.9  @const899
0     30   1    0    99  3.3  @const905
0     34   1    3   147  3.7  LCD_GOTO_XY
0     78   2    2             @MUL88
0     32   1    0  1710  7.8  @const1069
0     20   1    0    29  1.2  INTERRUPT_TIMER1
0    114   4    5   255  5.5  LCD_HIENTHI_CHU_Z_TOADO_XY
0    112   3    5   255  5.5  LCD_HIENTHI_SO_Z_TOADO_XY
0     96   3    1   251  4.2  HIEN_THI_LCD
0     44   1    3             @DIV88
0    318  10    1   482  6.2  MAIN
 Inline         0             @cinit1

Program metrics:
    Functions               19
    Statements              858
    Comments                652
    Volume (V)              8175
    Difficulty (D)          65.7
    Effort to implement (E) 537054
    Time to implement (T)   8 hours, 17 minutes
    Est Delivered Bugs (B)  2
    Cyclomatic Complexity   22
    Maintainability (MI)    95

 Segment     Used  Free
-----------  ----  ----
00000-00002     4  0  
00004-00006     0  4  
00008-00094   142  0  
00096-07FFE  1458  31160  



