
ROM used:   5252/32768 (16%)
            5252/32768 (16%) including unused fragments

            1.7 Average locations per line
            6.5 Average locations per statement

RAM used:   1095/2048 (53%) at main() level
            1131/2048 (55%) worst case

Stack used: 8 worst case (8 in main + 0 for interrupts)
Stack size: 31

Lines Stmts  %   Files
----- ----- ---  -----
  206   101  13  KIEMTRA_CUOIKI_ABC.c
  702   244  30  tv_pickit2_shift_1.c
  837     0   0  ..\..\..\..\..\Program Files (x86)\PICC\Devices\18F4550.H
  121    62   8  TV_PICKIT2_SHIFT_DS13B07_I2C.c
   99    25   3  TV_PICKIT2_SHIFT_LCD.c
   48    19   2  tv_pickit2_shift_ds18b20.c
  230    54   7  ..\..\..\..\..\Program Files (x86)\PICC\Drivers\TOUCH.c
  240    88  11  tv_pickit2_shift_glcd128x64.c
  540   163  20  ..\..\..\..\..\Program Files (x86)\PICC\Drivers\graphics.c
   60    50   6  TV_PICKIT2_SHIFT_KEY4X4_138.C
----- -----
 3083   806 Total

Page ROM  %  RAM   Vol Diff  Functions:
---- --- --- ---   --- ----  ----------
0     76   1    3             @I2C_READ_1
0     82   1    1             @I2C_WRITE_1
0     40   0    1             @delay_ms1
0     32   0    1             @delay_us1
0     46   0    3   271  4.3  XUAT_1BYTE
0     30   0    0   152  1.8  SET_UP_PORT_IC_CHOT
0     48   0    0   119  1.7  MO_IC_74573_A_THONG_DL
0     42   0    0   172  1.8  XUAT_GLCD_LCD
0     20   0    2    80  2.7  XUAT_LCD20X4
0     20   0    2    80  2.7  XUAT_GLCD128X64
0     26   0    1   102  2.1  LCD_XUAT_8BIT
0     22   0    1    61  1.6  LCD_COMMAND
0     22   0    1    61  1.6  LCD_DATA
0     92   1    0   245  1.8  SETUP_LCD
0    136   1    0   260  3.2  @const813
0     80   1    0   127  1.5  @const817
0     20   0    0   158  1.3  @const823
0     34   0    3   147  3.7  LCD_GOTO_XY
0     40   0    0   174  1.8  THIET_LAP_THOI_GIAN_HIEN_TAI
0    144   1    0   253  1.4  NAP_THOI_GIAN_HTAI_VAO_DS13B07
0    226   2    0   351  1.9  DOC_THOI_GIAN_TU_REALTIME
0     64   1    1   176  2.3  touch_read_bit
0     42   0    2   149  4.3  touch_read_byte
0    116   1    1   450  3.3  touch_write_bit
0     54   1    3   185  5.6  touch_write_byte
0     90   1    2   260  3.2  touch_present
0     74   1    0   158  1.3  KHOI_TAO_DS18B20
0    150   1    2   290  4.2  DOC_GIATRI_DS18B20
0     34   0    5   447  5.2  @MUL1616
0     26   0    1   102  2.1  GLCD_XUAT_8BIT
0     10   0    1    43  1.5  GLCD_COMMAND
0     10   0    1    43  1.5  GLCD_DATA
0     88   1    1   292  1.7  SETUP_GLCD
0    122   1    7   338  5.1  GLCD_MAU_NEN
0    268   3    6   510  8.0  glcd_pixel
0    236   2    3   447  5.2  GDRAM_VDK_TO_GDRAM_GLCD_ALL
0    310   3   17  1519  9.2  glcd_line
0    194   2    6  1071  6.1  glcd_rect
0    528   5   12  1846  8.8  glcd_circle
0     78   1    2   248  3.2  @MUL88
0     20   0    0   399  1.9  @const1003
0    138   1    4   627  8.1  KEY_NHAN
0     60   1    0   181  4.3  KEY_4X4_DW
0     22   0    0   916  5.8  @const1030
0     22   0    0   916  5.8  @const1034
0    120   1    5   255  5.5  LCD_HIENTHI_CHU_C_TOADO_XY
0    120   1    5   255  5.5  LCD_HIENTHI_CHU_n_TOADO_XY
0    118   1    5   255  5.5  lcd_hienthi_so_z_toado_xy
0     56   1    0   214  2.7  giaima_hienthi_to
0     92   1    0   248  3.2  HT_DS1307_to
0    146   1    1   228  3.2  giaima_lcd_ds18b20
0     44   0    3   287  4.4  @DIV88
0     74   1    0   197  1.8  hienthi_glcd
0    140   1    1   412  3.3  HIEN_THI_IMAGE
0    304   3    1   956  6.3  MAIN
 Inline         0             @cinit1

Program metrics:
    Functions               51
    Statements              806
    Comments                797
    Volume (V)              34696
    Difficulty (D)          189.1
    Effort to implement (E) 6561401
    Time to implement (T)   101 hours, 15 minutes
    Est Delivered Bugs (B)  12
    Cyclomatic Complexity   70
    Maintainability (MI)    84

 Segment     Used  Free
-----------  ----  ----
00000-00002     4  0  
00004-07FFE  5248  27516  



