
ROM used:   5068/32768 (15%)
            5068/32768 (15%) including unused fragments

            1.7 Average locations per line
            5.6 Average locations per statement

RAM used:   1153/2048 (56%) at main() level
            1189/2048 (58%) worst case

Stack used: 10 worst case (9 in main + 1 for interrupts)
Stack size: 31

Lines Stmts  %   Files
----- ----- ---  -----
  157    91  10  KIEM_TRA.c
  702   244  27  TV_PICKIT2_SHIFT_1.C
  837     0   0  ..\..\..\..\..\Program Files (x86)\PICC\Devices\18F4550.H
  393   248  27  TV_PICKIT2_SHIFT_32LED_DON.C
   91    25   3  TV_PICKIT2_SHIFT_LCD.C
   60    50   6  TV_PICKIT2_SHIFT_KEY4X4_138.C
  240    88  10  TV_PICKIT2_SHIFT_GLCD128X64.C
  540   163  18  ..\..\..\..\..\Program Files (x86)\PICC\Drivers\GRAPHICS.C
----- -----
 3020   909 Total

Page ROM  %  RAM   Vol Diff  Functions:
---- --- --- ---   --- ----  ----------
0     40   0    1             @delay_ms1
0     46   0    3   271  4.3  XUAT_1BYTE
0     54   1    4   231  2.3  XUAT_32LED_DON_4BYTE
0     38   0    8   245  3.1  XUAT_32LED_DON_2WORD
0     36   0    9   123  3.2  XUAT_32LED_DON_1DW
0     30   0    0   152  1.8  SET_UP_PORT_IC_CHOT
0     46   0    0   119  1.7  MO_IC_74573_A_THONG_DL
0     46   0    0   119  1.7  MO_IC_74573_B_THONG_DL
0     42   0    0   172  1.8  XUAT_GLCD_LCD
0     20   0    2    80  2.7  XUAT_LCD20X4
0     20   0    2    80  2.7  XUAT_GLCD128X64
0     56   1    3   172  2.7  XUAT_8LED_7DOAN_QUET_1
0     14   0    0    25  1.2  XUAT_8LED_7DOAN_QUET_TAT_LED
0     34   0    0             @const753
0     78   1    3   190  3.1  XUAT_8LED_7DOAN_QUET_2
0     56   1    1   136  3.9  HIEN_THI_8LED_7DOAN_QUET_ALL
0    158   2    0   603  2.9  RESET_TOAN_BO_BIEN
0     28   0    2   117  3.5  TANG_DEM_LED_DELAY_1
0     26   0    1    68  2.4  TANG_DEM_LED_DELAY_0
0     28   0    2    82  3.1  DELAY_CHON
0    134   1    7   315  4.6  SANG_TAT_DAN_PST_32LED
0    124   1    7   315  4.6  SANG_TAT_DAN_TSP_32LED
0     26   0    1   102  2.1  LCD_XUAT_8BIT
0     22   0    1    61  1.6  LCD_COMMAND
0     22   0    1    61  1.6  LCD_DATA
0     92   1    0   245  1.8  SETUP_LCD
0     98   1    0             @const895
0     90   1    0             @const899
0     30   0    0             @const905
0     34   0    3   147  3.7  LCD_GOTO_XY
0     30   0    0             @const910
0    138   1    4   627  8.1  KEY_NHAN
0     78   1    2             @MUL88
0     50   0    0   181  4.3  KEY_4X4_DW
0     26   0    1   102  2.1  GLCD_XUAT_8BIT
0     10   0    1    43  1.5  GLCD_COMMAND
0     10   0    1    43  1.5  GLCD_DATA
0     88   1    1   292  1.7  SETUP_GLCD
0    130   1    7   338  5.1  GLCD_MAU_NEN
0     34   0    5             @MUL1616
0    280   3    6   510  8.0  glcd_pixel
0    246   2    3   447  5.2  GDRAM_VDK_TO_GDRAM_GLCD_ALL
0    310   3   17  1519  9.2  glcd_line
0    196   2    6  1071  6.1  glcd_rect
0    530   5   12  1846  8.8  glcd_circle
0     32   0    0             @const1069
0     20   0    0    29  1.2  INTERRUPT_TIMER1
0    114   1    5   255  5.5  LCD_HIENTHI_CHU_Z_TOADO_XY
0    112   1    5   255  5.5  LCD_HIENTHI_SO_Z_TOADO_XY
0     92   1    1   251  4.2  HIEN_THI_LCD
0     44   0    3             @DIV88
0    124   1    2   329  4.1  HIEN_THI_GLCD
0      4   0    0             @const1091
0     32   0    2             @PSTRINGC_935
0      2   0    0             @const1093
0     40   0    1   108  2.5  HIEN_THI_AB
0     42   0    0    82  2.8  HIEN_THI_32LED
0    540   5    1  1495  9.3  MAIN
 Inline         0             @cinit1

Program metrics:
    Functions               45
    Statements              909
    Comments                642
    Volume (V)              26510
    Difficulty (D)          168.4
    Effort to implement (E) 4465595
    Time to implement (T)   68 hours, 55 minutes
    Est Delivered Bugs (B)  9
    Cyclomatic Complexity   55
    Maintainability (MI)    68

 Segment     Used  Free
-----------  ----  ----
00000-00002     4  0  
00004-00006     0  4  
00008-00094   142  0  
00096-07FFE  4922  27696  



