
ROM used:   498/32768 (2%)
            498/32768 (2%) including unused fragments

            0.3 Average locations per line
            1.9 Average locations per statement

RAM used:   36/2048 (2%) at main() level
            54/2048 (3%) worst case

Stack used: 4 worst case (4 in main + 0 for interrupts)
Stack size: 31

Lines Stmts  %   Files
----- ----- ---  -----
   46    14   5  kiemtra_onl_1.c
  702   244  95  TV_PICKIT2_SHIFT_1.c
  837     0   0  ..\..\..\..\..\Program Files (x86)\PICC\Devices\18F4550.H
----- -----
 1585   258 Total

Page ROM  %  RAM   Vol Diff  Functions:
---- --- --- ---   --- ----  ----------
0     38   4    1             @delay_ms1
0     42   4    3   271  4.3  XUAT_1BYTE
0     44   4    4   231  2.3  XUAT_32LED_DON_4BYTE
0     38   4    8   245  3.1  XUAT_32LED_DON_2WORD
0     36   4    9   123  3.2  XUAT_32LED_DON_1DW
0     30   3    0   152  1.8  SET_UP_PORT_IC_CHOT
0     48   5    0   119  1.7  MO_IC_74573_A_THONG_DL
0    218  22    5   380  4.7  MAIN
 Inline         0    61  1.6  @cinit1

Program metrics:
    Functions               8
    Statements              258
    Comments                330
    Volume (V)              2523
    Difficulty (D)          22.6
    Effort to implement (E) 56958
    Time to implement (T)   53 minutes
    Est Delivered Bugs (B)  0
    Cyclomatic Complexity   3
    Maintainability (MI)    60

 Segment     Used  Free
-----------  ----  ----
00000-00002     4  0  
00004-07FFE   494  32270  



