
ROM used:   4292/32768 (13%)
            4292/32768 (13%) including unused fragments

            1.4 Average locations per line
            4.7 Average locations per statement

RAM used:   1153/2048 (56%) at main() level
            1189/2048 (58%) worst case

Stack used: 9 worst case (8 in main + 1 for interrupts)
Stack size: 31

Lines Stmts  %   Files
----- ----- ---  -----
  192   101  11  KIEMTRA_GIUAKI.c
  702   244  27  TV_PICKIT2_SHIFT_1.C
  837     0   0  ..\..\..\..\..\Program Files (x86)\PICC\Devices\18F4550.H
  393   248  27  TV_PICKIT2_SHIFT_32LED_DON.C
   91    25   3  TV_PICKIT2_SHIFT_LCD.C
   60    50   5  TV_PICKIT2_SHIFT_KEY4X4_138.C
  240    88  10  TV_PICKIT2_SHIFT_GLCD128X64.C
  540   163  18  ..\..\..\..\..\Program Files (x86)\PICC\Drivers\GRAPHICS.C
----- -----
 3055   919 Total

Page ROM  %  RAM   Vol Diff  Functions:
---- --- --- ---   --- ----  ----------
0     40   0    1             @delay_ms1
0     46   1    3   271  4.3  XUAT_1BYTE
0     30   0    0   152  1.8  SET_UP_PORT_IC_CHOT
0     48   1    0   119  1.7  MO_IC_74573_A_THONG_DL
0     42   0    0   172  1.8  XUAT_GLCD_LCD
0     20   0    2    80  2.7  XUAT_LCD20X4
0     20   0    2    80  2.7  XUAT_GLCD128X64
0     26   0    1   102  2.1  LCD_XUAT_8BIT
0     22   0    1    61  1.6  LCD_COMMAND
0     22   0    1    61  1.6  LCD_DATA
0     92   1    0   245  1.8  SETUP_LCD
0     98   1    0   181  4.3  @const895
0     90   1    0   136  3.9  @const899
0     30   0    0    99  3.3  @const905
0     34   0    3   147  3.7  LCD_GOTO_XY
0     30   0    0   138  3.3  @const910
0    138   2    4   627  8.1  KEY_NHAN
0     78   1    2             @MUL88
0     50   1    0   181  4.3  KEY_4X4_DW
0     26   0    1   102  2.1  GLCD_XUAT_8BIT
0     10   0    1    43  1.5  GLCD_COMMAND
0     10   0    1    43  1.5  GLCD_DATA
0     88   1    1   292  1.7  SETUP_GLCD
0    130   2    7   338  5.1  GLCD_MAU_NEN
0     34   0    5   169  3.0  @MUL1616
0    280   3    6   510  8.0  glcd_pixel
0    244   3    3   447  5.2  GDRAM_VDK_TO_GDRAM_GLCD_ALL
0    310   4   17  1519  9.2  glcd_line
0    194   2    6  1071  6.1  glcd_rect
0    528   6   12  1846  8.8  glcd_circle
0     32   0    0  1710  7.8  @const1070
0     20   0    0    29  1.2  INTERRUPT_TIMER1
0    114   1    5   255  5.5  LCD_HIENTHI_CHU_Z_TOADO_XY
0    112   1    5   255  5.5  LCD_HIENTHI_SO_Z_TOADO_XY
0     96   1    1   251  4.2  HIEN_THI_LCD
0     44   1    3             @DIV88
0    116   1    4   289  4.5  HIENTHI_LCD_NHO
0    126   1    2   329  4.1  HIEN_THI_GLCD
0      4   0    0             @const1094
0     32   0    2   412  3.3  @PSTRINGC_935
0      2   0    0   412  3.3  @const1096
0    140   2    1   412  3.3  HIEN_THI_IMAGE
0    498   6    1  1346  8.8  MAIN
 Inline         0             @cinit1

Program metrics:
    Functions               39
    Statements              919
    Comments                662
    Volume (V)              27233
    Difficulty (D)          161.2
    Effort to implement (E) 4389596
    Time to implement (T)   67 hours, 44 minutes
    Est Delivered Bugs (B)  9
    Cyclomatic Complexity   67
    Maintainability (MI)    90

 Segment     Used  Free
-----------  ----  ----
00000-00002     4  0  
00004-00006     0  4  
00008-00094   142  0  
00096-07FFE  4146  28472  



