
ROM used:   4316/32768 (13%)
            4316/32768 (13%) including unused fragments

            1.6 Average locations per line
            6.4 Average locations per statement

RAM used:   1073/2048 (52%) at main() level
            1110/2048 (54%) worst case

Stack used: 8 worst case (8 in main + 0 for interrupts)
Stack size: 31

Lines Stmts  %   Files
----- ----- ---  -----
  150    97  14  TONG_HOP_REAL_TIME.c
  702   244  36  tv_pickit2_shift_1.c
  837     0   0  ..\..\..\..\..\Program Files (x86)\PICC\Devices\18F4550.H
   88    62   9  TV_PICKIT2_SHIFT_DS13B07_I2C.c
   92    25   4  TV_PICKIT2_SHIFT_LCD.c
  240    88  13  tv_pickit2_shift_glcd128x64.c
  540   163  24  ..\..\..\..\..\Program Files (x86)\PICC\Drivers\graphics.c
----- -----
 2649   679 Total

Page ROM  %  RAM   Vol Diff  Functions:
---- --- --- ---   --- ----  ----------
0     76   1    3             @I2C_READ_1
0     82   1    1             @I2C_WRITE_1
0     40   0    1             @delay_ms1
0     32   0    0             @const686
0     46   1    3   271  4.3  XUAT_1BYTE
0     30   0    0   152  1.8  SET_UP_PORT_IC_CHOT
0     48   1    0   119  1.7  MO_IC_74573_A_THONG_DL
0     46   1    0   119  1.7  MO_IC_74573_B_THONG_DL
0     42   0    0   172  1.8  XUAT_GLCD_LCD
0     20   0    2    80  2.7  XUAT_LCD20X4
0     20   0    2    80  2.7  XUAT_GLCD128X64
0     56   1    3   172  2.7  XUAT_8LED_7DOAN_QUET_1
0     14   0    0    25  1.2  XUAT_8LED_7DOAN_QUET_TAT_LED
0     24   0    0             @const753
0     78   1    3   190  3.1  XUAT_8LED_7DOAN_QUET_2
0     76   1    1   178  4.9  HIEN_THI_8LED_7DOAN_QUET
0     26   0    1   102  2.1  LCD_XUAT_8BIT
0     22   0    1    61  1.6  LCD_COMMAND
0     22   0    1    61  1.6  LCD_DATA
0     92   1    0   245  1.8  SETUP_LCD
0     94   1    0   230  3.9  @const813
0     80   1    0   315  3.3  @const817
0     20   0    0   336  4.2  @const823
0     38   0    3   147  3.7  LCD_GOTO_XY
0     38   0    0   174  1.8  THIET_LAP_THOI_GIAN_HIEN_TAI
0    144   2    0   253  1.4  NAP_THOI_GIAN_HTAI_VAO_DS13B07
0    226   3    0   351  1.9  DOC_THOI_GIAN_TU_REALTIME
0     26   0    1   102  2.1  GLCD_XUAT_8BIT
0     10   0    1    43  1.5  GLCD_COMMAND
0     10   0    1    43  1.5  GLCD_DATA
0     88   1    1   292  1.7  SETUP_GLCD
0    124   1    7   338  5.1  GLCD_MAU_NEN
0     34   0    5             @MUL1616
0    268   3    6   510  8.0  glcd_pixel
0    230   3    3   447  5.2  GDRAM_VDK_TO_GDRAM_GLCD_ALL
0    310   4   17  1519  9.2  glcd_line
0    528   6   12  1846  8.8  glcd_circle
0     78   1    2             @MUL88
0    186   2    1   406  3.3  giai_ma_gan_cho_8led_quet
0    120   1    5   255  5.5  lcd_hienthi_so_z_toado_xy
0     50   1    0   179  2.7  giaima_hienthi_to
0    176   2    0   402  1.8  HT_DS1307_to
0      4   0    0             @const996
0     34   0    2             @PSTRINGC_810
0      6   0    0             @const998
0      6   0    0             @const999
0      4   0    0             @const1001
0    488   6    1  1546  7.4  MAIN
 Inline         0             @cinit1

Program metrics:
    Functions               36
    Statements              679
    Comments                598
    Volume (V)              21567
    Difficulty (D)          121.1
    Effort to implement (E) 2611117
    Time to implement (T)   40 hours, 18 minutes
    Est Delivered Bugs (B)  6
    Cyclomatic Complexity   28
    Maintainability (MI)    92

 Segment     Used  Free
-----------  ----  ----
00000-00002     4  0  
00004-07FFE  4312  28452  



