
ROM used:   7664/32768 (23%)
            7664/32768 (23%) including unused fragments

            2.5 Average locations per line
            9.8 Average locations per statement

RAM used:   1119/2048 (55%) at main() level
            1166/2048 (57%) worst case

Stack used: 15 worst case (7 in main + 8 for interrupts)
Stack size: 31

Lines Stmts  %   Files
----- ----- ---  -----
  239   131  17  TONG _HOP_NHIET_DO_3_DoiHinh.c
  702   244  31  tv_pickit2_shift_1.c
  837     0   0  ..\..\..\..\..\Program Files (x86)\PICC\Devices\18F4550.H
   48    19   2  tv_pickit2_shift_ds18b20.c
  230    54   7  ..\..\..\..\..\Program Files (x86)\PICC\Drivers\TOUCH.c
  121    62   8  TV_PICKIT2_SHIFT_DS13B07_I2C.c
   99    25   3  TV_PICKIT2_SHIFT_LCD.c
  240    88  11  tv_pickit2_shift_glcd128x64.c
  540   163  21  ..\..\..\..\..\Program Files (x86)\PICC\Drivers\graphics.c
----- -----
 3056   786 Total

Page ROM  %  RAM   Vol Diff  Functions:
---- --- --- ---   --- ----  ----------
0     76   0    3             @I2C_READ_1
0     82   1    1             @I2C_WRITE_1
0     40   0    1             @delay_ms1
0     32   0    1             @delay_us1
0     42   0    0             @const686
0     46   0    3   271  4.3  XUAT_1BYTE
0     30   0    0   152  1.8  SET_UP_PORT_IC_CHOT
0     46   0    0   119  1.7  MO_IC_74573_A_THONG_DL
0     46   0    0   119  1.7  MO_IC_74573_B_THONG_DL
0     70   0    5             @DIV1616
0     42   0    0   172  1.8  XUAT_GLCD_LCD
0     32   0    2    80  2.7  XUAT_LCD20X4
0     20   0    2    80  2.7  XUAT_GLCD128X64
0     50   0    3   172  2.7  XUAT_8LED_7DOAN_QUET_1
0     12   0    0    25  1.2  XUAT_8LED_7DOAN_QUET_TAT_LED
0     42   0    0             @const753
0     70   0    3   190  3.1  XUAT_8LED_7DOAN_QUET_2
0     64   0    1   176  2.3  touch_read_bit
0     42   0    2   149  4.3  touch_read_byte
0    116   1    1   450  3.3  touch_write_bit
0     54   0    3   185  5.6  touch_write_byte
0    114   1    2   260  3.2  touch_present
0     74   0    0   158  1.3  KHOI_TAO_DS18B20
0    172   1    2   290  4.2  DOC_GIATRI_DS18B20
0     34   0    5    96  1.1  @MUL1616
0     26   0    1   102  2.1  LCD_XUAT_8BIT
0     22   0    1    61  1.6  LCD_COMMAND
0     24   0    1    61  1.6  LCD_DATA
0     92   1    0   245  1.8  SETUP_LCD
0     30   0    0   561  4.3  @const847
0     38   0    3   147  3.7  LCD_GOTO_XY
0     40   0    0   174  1.8  THIET_LAP_THOI_GIAN_HIEN_TAI
0    144   1    0   253  1.4  NAP_THOI_GIAN_HTAI_VAO_DS13B07
0    226   1    0   351  1.9  DOC_THOI_GIAN_TU_REALTIME
0     26   0    1   102  2.1  GLCD_XUAT_8BIT
0     10   0    1    43  1.5  GLCD_COMMAND
0     10   0    1    43  1.5  GLCD_DATA
0    136   1    1   292  1.7  SETUP_GLCD
0    134   1    7   338  5.1  GLCD_MAU_NEN
0    296   2    6   510  8.0  glcd_pixel
0    228   1    3   447  5.2  GDRAM_VDK_TO_GDRAM_GLCD_ALL
0    310   2   17  1519  9.2  glcd_line
0    194   1    6  1071  6.1  glcd_rect
0    528   3   12  1846  8.8  glcd_circle
0     78   1    2   402  1.8  @MUL88
0    356   2    0   399  1.9  hienthi_glcd
0     68   0    1   151  3.9  HIEN_THI_8LED_7DOAN_QUET_ALL1
0     18   0    0    43  1.3  NGAT_TIMER3
0    328   2    3   447  3.3  giai_ma_gan_cho_8led_quet
0     44   0    3             @DIV88
0    194   1    2   181  3.1  giaima_lcd_lm35
0     58   0    0   143  1.7  hienthi_lcd_lm35
0      8   0    0   850  2.9  @const1026
0     32   0    2             @PSTRINGC_834
0    146   1    1   228  3.2  giaima_lcd_ds18b20
0     66   0    0   165  1.7  hienthi_lcd_ds18b20
0     10   0    0  1000  6.3  @const1030
0    298   2    0   287  4.4  doc_nd_lm35a
0     54   0    2             @ITOF
0    634   4   16             @ADDFF
0    350   2   14             @DIVFF
0    248   2   11             @MULFF
0     62   0    4             @SFTOI
0     40   0    0   138  3.3  TRON_VUONG
0    464   3    1  1639  7.4  MAIN
 Inline         0             @cinit1

Program metrics:
    Functions               51
    Statements              786
    Comments                790
    Volume (V)              33539
    Difficulty (D)          167.3
    Effort to implement (E) 5610530
    Time to implement (T)   86 hours, 35 minutes
    Est Delivered Bugs (B)  11
    Cyclomatic Complexity   52
    Maintainability (MI)    83

 Segment     Used  Free
-----------  ----  ----
00000-00002     4  0  
00004-00006     0  4  
00008-00094   142  0  
00096-07FFE  7518  25100  



