
ROM used:   7018/32768 (21%)
            7018/32768 (21%) including unused fragments

            2.4 Average locations per line
            9.3 Average locations per statement

RAM used:   1098/2048 (54%) at main() level
            1137/2048 (56%) worst case

Stack used: 7 worst case (7 in main + 0 for interrupts)
Stack size: 31

Lines Stmts  %   Files
----- ----- ---  -----
  174   103  14  TONG _HOP_NHIET_DO.c
  702   244  32  tv_pickit2_shift_1.c
  837     0   0  ..\..\..\..\..\Program Files (x86)\PICC\Devices\18F4550.H
   48    19   3  tv_pickit2_shift_ds18b20.c
  230    54   7  ..\..\..\..\..\Program Files (x86)\PICC\Drivers\TOUCH.c
   88    62   8  TV_PICKIT2_SHIFT_DS13B07_I2C.c
   92    25   3  TV_PICKIT2_SHIFT_LCD.c
  240    88  12  tv_pickit2_shift_glcd128x64.c
  540   163  22  ..\..\..\..\..\Program Files (x86)\PICC\Drivers\graphics.c
----- -----
 2951   758 Total

Page ROM  %  RAM   Vol Diff  Functions:
---- --- --- ---   --- ----  ----------
0     76   1    3             @I2C_READ_1
0     82   1    1             @I2C_WRITE_1
0     40   0    1             @delay_ms1
0     32   0    1             @delay_us1
0     32   0    0             @const686
0     46   0    3   271  4.3  XUAT_1BYTE
0     30   0    0   152  1.8  SET_UP_PORT_IC_CHOT
0     48   0    0   119  1.7  MO_IC_74573_A_THONG_DL
0     46   0    0   119  1.7  MO_IC_74573_B_THONG_DL
0     70   0    5             @DIV1616
0     42   0    0   172  1.8  XUAT_GLCD_LCD
0     20   0    2    80  2.7  XUAT_LCD20X4
0     20   0    2    80  2.7  XUAT_GLCD128X64
0     56   0    3   172  2.7  XUAT_8LED_7DOAN_QUET_1
0     14   0    0    25  1.2  XUAT_8LED_7DOAN_QUET_TAT_LED
0     24   0    0             @const753
0     78   1    3   190  3.1  XUAT_8LED_7DOAN_QUET_2
0     76   1    1   178  4.9  HIEN_THI_8LED_7DOAN_QUET
0     64   0    1   176  2.3  touch_read_bit
0     42   0    2   149  4.3  touch_read_byte
0    116   1    1   450  3.3  touch_write_bit
0     54   0    3   185  5.6  touch_write_byte
0     90   1    2   260  3.2  touch_present
0     74   1    0   158  1.3  KHOI_TAO_DS18B20
0    160   1    2   290  4.2  DOC_GIATRI_DS18B20
0     34   0    5    96  1.1  @MUL1616
0     26   0    1   102  2.1  LCD_XUAT_8BIT
0     22   0    1    61  1.6  LCD_COMMAND
0     24   0    1    61  1.6  LCD_DATA
0     92   1    0   245  1.8  SETUP_LCD
0     20   0    0    43  1.5  @const847
0     38   0    3   147  3.7  LCD_GOTO_XY
0     38   0    0   174  1.8  THIET_LAP_THOI_GIAN_HIEN_TAI
0    144   1    0   253  1.4  NAP_THOI_GIAN_HTAI_VAO_DS13B07
0    226   2    0   351  1.9  DOC_THOI_GIAN_TU_REALTIME
0     26   0    1   102  2.1  GLCD_XUAT_8BIT
0     10   0    1    43  1.5  GLCD_COMMAND
0     10   0    1    43  1.5  GLCD_DATA
0     88   1    1   292  1.7  SETUP_GLCD
0    124   1    7   338  5.1  GLCD_MAU_NEN
0    268   2    6   510  8.0  glcd_pixel
0    230   2    3   447  5.2  GDRAM_VDK_TO_GDRAM_GLCD_ALL
0    310   2   17  1519  9.2  glcd_line
0    194   1    6  1071  6.1  glcd_rect
0    528   4   12  1846  8.8  glcd_circle
0     78   1    2             @MUL88
0    164   1    0   399  1.9  hienthi_glcd
0    328   2    3   447  3.3  giai_ma_gan_cho_8led_quet
0     44   0    3    32  1.2  @DIV88
0    194   1    2   181  3.1  giaima_lcd_lm35
0     58   0    0   143  1.7  hienthi_lcd_lm35
0      8   0    0   181  3.1  @const1023
0     32   0    2   143  1.7  @PSTRINGC_834
0    146   1    1   228  3.2  giaima_lcd_ds18b20
0     66   0    0   165  1.7  hienthi_lcd_ds18b20
0     10   0    0   228  3.2  @const1027
0    298   2    0   287  4.4  doc_nd_lm35a
0     54   0    2             @ITOF
0    634   5   16   287  4.4  @ADDFF
0    350   2   14             @DIVFF
0    248   2   11             @MULFF
0     62   0    4             @SFTOI
0    356   3    0  1346  5.9  MAIN
 Inline         0             @cinit1

Program metrics:
    Functions               51
    Statements              758
    Comments                737
    Volume (V)              29382
    Difficulty (D)          162.2
    Effort to implement (E) 4766835
    Time to implement (T)   73 hours, 34 minutes
    Est Delivered Bugs (B)  9
    Cyclomatic Complexity   41
    Maintainability (MI)    75

 Segment     Used  Free
-----------  ----  ----
00000-00002     4  0  
00004-07FFE  7014  25750  



